2025-04-20 00:38:08,349 [ERROR] LogOutputStream:75 - [STDERR_REDIRECT] 
2025-04-20 17:24:12,207 [INFO] Activator:176 - 


2025-04-20 17:24:12,210 [INFO] Activator:177 - !SESSION log4j initialized
2025-04-20 17:24:22,206 [INFO] LogOutputStream:77 - [STDOUT_REDIRECT] 
2025-04-20 17:24:35,207 [INFO] ApplicationProperties:184 - Using Application install path: D:\STM32CubeIDE_1.17.0\STM32CubeIDE\plugins\com.st.stm32cube.common.mx_6.13.0.202411220809
2025-04-20 17:24:35,227 [INFO] DbMcusXml:78 - Set database path to: D:\STM32CubeIDE_1.17.0\STM32CubeIDE\plugins\com.st.stm32cube.common.mx_6.13.0.202411220809\\db\/mcu/
2025-04-20 17:24:35,228 [INFO] ApiDb:274 - Set plugin database path to: D:\STM32CubeIDE_1.17.0\STM32CubeIDE\plugins\com.st.stm32cube.common.mx_6.13.0.202411220809\\db\/plugins/boardmanager/
2025-04-20 17:24:35,228 [WARN] ApiDb:259 - Overriding images path with different value:  => D:\STM32CubeIDE_1.17.0\STM32CubeIDE\plugins\com.st.stm32cube.common.mx_6.13.0.202411220809\\db\/plugins/mcufinder/images/
2025-04-20 17:24:35,248 [INFO] ApiDb:250 - Set database path to: C:\Users\user\.stmcufinder\plugins\mcufinder//mcu/
2025-04-20 17:24:35,250 [INFO] DbMcusAds:125 - Set database path to: C:\Users\user\.stmcufinder\plugins\mcufinder//mcu/
2025-04-20 17:24:35,253 [INFO] CrossReferenceDbSqlite:203 - Set database path to: C:\Users\user\.stmcufinder\plugins\mcufinder//mcu/cs/
2025-04-20 17:24:35,394 [INFO] RulesReader:64 - Compatibility file has been processed (297 Rules)
2025-04-20 17:24:35,499 [INFO] DbMcusXml:78 - Set database path to: D:\STM32CubeIDE_1.17.0\STM32CubeIDE\plugins\com.st.stm32cube.common.mx_6.13.0.202411220809\\db\/mcu/
2025-04-20 17:24:35,499 [INFO] ApiDb:274 - Set plugin database path to: D:\STM32CubeIDE_1.17.0\STM32CubeIDE\plugins\com.st.stm32cube.common.mx_6.13.0.202411220809\\db\/plugins/boardmanager/
2025-04-20 17:24:35,499 [INFO] ApiDb:261 - Set plugin images path to: D:\STM32CubeIDE_1.17.0\STM32CubeIDE\plugins\com.st.stm32cube.common.mx_6.13.0.202411220809\\db\/plugins/mcufinder/images/
2025-04-20 17:24:35,500 [WARN] DbFile:41 - Overriding database path with different value: C:\Users\user\.stmcufinder\plugins\mcufinder/ => C:\Users\user\.stmcufinder\plugins\mcufinder
2025-04-20 17:24:35,500 [INFO] ApiDb:250 - Set database path to: C:\Users\user\.stmcufinder\plugins\mcufinder//mcu/
2025-04-20 17:24:35,500 [WARN] DbFile:41 - Overriding database path with different value: C:\Users\user\.stmcufinder\plugins\mcufinder/ => C:\Users\user\.stmcufinder\plugins\mcufinder
2025-04-20 17:24:35,500 [INFO] DbMcusAds:125 - Set database path to: C:\Users\user\.stmcufinder\plugins\mcufinder//mcu/
2025-04-20 17:24:35,500 [WARN] DbFile:41 - Overriding database path with different value: C:\Users\user\.stmcufinder\plugins\mcufinder/ => C:\Users\user\.stmcufinder\plugins\mcufinder
2025-04-20 17:24:35,500 [WARN] DbFile:41 - Overriding database path with different value: C:\Users\user\.stmcufinder\plugins\mcufinder/ => C:\Users\user\.stmcufinder\plugins\mcufinder
2025-04-20 17:24:35,500 [INFO] CrossReferenceDbSqlite:203 - Set database path to: C:\Users\user\.stmcufinder\plugins\mcufinder//mcu/cs/
2025-04-20 17:24:35,598 [INFO] MainPanel:272 - HeapMemory: 268435456
2025-04-20 17:24:35,717 [INFO] DbMcusXml:78 - Set database path to: D:\STM32CubeIDE_1.17.0\STM32CubeIDE\plugins\com.st.stm32cube.common.mx_6.13.0.202411220809\\db\/mcu/
2025-04-20 17:24:35,718 [INFO] ApiDb:274 - Set plugin database path to: D:\STM32CubeIDE_1.17.0\STM32CubeIDE\plugins\com.st.stm32cube.common.mx_6.13.0.202411220809\\db\/plugins/boardmanager/
2025-04-20 17:24:35,718 [INFO] ApiDb:261 - Set plugin images path to: D:\STM32CubeIDE_1.17.0\STM32CubeIDE\plugins\com.st.stm32cube.common.mx_6.13.0.202411220809\\db\/plugins/mcufinder/images/
2025-04-20 17:24:35,718 [WARN] DbFile:41 - Overriding database path with different value: C:\Users\user\.stmcufinder\plugins\mcufinder/ => C:\Users\user\.stmcufinder\plugins\mcufinder
2025-04-20 17:24:35,718 [INFO] ApiDb:250 - Set database path to: C:\Users\user\.stmcufinder\plugins\mcufinder//mcu/
2025-04-20 17:24:35,719 [WARN] DbFile:41 - Overriding database path with different value: C:\Users\user\.stmcufinder\plugins\mcufinder/ => C:\Users\user\.stmcufinder\plugins\mcufinder
2025-04-20 17:24:35,719 [INFO] DbMcusAds:125 - Set database path to: C:\Users\user\.stmcufinder\plugins\mcufinder//mcu/
2025-04-20 17:24:35,719 [WARN] DbFile:41 - Overriding database path with different value: C:\Users\user\.stmcufinder\plugins\mcufinder/ => C:\Users\user\.stmcufinder\plugins\mcufinder
2025-04-20 17:24:35,719 [WARN] DbFile:41 - Overriding database path with different value: C:\Users\user\.stmcufinder\plugins\mcufinder/ => C:\Users\user\.stmcufinder\plugins\mcufinder
2025-04-20 17:24:35,719 [INFO] CrossReferenceDbSqlite:203 - Set database path to: C:\Users\user\.stmcufinder\plugins\mcufinder//mcu/cs/
2025-04-20 17:24:35,741 [INFO] ApplicationProperties:184 - Using Application install path: D:\STM32CubeIDE_1.17.0\STM32CubeIDE\plugins\com.st.stm32cube.common.mx_6.13.0.202411220809
2025-04-20 17:24:35,743 [INFO] PluginManage:196 - Search for loadable plugins [exclusion list=, ]
2025-04-20 17:24:35,744 [INFO] PluginManage:310 - Check plugin analytics
2025-04-20 17:24:35,976 [INFO] AnalyticsPlugin:253 - Accepted Software Licenses: STM32CubeMX.6.13.0
2025-04-20 17:24:35,976 [INFO] AnalyticsPlugin:255 - Accepted CMSIS Pack Licenses: wolfSSL.I-CUBE-wolfSSH.1.4.17,wolfSSL.I-CUBE-wolfSSL.5.7.4,EmbeddedOffice.I-CUBE-FS-RTOS.1.0.1,wolfSSL.I-CUBE-wolfSSL.5.7.2,wolfSSL.I-CUBE-wolfSSL.4.6.0,wolfSSL.I-CUBE-wolfTPM.3.4.0
2025-04-20 17:24:35,977 [INFO] AnalyticsPlugin:257 - Accepted Firmware Licenses: FW.F4.1.28.0
2025-04-20 17:24:35,979 [INFO] PluginManage:359 - Loaded plugin analytics (category:tool,tabindex:-1)
2025-04-20 17:24:35,980 [INFO] PluginManage:310 - Check plugin cadmodel
2025-04-20 17:24:36,006 [INFO] CADModel:105 - Init CAD model plugin
2025-04-20 17:24:36,007 [INFO] PluginManage:359 - Loaded plugin cadmodel (category:power,tabindex:5)
2025-04-20 17:24:36,007 [INFO] PluginManage:310 - Check plugin clock
2025-04-20 17:24:36,034 [INFO] PluginManage:359 - Loaded plugin clock (category:base,tabindex:2)
2025-04-20 17:24:36,035 [INFO] PluginManage:310 - Check plugin ddr
2025-04-20 17:24:36,037 [INFO] PluginManage:359 - Loaded plugin ddr (category:tool,tabindex:6)
2025-04-20 17:24:36,037 [INFO] PluginManage:310 - Check plugin filemanager
2025-04-20 17:24:36,255 [INFO] PluginManage:359 - Loaded plugin filemanager (category:base,tabindex:10)
2025-04-20 17:24:36,256 [INFO] PluginManage:310 - Check plugin ipmanager
2025-04-20 17:24:36,265 [INFO] PluginManage:359 - Loaded plugin ipmanager (category:base,tabindex:5)
2025-04-20 17:24:36,265 [INFO] PluginManage:310 - Check plugin lpbam
2025-04-20 17:24:36,299 [INFO] PluginManage:359 - Loaded plugin lpbam (category:base,tabindex:0)
2025-04-20 17:24:36,299 [INFO] PluginManage:310 - Check plugin memorymap
2025-04-20 17:24:36,330 [INFO] PluginManage:359 - Loaded plugin memorymap (category:base,tabindex:4)
2025-04-20 17:24:36,331 [INFO] PluginManage:310 - Check plugin pinoutandconfiguration
2025-04-20 17:24:36,353 [INFO] PluginManage:359 - Loaded plugin pinoutandconfiguration (category:base,tabindex:1)
2025-04-20 17:24:36,353 [INFO] PluginManage:310 - Check plugin pinoutconfig
2025-04-20 17:24:36,472 [WARN] SupportedApi:132 - Cannot load RTOS API schema: s4s-elt-must-match.1: The content of 'definitions' must match (annotation?, (simpleType | complexType)?, (unique | key | keyref)*)). A problem was found starting at: attribute.
2025-04-20 17:24:36,637 [INFO] PluginManage:359 - Loaded plugin pinoutconfig (category:base,tabindex:0)
2025-04-20 17:24:36,638 [INFO] PluginManage:310 - Check plugin power
2025-04-20 17:24:36,667 [INFO] PluginManage:359 - Loaded plugin power (category:power,tabindex:4)
2025-04-20 17:24:36,667 [INFO] PluginManage:310 - Check plugin projectmanager
2025-04-20 17:24:36,688 [INFO] PluginManage:359 - Loaded plugin projectmanager (category:projectmanager,tabindex:4)
2025-04-20 17:24:36,688 [INFO] PluginManage:310 - Check plugin rif
2025-04-20 17:24:36,710 [INFO] PluginManage:359 - Loaded plugin rif (category:base,tabindex:3)
2025-04-20 17:24:36,711 [INFO] PluginManage:310 - Check plugin thirdparty
2025-04-20 17:24:37,107 [INFO] PluginManage:359 - Loaded plugin thirdparty (category:base,tabindex:-1)
2025-04-20 17:24:37,107 [WARN] IntegrityCheckThread:84 - waiting for thirdparty lock release [integrity check]
2025-04-20 17:24:37,107 [INFO] PluginManage:310 - Check plugin tools
2025-04-20 17:24:37,107 [INFO] IntegrityCheckThread:86 - entering critical section [integrity check]
2025-04-20 17:24:37,108 [INFO] ThirdPartyUpdaterWithRetryManager:70 - Updater plugin not ready yet. [1/15]
2025-04-20 17:24:37,159 [INFO] PluginManage:359 - Loaded plugin tools (category:base,tabindex:7)
2025-04-20 17:24:37,159 [INFO] PluginManage:310 - Check plugin tutovideos
2025-04-20 17:24:37,388 [INFO] PluginManage:359 - Loaded plugin tutovideos (category:base,tabindex:-1)
2025-04-20 17:24:37,388 [INFO] PluginManage:310 - Check plugin updater
2025-04-20 17:24:37,414 [INFO] PluginManage:359 - Loaded plugin updater (category:base,tabindex:12)
2025-04-20 17:24:37,414 [INFO] PluginManage:310 - Check plugin userauth
2025-04-20 17:24:37,418 [INFO] UserAuth:118 - Init User Auth plugin
2025-04-20 17:24:37,419 [INFO] PluginManage:359 - Loaded plugin userauth (category:base,tabindex:14)
2025-04-20 17:24:37,419 [INFO] PluginManage:283 - PluginManage : Loaded plugins [18]
2025-04-20 17:24:37,681 [INFO] PinOutPanel:1589 - setPackage(No Configuration,No Configuration)
2025-04-20 17:24:37,786 [INFO] CADModel:165 - CPN selected for project level
2025-04-20 17:24:37,786 [INFO] CADModel:114 - Register for checkConnection events
2025-04-20 17:24:37,826 [INFO] IPUIPlugin:80 - create IPUIPlugin
2025-04-20 17:24:37,826 [INFO] PluginManager:220 - loadIPPluginJar : add adc
2025-04-20 17:24:37,894 [INFO] IPUIPlugin:80 - create IPUIPlugin
2025-04-20 17:24:37,895 [INFO] PluginManager:220 - loadIPPluginJar : add aes
2025-04-20 17:24:37,956 [INFO] IPUIPlugin:80 - create IPUIPlugin
2025-04-20 17:24:37,956 [INFO] PluginManager:220 - loadIPPluginJar : add can
2025-04-20 17:24:37,993 [INFO] IPUIPlugin:80 - create IPUIPlugin
2025-04-20 17:24:37,993 [INFO] PluginManager:220 - loadIPPluginJar : add comp
2025-04-20 17:24:38,042 [INFO] IPUIPlugin:80 - create IPUIPlugin
2025-04-20 17:24:38,043 [INFO] PluginManager:220 - loadIPPluginJar : add cryp
2025-04-20 17:24:38,059 [INFO] IPUIPlugin:80 - create IPUIPlugin
2025-04-20 17:24:38,059 [INFO] PluginManager:220 - loadIPPluginJar : add ddr_ctrl_phy
2025-04-20 17:24:38,104 [INFO] IPUIPlugin:80 - create IPUIPlugin
2025-04-20 17:24:38,104 [INFO] PluginManager:220 - loadIPPluginJar : add dfsdm
2025-04-20 17:24:38,123 [INFO] IPUIPlugin:80 - create IPUIPlugin
2025-04-20 17:24:38,124 [INFO] PluginManager:220 - loadIPPluginJar : add dma
2025-04-20 17:24:38,186 [INFO] IPUIPlugin:80 - create IPUIPlugin
2025-04-20 17:24:38,186 [INFO] PluginManager:220 - loadIPPluginJar : add dma3
2025-04-20 17:24:38,249 [INFO] IPUIPlugin:80 - create IPUIPlugin
2025-04-20 17:24:38,250 [INFO] PluginManager:220 - loadIPPluginJar : add extmemmanager
2025-04-20 17:24:38,279 [INFO] IPUIPlugin:80 - create IPUIPlugin
2025-04-20 17:24:38,280 [INFO] PluginManager:220 - loadIPPluginJar : add fatfs
2025-04-20 17:24:38,345 [INFO] IPUIPlugin:80 - create IPUIPlugin
2025-04-20 17:24:38,345 [INFO] PluginManager:220 - loadIPPluginJar : add fmc
2025-04-20 17:24:38,364 [INFO] IPUIPlugin:80 - create IPUIPlugin
2025-04-20 17:24:38,364 [INFO] PluginManager:220 - loadIPPluginJar : add freertos
2025-04-20 17:24:38,396 [INFO] IPUIPlugin:80 - create IPUIPlugin
2025-04-20 17:24:38,396 [INFO] PluginManager:220 - loadIPPluginJar : add genericplugin
2025-04-20 17:24:38,547 [INFO] IPUIPlugin:80 - create IPUIPlugin
2025-04-20 17:24:38,547 [INFO] PluginManager:220 - loadIPPluginJar : add gfxmmu
2025-04-20 17:24:38,739 [INFO] IPUIPlugin:80 - create IPUIPlugin
2025-04-20 17:24:38,739 [INFO] PluginManager:220 - loadIPPluginJar : add gic
2025-04-20 17:24:38,757 [INFO] IPUIPlugin:80 - create IPUIPlugin
2025-04-20 17:24:38,757 [INFO] PluginManager:220 - loadIPPluginJar : add gpio
2025-04-20 17:24:38,882 [INFO] IPUIPlugin:80 - create IPUIPlugin
2025-04-20 17:24:38,882 [INFO] PluginManager:220 - loadIPPluginJar : add gtzc
2025-04-20 17:24:38,927 [INFO] IPUIPlugin:80 - create IPUIPlugin
2025-04-20 17:24:38,928 [INFO] PluginManager:220 - loadIPPluginJar : add hash
2025-04-20 17:24:39,003 [INFO] IPUIPlugin:80 - create IPUIPlugin
2025-04-20 17:24:39,003 [INFO] PluginManager:220 - loadIPPluginJar : add i2c
2025-04-20 17:24:39,063 [INFO] IPUIPlugin:80 - create IPUIPlugin
2025-04-20 17:24:39,063 [INFO] PluginManager:220 - loadIPPluginJar : add i2s
2025-04-20 17:24:39,131 [INFO] IPUIPlugin:80 - create IPUIPlugin
2025-04-20 17:24:39,131 [INFO] PluginManager:220 - loadIPPluginJar : add i3c
2025-04-20 17:24:39,267 [INFO] IPUIPlugin:80 - create IPUIPlugin
2025-04-20 17:24:39,267 [INFO] PluginManager:220 - loadIPPluginJar : add ipddr
2025-04-20 17:24:39,393 [INFO] IPUIPlugin:80 - create IPUIPlugin
2025-04-20 17:24:39,394 [INFO] PluginManager:220 - loadIPPluginJar : add linkedlist
2025-04-20 17:24:39,446 [INFO] IPUIPlugin:80 - create IPUIPlugin
2025-04-20 17:24:39,446 [INFO] PluginManager:220 - loadIPPluginJar : add lorawan
2025-04-20 17:24:39,502 [INFO] IPUIPlugin:80 - create IPUIPlugin
2025-04-20 17:24:39,502 [INFO] PluginManager:220 - loadIPPluginJar : add ltdc
2025-04-20 17:24:39,522 [INFO] IPUIPlugin:80 - create IPUIPlugin
2025-04-20 17:24:39,522 [INFO] PluginManager:220 - loadIPPluginJar : add mdma
2025-04-20 17:24:39,540 [INFO] IPUIPlugin:80 - create IPUIPlugin
2025-04-20 17:24:39,540 [INFO] PluginManager:220 - loadIPPluginJar : add nvic
2025-04-20 17:24:39,601 [INFO] IPUIPlugin:80 - create IPUIPlugin
2025-04-20 17:24:39,601 [INFO] PluginManager:220 - loadIPPluginJar : add opamp
2025-04-20 17:24:39,690 [INFO] IPUIPlugin:80 - create IPUIPlugin
2025-04-20 17:24:39,690 [INFO] PluginManager:220 - loadIPPluginJar : add openamp
2025-04-20 17:24:39,751 [INFO] IPUIPlugin:80 - create IPUIPlugin
2025-04-20 17:24:39,751 [INFO] PluginManager:220 - loadIPPluginJar : add pdm2pcm
2025-04-20 17:24:39,769 [INFO] IPUIPlugin:80 - create IPUIPlugin
2025-04-20 17:24:39,771 [INFO] PluginManager:220 - loadIPPluginJar : add plateformsettings
2025-04-20 17:24:39,806 [INFO] IPUIPlugin:80 - create IPUIPlugin
2025-04-20 17:24:39,806 [INFO] PluginManager:220 - loadIPPluginJar : add quadspi
2025-04-20 17:24:39,843 [INFO] IPUIPlugin:80 - create IPUIPlugin
2025-04-20 17:24:39,844 [INFO] PluginManager:220 - loadIPPluginJar : add radio
2025-04-20 17:24:39,862 [INFO] IPUIPlugin:80 - create IPUIPlugin
2025-04-20 17:24:39,862 [INFO] PluginManager:220 - loadIPPluginJar : add resmgrutility
2025-04-20 17:24:39,928 [INFO] IPUIPlugin:80 - create IPUIPlugin
2025-04-20 17:24:39,928 [INFO] PluginManager:220 - loadIPPluginJar : add sai
2025-04-20 17:24:39,981 [INFO] IPUIPlugin:80 - create IPUIPlugin
2025-04-20 17:24:39,981 [INFO] PluginManager:220 - loadIPPluginJar : add spi
2025-04-20 17:24:40,078 [INFO] IPUIPlugin:80 - create IPUIPlugin
2025-04-20 17:24:40,078 [INFO] PluginManager:220 - loadIPPluginJar : add stm32_wpan
2025-04-20 17:24:40,110 [INFO] ThirdPartyUpdaterWithRetryManager:70 - Updater plugin not ready yet. [2/15]
2025-04-20 17:24:40,111 [INFO] IPUIPlugin:80 - create IPUIPlugin
2025-04-20 17:24:40,111 [INFO] PluginManager:220 - loadIPPluginJar : add tim
2025-04-20 17:24:40,197 [INFO] IPUIPlugin:80 - create IPUIPlugin
2025-04-20 17:24:40,197 [INFO] PluginManager:220 - loadIPPluginJar : add touchsensing
2025-04-20 17:24:40,230 [INFO] IPUIPlugin:80 - create IPUIPlugin
2025-04-20 17:24:40,230 [INFO] PluginManager:220 - loadIPPluginJar : add tracer_emb
2025-04-20 17:24:40,264 [INFO] IPUIPlugin:80 - create IPUIPlugin
2025-04-20 17:24:40,264 [INFO] PluginManager:220 - loadIPPluginJar : add ts
2025-04-20 17:24:40,310 [INFO] IPUIPlugin:80 - create IPUIPlugin
2025-04-20 17:24:40,311 [INFO] PluginManager:220 - loadIPPluginJar : add tsc
2025-04-20 17:24:40,361 [INFO] IPUIPlugin:80 - create IPUIPlugin
2025-04-20 17:24:40,361 [INFO] PluginManager:220 - loadIPPluginJar : add ucpd
2025-04-20 17:24:40,480 [INFO] IPUIPlugin:80 - create IPUIPlugin
2025-04-20 17:24:40,480 [INFO] PluginManager:220 - loadIPPluginJar : add usart
2025-04-20 17:24:40,605 [INFO] IPUIPlugin:80 - create IPUIPlugin
2025-04-20 17:24:40,605 [INFO] PluginManager:220 - loadIPPluginJar : add usbx
2025-04-20 17:24:40,783 [FATAL] Updater:351 - Updater called before beeing initialized
2025-04-20 17:24:40,850 [INFO] RulesReader:64 - Compatibility file has been processed (297 Rules)
2025-04-20 17:24:40,866 [INFO] RulesReader:64 - Compatibility file has been processed (297 Rules)
2025-04-20 17:24:40,877 [INFO] CADModel:165 - CPN selected for project level
2025-04-20 17:24:40,877 [INFO] CADModel:114 - Register for checkConnection events
2025-04-20 17:24:40,878 [FATAL] Updater:351 - Updater called before beeing initialized
2025-04-20 17:24:40,878 [ERROR] CADModel:125 - Updater not yet initialized, retry later 
2025-04-20 17:24:41,192 [FATAL] Updater:351 - Updater called before beeing initialized
2025-04-20 17:24:41,196 [INFO] CADModel:165 - CPN selected for project level
2025-04-20 17:24:41,196 [INFO] CADModel:114 - Register for checkConnection events
2025-04-20 17:24:41,196 [FATAL] Updater:351 - Updater called before beeing initialized
2025-04-20 17:24:41,196 [ERROR] CADModel:125 - Updater not yet initialized, retry later 
2025-04-20 17:24:41,201 [FATAL] Updater:351 - Updater called before beeing initialized
2025-04-20 17:24:41,332 [FATAL] Updater:351 - Updater called before beeing initialized
2025-04-20 17:24:41,351 [INFO] DbMcusAds:53 - JSON generation date=Wed Dec 18 00:01:15 IRKT 2024 (1734451275196)
2025-04-20 17:24:41,351 [FATAL] Updater:351 - Updater called before beeing initialized
2025-04-20 17:24:41,462 [WARN] DetailPanel:346 - Failed to get advertising image, set to default
2025-04-20 17:24:41,744 [FATAL] Updater:351 - Updater called before beeing initialized
2025-04-20 17:24:41,746 [FATAL] Updater:351 - Updater called before beeing initialized
2025-04-20 17:24:41,747 [FATAL] Updater:351 - Updater called before beeing initialized
2025-04-20 17:24:41,747 [WARN] DetailPanel:346 - Failed to get advertising image, set to default
2025-04-20 17:24:41,747 [FATAL] Updater:351 - Updater called before beeing initialized
2025-04-20 17:24:41,851 [ERROR] Updater:1198 - MainUpdater not yet initialized. External WinMGr cannot be set.
2025-04-20 17:24:41,870 [INFO] Updater:1134 - Updater Version found : 6.13.0
2025-04-20 17:24:41,899 [INFO] ApplicationProperties:184 - Using Application install path: D:\STM32CubeIDE_1.17.0\STM32CubeIDE\plugins\com.st.stm32cube.common.mx_6.13.0.202411220809
2025-04-20 17:24:43,111 [INFO] ThirdPartyUpdaterWithRetryManager:70 - Updater plugin not ready yet. [3/15]
2025-04-20 17:24:43,489 [ERROR] LogOutputStream:75 - [STDERR_REDIRECT] Apr 20, 2025 5:24:43 PM java.util.prefs.WindowsPreferences <init>
2025-04-20 17:24:43,492 [ERROR] LogOutputStream:75 - [STDERR_REDIRECT] WARNING: Could not open/create prefs root node Software\JavaSoft\Prefs at root 0xffffffff80000002. Windows RegCreateKeyEx(...) returned error code 5.
2025-04-20 17:24:43,492 [ERROR] LogOutputStream:75 - [STDERR_REDIRECT] 
2025-04-20 17:24:44,905 [INFO] MainUpdater:2872 - connection check result : 10
2025-04-20 17:24:44,906 [INFO] MainUpdater:289 - Updater Check For Update Now.
2025-04-20 17:24:44,906 [INFO] MicroXplorer:498 - Change Database Version : DB.6.0.130
2025-04-20 17:24:44,937 [INFO] McuFinderGlobals:63 - Set McuFinder mode to 2 (CubeIDE integrated)
2025-04-20 17:24:44,952 [INFO] UserAuth:486 - Internet connection configuration mode: 1
2025-04-20 17:24:44,999 [INFO] JxBrowserEngine:152 - Initiate JxBrowser Engine with user profile folder
2025-04-20 17:24:45,221 [INFO] CheckServerUpdateThread:120 - End of CheckServer Thread
2025-04-20 17:24:46,625 [WARN] PackLoader:240 - Cannot read IP mode file for STMicroelectronics.FP-SNS-MOTENVWB1.1.4.0
2025-04-20 17:24:46,671 [WARN] PackLoader:240 - Cannot read IP mode file for STMicroelectronics.FP-ATR-ASTRA1.2.0.2
2025-04-20 17:24:46,701 [WARN] PackLoader:240 - Cannot read IP mode file for STMicroelectronics.FP-ATR-ASTRA1.2.0.1
2025-04-20 17:24:46,748 [WARN] PackLoader:240 - Cannot read IP mode file for STMicroelectronics.X-CUBE-SMBUS.2.1.0
2025-04-20 17:24:46,792 [WARN] PackLoader:240 - Cannot read IP mode file for STMicroelectronics.X-CUBE-WB05N.1.1.0
2025-04-20 17:24:46,890 [WARN] PackLoader:240 - Cannot read IP mode file for STMicroelectronics.X-CUBE-AZRTOS-F7.1.1.0
2025-04-20 17:24:46,976 [INFO] WebApp:168 - Instantiating new browser for Auth
2025-04-20 17:24:47,062 [WARN] PackLoader:240 - Cannot read IP mode file for STMicroelectronics.X-CUBE-MEMS1.11.0.0
2025-04-20 17:24:47,543 [WARN] PackLoader:240 - Cannot read IP mode file for STMicroelectronics.FP-SNS-FLIGHT1.5.0.2
2025-04-20 17:24:47,608 [WARN] PackLoader:240 - Cannot read IP mode file for Infineon.AIROC-Wi-Fi-Bluetooth-STM32.1.7.0
2025-04-20 17:24:47,653 [WARN] PackLoader:240 - Cannot read IP mode file for STMicroelectronics.X-CUBE-DISPLAY.3.0.0
2025-04-20 17:24:47,701 [WARN] PackLoader:240 - Cannot read IP mode file for STMicroelectronics.X-CUBE-BLE1.7.0.0
2025-04-20 17:24:47,733 [WARN] PackLoader:240 - Cannot read IP mode file for STMicroelectronics.X-CUBE-NFC10.1.0.0
2025-04-20 17:24:47,777 [WARN] PackLoader:240 - Cannot read IP mode file for STMicroelectronics.X-CUBE-BLEMGR.4.0.0
2025-04-20 17:24:47,826 [WARN] PackLoader:240 - Cannot read IP mode file for emotas.I-CUBE-CANOPEN.1.3.0
2025-04-20 17:24:47,853 [WARN] PackLoader:240 - Cannot read IP mode file for STMicroelectronics.X-CUBE-AI.10.0.0
2025-04-20 17:24:47,886 [WARN] PackLoader:240 - Cannot read IP mode file for STMicroelectronics.FP-SNS-SMARTAG2.1.2.0
2025-04-20 17:24:47,910 [WARN] PackLoader:240 - Cannot read IP mode file for STMicroelectronics.FP-SNS-FLIGHT1.5.1.0
2025-04-20 17:24:48,031 [WARN] PackLoader:240 - Cannot read IP mode file for STMicroelectronics.X-CUBE-MEMS1.11.1.0
2025-04-20 17:24:48,267 [INFO] LogOutputStream:77 - [STDOUT_REDIRECT] 1 : Invalid condition id : UX_CORESTACK_Condition cause : null
2025-04-20 17:24:48,268 [INFO] LogOutputStream:77 - [STDOUT_REDIRECT] 1 : Invalid condition id : UX_CORESTACK_Condition cause : null
2025-04-20 17:24:48,270 [INFO] LogOutputStream:77 - [STDOUT_REDIRECT] 1 : Invalid condition id : UX_CORESTACK_Condition cause : null
2025-04-20 17:24:48,272 [INFO] LogOutputStream:77 - [STDOUT_REDIRECT] 1 : Invalid condition id : UX_CORESTACK_Condition cause : null
2025-04-20 17:24:48,275 [INFO] LogOutputStream:77 - [STDOUT_REDIRECT] 1 : Invalid condition id : UX_CORESTACK_Condition cause : null
2025-04-20 17:24:48,281 [WARN] PackLoader:240 - Cannot read IP mode file for STMicroelectronics.X-CUBE-AZRTOS-WL.2.0.0
2025-04-20 17:24:48,319 [WARN] PackLoader:240 - Cannot read IP mode file for STMicroelectronics.FP-SNS-MOTENV1.5.0.0
2025-04-20 17:24:48,354 [WARN] PackLoader:240 - Cannot read IP mode file for wolfSSL.I-CUBE-wolfMQTT.1.19.0
2025-04-20 17:24:48,391 [WARN] PackLoader:240 - Cannot read IP mode file for WES.I-CUBE-Cesium.1.3.0
2025-04-20 17:24:48,419 [WARN] PackLoader:240 - Cannot read IP mode file for STMicroelectronics.X-CUBE-BLE2.3.3.0
2025-04-20 17:24:48,455 [WARN] PackLoader:240 - Cannot read IP mode file for STMicroelectronics.X-CUBE-NFC9.1.0.0
2025-04-20 17:24:48,496 [WARN] PackLoader:240 - Cannot read IP mode file for STMicroelectronics.X-CUBE-BLE1.7.1.0
2025-04-20 17:24:48,536 [WARN] PackLoader:240 - Cannot read IP mode file for STMicroelectronics.X-CUBE-TCPP.4.1.0
2025-04-20 17:24:48,591 [INFO] WebApp:449 - Apply proxy settings
2025-04-20 17:24:48,591 [INFO] WebApp:534 - Chromium requires no authentication
2025-04-20 17:24:48,609 [INFO] WebApp:477 - Direct internet connection detected
2025-04-20 17:24:48,661 [WARN] PackLoader:240 - Cannot read IP mode file for STMicroelectronics.X-CUBE-MEMS1.11.2.0
2025-04-20 17:24:48,667 [INFO] WebApp:880 - Register for checkConnection events
2025-04-20 17:24:48,667 [INFO] WebApp:449 - Apply proxy settings
2025-04-20 17:24:48,667 [INFO] WebApp:534 - Chromium requires no authentication
2025-04-20 17:24:48,668 [INFO] WebApp:477 - Direct internet connection detected
2025-04-20 17:24:48,903 [WARN] PackLoader:240 - Cannot read IP mode file for STMicroelectronics.X-CUBE-AZRTOS-G0.1.1.0
2025-04-20 17:24:48,937 [WARN] PackLoader:240 - Cannot read IP mode file for STMicroelectronics.X-CUBE-SAFEA1.1.2.2
2025-04-20 17:24:48,965 [WARN] PackLoader:240 - Cannot read IP mode file for STMicroelectronics.X-CUBE-NFC4.3.0.0
2025-04-20 17:24:48,999 [WARN] PackLoader:240 - Cannot read IP mode file for EmbeddedOffice.I-CUBE-FS-RTOS.1.0.1
2025-04-20 17:24:49,037 [INFO] WebApp:221 - Starting web application
2025-04-20 17:24:49,038 [INFO] WebApp:579 - Web application path used D:\STM32CubeIDE_1.17.0\STM32CubeIDE\plugins\com.st.stm32cube.common.mx_6.13.0.202411220809\db\plugins\mcufinder\reactClient1\index.html
2025-04-20 17:24:49,217 [WARN] PackLoader:240 - Cannot read IP mode file for STMicroelectronics.X-CUBE-TCPP.4.2.0
2025-04-20 17:24:49,248 [WARN] PackLoader:240 - Cannot read IP mode file for RealThread.X-CUBE-RT-Thread_Nano.4.1.1
2025-04-20 17:24:49,276 [WARN] PackLoader:240 - Cannot read IP mode file for STMicroelectronics.FP-ATR-SIGFOX1.3.2.0
2025-04-20 17:24:49,302 [WARN] PackLoader:240 - Cannot read IP mode file for wolfSSL.I-CUBE-wolfSSL.5.7.2
2025-04-20 17:24:49,431 [WARN] ConditionMgr:438 - getConditionDescription Invalid condition id : Cortex-A Device cause : null
2025-04-20 17:24:49,468 [WARN] ConditionMgr:1044 - genDependencies : Invalid condition id : Cortex-A Device cause : null
2025-04-20 17:24:49,468 [WARN] ConditionMgr:1044 - genDependencies : Invalid condition id : Cortex-A Device cause : null
2025-04-20 17:24:49,469 [WARN] ConditionMgr:1044 - genDependencies : Invalid condition id : Cortex-A Device cause : null
2025-04-20 17:24:49,481 [INFO] UserAuth:486 - Internet connection configuration mode: 1
2025-04-20 17:24:49,501 [WARN] PackLoader:240 - Cannot read IP mode file for STMicroelectronics.X-CUBE-EEPRMA1.5.1.0
2025-04-20 17:24:49,533 [WARN] PackLoader:240 - Cannot read IP mode file for wolfSSL.I-CUBE-wolfSSL.5.7.4
2025-04-20 17:24:49,673 [WARN] PackLoader:240 - Cannot read IP mode file for ITTIA_DB.I-CUBE-ITTIADB.8.9.0
2025-04-20 17:24:49,726 [INFO] WebApp:187 - Connection restablished
2025-04-20 17:24:49,744 [WARN] PackLoader:240 - Cannot read IP mode file for SEGGER.I-CUBE-embOS.1.3.1
2025-04-20 17:24:49,830 [WARN] PackLoader:240 - Cannot read IP mode file for STMicroelectronics.X-CUBE-ALGOBUILD.1.4.0
2025-04-20 17:24:49,870 [WARN] PackLoader:240 - Cannot read IP mode file for STMicroelectronics.X-CUBE-AI.9.1.0
2025-04-20 17:24:49,933 [WARN] PackLoader:240 - Cannot read IP mode file for STMicroelectronics.X-CUBE-AZRTOS-F4.1.1.0
2025-04-20 17:24:49,969 [WARN] PackLoader:240 - Cannot read IP mode file for Avnet-IotConnect.X-CUBE-IoTC-DA16k-PMOD.1.0.0
2025-04-20 17:24:49,997 [WARN] PackLoader:240 - Cannot read IP mode file for STMicroelectronics.X-CUBE-ISPU.2.1.0
2025-04-20 17:24:50,025 [WARN] PackLoader:240 - Cannot read IP mode file for STMicroelectronics.X-CUBE-FREERTOS.1.2.0
2025-04-20 17:24:50,084 [WARN] PackLoader:240 - Cannot read IP mode file for STMicroelectronics.X-CUBE-AZRTOS-L5.2.0.0
2025-04-20 17:24:50,117 [WARN] PackLoader:240 - Cannot read IP mode file for STMicroelectronics.X-CUBE-NFC6.3.1.0
2025-04-20 17:24:50,143 [WARN] PackLoader:240 - Cannot read IP mode file for STMicroelectronics.X-CUBE-DPower.1.2.0
2025-04-20 17:24:50,175 [WARN] PackLoader:240 - Cannot read IP mode file for STMicroelectronics.X-CUBE-FREERTOS.1.3.0
2025-04-20 17:24:50,205 [WARN] PackLoader:240 - Cannot read IP mode file for STMicroelectronics.X-CUBE-NFC7.1.0.1
2025-04-20 17:24:50,232 [WARN] PackLoader:240 - Cannot read IP mode file for STMicroelectronics.X-CUBE-DPower.1.3.0
2025-04-20 17:24:50,291 [WARN] ConditionMgr:438 - getConditionDescription Invalid condition id : LAN8742 Phy interface Condition cause : null
2025-04-20 17:24:50,292 [WARN] PackLoader:240 - Cannot read IP mode file for STMicroelectronics.X-CUBE-AZRTOS-L4.2.0.0
2025-04-20 17:24:50,295 [WARN] ConditionMgr:1044 - genDependencies : Invalid condition id : LAN8742 Phy interface Condition cause : null
2025-04-20 17:24:50,296 [WARN] ConditionMgr:1044 - genDependencies : Invalid condition id : LAN8742 Phy interface Condition cause : null
2025-04-20 17:24:50,296 [WARN] ConditionMgr:1044 - genDependencies : Invalid condition id : LAN8742 Phy interface Condition cause : null
2025-04-20 17:24:50,333 [WARN] PackLoader:240 - Cannot read IP mode file for STMicroelectronics.X-CUBE-SFXS2LP1.4.0.0
2025-04-20 17:24:50,401 [WARN] PackLoader:240 - Cannot read IP mode file for STMicroelectronics.X-CUBE-AZRTOS-H7.3.3.0
2025-04-20 17:24:50,449 [WARN] PackLoader:240 - Cannot read IP mode file for STMicroelectronics.X-CUBE-IPS.3.0.0
2025-04-20 17:24:50,507 [WARN] ConditionMgr:438 - getConditionDescription Invalid condition id : UX DEVICE CLASS RTOS Condition cause : null
2025-04-20 17:24:50,507 [WARN] ConditionMgr:438 - getConditionDescription Invalid condition id : UX DEVICE CLASS RTOS Condition cause : null
2025-04-20 17:24:50,510 [WARN] PackLoader:240 - Cannot read IP mode file for STMicroelectronics.X-CUBE-AZRTOS-WB.2.0.0
2025-04-20 17:24:50,511 [WARN] ConditionMgr:1044 - genDependencies : Invalid condition id : UX DEVICE CLASS RTOS Condition cause : null
2025-04-20 17:24:50,512 [WARN] ConditionMgr:1044 - genDependencies : Invalid condition id : UX DEVICE CLASS RTOS Condition cause : null
2025-04-20 17:24:50,512 [WARN] ConditionMgr:1044 - genDependencies : Invalid condition id : UX DEVICE CLASS RTOS Condition cause : null
2025-04-20 17:24:50,513 [WARN] ConditionMgr:1044 - genDependencies : Invalid condition id : UX DEVICE CLASS RTOS Condition cause : null
2025-04-20 17:24:50,514 [WARN] ConditionMgr:1044 - genDependencies : Invalid condition id : UX DEVICE CLASS RTOS Condition cause : null
2025-04-20 17:24:50,550 [WARN] PackLoader:240 - Cannot read IP mode file for STMicroelectronics.X-CUBE-GNSS1.7.0.0
2025-04-20 17:24:50,581 [WARN] PackLoader:240 - Cannot read IP mode file for STMicroelectronics.X-CUBE-GNSS1.7.0.1
2025-04-20 17:24:50,617 [WARN] PackLoader:240 - Cannot read IP mode file for STMicroelectronics.X-CUBE-TOUCHGFX.4.25.0
2025-04-20 17:24:50,639 [WARN] PackLoader:240 - Cannot read IP mode file for STMicroelectronics.FP-SNS-STBOX1.2.0.0
2025-04-20 17:24:50,676 [WARN] PackLoader:240 - Cannot read IP mode file for STMicroelectronics.X-CUBE-SUBG2.5.0.0
2025-04-20 17:24:50,730 [WARN] PackLoader:240 - Cannot read IP mode file for STMicroelectronics.X-CUBE-AZRTOS-H7RS.1.1.0
2025-04-20 17:24:50,762 [WARN] PackLoader:240 - Cannot read IP mode file for Cesanta.I-CUBE-Mongoose.7.13.0
2025-04-20 17:24:50,796 [WARN] PackLoader:240 - Cannot read IP mode file for STMicroelectronics.X-CUBE-AZRTOS-G4.2.0.0
2025-04-20 17:24:50,818 [WARN] PackLoader:240 - Cannot read IP mode file for wolfSSL.I-CUBE-wolfSSL.4.6.0
2025-04-20 17:24:50,928 [WARN] PackLoader:240 - Cannot read IP mode file for STMicroelectronics.X-CUBE-IPS.3.1.0
2025-04-20 17:24:50,951 [WARN] PackLoader:240 - Cannot read IP mode file for STMicroelectronics.X-CUBE-ALS.1.0.2
2025-04-20 17:24:50,971 [WARN] PackLoader:240 - Cannot read IP mode file for STMicroelectronics.X-CUBE-TOUCHGFX.4.24.2
2025-04-20 17:24:50,994 [WARN] PackLoader:240 - Cannot read IP mode file for STMicroelectronics.X-CUBE-TOUCHGFX.4.24.1
2025-04-20 17:24:51,016 [WARN] PackLoader:240 - Cannot read IP mode file for wolfSSL.I-CUBE-wolfTPM.3.4.0
2025-04-20 17:24:51,106 [WARN] PackLoader:240 - Cannot read IP mode file for portGmbH.I-Cube-SoM-uGOAL.1.1.0
2025-04-20 17:24:51,151 [WARN] PackLoader:240 - Cannot read IP mode file for STMicroelectronics.X-CUBE-AZRTOS-H7RS.1.0.0
2025-04-20 17:24:51,182 [WARN] PackLoader:240 - Cannot read IP mode file for STMicroelectronics.X-CUBE-TOF1.3.4.2
2025-04-20 17:24:51,224 [WARN] PackLoader:240 - Cannot read IP mode file for STMicroelectronics.X-CUBE-TOF1.3.4.3
2025-04-20 17:24:51,256 [WARN] PackLoader:240 - Cannot read IP mode file for wolfSSL.I-CUBE-wolfSSH.1.4.17
2025-04-20 17:24:51,327 [INFO] ThirdParty:978 - Integrity check success = true
2025-04-20 17:24:51,327 [INFO] IntegrityCheckThread:100 - exiting critical section [integrity check]
2025-04-20 17:24:51,327 [INFO] IntegrityCheckThread:103 - End integrity checks thread
2025-04-20 22:05:59,388 [INFO] WebApp:190 - Connection lost
2025-04-20 22:06:12,758 [INFO] WebApp:187 - Connection restablished
2025-04-20 22:12:00,494 [INFO] WebApp:190 - Connection lost
2025-04-20 22:12:00,832 [INFO] WebApp:187 - Connection restablished
2025-04-20 22:13:17,574 [INFO] WebApp:190 - Connection lost
2025-04-20 22:13:27,080 [INFO] WebApp:187 - Connection restablished
2025-04-20 23:17:32,586 [INFO] WebApp:190 - Connection lost
2025-04-20 23:17:41,772 [INFO] WebApp:187 - Connection restablished
2025-04-20 23:19:29,257 [INFO] WebApp:190 - Connection lost
2025-04-20 23:19:34,425 [ERROR] LogOutputStream:75 - [STDERR_REDIRECT] 23:19:34.420 ERROR Chromium process exit code: -2,147,483,645
2025-04-20 23:19:34,426 [ERROR] LogOutputStream:75 - [STDERR_REDIRECT] 
2025-04-20 23:19:34,430 [ERROR] LogOutputStream:75 - [STDERR_REDIRECT] 23:19:34.427 ERROR Crash dump dir: C:\Users\user\AppData\Local\JxBrowser\7.39.2\CrashReports
2025-04-20 23:19:34,431 [ERROR] LogOutputStream:75 - [STDERR_REDIRECT] 
2025-04-20 23:19:34,434 [ERROR] WebApp:398 - JxBrowser engine crashed! Exit code: -2147483645
2025-04-20 23:22:43,743 [ERROR] LogOutputStream:75 - [STDERR_REDIRECT] 
2025-04-20 23:22:43,745 [ERROR] LogOutputStream:75 - [STDERR_REDIRECT] 
2025-04-20 23:25:08,579 [INFO] Activator:176 - 


2025-04-20 23:25:08,581 [INFO] Activator:177 - !SESSION log4j initialized
2025-04-20 23:25:15,780 [INFO] LogOutputStream:77 - [STDOUT_REDIRECT] 
2025-04-20 23:25:18,258 [INFO] ApplicationProperties:184 - Using Application install path: D:\STM32CubeIDE_1.17.0\STM32CubeIDE\plugins\com.st.stm32cube.common.mx_6.13.0.202411220809
2025-04-20 23:25:18,288 [INFO] DbMcusXml:78 - Set database path to: D:\STM32CubeIDE_1.17.0\STM32CubeIDE\plugins\com.st.stm32cube.common.mx_6.13.0.202411220809\\db\/mcu/
2025-04-20 23:25:18,288 [INFO] ApiDb:274 - Set plugin database path to: D:\STM32CubeIDE_1.17.0\STM32CubeIDE\plugins\com.st.stm32cube.common.mx_6.13.0.202411220809\\db\/plugins/boardmanager/
2025-04-20 23:25:18,289 [WARN] ApiDb:259 - Overriding images path with different value:  => D:\STM32CubeIDE_1.17.0\STM32CubeIDE\plugins\com.st.stm32cube.common.mx_6.13.0.202411220809\\db\/plugins/mcufinder/images/
2025-04-20 23:25:18,296 [INFO] ApiDb:250 - Set database path to: C:\Users\user\.stmcufinder\plugins\mcufinder//mcu/
2025-04-20 23:25:18,298 [INFO] DbMcusAds:125 - Set database path to: C:\Users\user\.stmcufinder\plugins\mcufinder//mcu/
2025-04-20 23:25:18,302 [INFO] CrossReferenceDbSqlite:203 - Set database path to: C:\Users\user\.stmcufinder\plugins\mcufinder//mcu/cs/
2025-04-20 23:25:18,480 [INFO] RulesReader:64 - Compatibility file has been processed (297 Rules)
2025-04-20 23:25:18,589 [INFO] DbMcusXml:78 - Set database path to: D:\STM32CubeIDE_1.17.0\STM32CubeIDE\plugins\com.st.stm32cube.common.mx_6.13.0.202411220809\\db\/mcu/
2025-04-20 23:25:18,589 [INFO] ApiDb:274 - Set plugin database path to: D:\STM32CubeIDE_1.17.0\STM32CubeIDE\plugins\com.st.stm32cube.common.mx_6.13.0.202411220809\\db\/plugins/boardmanager/
2025-04-20 23:25:18,590 [INFO] ApiDb:261 - Set plugin images path to: D:\STM32CubeIDE_1.17.0\STM32CubeIDE\plugins\com.st.stm32cube.common.mx_6.13.0.202411220809\\db\/plugins/mcufinder/images/
2025-04-20 23:25:18,590 [WARN] DbFile:41 - Overriding database path with different value: C:\Users\user\.stmcufinder\plugins\mcufinder/ => C:\Users\user\.stmcufinder\plugins\mcufinder
2025-04-20 23:25:18,590 [INFO] ApiDb:250 - Set database path to: C:\Users\user\.stmcufinder\plugins\mcufinder//mcu/
2025-04-20 23:25:18,590 [WARN] DbFile:41 - Overriding database path with different value: C:\Users\user\.stmcufinder\plugins\mcufinder/ => C:\Users\user\.stmcufinder\plugins\mcufinder
2025-04-20 23:25:18,590 [INFO] DbMcusAds:125 - Set database path to: C:\Users\user\.stmcufinder\plugins\mcufinder//mcu/
2025-04-20 23:25:18,590 [WARN] DbFile:41 - Overriding database path with different value: C:\Users\user\.stmcufinder\plugins\mcufinder/ => C:\Users\user\.stmcufinder\plugins\mcufinder
2025-04-20 23:25:18,590 [WARN] DbFile:41 - Overriding database path with different value: C:\Users\user\.stmcufinder\plugins\mcufinder/ => C:\Users\user\.stmcufinder\plugins\mcufinder
2025-04-20 23:25:18,591 [INFO] CrossReferenceDbSqlite:203 - Set database path to: C:\Users\user\.stmcufinder\plugins\mcufinder//mcu/cs/
2025-04-20 23:25:18,692 [INFO] MainPanel:272 - HeapMemory: 272629760
2025-04-20 23:25:18,822 [INFO] DbMcusXml:78 - Set database path to: D:\STM32CubeIDE_1.17.0\STM32CubeIDE\plugins\com.st.stm32cube.common.mx_6.13.0.202411220809\\db\/mcu/
2025-04-20 23:25:18,822 [INFO] ApiDb:274 - Set plugin database path to: D:\STM32CubeIDE_1.17.0\STM32CubeIDE\plugins\com.st.stm32cube.common.mx_6.13.0.202411220809\\db\/plugins/boardmanager/
2025-04-20 23:25:18,822 [INFO] ApiDb:261 - Set plugin images path to: D:\STM32CubeIDE_1.17.0\STM32CubeIDE\plugins\com.st.stm32cube.common.mx_6.13.0.202411220809\\db\/plugins/mcufinder/images/
2025-04-20 23:25:18,823 [WARN] DbFile:41 - Overriding database path with different value: C:\Users\user\.stmcufinder\plugins\mcufinder/ => C:\Users\user\.stmcufinder\plugins\mcufinder
2025-04-20 23:25:18,823 [INFO] ApiDb:250 - Set database path to: C:\Users\user\.stmcufinder\plugins\mcufinder//mcu/
2025-04-20 23:25:18,823 [WARN] DbFile:41 - Overriding database path with different value: C:\Users\user\.stmcufinder\plugins\mcufinder/ => C:\Users\user\.stmcufinder\plugins\mcufinder
2025-04-20 23:25:18,823 [INFO] DbMcusAds:125 - Set database path to: C:\Users\user\.stmcufinder\plugins\mcufinder//mcu/
2025-04-20 23:25:18,824 [WARN] DbFile:41 - Overriding database path with different value: C:\Users\user\.stmcufinder\plugins\mcufinder/ => C:\Users\user\.stmcufinder\plugins\mcufinder
2025-04-20 23:25:18,824 [WARN] DbFile:41 - Overriding database path with different value: C:\Users\user\.stmcufinder\plugins\mcufinder/ => C:\Users\user\.stmcufinder\plugins\mcufinder
2025-04-20 23:25:18,824 [INFO] CrossReferenceDbSqlite:203 - Set database path to: C:\Users\user\.stmcufinder\plugins\mcufinder//mcu/cs/
2025-04-20 23:25:18,850 [INFO] ApplicationProperties:184 - Using Application install path: D:\STM32CubeIDE_1.17.0\STM32CubeIDE\plugins\com.st.stm32cube.common.mx_6.13.0.202411220809
2025-04-20 23:25:18,852 [INFO] PluginManage:196 - Search for loadable plugins [exclusion list=, ]
2025-04-20 23:25:18,853 [INFO] PluginManage:310 - Check plugin analytics
2025-04-20 23:25:19,107 [INFO] AnalyticsPlugin:253 - Accepted Software Licenses: STM32CubeMX.6.13.0
2025-04-20 23:25:19,108 [INFO] AnalyticsPlugin:255 - Accepted CMSIS Pack Licenses: wolfSSL.I-CUBE-wolfSSH.1.4.17,wolfSSL.I-CUBE-wolfSSL.5.7.4,EmbeddedOffice.I-CUBE-FS-RTOS.1.0.1,wolfSSL.I-CUBE-wolfSSL.5.7.2,wolfSSL.I-CUBE-wolfSSL.4.6.0,wolfSSL.I-CUBE-wolfTPM.3.4.0
2025-04-20 23:25:19,108 [INFO] AnalyticsPlugin:257 - Accepted Firmware Licenses: FW.F4.1.28.0
2025-04-20 23:25:19,111 [INFO] PluginManage:359 - Loaded plugin analytics (category:tool,tabindex:-1)
2025-04-20 23:25:19,112 [INFO] PluginManage:310 - Check plugin cadmodel
2025-04-20 23:25:19,118 [INFO] CADModel:105 - Init CAD model plugin
2025-04-20 23:25:19,118 [INFO] PluginManage:359 - Loaded plugin cadmodel (category:power,tabindex:5)
2025-04-20 23:25:19,118 [INFO] PluginManage:310 - Check plugin clock
2025-04-20 23:25:19,128 [INFO] PluginManage:359 - Loaded plugin clock (category:base,tabindex:2)
2025-04-20 23:25:19,128 [INFO] PluginManage:310 - Check plugin ddr
2025-04-20 23:25:19,132 [INFO] PluginManage:359 - Loaded plugin ddr (category:tool,tabindex:6)
2025-04-20 23:25:19,132 [INFO] PluginManage:310 - Check plugin filemanager
2025-04-20 23:25:19,322 [INFO] PluginManage:359 - Loaded plugin filemanager (category:base,tabindex:10)
2025-04-20 23:25:19,323 [INFO] PluginManage:310 - Check plugin ipmanager
2025-04-20 23:25:19,331 [INFO] PluginManage:359 - Loaded plugin ipmanager (category:base,tabindex:5)
2025-04-20 23:25:19,331 [INFO] PluginManage:310 - Check plugin lpbam
2025-04-20 23:25:19,339 [INFO] PluginManage:359 - Loaded plugin lpbam (category:base,tabindex:0)
2025-04-20 23:25:19,339 [INFO] PluginManage:310 - Check plugin memorymap
2025-04-20 23:25:19,353 [INFO] PluginManage:359 - Loaded plugin memorymap (category:base,tabindex:4)
2025-04-20 23:25:19,353 [INFO] PluginManage:310 - Check plugin pinoutandconfiguration
2025-04-20 23:25:19,361 [INFO] PluginManage:359 - Loaded plugin pinoutandconfiguration (category:base,tabindex:1)
2025-04-20 23:25:19,361 [INFO] PluginManage:310 - Check plugin pinoutconfig
2025-04-20 23:25:19,473 [WARN] SupportedApi:132 - Cannot load RTOS API schema: s4s-elt-must-match.1: The content of 'definitions' must match (annotation?, (simpleType | complexType)?, (unique | key | keyref)*)). A problem was found starting at: attribute.
2025-04-20 23:25:19,678 [INFO] PluginManage:359 - Loaded plugin pinoutconfig (category:base,tabindex:0)
2025-04-20 23:25:19,679 [INFO] PluginManage:310 - Check plugin power
2025-04-20 23:25:19,691 [INFO] PluginManage:359 - Loaded plugin power (category:power,tabindex:4)
2025-04-20 23:25:19,691 [INFO] PluginManage:310 - Check plugin projectmanager
2025-04-20 23:25:19,718 [INFO] PluginManage:359 - Loaded plugin projectmanager (category:projectmanager,tabindex:4)
2025-04-20 23:25:19,718 [INFO] PluginManage:310 - Check plugin rif
2025-04-20 23:25:19,729 [INFO] PluginManage:359 - Loaded plugin rif (category:base,tabindex:3)
2025-04-20 23:25:19,730 [INFO] PluginManage:310 - Check plugin thirdparty
2025-04-20 23:25:19,912 [INFO] PluginManage:359 - Loaded plugin thirdparty (category:base,tabindex:-1)
2025-04-20 23:25:19,912 [WARN] IntegrityCheckThread:84 - waiting for thirdparty lock release [integrity check]
2025-04-20 23:25:19,912 [INFO] PluginManage:310 - Check plugin tools
2025-04-20 23:25:19,913 [INFO] IntegrityCheckThread:86 - entering critical section [integrity check]
2025-04-20 23:25:19,913 [INFO] ThirdPartyUpdaterWithRetryManager:70 - Updater plugin not ready yet. [1/15]
2025-04-20 23:25:19,917 [INFO] PluginManage:359 - Loaded plugin tools (category:base,tabindex:7)
2025-04-20 23:25:19,917 [INFO] PluginManage:310 - Check plugin tutovideos
2025-04-20 23:25:20,135 [INFO] PluginManage:359 - Loaded plugin tutovideos (category:base,tabindex:-1)
2025-04-20 23:25:20,136 [INFO] PluginManage:310 - Check plugin updater
2025-04-20 23:25:20,159 [INFO] PluginManage:359 - Loaded plugin updater (category:base,tabindex:12)
2025-04-20 23:25:20,159 [INFO] PluginManage:310 - Check plugin userauth
2025-04-20 23:25:20,163 [INFO] UserAuth:118 - Init User Auth plugin
2025-04-20 23:25:20,164 [INFO] PluginManage:359 - Loaded plugin userauth (category:base,tabindex:14)
2025-04-20 23:25:20,165 [INFO] PluginManage:283 - PluginManage : Loaded plugins [18]
2025-04-20 23:25:20,455 [INFO] PinOutPanel:1589 - setPackage(No Configuration,No Configuration)
2025-04-20 23:25:20,559 [INFO] CADModel:165 - CPN selected for project level
2025-04-20 23:25:20,561 [INFO] CADModel:114 - Register for checkConnection events
2025-04-20 23:25:20,585 [INFO] IPUIPlugin:80 - create IPUIPlugin
2025-04-20 23:25:20,586 [INFO] PluginManager:220 - loadIPPluginJar : add adc
2025-04-20 23:25:20,588 [INFO] IPUIPlugin:80 - create IPUIPlugin
2025-04-20 23:25:20,588 [INFO] PluginManager:220 - loadIPPluginJar : add aes
2025-04-20 23:25:20,593 [INFO] IPUIPlugin:80 - create IPUIPlugin
2025-04-20 23:25:20,593 [INFO] PluginManager:220 - loadIPPluginJar : add can
2025-04-20 23:25:20,594 [INFO] IPUIPlugin:80 - create IPUIPlugin
2025-04-20 23:25:20,594 [INFO] PluginManager:220 - loadIPPluginJar : add comp
2025-04-20 23:25:20,597 [INFO] IPUIPlugin:80 - create IPUIPlugin
2025-04-20 23:25:20,597 [INFO] PluginManager:220 - loadIPPluginJar : add cryp
2025-04-20 23:25:20,603 [INFO] IPUIPlugin:80 - create IPUIPlugin
2025-04-20 23:25:20,603 [INFO] PluginManager:220 - loadIPPluginJar : add ddr_ctrl_phy
2025-04-20 23:25:20,606 [INFO] IPUIPlugin:80 - create IPUIPlugin
2025-04-20 23:25:20,606 [INFO] PluginManager:220 - loadIPPluginJar : add dfsdm
2025-04-20 23:25:20,612 [INFO] IPUIPlugin:80 - create IPUIPlugin
2025-04-20 23:25:20,612 [INFO] PluginManager:220 - loadIPPluginJar : add dma
2025-04-20 23:25:20,615 [INFO] IPUIPlugin:80 - create IPUIPlugin
2025-04-20 23:25:20,615 [INFO] PluginManager:220 - loadIPPluginJar : add dma3
2025-04-20 23:25:20,617 [INFO] IPUIPlugin:80 - create IPUIPlugin
2025-04-20 23:25:20,617 [INFO] PluginManager:220 - loadIPPluginJar : add extmemmanager
2025-04-20 23:25:20,620 [INFO] IPUIPlugin:80 - create IPUIPlugin
2025-04-20 23:25:20,620 [INFO] PluginManager:220 - loadIPPluginJar : add fatfs
2025-04-20 23:25:20,625 [INFO] IPUIPlugin:80 - create IPUIPlugin
2025-04-20 23:25:20,626 [INFO] PluginManager:220 - loadIPPluginJar : add fmc
2025-04-20 23:25:20,633 [INFO] IPUIPlugin:80 - create IPUIPlugin
2025-04-20 23:25:20,633 [INFO] PluginManager:220 - loadIPPluginJar : add freertos
2025-04-20 23:25:20,635 [INFO] IPUIPlugin:80 - create IPUIPlugin
2025-04-20 23:25:20,635 [INFO] PluginManager:220 - loadIPPluginJar : add genericplugin
2025-04-20 23:25:20,637 [INFO] IPUIPlugin:80 - create IPUIPlugin
2025-04-20 23:25:20,637 [INFO] PluginManager:220 - loadIPPluginJar : add gfxmmu
2025-04-20 23:25:20,643 [INFO] IPUIPlugin:80 - create IPUIPlugin
2025-04-20 23:25:20,643 [INFO] PluginManager:220 - loadIPPluginJar : add gic
2025-04-20 23:25:20,648 [INFO] IPUIPlugin:80 - create IPUIPlugin
2025-04-20 23:25:20,648 [INFO] PluginManager:220 - loadIPPluginJar : add gpio
2025-04-20 23:25:20,651 [INFO] IPUIPlugin:80 - create IPUIPlugin
2025-04-20 23:25:20,651 [INFO] PluginManager:220 - loadIPPluginJar : add gtzc
2025-04-20 23:25:20,653 [INFO] IPUIPlugin:80 - create IPUIPlugin
2025-04-20 23:25:20,653 [INFO] PluginManager:220 - loadIPPluginJar : add hash
2025-04-20 23:25:20,656 [INFO] IPUIPlugin:80 - create IPUIPlugin
2025-04-20 23:25:20,656 [INFO] PluginManager:220 - loadIPPluginJar : add i2c
2025-04-20 23:25:20,658 [INFO] IPUIPlugin:80 - create IPUIPlugin
2025-04-20 23:25:20,659 [INFO] PluginManager:220 - loadIPPluginJar : add i2s
2025-04-20 23:25:20,662 [INFO] IPUIPlugin:80 - create IPUIPlugin
2025-04-20 23:25:20,662 [INFO] PluginManager:220 - loadIPPluginJar : add i3c
2025-04-20 23:25:20,667 [INFO] IPUIPlugin:80 - create IPUIPlugin
2025-04-20 23:25:20,668 [INFO] PluginManager:220 - loadIPPluginJar : add ipddr
2025-04-20 23:25:20,675 [INFO] IPUIPlugin:80 - create IPUIPlugin
2025-04-20 23:25:20,675 [INFO] PluginManager:220 - loadIPPluginJar : add linkedlist
2025-04-20 23:25:20,679 [INFO] IPUIPlugin:80 - create IPUIPlugin
2025-04-20 23:25:20,679 [INFO] PluginManager:220 - loadIPPluginJar : add lorawan
2025-04-20 23:25:20,681 [INFO] IPUIPlugin:80 - create IPUIPlugin
2025-04-20 23:25:20,681 [INFO] PluginManager:220 - loadIPPluginJar : add ltdc
2025-04-20 23:25:20,687 [INFO] IPUIPlugin:80 - create IPUIPlugin
2025-04-20 23:25:20,687 [INFO] PluginManager:220 - loadIPPluginJar : add mdma
2025-04-20 23:25:20,691 [INFO] IPUIPlugin:80 - create IPUIPlugin
2025-04-20 23:25:20,691 [INFO] PluginManager:220 - loadIPPluginJar : add nvic
2025-04-20 23:25:20,694 [INFO] IPUIPlugin:80 - create IPUIPlugin
2025-04-20 23:25:20,694 [INFO] PluginManager:220 - loadIPPluginJar : add opamp
2025-04-20 23:25:20,697 [INFO] IPUIPlugin:80 - create IPUIPlugin
2025-04-20 23:25:20,697 [INFO] PluginManager:220 - loadIPPluginJar : add openamp
2025-04-20 23:25:20,701 [INFO] IPUIPlugin:80 - create IPUIPlugin
2025-04-20 23:25:20,701 [INFO] PluginManager:220 - loadIPPluginJar : add pdm2pcm
2025-04-20 23:25:20,707 [INFO] IPUIPlugin:80 - create IPUIPlugin
2025-04-20 23:25:20,710 [INFO] PluginManager:220 - loadIPPluginJar : add plateformsettings
2025-04-20 23:25:20,711 [INFO] IPUIPlugin:80 - create IPUIPlugin
2025-04-20 23:25:20,712 [INFO] PluginManager:220 - loadIPPluginJar : add quadspi
2025-04-20 23:25:20,714 [INFO] IPUIPlugin:80 - create IPUIPlugin
2025-04-20 23:25:20,714 [INFO] PluginManager:220 - loadIPPluginJar : add radio
2025-04-20 23:25:20,718 [INFO] IPUIPlugin:80 - create IPUIPlugin
2025-04-20 23:25:20,718 [INFO] PluginManager:220 - loadIPPluginJar : add resmgrutility
2025-04-20 23:25:20,721 [INFO] IPUIPlugin:80 - create IPUIPlugin
2025-04-20 23:25:20,721 [INFO] PluginManager:220 - loadIPPluginJar : add sai
2025-04-20 23:25:20,724 [INFO] IPUIPlugin:80 - create IPUIPlugin
2025-04-20 23:25:20,724 [INFO] PluginManager:220 - loadIPPluginJar : add spi
2025-04-20 23:25:20,730 [INFO] IPUIPlugin:80 - create IPUIPlugin
2025-04-20 23:25:20,730 [INFO] PluginManager:220 - loadIPPluginJar : add stm32_wpan
2025-04-20 23:25:20,732 [INFO] IPUIPlugin:80 - create IPUIPlugin
2025-04-20 23:25:20,732 [INFO] PluginManager:220 - loadIPPluginJar : add tim
2025-04-20 23:25:20,736 [INFO] IPUIPlugin:80 - create IPUIPlugin
2025-04-20 23:25:20,736 [INFO] PluginManager:220 - loadIPPluginJar : add touchsensing
2025-04-20 23:25:20,738 [INFO] IPUIPlugin:80 - create IPUIPlugin
2025-04-20 23:25:20,739 [INFO] PluginManager:220 - loadIPPluginJar : add tracer_emb
2025-04-20 23:25:20,740 [INFO] IPUIPlugin:80 - create IPUIPlugin
2025-04-20 23:25:20,740 [INFO] PluginManager:220 - loadIPPluginJar : add ts
2025-04-20 23:25:20,742 [INFO] IPUIPlugin:80 - create IPUIPlugin
2025-04-20 23:25:20,742 [INFO] PluginManager:220 - loadIPPluginJar : add tsc
2025-04-20 23:25:20,744 [INFO] IPUIPlugin:80 - create IPUIPlugin
2025-04-20 23:25:20,744 [INFO] PluginManager:220 - loadIPPluginJar : add ucpd
2025-04-20 23:25:20,748 [INFO] IPUIPlugin:80 - create IPUIPlugin
2025-04-20 23:25:20,748 [INFO] PluginManager:220 - loadIPPluginJar : add usart
2025-04-20 23:25:20,751 [INFO] IPUIPlugin:80 - create IPUIPlugin
2025-04-20 23:25:20,751 [INFO] PluginManager:220 - loadIPPluginJar : add usbx
2025-04-20 23:25:20,904 [FATAL] Updater:351 - Updater called before beeing initialized
2025-04-20 23:25:20,964 [INFO] RulesReader:64 - Compatibility file has been processed (297 Rules)
2025-04-20 23:25:20,979 [INFO] RulesReader:64 - Compatibility file has been processed (297 Rules)
2025-04-20 23:25:20,990 [INFO] CADModel:165 - CPN selected for project level
2025-04-20 23:25:20,990 [INFO] CADModel:114 - Register for checkConnection events
2025-04-20 23:25:20,990 [FATAL] Updater:351 - Updater called before beeing initialized
2025-04-20 23:25:20,990 [ERROR] CADModel:125 - Updater not yet initialized, retry later 
2025-04-20 23:25:21,199 [FATAL] Updater:351 - Updater called before beeing initialized
2025-04-20 23:25:21,203 [INFO] CADModel:165 - CPN selected for project level
2025-04-20 23:25:21,203 [INFO] CADModel:114 - Register for checkConnection events
2025-04-20 23:25:21,203 [FATAL] Updater:351 - Updater called before beeing initialized
2025-04-20 23:25:21,203 [ERROR] CADModel:125 - Updater not yet initialized, retry later 
2025-04-20 23:25:21,209 [FATAL] Updater:351 - Updater called before beeing initialized
2025-04-20 23:25:21,442 [FATAL] Updater:351 - Updater called before beeing initialized
2025-04-20 23:25:21,451 [INFO] DbMcusAds:53 - JSON generation date=Wed Dec 18 00:01:15 IRKT 2024 (1734451275196)
2025-04-20 23:25:21,452 [FATAL] Updater:351 - Updater called before beeing initialized
2025-04-20 23:25:21,522 [WARN] DetailPanel:346 - Failed to get advertising image, set to default
2025-04-20 23:25:21,964 [FATAL] Updater:351 - Updater called before beeing initialized
2025-04-20 23:25:21,968 [FATAL] Updater:351 - Updater called before beeing initialized
2025-04-20 23:25:21,968 [FATAL] Updater:351 - Updater called before beeing initialized
2025-04-20 23:25:21,968 [WARN] DetailPanel:346 - Failed to get advertising image, set to default
2025-04-20 23:25:21,969 [FATAL] Updater:351 - Updater called before beeing initialized
2025-04-20 23:25:22,064 [ERROR] Updater:1198 - MainUpdater not yet initialized. External WinMGr cannot be set.
2025-04-20 23:25:22,067 [INFO] Updater:1134 - Updater Version found : 6.13.0
2025-04-20 23:25:22,093 [INFO] ApplicationProperties:184 - Using Application install path: D:\STM32CubeIDE_1.17.0\STM32CubeIDE\plugins\com.st.stm32cube.common.mx_6.13.0.202411220809
2025-04-20 23:25:22,914 [INFO] ThirdPartyUpdaterWithRetryManager:70 - Updater plugin not ready yet. [2/15]
2025-04-20 23:25:23,675 [ERROR] LogOutputStream:75 - [STDERR_REDIRECT] Apr 20, 2025 11:25:23 PM java.util.prefs.WindowsPreferences <init>
2025-04-20 23:25:23,677 [ERROR] LogOutputStream:75 - [STDERR_REDIRECT] WARNING: Could not open/create prefs root node Software\JavaSoft\Prefs at root 0xffffffff80000002. Windows RegCreateKeyEx(...) returned error code 5.
2025-04-20 23:25:23,678 [ERROR] LogOutputStream:75 - [STDERR_REDIRECT] 
2025-04-20 23:25:24,340 [ERROR] CheckConnectionManager:249 - Problem, Http access forbiden
2025-04-20 23:25:24,344 [INFO] MainUpdater:2872 - connection check result : 22
2025-04-20 23:25:24,345 [INFO] MainUpdater:289 - Updater Check For Update Now.
2025-04-20 23:25:24,346 [INFO] MicroXplorer:498 - Change Database Version : DB.6.0.130
2025-04-20 23:25:24,354 [INFO] McuFinderGlobals:63 - Set McuFinder mode to 2 (CubeIDE integrated)
2025-04-20 23:25:24,355 [INFO] UserAuth:486 - Internet connection configuration mode: 2
2025-04-20 23:25:24,361 [INFO] UserAuth:486 - Internet connection configuration mode: 2
2025-04-20 23:25:24,606 [INFO] CheckServerUpdateThread:120 - End of CheckServer Thread
2025-04-20 23:25:26,254 [WARN] PackLoader:240 - Cannot read IP mode file for STMicroelectronics.FP-SNS-MOTENVWB1.1.4.0
2025-04-20 23:25:26,273 [WARN] PackLoader:240 - Cannot read IP mode file for STMicroelectronics.FP-ATR-ASTRA1.2.0.2
2025-04-20 23:25:26,288 [WARN] PackLoader:240 - Cannot read IP mode file for STMicroelectronics.FP-ATR-ASTRA1.2.0.1
2025-04-20 23:25:26,306 [WARN] PackLoader:240 - Cannot read IP mode file for STMicroelectronics.X-CUBE-SMBUS.2.1.0
2025-04-20 23:25:26,321 [WARN] PackLoader:240 - Cannot read IP mode file for STMicroelectronics.X-CUBE-WB05N.1.1.0
2025-04-20 23:25:26,408 [WARN] PackLoader:240 - Cannot read IP mode file for STMicroelectronics.X-CUBE-AZRTOS-F7.1.1.0
2025-04-20 23:25:26,565 [WARN] PackLoader:240 - Cannot read IP mode file for STMicroelectronics.X-CUBE-MEMS1.11.0.0
2025-04-20 23:25:26,885 [WARN] PackLoader:240 - Cannot read IP mode file for STMicroelectronics.FP-SNS-FLIGHT1.5.0.2
2025-04-20 23:25:26,915 [WARN] PackLoader:240 - Cannot read IP mode file for Infineon.AIROC-Wi-Fi-Bluetooth-STM32.1.7.0
2025-04-20 23:25:26,933 [WARN] PackLoader:240 - Cannot read IP mode file for STMicroelectronics.X-CUBE-DISPLAY.3.0.0
2025-04-20 23:25:26,946 [WARN] PackLoader:240 - Cannot read IP mode file for STMicroelectronics.X-CUBE-BLE1.7.0.0
2025-04-20 23:25:26,956 [WARN] PackLoader:240 - Cannot read IP mode file for STMicroelectronics.X-CUBE-NFC10.1.0.0
2025-04-20 23:25:26,973 [WARN] PackLoader:240 - Cannot read IP mode file for STMicroelectronics.X-CUBE-BLEMGR.4.0.0
2025-04-20 23:25:26,986 [WARN] PackLoader:240 - Cannot read IP mode file for emotas.I-CUBE-CANOPEN.1.3.0
2025-04-20 23:25:26,992 [WARN] PackLoader:240 - Cannot read IP mode file for STMicroelectronics.X-CUBE-AI.10.0.0
2025-04-20 23:25:26,998 [WARN] PackLoader:240 - Cannot read IP mode file for STMicroelectronics.FP-SNS-SMARTAG2.1.2.0
2025-04-20 23:25:27,002 [WARN] PackLoader:240 - Cannot read IP mode file for STMicroelectronics.FP-SNS-FLIGHT1.5.1.0
2025-04-20 23:25:27,069 [WARN] PackLoader:240 - Cannot read IP mode file for STMicroelectronics.X-CUBE-MEMS1.11.1.0
2025-04-20 23:25:27,221 [INFO] LogOutputStream:77 - [STDOUT_REDIRECT] 1 : Invalid condition id : UX_CORESTACK_Condition cause : null
2025-04-20 23:25:27,221 [INFO] LogOutputStream:77 - [STDOUT_REDIRECT] 1 : Invalid condition id : UX_CORESTACK_Condition cause : null
2025-04-20 23:25:27,223 [INFO] LogOutputStream:77 - [STDOUT_REDIRECT] 1 : Invalid condition id : UX_CORESTACK_Condition cause : null
2025-04-20 23:25:27,224 [INFO] LogOutputStream:77 - [STDOUT_REDIRECT] 1 : Invalid condition id : UX_CORESTACK_Condition cause : null
2025-04-20 23:25:27,225 [INFO] LogOutputStream:77 - [STDOUT_REDIRECT] 1 : Invalid condition id : UX_CORESTACK_Condition cause : null
2025-04-20 23:25:27,228 [WARN] PackLoader:240 - Cannot read IP mode file for STMicroelectronics.X-CUBE-AZRTOS-WL.2.0.0
2025-04-20 23:25:27,234 [WARN] PackLoader:240 - Cannot read IP mode file for STMicroelectronics.FP-SNS-MOTENV1.5.0.0
2025-04-20 23:25:27,240 [WARN] PackLoader:240 - Cannot read IP mode file for wolfSSL.I-CUBE-wolfMQTT.1.19.0
2025-04-20 23:25:27,249 [WARN] PackLoader:240 - Cannot read IP mode file for WES.I-CUBE-Cesium.1.3.0
2025-04-20 23:25:27,254 [WARN] PackLoader:240 - Cannot read IP mode file for STMicroelectronics.X-CUBE-BLE2.3.3.0
2025-04-20 23:25:27,261 [WARN] PackLoader:240 - Cannot read IP mode file for STMicroelectronics.X-CUBE-NFC9.1.0.0
2025-04-20 23:25:27,266 [WARN] PackLoader:240 - Cannot read IP mode file for STMicroelectronics.X-CUBE-BLE1.7.1.0
2025-04-20 23:25:27,272 [WARN] PackLoader:240 - Cannot read IP mode file for STMicroelectronics.X-CUBE-TCPP.4.1.0
2025-04-20 23:25:27,340 [WARN] PackLoader:240 - Cannot read IP mode file for STMicroelectronics.X-CUBE-MEMS1.11.2.0
2025-04-20 23:25:27,563 [WARN] PackLoader:240 - Cannot read IP mode file for STMicroelectronics.X-CUBE-AZRTOS-G0.1.1.0
2025-04-20 23:25:27,578 [WARN] PackLoader:240 - Cannot read IP mode file for STMicroelectronics.X-CUBE-SAFEA1.1.2.2
2025-04-20 23:25:27,586 [WARN] PackLoader:240 - Cannot read IP mode file for STMicroelectronics.X-CUBE-NFC4.3.0.0
2025-04-20 23:25:27,597 [WARN] PackLoader:240 - Cannot read IP mode file for EmbeddedOffice.I-CUBE-FS-RTOS.1.0.1
2025-04-20 23:25:27,710 [WARN] PackLoader:240 - Cannot read IP mode file for STMicroelectronics.X-CUBE-TCPP.4.2.0
2025-04-20 23:25:27,719 [WARN] PackLoader:240 - Cannot read IP mode file for RealThread.X-CUBE-RT-Thread_Nano.4.1.1
2025-04-20 23:25:27,723 [WARN] PackLoader:240 - Cannot read IP mode file for STMicroelectronics.FP-ATR-SIGFOX1.3.2.0
2025-04-20 23:25:27,727 [WARN] PackLoader:240 - Cannot read IP mode file for wolfSSL.I-CUBE-wolfSSL.5.7.2
2025-04-20 23:25:27,783 [WARN] ConditionMgr:438 - getConditionDescription Invalid condition id : Cortex-A Device cause : null
2025-04-20 23:25:27,809 [WARN] ConditionMgr:1044 - genDependencies : Invalid condition id : Cortex-A Device cause : null
2025-04-20 23:25:27,810 [WARN] ConditionMgr:1044 - genDependencies : Invalid condition id : Cortex-A Device cause : null
2025-04-20 23:25:27,810 [WARN] ConditionMgr:1044 - genDependencies : Invalid condition id : Cortex-A Device cause : null
2025-04-20 23:25:27,817 [WARN] PackLoader:240 - Cannot read IP mode file for STMicroelectronics.X-CUBE-EEPRMA1.5.1.0
2025-04-20 23:25:27,823 [WARN] PackLoader:240 - Cannot read IP mode file for wolfSSL.I-CUBE-wolfSSL.5.7.4
2025-04-20 23:25:27,865 [WARN] PackLoader:240 - Cannot read IP mode file for ITTIA_DB.I-CUBE-ITTIADB.8.9.0
2025-04-20 23:25:27,895 [WARN] PackLoader:240 - Cannot read IP mode file for SEGGER.I-CUBE-embOS.1.3.1
2025-04-20 23:25:27,946 [WARN] PackLoader:240 - Cannot read IP mode file for STMicroelectronics.X-CUBE-ALGOBUILD.1.4.0
2025-04-20 23:25:27,952 [WARN] PackLoader:240 - Cannot read IP mode file for STMicroelectronics.X-CUBE-AI.9.1.0
2025-04-20 23:25:27,977 [WARN] PackLoader:240 - Cannot read IP mode file for STMicroelectronics.X-CUBE-AZRTOS-F4.1.1.0
2025-04-20 23:25:27,985 [WARN] PackLoader:240 - Cannot read IP mode file for Avnet-IotConnect.X-CUBE-IoTC-DA16k-PMOD.1.0.0
2025-04-20 23:25:27,992 [WARN] PackLoader:240 - Cannot read IP mode file for STMicroelectronics.X-CUBE-ISPU.2.1.0
2025-04-20 23:25:27,999 [WARN] PackLoader:240 - Cannot read IP mode file for STMicroelectronics.X-CUBE-FREERTOS.1.2.0
2025-04-20 23:25:28,021 [WARN] PackLoader:240 - Cannot read IP mode file for STMicroelectronics.X-CUBE-AZRTOS-L5.2.0.0
2025-04-20 23:25:28,035 [WARN] PackLoader:240 - Cannot read IP mode file for STMicroelectronics.X-CUBE-NFC6.3.1.0
2025-04-20 23:25:28,045 [WARN] PackLoader:240 - Cannot read IP mode file for STMicroelectronics.X-CUBE-DPower.1.2.0
2025-04-20 23:25:28,053 [WARN] PackLoader:240 - Cannot read IP mode file for STMicroelectronics.X-CUBE-FREERTOS.1.3.0
2025-04-20 23:25:28,059 [WARN] PackLoader:240 - Cannot read IP mode file for STMicroelectronics.X-CUBE-NFC7.1.0.1
2025-04-20 23:25:28,066 [WARN] PackLoader:240 - Cannot read IP mode file for STMicroelectronics.X-CUBE-DPower.1.3.0
2025-04-20 23:25:28,087 [WARN] ConditionMgr:438 - getConditionDescription Invalid condition id : LAN8742 Phy interface Condition cause : null
2025-04-20 23:25:28,088 [WARN] PackLoader:240 - Cannot read IP mode file for STMicroelectronics.X-CUBE-AZRTOS-L4.2.0.0
2025-04-20 23:25:28,089 [WARN] ConditionMgr:1044 - genDependencies : Invalid condition id : LAN8742 Phy interface Condition cause : null
2025-04-20 23:25:28,089 [WARN] ConditionMgr:1044 - genDependencies : Invalid condition id : LAN8742 Phy interface Condition cause : null
2025-04-20 23:25:28,090 [WARN] ConditionMgr:1044 - genDependencies : Invalid condition id : LAN8742 Phy interface Condition cause : null
2025-04-20 23:25:28,097 [WARN] PackLoader:240 - Cannot read IP mode file for STMicroelectronics.X-CUBE-SFXS2LP1.4.0.0
2025-04-20 23:25:28,118 [WARN] PackLoader:240 - Cannot read IP mode file for STMicroelectronics.X-CUBE-AZRTOS-H7.3.3.0
2025-04-20 23:25:28,134 [WARN] PackLoader:240 - Cannot read IP mode file for STMicroelectronics.X-CUBE-IPS.3.0.0
2025-04-20 23:25:28,158 [WARN] ConditionMgr:438 - getConditionDescription Invalid condition id : UX DEVICE CLASS RTOS Condition cause : null
2025-04-20 23:25:28,158 [WARN] ConditionMgr:438 - getConditionDescription Invalid condition id : UX DEVICE CLASS RTOS Condition cause : null
2025-04-20 23:25:28,162 [WARN] PackLoader:240 - Cannot read IP mode file for STMicroelectronics.X-CUBE-AZRTOS-WB.2.0.0
2025-04-20 23:25:28,163 [WARN] ConditionMgr:1044 - genDependencies : Invalid condition id : UX DEVICE CLASS RTOS Condition cause : null
2025-04-20 23:25:28,163 [WARN] ConditionMgr:1044 - genDependencies : Invalid condition id : UX DEVICE CLASS RTOS Condition cause : null
2025-04-20 23:25:28,163 [WARN] ConditionMgr:1044 - genDependencies : Invalid condition id : UX DEVICE CLASS RTOS Condition cause : null
2025-04-20 23:25:28,164 [WARN] ConditionMgr:1044 - genDependencies : Invalid condition id : UX DEVICE CLASS RTOS Condition cause : null
2025-04-20 23:25:28,164 [WARN] ConditionMgr:1044 - genDependencies : Invalid condition id : UX DEVICE CLASS RTOS Condition cause : null
2025-04-20 23:25:28,171 [WARN] PackLoader:240 - Cannot read IP mode file for STMicroelectronics.X-CUBE-GNSS1.7.0.0
2025-04-20 23:25:28,180 [WARN] PackLoader:240 - Cannot read IP mode file for STMicroelectronics.X-CUBE-GNSS1.7.0.1
2025-04-20 23:25:28,193 [WARN] PackLoader:240 - Cannot read IP mode file for STMicroelectronics.X-CUBE-TOUCHGFX.4.25.0
2025-04-20 23:25:28,203 [WARN] PackLoader:240 - Cannot read IP mode file for STMicroelectronics.FP-SNS-STBOX1.2.0.0
2025-04-20 23:25:28,221 [WARN] PackLoader:240 - Cannot read IP mode file for STMicroelectronics.X-CUBE-SUBG2.5.0.0
2025-04-20 23:25:28,258 [WARN] PackLoader:240 - Cannot read IP mode file for STMicroelectronics.X-CUBE-AZRTOS-H7RS.1.1.0
2025-04-20 23:25:28,278 [WARN] PackLoader:240 - Cannot read IP mode file for Cesanta.I-CUBE-Mongoose.7.13.0
2025-04-20 23:25:28,295 [WARN] PackLoader:240 - Cannot read IP mode file for STMicroelectronics.X-CUBE-AZRTOS-G4.2.0.0
2025-04-20 23:25:28,306 [WARN] PackLoader:240 - Cannot read IP mode file for wolfSSL.I-CUBE-wolfSSL.4.6.0
2025-04-20 23:25:28,366 [WARN] PackLoader:240 - Cannot read IP mode file for STMicroelectronics.X-CUBE-IPS.3.1.0
2025-04-20 23:25:28,380 [WARN] PackLoader:240 - Cannot read IP mode file for STMicroelectronics.X-CUBE-ALS.1.0.2
2025-04-20 23:25:28,386 [WARN] PackLoader:240 - Cannot read IP mode file for STMicroelectronics.X-CUBE-TOUCHGFX.4.24.2
2025-04-20 23:25:28,391 [WARN] PackLoader:240 - Cannot read IP mode file for STMicroelectronics.X-CUBE-TOUCHGFX.4.24.1
2025-04-20 23:25:28,398 [WARN] PackLoader:240 - Cannot read IP mode file for wolfSSL.I-CUBE-wolfTPM.3.4.0
2025-04-20 23:25:28,441 [WARN] PackLoader:240 - Cannot read IP mode file for portGmbH.I-Cube-SoM-uGOAL.1.1.0
2025-04-20 23:25:28,462 [WARN] PackLoader:240 - Cannot read IP mode file for STMicroelectronics.X-CUBE-AZRTOS-H7RS.1.0.0
2025-04-20 23:25:28,481 [WARN] PackLoader:240 - Cannot read IP mode file for STMicroelectronics.X-CUBE-TOF1.3.4.2
2025-04-20 23:25:28,509 [WARN] PackLoader:240 - Cannot read IP mode file for STMicroelectronics.X-CUBE-TOF1.3.4.3
2025-04-20 23:25:28,530 [WARN] PackLoader:240 - Cannot read IP mode file for wolfSSL.I-CUBE-wolfSSH.1.4.17
2025-04-20 23:25:28,561 [INFO] ThirdParty:978 - Integrity check success = true
2025-04-20 23:25:28,561 [INFO] IntegrityCheckThread:100 - exiting critical section [integrity check]
2025-04-20 23:25:28,562 [INFO] IntegrityCheckThread:103 - End integrity checks thread
