2025-05-10 11:10:44,561 [ERROR] ConfigurationRetriever:142 - IOException on connection: sw-center.st.com
2025-05-10 11:10:44,584 [ERROR] ConfigurationRetriever:142 - IOException on connection: sw-center.st.com
2025-05-10 11:10:44,585 [ERROR] ConfigurationRetriever:142 - IOException on connection: sw-center.st.com
2025-05-10 11:11:37,719 [ERROR] LogOutputStream:75 - [STDERR_REDIRECT] 
2025-05-10 11:11:37,722 [ERROR] LogOutputStream:75 - [STDERR_REDIRECT] 
2025-05-10 11:12:20,902 [INFO] Activator:176 - 


2025-05-10 11:12:20,904 [INFO] Activator:177 - !SESSION log4j initialized
2025-05-10 11:12:30,284 [INFO] LogOutputStream:77 - [STDOUT_REDIRECT] 
2025-05-10 11:12:33,041 [INFO] ApplicationProperties:184 - Using Application install path: D:\STM32CubeIDE_1.17.0\STM32CubeIDE\plugins\com.st.stm32cube.common.mx_6.13.0.202411220809
2025-05-10 11:12:33,062 [INFO] DbMcusXml:78 - Set database path to: D:\STM32CubeIDE_1.17.0\STM32CubeIDE\plugins\com.st.stm32cube.common.mx_6.13.0.202411220809\\db\/mcu/
2025-05-10 11:12:33,062 [INFO] ApiDb:274 - Set plugin database path to: D:\STM32CubeIDE_1.17.0\STM32CubeIDE\plugins\com.st.stm32cube.common.mx_6.13.0.202411220809\\db\/plugins/boardmanager/
2025-05-10 11:12:33,062 [WARN] ApiDb:259 - Overriding images path with different value:  => D:\STM32CubeIDE_1.17.0\STM32CubeIDE\plugins\com.st.stm32cube.common.mx_6.13.0.202411220809\\db\/plugins/mcufinder/images/
2025-05-10 11:12:33,079 [INFO] ApiDb:250 - Set database path to: C:\Users\user\.stmcufinder\plugins\mcufinder//mcu/
2025-05-10 11:12:33,080 [INFO] DbMcusAds:125 - Set database path to: C:\Users\user\.stmcufinder\plugins\mcufinder//mcu/
2025-05-10 11:12:33,082 [INFO] CrossReferenceDbSqlite:203 - Set database path to: C:\Users\user\.stmcufinder\plugins\mcufinder//mcu/cs/
2025-05-10 11:12:33,243 [INFO] RulesReader:64 - Compatibility file has been processed (297 Rules)
2025-05-10 11:12:33,361 [INFO] DbMcusXml:78 - Set database path to: D:\STM32CubeIDE_1.17.0\STM32CubeIDE\plugins\com.st.stm32cube.common.mx_6.13.0.202411220809\\db\/mcu/
2025-05-10 11:12:33,361 [INFO] ApiDb:274 - Set plugin database path to: D:\STM32CubeIDE_1.17.0\STM32CubeIDE\plugins\com.st.stm32cube.common.mx_6.13.0.202411220809\\db\/plugins/boardmanager/
2025-05-10 11:12:33,361 [INFO] ApiDb:261 - Set plugin images path to: D:\STM32CubeIDE_1.17.0\STM32CubeIDE\plugins\com.st.stm32cube.common.mx_6.13.0.202411220809\\db\/plugins/mcufinder/images/
2025-05-10 11:12:33,362 [WARN] DbFile:41 - Overriding database path with different value: C:\Users\user\.stmcufinder\plugins\mcufinder/ => C:\Users\user\.stmcufinder\plugins\mcufinder
2025-05-10 11:12:33,362 [INFO] ApiDb:250 - Set database path to: C:\Users\user\.stmcufinder\plugins\mcufinder//mcu/
2025-05-10 11:12:33,362 [WARN] DbFile:41 - Overriding database path with different value: C:\Users\user\.stmcufinder\plugins\mcufinder/ => C:\Users\user\.stmcufinder\plugins\mcufinder
2025-05-10 11:12:33,362 [INFO] DbMcusAds:125 - Set database path to: C:\Users\user\.stmcufinder\plugins\mcufinder//mcu/
2025-05-10 11:12:33,362 [WARN] DbFile:41 - Overriding database path with different value: C:\Users\user\.stmcufinder\plugins\mcufinder/ => C:\Users\user\.stmcufinder\plugins\mcufinder
2025-05-10 11:12:33,362 [WARN] DbFile:41 - Overriding database path with different value: C:\Users\user\.stmcufinder\plugins\mcufinder/ => C:\Users\user\.stmcufinder\plugins\mcufinder
2025-05-10 11:12:33,362 [INFO] CrossReferenceDbSqlite:203 - Set database path to: C:\Users\user\.stmcufinder\plugins\mcufinder//mcu/cs/
2025-05-10 11:12:33,471 [INFO] MainPanel:272 - HeapMemory: 268435456
2025-05-10 11:12:33,604 [INFO] DbMcusXml:78 - Set database path to: D:\STM32CubeIDE_1.17.0\STM32CubeIDE\plugins\com.st.stm32cube.common.mx_6.13.0.202411220809\\db\/mcu/
2025-05-10 11:12:33,605 [INFO] ApiDb:274 - Set plugin database path to: D:\STM32CubeIDE_1.17.0\STM32CubeIDE\plugins\com.st.stm32cube.common.mx_6.13.0.202411220809\\db\/plugins/boardmanager/
2025-05-10 11:12:33,605 [INFO] ApiDb:261 - Set plugin images path to: D:\STM32CubeIDE_1.17.0\STM32CubeIDE\plugins\com.st.stm32cube.common.mx_6.13.0.202411220809\\db\/plugins/mcufinder/images/
2025-05-10 11:12:33,606 [WARN] DbFile:41 - Overriding database path with different value: C:\Users\user\.stmcufinder\plugins\mcufinder/ => C:\Users\user\.stmcufinder\plugins\mcufinder
2025-05-10 11:12:33,606 [INFO] ApiDb:250 - Set database path to: C:\Users\user\.stmcufinder\plugins\mcufinder//mcu/
2025-05-10 11:12:33,606 [WARN] DbFile:41 - Overriding database path with different value: C:\Users\user\.stmcufinder\plugins\mcufinder/ => C:\Users\user\.stmcufinder\plugins\mcufinder
2025-05-10 11:12:33,606 [INFO] DbMcusAds:125 - Set database path to: C:\Users\user\.stmcufinder\plugins\mcufinder//mcu/
2025-05-10 11:12:33,606 [WARN] DbFile:41 - Overriding database path with different value: C:\Users\user\.stmcufinder\plugins\mcufinder/ => C:\Users\user\.stmcufinder\plugins\mcufinder
2025-05-10 11:12:33,606 [WARN] DbFile:41 - Overriding database path with different value: C:\Users\user\.stmcufinder\plugins\mcufinder/ => C:\Users\user\.stmcufinder\plugins\mcufinder
2025-05-10 11:12:33,606 [INFO] CrossReferenceDbSqlite:203 - Set database path to: C:\Users\user\.stmcufinder\plugins\mcufinder//mcu/cs/
2025-05-10 11:12:33,628 [INFO] ApplicationProperties:184 - Using Application install path: D:\STM32CubeIDE_1.17.0\STM32CubeIDE\plugins\com.st.stm32cube.common.mx_6.13.0.202411220809
2025-05-10 11:12:33,629 [INFO] PluginManage:196 - Search for loadable plugins [exclusion list=, ]
2025-05-10 11:12:33,630 [INFO] PluginManage:310 - Check plugin analytics
2025-05-10 11:12:33,872 [INFO] AnalyticsPlugin:253 - Accepted Software Licenses: STM32CubeMX.6.13.0
2025-05-10 11:12:33,872 [INFO] AnalyticsPlugin:255 - Accepted CMSIS Pack Licenses: wolfSSL.I-CUBE-wolfSSH.1.4.17,wolfSSL.I-CUBE-wolfSSL.5.7.4,EmbeddedOffice.I-CUBE-FS-RTOS.1.0.1,wolfSSL.I-CUBE-wolfSSL.5.7.2,wolfSSL.I-CUBE-wolfSSL.4.6.0,wolfSSL.I-CUBE-wolfTPM.3.4.0
2025-05-10 11:12:33,872 [INFO] AnalyticsPlugin:257 - Accepted Firmware Licenses: FW.F4.1.28.0
2025-05-10 11:12:33,877 [INFO] PluginManage:359 - Loaded plugin analytics (category:tool,tabindex:-1)
2025-05-10 11:12:33,877 [INFO] PluginManage:310 - Check plugin cadmodel
2025-05-10 11:12:33,906 [INFO] CADModel:105 - Init CAD model plugin
2025-05-10 11:12:33,906 [INFO] PluginManage:359 - Loaded plugin cadmodel (category:power,tabindex:5)
2025-05-10 11:12:33,907 [INFO] PluginManage:310 - Check plugin clock
2025-05-10 11:12:33,947 [INFO] PluginManage:359 - Loaded plugin clock (category:base,tabindex:2)
2025-05-10 11:12:33,947 [INFO] PluginManage:310 - Check plugin ddr
2025-05-10 11:12:33,951 [INFO] PluginManage:359 - Loaded plugin ddr (category:tool,tabindex:6)
2025-05-10 11:12:33,951 [INFO] PluginManage:310 - Check plugin filemanager
2025-05-10 11:12:34,152 [INFO] PluginManage:359 - Loaded plugin filemanager (category:base,tabindex:10)
2025-05-10 11:12:34,152 [INFO] PluginManage:310 - Check plugin ipmanager
2025-05-10 11:12:34,163 [INFO] PluginManage:359 - Loaded plugin ipmanager (category:base,tabindex:5)
2025-05-10 11:12:34,163 [INFO] PluginManage:310 - Check plugin lpbam
2025-05-10 11:12:34,189 [INFO] PluginManage:359 - Loaded plugin lpbam (category:base,tabindex:0)
2025-05-10 11:12:34,189 [INFO] PluginManage:310 - Check plugin memorymap
2025-05-10 11:12:34,222 [INFO] PluginManage:359 - Loaded plugin memorymap (category:base,tabindex:4)
2025-05-10 11:12:34,223 [INFO] PluginManage:310 - Check plugin pinoutandconfiguration
2025-05-10 11:12:34,248 [INFO] PluginManage:359 - Loaded plugin pinoutandconfiguration (category:base,tabindex:1)
2025-05-10 11:12:34,248 [INFO] PluginManage:310 - Check plugin pinoutconfig
2025-05-10 11:12:34,372 [WARN] SupportedApi:132 - Cannot load RTOS API schema: s4s-elt-must-match.1: The content of 'definitions' must match (annotation?, (simpleType | complexType)?, (unique | key | keyref)*)). A problem was found starting at: attribute.
2025-05-10 11:12:34,525 [INFO] PluginManage:359 - Loaded plugin pinoutconfig (category:base,tabindex:0)
2025-05-10 11:12:34,525 [INFO] PluginManage:310 - Check plugin power
2025-05-10 11:12:34,551 [INFO] PluginManage:359 - Loaded plugin power (category:power,tabindex:4)
2025-05-10 11:12:34,551 [INFO] PluginManage:310 - Check plugin projectmanager
2025-05-10 11:12:34,570 [INFO] PluginManage:359 - Loaded plugin projectmanager (category:projectmanager,tabindex:4)
2025-05-10 11:12:34,570 [INFO] PluginManage:310 - Check plugin rif
2025-05-10 11:12:34,598 [INFO] PluginManage:359 - Loaded plugin rif (category:base,tabindex:3)
2025-05-10 11:12:34,598 [INFO] PluginManage:310 - Check plugin thirdparty
2025-05-10 11:12:34,966 [INFO] PluginManage:359 - Loaded plugin thirdparty (category:base,tabindex:-1)
2025-05-10 11:12:34,967 [INFO] PluginManage:310 - Check plugin tools
2025-05-10 11:12:34,966 [WARN] IntegrityCheckThread:84 - waiting for thirdparty lock release [integrity check]
2025-05-10 11:12:34,967 [INFO] IntegrityCheckThread:86 - entering critical section [integrity check]
2025-05-10 11:12:34,968 [INFO] ThirdPartyUpdaterWithRetryManager:70 - Updater plugin not ready yet. [1/15]
2025-05-10 11:12:35,037 [INFO] PluginManage:359 - Loaded plugin tools (category:base,tabindex:7)
2025-05-10 11:12:35,037 [INFO] PluginManage:310 - Check plugin tutovideos
2025-05-10 11:12:35,291 [INFO] PluginManage:359 - Loaded plugin tutovideos (category:base,tabindex:-1)
2025-05-10 11:12:35,291 [INFO] PluginManage:310 - Check plugin updater
2025-05-10 11:12:35,320 [INFO] PluginManage:359 - Loaded plugin updater (category:base,tabindex:12)
2025-05-10 11:12:35,320 [INFO] PluginManage:310 - Check plugin userauth
2025-05-10 11:12:35,326 [INFO] UserAuth:118 - Init User Auth plugin
2025-05-10 11:12:35,327 [INFO] PluginManage:359 - Loaded plugin userauth (category:base,tabindex:14)
2025-05-10 11:12:35,327 [INFO] PluginManage:283 - PluginManage : Loaded plugins [18]
2025-05-10 11:12:35,614 [INFO] PinOutPanel:1589 - setPackage(No Configuration,No Configuration)
2025-05-10 11:12:35,750 [INFO] CADModel:165 - CPN selected for project level
2025-05-10 11:12:35,751 [INFO] CADModel:114 - Register for checkConnection events
2025-05-10 11:12:35,797 [INFO] IPUIPlugin:80 - create IPUIPlugin
2025-05-10 11:12:35,797 [INFO] PluginManager:220 - loadIPPluginJar : add adc
2025-05-10 11:12:35,884 [INFO] IPUIPlugin:80 - create IPUIPlugin
2025-05-10 11:12:35,884 [INFO] PluginManager:220 - loadIPPluginJar : add aes
2025-05-10 11:12:35,957 [INFO] IPUIPlugin:80 - create IPUIPlugin
2025-05-10 11:12:35,958 [INFO] PluginManager:220 - loadIPPluginJar : add can
2025-05-10 11:12:36,008 [INFO] IPUIPlugin:80 - create IPUIPlugin
2025-05-10 11:12:36,009 [INFO] PluginManager:220 - loadIPPluginJar : add comp
2025-05-10 11:12:36,075 [INFO] IPUIPlugin:80 - create IPUIPlugin
2025-05-10 11:12:36,076 [INFO] PluginManager:220 - loadIPPluginJar : add cryp
2025-05-10 11:12:36,100 [INFO] IPUIPlugin:80 - create IPUIPlugin
2025-05-10 11:12:36,100 [INFO] PluginManager:220 - loadIPPluginJar : add ddr_ctrl_phy
2025-05-10 11:12:36,154 [INFO] IPUIPlugin:80 - create IPUIPlugin
2025-05-10 11:12:36,154 [INFO] PluginManager:220 - loadIPPluginJar : add dfsdm
2025-05-10 11:12:36,180 [INFO] IPUIPlugin:80 - create IPUIPlugin
2025-05-10 11:12:36,181 [INFO] PluginManager:220 - loadIPPluginJar : add dma
2025-05-10 11:12:36,249 [INFO] IPUIPlugin:80 - create IPUIPlugin
2025-05-10 11:12:36,249 [INFO] PluginManager:220 - loadIPPluginJar : add dma3
2025-05-10 11:12:36,344 [INFO] IPUIPlugin:80 - create IPUIPlugin
2025-05-10 11:12:36,345 [INFO] PluginManager:220 - loadIPPluginJar : add extmemmanager
2025-05-10 11:12:36,390 [INFO] IPUIPlugin:80 - create IPUIPlugin
2025-05-10 11:12:36,390 [INFO] PluginManager:220 - loadIPPluginJar : add fatfs
2025-05-10 11:12:36,497 [INFO] IPUIPlugin:80 - create IPUIPlugin
2025-05-10 11:12:36,497 [INFO] PluginManager:220 - loadIPPluginJar : add fmc
2025-05-10 11:12:36,525 [INFO] IPUIPlugin:80 - create IPUIPlugin
2025-05-10 11:12:36,525 [INFO] PluginManager:220 - loadIPPluginJar : add freertos
2025-05-10 11:12:36,574 [INFO] IPUIPlugin:80 - create IPUIPlugin
2025-05-10 11:12:36,574 [INFO] PluginManager:220 - loadIPPluginJar : add genericplugin
2025-05-10 11:12:36,804 [INFO] IPUIPlugin:80 - create IPUIPlugin
2025-05-10 11:12:36,804 [INFO] PluginManager:220 - loadIPPluginJar : add gfxmmu
2025-05-10 11:12:37,127 [INFO] IPUIPlugin:80 - create IPUIPlugin
2025-05-10 11:12:37,127 [INFO] PluginManager:220 - loadIPPluginJar : add gic
2025-05-10 11:12:37,146 [INFO] IPUIPlugin:80 - create IPUIPlugin
2025-05-10 11:12:37,146 [INFO] PluginManager:220 - loadIPPluginJar : add gpio
2025-05-10 11:12:37,357 [INFO] IPUIPlugin:80 - create IPUIPlugin
2025-05-10 11:12:37,357 [INFO] PluginManager:220 - loadIPPluginJar : add gtzc
2025-05-10 11:12:37,430 [INFO] IPUIPlugin:80 - create IPUIPlugin
2025-05-10 11:12:37,430 [INFO] PluginManager:220 - loadIPPluginJar : add hash
2025-05-10 11:12:37,557 [INFO] IPUIPlugin:80 - create IPUIPlugin
2025-05-10 11:12:37,557 [INFO] PluginManager:220 - loadIPPluginJar : add i2c
2025-05-10 11:12:37,653 [INFO] IPUIPlugin:80 - create IPUIPlugin
2025-05-10 11:12:37,653 [INFO] PluginManager:220 - loadIPPluginJar : add i2s
2025-05-10 11:12:37,747 [INFO] IPUIPlugin:80 - create IPUIPlugin
2025-05-10 11:12:37,747 [INFO] PluginManager:220 - loadIPPluginJar : add i3c
2025-05-10 11:12:37,974 [INFO] IPUIPlugin:80 - create IPUIPlugin
2025-05-10 11:12:37,974 [INFO] PluginManager:220 - loadIPPluginJar : add ipddr
2025-05-10 11:12:37,982 [INFO] ThirdPartyUpdaterWithRetryManager:70 - Updater plugin not ready yet. [2/15]
2025-05-10 11:12:38,164 [INFO] IPUIPlugin:80 - create IPUIPlugin
2025-05-10 11:12:38,164 [INFO] PluginManager:220 - loadIPPluginJar : add linkedlist
2025-05-10 11:12:38,245 [INFO] IPUIPlugin:80 - create IPUIPlugin
2025-05-10 11:12:38,246 [INFO] PluginManager:220 - loadIPPluginJar : add lorawan
2025-05-10 11:12:38,316 [INFO] IPUIPlugin:80 - create IPUIPlugin
2025-05-10 11:12:38,316 [INFO] PluginManager:220 - loadIPPluginJar : add ltdc
2025-05-10 11:12:38,340 [INFO] IPUIPlugin:80 - create IPUIPlugin
2025-05-10 11:12:38,340 [INFO] PluginManager:220 - loadIPPluginJar : add mdma
2025-05-10 11:12:38,364 [INFO] IPUIPlugin:80 - create IPUIPlugin
2025-05-10 11:12:38,365 [INFO] PluginManager:220 - loadIPPluginJar : add nvic
2025-05-10 11:12:38,431 [INFO] IPUIPlugin:80 - create IPUIPlugin
2025-05-10 11:12:38,431 [INFO] PluginManager:220 - loadIPPluginJar : add opamp
2025-05-10 11:12:38,547 [INFO] IPUIPlugin:80 - create IPUIPlugin
2025-05-10 11:12:38,547 [INFO] PluginManager:220 - loadIPPluginJar : add openamp
2025-05-10 11:12:38,643 [INFO] IPUIPlugin:80 - create IPUIPlugin
2025-05-10 11:12:38,643 [INFO] PluginManager:220 - loadIPPluginJar : add pdm2pcm
2025-05-10 11:12:38,673 [INFO] IPUIPlugin:80 - create IPUIPlugin
2025-05-10 11:12:38,677 [INFO] PluginManager:220 - loadIPPluginJar : add plateformsettings
2025-05-10 11:12:38,742 [INFO] IPUIPlugin:80 - create IPUIPlugin
2025-05-10 11:12:38,743 [INFO] PluginManager:220 - loadIPPluginJar : add quadspi
2025-05-10 11:12:38,809 [INFO] IPUIPlugin:80 - create IPUIPlugin
2025-05-10 11:12:38,810 [INFO] PluginManager:220 - loadIPPluginJar : add radio
2025-05-10 11:12:38,848 [INFO] IPUIPlugin:80 - create IPUIPlugin
2025-05-10 11:12:38,848 [INFO] PluginManager:220 - loadIPPluginJar : add resmgrutility
2025-05-10 11:12:38,957 [INFO] IPUIPlugin:80 - create IPUIPlugin
2025-05-10 11:12:38,957 [INFO] PluginManager:220 - loadIPPluginJar : add sai
2025-05-10 11:12:39,042 [INFO] IPUIPlugin:80 - create IPUIPlugin
2025-05-10 11:12:39,042 [INFO] PluginManager:220 - loadIPPluginJar : add spi
2025-05-10 11:12:39,176 [INFO] IPUIPlugin:80 - create IPUIPlugin
2025-05-10 11:12:39,177 [INFO] PluginManager:220 - loadIPPluginJar : add stm32_wpan
2025-05-10 11:12:39,222 [INFO] IPUIPlugin:80 - create IPUIPlugin
2025-05-10 11:12:39,222 [INFO] PluginManager:220 - loadIPPluginJar : add tim
2025-05-10 11:12:39,336 [INFO] IPUIPlugin:80 - create IPUIPlugin
2025-05-10 11:12:39,336 [INFO] PluginManager:220 - loadIPPluginJar : add touchsensing
2025-05-10 11:12:39,377 [INFO] IPUIPlugin:80 - create IPUIPlugin
2025-05-10 11:12:39,377 [INFO] PluginManager:220 - loadIPPluginJar : add tracer_emb
2025-05-10 11:12:39,418 [INFO] IPUIPlugin:80 - create IPUIPlugin
2025-05-10 11:12:39,419 [INFO] PluginManager:220 - loadIPPluginJar : add ts
2025-05-10 11:12:39,459 [INFO] IPUIPlugin:80 - create IPUIPlugin
2025-05-10 11:12:39,459 [INFO] PluginManager:220 - loadIPPluginJar : add tsc
2025-05-10 11:12:39,507 [INFO] IPUIPlugin:80 - create IPUIPlugin
2025-05-10 11:12:39,507 [INFO] PluginManager:220 - loadIPPluginJar : add ucpd
2025-05-10 11:12:39,604 [INFO] IPUIPlugin:80 - create IPUIPlugin
2025-05-10 11:12:39,604 [INFO] PluginManager:220 - loadIPPluginJar : add usart
2025-05-10 11:12:39,677 [INFO] IPUIPlugin:80 - create IPUIPlugin
2025-05-10 11:12:39,677 [INFO] PluginManager:220 - loadIPPluginJar : add usbx
2025-05-10 11:12:39,823 [FATAL] Updater:351 - Updater called before beeing initialized
2025-05-10 11:12:39,867 [INFO] RulesReader:64 - Compatibility file has been processed (297 Rules)
2025-05-10 11:12:39,884 [INFO] RulesReader:64 - Compatibility file has been processed (297 Rules)
2025-05-10 11:12:39,894 [INFO] CADModel:165 - CPN selected for project level
2025-05-10 11:12:39,894 [INFO] CADModel:114 - Register for checkConnection events
2025-05-10 11:12:39,894 [FATAL] Updater:351 - Updater called before beeing initialized
2025-05-10 11:12:39,894 [ERROR] CADModel:125 - Updater not yet initialized, retry later 
2025-05-10 11:12:40,100 [FATAL] Updater:351 - Updater called before beeing initialized
2025-05-10 11:12:40,102 [INFO] CADModel:165 - CPN selected for project level
2025-05-10 11:12:40,102 [INFO] CADModel:114 - Register for checkConnection events
2025-05-10 11:12:40,102 [FATAL] Updater:351 - Updater called before beeing initialized
2025-05-10 11:12:40,102 [ERROR] CADModel:125 - Updater not yet initialized, retry later 
2025-05-10 11:12:40,106 [FATAL] Updater:351 - Updater called before beeing initialized
2025-05-10 11:12:40,265 [FATAL] Updater:351 - Updater called before beeing initialized
2025-05-10 11:12:40,286 [INFO] DbMcusAds:53 - JSON generation date=Wed Dec 18 00:01:15 IRKT 2024 (1734451275196)
2025-05-10 11:12:40,287 [FATAL] Updater:351 - Updater called before beeing initialized
2025-05-10 11:12:40,428 [WARN] DetailPanel:346 - Failed to get advertising image, set to default
2025-05-10 11:12:40,826 [FATAL] Updater:351 - Updater called before beeing initialized
2025-05-10 11:12:40,829 [FATAL] Updater:351 - Updater called before beeing initialized
2025-05-10 11:12:40,829 [FATAL] Updater:351 - Updater called before beeing initialized
2025-05-10 11:12:40,829 [WARN] DetailPanel:346 - Failed to get advertising image, set to default
2025-05-10 11:12:40,830 [FATAL] Updater:351 - Updater called before beeing initialized
2025-05-10 11:12:40,913 [ERROR] Updater:1198 - MainUpdater not yet initialized. External WinMGr cannot be set.
2025-05-10 11:12:40,928 [INFO] Updater:1134 - Updater Version found : 6.13.0
2025-05-10 11:12:40,943 [INFO] ApplicationProperties:184 - Using Application install path: D:\STM32CubeIDE_1.17.0\STM32CubeIDE\plugins\com.st.stm32cube.common.mx_6.13.0.202411220809
2025-05-10 11:12:40,989 [INFO] ThirdPartyUpdaterWithRetryManager:70 - Updater plugin not ready yet. [3/15]
2025-05-10 11:12:42,565 [ERROR] LogOutputStream:75 - [STDERR_REDIRECT] May 10, 2025 11:12:42 AM java.util.prefs.WindowsPreferences <init>
2025-05-10 11:12:42,570 [ERROR] LogOutputStream:75 - [STDERR_REDIRECT] WARNING: Could not open/create prefs root node Software\JavaSoft\Prefs at root 0xffffffff80000002. Windows RegCreateKeyEx(...) returned error code 5.
2025-05-10 11:12:42,571 [ERROR] LogOutputStream:75 - [STDERR_REDIRECT] 
2025-05-10 11:12:43,282 [ERROR] CheckConnectionManager:249 - Problem, Http access forbiden
2025-05-10 11:12:43,286 [INFO] MainUpdater:2872 - connection check result : 22
2025-05-10 11:12:43,288 [INFO] MainUpdater:289 - Updater Check For Update Now.
2025-05-10 11:12:43,288 [INFO] MicroXplorer:498 - Change Database Version : DB.6.0.130
2025-05-10 11:12:43,315 [INFO] McuFinderGlobals:63 - Set McuFinder mode to 2 (CubeIDE integrated)
2025-05-10 11:12:43,327 [INFO] UserAuth:486 - Internet connection configuration mode: 2
2025-05-10 11:12:43,332 [INFO] UserAuth:486 - Internet connection configuration mode: 2
2025-05-10 11:12:43,593 [INFO] CheckServerUpdateThread:120 - End of CheckServer Thread
2025-05-10 11:12:44,274 [WARN] PackLoader:240 - Cannot read IP mode file for STMicroelectronics.FP-SNS-MOTENVWB1.1.4.0
2025-05-10 11:12:44,300 [WARN] PackLoader:240 - Cannot read IP mode file for STMicroelectronics.FP-ATR-ASTRA1.2.0.2
2025-05-10 11:12:44,318 [WARN] PackLoader:240 - Cannot read IP mode file for STMicroelectronics.FP-ATR-ASTRA1.2.0.1
2025-05-10 11:12:44,335 [WARN] PackLoader:240 - Cannot read IP mode file for STMicroelectronics.X-CUBE-SMBUS.2.1.0
2025-05-10 11:12:44,356 [WARN] PackLoader:240 - Cannot read IP mode file for STMicroelectronics.X-CUBE-WB05N.1.1.0
2025-05-10 11:12:44,419 [WARN] PackLoader:240 - Cannot read IP mode file for STMicroelectronics.X-CUBE-AZRTOS-F7.1.1.0
2025-05-10 11:12:44,555 [WARN] PackLoader:240 - Cannot read IP mode file for STMicroelectronics.X-CUBE-MEMS1.11.0.0
2025-05-10 11:12:44,798 [WARN] PackLoader:240 - Cannot read IP mode file for STMicroelectronics.FP-SNS-FLIGHT1.5.0.2
2025-05-10 11:12:44,850 [WARN] PackLoader:240 - Cannot read IP mode file for Infineon.AIROC-Wi-Fi-Bluetooth-STM32.1.7.0
2025-05-10 11:12:44,890 [WARN] PackLoader:240 - Cannot read IP mode file for STMicroelectronics.X-CUBE-DISPLAY.3.0.0
2025-05-10 11:12:44,917 [WARN] PackLoader:240 - Cannot read IP mode file for STMicroelectronics.X-CUBE-BLE1.7.0.0
2025-05-10 11:12:44,940 [WARN] PackLoader:240 - Cannot read IP mode file for STMicroelectronics.X-CUBE-NFC10.1.0.0
2025-05-10 11:12:44,966 [WARN] PackLoader:240 - Cannot read IP mode file for STMicroelectronics.X-CUBE-BLEMGR.4.0.0
2025-05-10 11:12:44,995 [WARN] PackLoader:240 - Cannot read IP mode file for emotas.I-CUBE-CANOPEN.1.3.0
2025-05-10 11:12:45,014 [WARN] PackLoader:240 - Cannot read IP mode file for STMicroelectronics.X-CUBE-AI.10.0.0
2025-05-10 11:12:45,035 [WARN] PackLoader:240 - Cannot read IP mode file for STMicroelectronics.FP-SNS-SMARTAG2.1.2.0
2025-05-10 11:12:45,057 [WARN] PackLoader:240 - Cannot read IP mode file for STMicroelectronics.FP-SNS-FLIGHT1.5.1.0
2025-05-10 11:12:45,161 [WARN] PackLoader:240 - Cannot read IP mode file for STMicroelectronics.X-CUBE-MEMS1.11.1.0
2025-05-10 11:12:45,375 [INFO] LogOutputStream:77 - [STDOUT_REDIRECT] 1 : Invalid condition id : UX_CORESTACK_Condition cause : null
2025-05-10 11:12:45,376 [INFO] LogOutputStream:77 - [STDOUT_REDIRECT] 1 : Invalid condition id : UX_CORESTACK_Condition cause : null
2025-05-10 11:12:45,378 [INFO] LogOutputStream:77 - [STDOUT_REDIRECT] 1 : Invalid condition id : UX_CORESTACK_Condition cause : null
2025-05-10 11:12:45,380 [INFO] LogOutputStream:77 - [STDOUT_REDIRECT] 1 : Invalid condition id : UX_CORESTACK_Condition cause : null
2025-05-10 11:12:45,382 [INFO] LogOutputStream:77 - [STDOUT_REDIRECT] 1 : Invalid condition id : UX_CORESTACK_Condition cause : null
2025-05-10 11:12:45,387 [WARN] PackLoader:240 - Cannot read IP mode file for STMicroelectronics.X-CUBE-AZRTOS-WL.2.0.0
2025-05-10 11:12:45,408 [WARN] PackLoader:240 - Cannot read IP mode file for STMicroelectronics.FP-SNS-MOTENV1.5.0.0
2025-05-10 11:12:45,427 [WARN] PackLoader:240 - Cannot read IP mode file for wolfSSL.I-CUBE-wolfMQTT.1.19.0
2025-05-10 11:12:45,450 [WARN] PackLoader:240 - Cannot read IP mode file for WES.I-CUBE-Cesium.1.3.0
2025-05-10 11:12:45,471 [WARN] PackLoader:240 - Cannot read IP mode file for STMicroelectronics.X-CUBE-BLE2.3.3.0
2025-05-10 11:12:45,495 [WARN] PackLoader:240 - Cannot read IP mode file for STMicroelectronics.X-CUBE-NFC9.1.0.0
2025-05-10 11:12:45,517 [WARN] PackLoader:240 - Cannot read IP mode file for STMicroelectronics.X-CUBE-BLE1.7.1.0
2025-05-10 11:12:45,542 [WARN] PackLoader:240 - Cannot read IP mode file for STMicroelectronics.X-CUBE-TCPP.4.1.0
2025-05-10 11:12:45,630 [WARN] PackLoader:240 - Cannot read IP mode file for STMicroelectronics.X-CUBE-MEMS1.11.2.0
2025-05-10 11:12:45,800 [WARN] PackLoader:240 - Cannot read IP mode file for STMicroelectronics.X-CUBE-AZRTOS-G0.1.1.0
2025-05-10 11:12:45,825 [WARN] PackLoader:240 - Cannot read IP mode file for STMicroelectronics.X-CUBE-SAFEA1.1.2.2
2025-05-10 11:12:45,851 [WARN] PackLoader:240 - Cannot read IP mode file for STMicroelectronics.X-CUBE-NFC4.3.0.0
2025-05-10 11:12:45,879 [WARN] PackLoader:240 - Cannot read IP mode file for EmbeddedOffice.I-CUBE-FS-RTOS.1.0.1
2025-05-10 11:12:46,041 [WARN] PackLoader:240 - Cannot read IP mode file for STMicroelectronics.X-CUBE-WB05N.2.0.0
2025-05-10 11:12:46,063 [WARN] PackLoader:240 - Cannot read IP mode file for STMicroelectronics.X-CUBE-TCPP.4.2.0
2025-05-10 11:12:46,086 [WARN] PackLoader:240 - Cannot read IP mode file for RealThread.X-CUBE-RT-Thread_Nano.4.1.1
2025-05-10 11:12:46,104 [WARN] PackLoader:240 - Cannot read IP mode file for STMicroelectronics.FP-ATR-SIGFOX1.3.2.0
2025-05-10 11:12:46,124 [WARN] PackLoader:240 - Cannot read IP mode file for wolfSSL.I-CUBE-wolfSSL.5.7.2
2025-05-10 11:12:46,227 [WARN] ConditionMgr:438 - getConditionDescription Invalid condition id : Cortex-A Device cause : null
2025-05-10 11:12:46,254 [WARN] ConditionMgr:1044 - genDependencies : Invalid condition id : Cortex-A Device cause : null
2025-05-10 11:12:46,254 [WARN] ConditionMgr:1044 - genDependencies : Invalid condition id : Cortex-A Device cause : null
2025-05-10 11:12:46,254 [WARN] ConditionMgr:1044 - genDependencies : Invalid condition id : Cortex-A Device cause : null
2025-05-10 11:12:46,271 [WARN] PackLoader:240 - Cannot read IP mode file for STMicroelectronics.X-CUBE-EEPRMA1.5.1.0
2025-05-10 11:12:46,293 [WARN] PackLoader:240 - Cannot read IP mode file for wolfSSL.I-CUBE-wolfSSL.5.7.4
2025-05-10 11:12:46,387 [WARN] PackLoader:240 - Cannot read IP mode file for ITTIA_DB.I-CUBE-ITTIADB.8.9.0
2025-05-10 11:12:46,448 [WARN] PackLoader:240 - Cannot read IP mode file for SEGGER.I-CUBE-embOS.1.3.1
2025-05-10 11:12:46,504 [WARN] PackLoader:240 - Cannot read IP mode file for STMicroelectronics.X-CUBE-ALGOBUILD.1.4.0
2025-05-10 11:12:46,526 [WARN] PackLoader:240 - Cannot read IP mode file for STMicroelectronics.X-CUBE-AI.9.1.0
2025-05-10 11:12:46,568 [WARN] PackLoader:240 - Cannot read IP mode file for STMicroelectronics.X-CUBE-AZRTOS-F4.1.1.0
2025-05-10 11:12:46,592 [WARN] PackLoader:240 - Cannot read IP mode file for Avnet-IotConnect.X-CUBE-IoTC-DA16k-PMOD.1.0.0
2025-05-10 11:12:46,614 [WARN] PackLoader:240 - Cannot read IP mode file for STMicroelectronics.X-CUBE-ISPU.2.1.0
2025-05-10 11:12:46,638 [WARN] PackLoader:240 - Cannot read IP mode file for STMicroelectronics.X-CUBE-FREERTOS.1.2.0
2025-05-10 11:12:46,684 [WARN] PackLoader:240 - Cannot read IP mode file for STMicroelectronics.X-CUBE-AZRTOS-L5.2.0.0
2025-05-10 11:12:46,711 [WARN] PackLoader:240 - Cannot read IP mode file for STMicroelectronics.X-CUBE-NFC6.3.1.0
2025-05-10 11:12:46,738 [WARN] PackLoader:240 - Cannot read IP mode file for STMicroelectronics.X-CUBE-DPower.1.2.0
2025-05-10 11:12:46,754 [WARN] PackLoader:240 - Cannot read IP mode file for STMicroelectronics.X-CUBE-FREERTOS.1.3.1
2025-05-10 11:12:46,774 [WARN] PackLoader:240 - Cannot read IP mode file for STMicroelectronics.X-CUBE-FREERTOS.1.3.0
2025-05-10 11:12:46,791 [WARN] PackLoader:240 - Cannot read IP mode file for STMicroelectronics.X-CUBE-NFC7.1.0.1
2025-05-10 11:12:46,809 [WARN] PackLoader:240 - Cannot read IP mode file for STMicroelectronics.X-CUBE-DPower.1.3.0
2025-05-10 11:12:46,856 [WARN] ConditionMgr:438 - getConditionDescription Invalid condition id : LAN8742 Phy interface Condition cause : null
2025-05-10 11:12:46,857 [WARN] PackLoader:240 - Cannot read IP mode file for STMicroelectronics.X-CUBE-AZRTOS-L4.2.0.0
2025-05-10 11:12:46,859 [WARN] ConditionMgr:1044 - genDependencies : Invalid condition id : LAN8742 Phy interface Condition cause : null
2025-05-10 11:12:46,859 [WARN] ConditionMgr:1044 - genDependencies : Invalid condition id : LAN8742 Phy interface Condition cause : null
2025-05-10 11:12:46,860 [WARN] ConditionMgr:1044 - genDependencies : Invalid condition id : LAN8742 Phy interface Condition cause : null
2025-05-10 11:12:46,885 [WARN] PackLoader:240 - Cannot read IP mode file for STMicroelectronics.X-CUBE-SFXS2LP1.4.0.0
2025-05-10 11:12:46,938 [WARN] PackLoader:240 - Cannot read IP mode file for STMicroelectronics.X-CUBE-AZRTOS-H7.3.3.0
2025-05-10 11:12:46,969 [WARN] PackLoader:240 - Cannot read IP mode file for STMicroelectronics.X-CUBE-IPS.3.0.0
2025-05-10 11:12:47,009 [WARN] ConditionMgr:438 - getConditionDescription Invalid condition id : UX DEVICE CLASS RTOS Condition cause : null
2025-05-10 11:12:47,009 [WARN] ConditionMgr:438 - getConditionDescription Invalid condition id : UX DEVICE CLASS RTOS Condition cause : null
2025-05-10 11:12:47,012 [WARN] PackLoader:240 - Cannot read IP mode file for STMicroelectronics.X-CUBE-AZRTOS-WB.2.0.0
2025-05-10 11:12:47,013 [WARN] ConditionMgr:1044 - genDependencies : Invalid condition id : UX DEVICE CLASS RTOS Condition cause : null
2025-05-10 11:12:47,013 [WARN] ConditionMgr:1044 - genDependencies : Invalid condition id : UX DEVICE CLASS RTOS Condition cause : null
2025-05-10 11:12:47,014 [WARN] ConditionMgr:1044 - genDependencies : Invalid condition id : UX DEVICE CLASS RTOS Condition cause : null
2025-05-10 11:12:47,014 [WARN] ConditionMgr:1044 - genDependencies : Invalid condition id : UX DEVICE CLASS RTOS Condition cause : null
2025-05-10 11:12:47,014 [WARN] ConditionMgr:1044 - genDependencies : Invalid condition id : UX DEVICE CLASS RTOS Condition cause : null
2025-05-10 11:12:47,038 [WARN] PackLoader:240 - Cannot read IP mode file for STMicroelectronics.X-CUBE-GNSS1.7.0.0
2025-05-10 11:12:47,061 [WARN] PackLoader:240 - Cannot read IP mode file for STMicroelectronics.X-CUBE-GNSS1.7.0.1
2025-05-10 11:12:47,083 [WARN] PackLoader:240 - Cannot read IP mode file for STMicroelectronics.X-CUBE-TOUCHGFX.4.25.0
2025-05-10 11:12:47,106 [WARN] PackLoader:240 - Cannot read IP mode file for STMicroelectronics.FP-SNS-STBOX1.2.0.0
2025-05-10 11:12:47,135 [WARN] PackLoader:240 - Cannot read IP mode file for STMicroelectronics.X-CUBE-SUBG2.5.0.0
2025-05-10 11:12:47,183 [WARN] PackLoader:240 - Cannot read IP mode file for STMicroelectronics.X-CUBE-AZRTOS-H7RS.1.1.0
2025-05-10 11:12:47,203 [WARN] PackLoader:240 - Cannot read IP mode file for Cesanta.I-CUBE-Mongoose.7.13.0
2025-05-10 11:12:47,242 [WARN] PackLoader:240 - Cannot read IP mode file for STMicroelectronics.X-CUBE-AZRTOS-G4.2.0.0
2025-05-10 11:12:47,262 [WARN] PackLoader:240 - Cannot read IP mode file for wolfSSL.I-CUBE-wolfSSL.4.6.0
2025-05-10 11:12:47,368 [WARN] PackLoader:240 - Cannot read IP mode file for STMicroelectronics.X-CUBE-NFC7.2.0.0
2025-05-10 11:12:47,405 [WARN] PackLoader:240 - Cannot read IP mode file for STMicroelectronics.X-CUBE-IPS.3.1.0
2025-05-10 11:12:47,449 [WARN] PackLoader:240 - Cannot read IP mode file for STMicroelectronics.X-CUBE-ALS.1.0.2
2025-05-10 11:12:47,468 [WARN] PackLoader:240 - Cannot read IP mode file for STMicroelectronics.X-CUBE-TOUCHGFX.4.24.2
2025-05-10 11:12:47,487 [WARN] PackLoader:240 - Cannot read IP mode file for STMicroelectronics.X-CUBE-TOUCHGFX.4.24.1
2025-05-10 11:12:47,507 [WARN] PackLoader:240 - Cannot read IP mode file for wolfSSL.I-CUBE-wolfTPM.3.4.0
2025-05-10 11:12:47,586 [WARN] PackLoader:240 - Cannot read IP mode file for portGmbH.I-Cube-SoM-uGOAL.1.1.0
2025-05-10 11:12:47,630 [WARN] PackLoader:240 - Cannot read IP mode file for STMicroelectronics.X-CUBE-AZRTOS-H7RS.1.0.0
2025-05-10 11:12:47,664 [WARN] PackLoader:240 - Cannot read IP mode file for STMicroelectronics.X-CUBE-TOF1.3.4.2
2025-05-10 11:12:47,711 [WARN] PackLoader:240 - Cannot read IP mode file for STMicroelectronics.X-CUBE-TOF1.3.4.3
2025-05-10 11:12:47,744 [WARN] PackLoader:240 - Cannot read IP mode file for wolfSSL.I-CUBE-wolfSSH.1.4.17
2025-05-10 11:12:47,800 [INFO] ThirdParty:978 - Integrity check success = true
2025-05-10 11:12:47,800 [INFO] IntegrityCheckThread:100 - exiting critical section [integrity check]
2025-05-10 11:12:47,800 [INFO] IntegrityCheckThread:103 - End integrity checks thread
2025-05-10 16:44:21,965 [ERROR] LogOutputStream:75 - [STDERR_REDIRECT] 
2025-05-10 16:46:21,950 [INFO] Activator:176 - 


2025-05-10 16:46:21,954 [INFO] Activator:177 - !SESSION log4j initialized
2025-05-10 16:46:33,118 [INFO] LogOutputStream:77 - [STDOUT_REDIRECT] 
2025-05-10 16:46:46,200 [INFO] ApplicationProperties:184 - Using Application install path: D:\STM32CubeIDE_1.17.0\STM32CubeIDE\plugins\com.st.stm32cube.common.mx_6.13.0.202411220809
2025-05-10 16:46:46,227 [INFO] DbMcusXml:78 - Set database path to: D:\STM32CubeIDE_1.17.0\STM32CubeIDE\plugins\com.st.stm32cube.common.mx_6.13.0.202411220809\\db\/mcu/
2025-05-10 16:46:46,228 [INFO] ApiDb:274 - Set plugin database path to: D:\STM32CubeIDE_1.17.0\STM32CubeIDE\plugins\com.st.stm32cube.common.mx_6.13.0.202411220809\\db\/plugins/boardmanager/
2025-05-10 16:46:46,228 [WARN] ApiDb:259 - Overriding images path with different value:  => D:\STM32CubeIDE_1.17.0\STM32CubeIDE\plugins\com.st.stm32cube.common.mx_6.13.0.202411220809\\db\/plugins/mcufinder/images/
2025-05-10 16:46:46,240 [INFO] ApiDb:250 - Set database path to: C:\Users\user\.stmcufinder\plugins\mcufinder//mcu/
2025-05-10 16:46:46,241 [INFO] DbMcusAds:125 - Set database path to: C:\Users\user\.stmcufinder\plugins\mcufinder//mcu/
2025-05-10 16:46:46,245 [INFO] CrossReferenceDbSqlite:203 - Set database path to: C:\Users\user\.stmcufinder\plugins\mcufinder//mcu/cs/
2025-05-10 16:46:46,422 [INFO] RulesReader:64 - Compatibility file has been processed (297 Rules)
2025-05-10 16:46:46,529 [INFO] DbMcusXml:78 - Set database path to: D:\STM32CubeIDE_1.17.0\STM32CubeIDE\plugins\com.st.stm32cube.common.mx_6.13.0.202411220809\\db\/mcu/
2025-05-10 16:46:46,530 [INFO] ApiDb:274 - Set plugin database path to: D:\STM32CubeIDE_1.17.0\STM32CubeIDE\plugins\com.st.stm32cube.common.mx_6.13.0.202411220809\\db\/plugins/boardmanager/
2025-05-10 16:46:46,530 [INFO] ApiDb:261 - Set plugin images path to: D:\STM32CubeIDE_1.17.0\STM32CubeIDE\plugins\com.st.stm32cube.common.mx_6.13.0.202411220809\\db\/plugins/mcufinder/images/
2025-05-10 16:46:46,530 [WARN] DbFile:41 - Overriding database path with different value: C:\Users\user\.stmcufinder\plugins\mcufinder/ => C:\Users\user\.stmcufinder\plugins\mcufinder
2025-05-10 16:46:46,530 [INFO] ApiDb:250 - Set database path to: C:\Users\user\.stmcufinder\plugins\mcufinder//mcu/
2025-05-10 16:46:46,530 [WARN] DbFile:41 - Overriding database path with different value: C:\Users\user\.stmcufinder\plugins\mcufinder/ => C:\Users\user\.stmcufinder\plugins\mcufinder
2025-05-10 16:46:46,530 [INFO] DbMcusAds:125 - Set database path to: C:\Users\user\.stmcufinder\plugins\mcufinder//mcu/
2025-05-10 16:46:46,530 [WARN] DbFile:41 - Overriding database path with different value: C:\Users\user\.stmcufinder\plugins\mcufinder/ => C:\Users\user\.stmcufinder\plugins\mcufinder
2025-05-10 16:46:46,532 [WARN] DbFile:41 - Overriding database path with different value: C:\Users\user\.stmcufinder\plugins\mcufinder/ => C:\Users\user\.stmcufinder\plugins\mcufinder
2025-05-10 16:46:46,532 [INFO] CrossReferenceDbSqlite:203 - Set database path to: C:\Users\user\.stmcufinder\plugins\mcufinder//mcu/cs/
2025-05-10 16:46:46,627 [INFO] MainPanel:272 - HeapMemory: 268435456
2025-05-10 16:46:46,766 [INFO] DbMcusXml:78 - Set database path to: D:\STM32CubeIDE_1.17.0\STM32CubeIDE\plugins\com.st.stm32cube.common.mx_6.13.0.202411220809\\db\/mcu/
2025-05-10 16:46:46,766 [INFO] ApiDb:274 - Set plugin database path to: D:\STM32CubeIDE_1.17.0\STM32CubeIDE\plugins\com.st.stm32cube.common.mx_6.13.0.202411220809\\db\/plugins/boardmanager/
2025-05-10 16:46:46,766 [INFO] ApiDb:261 - Set plugin images path to: D:\STM32CubeIDE_1.17.0\STM32CubeIDE\plugins\com.st.stm32cube.common.mx_6.13.0.202411220809\\db\/plugins/mcufinder/images/
2025-05-10 16:46:46,767 [WARN] DbFile:41 - Overriding database path with different value: C:\Users\user\.stmcufinder\plugins\mcufinder/ => C:\Users\user\.stmcufinder\plugins\mcufinder
2025-05-10 16:46:46,767 [INFO] ApiDb:250 - Set database path to: C:\Users\user\.stmcufinder\plugins\mcufinder//mcu/
2025-05-10 16:46:46,767 [WARN] DbFile:41 - Overriding database path with different value: C:\Users\user\.stmcufinder\plugins\mcufinder/ => C:\Users\user\.stmcufinder\plugins\mcufinder
2025-05-10 16:46:46,767 [INFO] DbMcusAds:125 - Set database path to: C:\Users\user\.stmcufinder\plugins\mcufinder//mcu/
2025-05-10 16:46:46,767 [WARN] DbFile:41 - Overriding database path with different value: C:\Users\user\.stmcufinder\plugins\mcufinder/ => C:\Users\user\.stmcufinder\plugins\mcufinder
2025-05-10 16:46:46,767 [WARN] DbFile:41 - Overriding database path with different value: C:\Users\user\.stmcufinder\plugins\mcufinder/ => C:\Users\user\.stmcufinder\plugins\mcufinder
2025-05-10 16:46:46,768 [INFO] CrossReferenceDbSqlite:203 - Set database path to: C:\Users\user\.stmcufinder\plugins\mcufinder//mcu/cs/
2025-05-10 16:46:46,791 [INFO] ApplicationProperties:184 - Using Application install path: D:\STM32CubeIDE_1.17.0\STM32CubeIDE\plugins\com.st.stm32cube.common.mx_6.13.0.202411220809
2025-05-10 16:46:46,794 [INFO] PluginManage:196 - Search for loadable plugins [exclusion list=, ]
2025-05-10 16:46:46,796 [INFO] PluginManage:310 - Check plugin analytics
2025-05-10 16:46:47,026 [INFO] AnalyticsPlugin:253 - Accepted Software Licenses: STM32CubeMX.6.13.0
2025-05-10 16:46:47,026 [INFO] AnalyticsPlugin:255 - Accepted CMSIS Pack Licenses: wolfSSL.I-CUBE-wolfSSH.1.4.17,wolfSSL.I-CUBE-wolfSSL.5.7.4,EmbeddedOffice.I-CUBE-FS-RTOS.1.0.1,wolfSSL.I-CUBE-wolfSSL.5.7.2,wolfSSL.I-CUBE-wolfSSL.4.6.0,wolfSSL.I-CUBE-wolfTPM.3.4.0
2025-05-10 16:46:47,026 [INFO] AnalyticsPlugin:257 - Accepted Firmware Licenses: FW.F4.1.28.0
2025-05-10 16:46:47,029 [INFO] PluginManage:359 - Loaded plugin analytics (category:tool,tabindex:-1)
2025-05-10 16:46:47,031 [INFO] PluginManage:310 - Check plugin cadmodel
2025-05-10 16:46:47,057 [INFO] CADModel:105 - Init CAD model plugin
2025-05-10 16:46:47,057 [INFO] PluginManage:359 - Loaded plugin cadmodel (category:power,tabindex:5)
2025-05-10 16:46:47,057 [INFO] PluginManage:310 - Check plugin clock
2025-05-10 16:46:47,084 [INFO] PluginManage:359 - Loaded plugin clock (category:base,tabindex:2)
2025-05-10 16:46:47,085 [INFO] PluginManage:310 - Check plugin ddr
2025-05-10 16:46:47,088 [INFO] PluginManage:359 - Loaded plugin ddr (category:tool,tabindex:6)
2025-05-10 16:46:47,088 [INFO] PluginManage:310 - Check plugin filemanager
2025-05-10 16:46:47,304 [INFO] PluginManage:359 - Loaded plugin filemanager (category:base,tabindex:10)
2025-05-10 16:46:47,304 [INFO] PluginManage:310 - Check plugin ipmanager
2025-05-10 16:46:47,313 [INFO] PluginManage:359 - Loaded plugin ipmanager (category:base,tabindex:5)
2025-05-10 16:46:47,313 [INFO] PluginManage:310 - Check plugin lpbam
2025-05-10 16:46:47,342 [INFO] PluginManage:359 - Loaded plugin lpbam (category:base,tabindex:0)
2025-05-10 16:46:47,342 [INFO] PluginManage:310 - Check plugin memorymap
2025-05-10 16:46:47,378 [INFO] PluginManage:359 - Loaded plugin memorymap (category:base,tabindex:4)
2025-05-10 16:46:47,378 [INFO] PluginManage:310 - Check plugin pinoutandconfiguration
2025-05-10 16:46:47,412 [INFO] PluginManage:359 - Loaded plugin pinoutandconfiguration (category:base,tabindex:1)
2025-05-10 16:46:47,412 [INFO] PluginManage:310 - Check plugin pinoutconfig
2025-05-10 16:46:47,564 [WARN] SupportedApi:132 - Cannot load RTOS API schema: s4s-elt-must-match.1: The content of 'definitions' must match (annotation?, (simpleType | complexType)?, (unique | key | keyref)*)). A problem was found starting at: attribute.
2025-05-10 16:46:47,743 [INFO] PluginManage:359 - Loaded plugin pinoutconfig (category:base,tabindex:0)
2025-05-10 16:46:47,743 [INFO] PluginManage:310 - Check plugin power
2025-05-10 16:46:47,778 [INFO] PluginManage:359 - Loaded plugin power (category:power,tabindex:4)
2025-05-10 16:46:47,779 [INFO] PluginManage:310 - Check plugin projectmanager
2025-05-10 16:46:47,797 [INFO] PluginManage:359 - Loaded plugin projectmanager (category:projectmanager,tabindex:4)
2025-05-10 16:46:47,798 [INFO] PluginManage:310 - Check plugin rif
2025-05-10 16:46:47,827 [INFO] PluginManage:359 - Loaded plugin rif (category:base,tabindex:3)
2025-05-10 16:46:47,827 [INFO] PluginManage:310 - Check plugin thirdparty
2025-05-10 16:46:48,144 [INFO] PluginManage:359 - Loaded plugin thirdparty (category:base,tabindex:-1)
2025-05-10 16:46:48,144 [INFO] PluginManage:310 - Check plugin tools
2025-05-10 16:46:48,144 [WARN] IntegrityCheckThread:84 - waiting for thirdparty lock release [integrity check]
2025-05-10 16:46:48,144 [INFO] IntegrityCheckThread:86 - entering critical section [integrity check]
2025-05-10 16:46:48,144 [INFO] ThirdPartyUpdaterWithRetryManager:70 - Updater plugin not ready yet. [1/15]
2025-05-10 16:46:48,147 [INFO] PluginManage:359 - Loaded plugin tools (category:base,tabindex:7)
2025-05-10 16:46:48,148 [INFO] PluginManage:310 - Check plugin tutovideos
2025-05-10 16:46:48,391 [INFO] PluginManage:359 - Loaded plugin tutovideos (category:base,tabindex:-1)
2025-05-10 16:46:48,393 [INFO] PluginManage:310 - Check plugin updater
2025-05-10 16:46:48,417 [INFO] PluginManage:359 - Loaded plugin updater (category:base,tabindex:12)
2025-05-10 16:46:48,417 [INFO] PluginManage:310 - Check plugin userauth
2025-05-10 16:46:48,424 [INFO] UserAuth:118 - Init User Auth plugin
2025-05-10 16:46:48,426 [INFO] PluginManage:359 - Loaded plugin userauth (category:base,tabindex:14)
2025-05-10 16:46:48,427 [INFO] PluginManage:283 - PluginManage : Loaded plugins [18]
2025-05-10 16:46:48,695 [INFO] PinOutPanel:1589 - setPackage(No Configuration,No Configuration)
2025-05-10 16:46:48,808 [INFO] CADModel:165 - CPN selected for project level
2025-05-10 16:46:48,808 [INFO] CADModel:114 - Register for checkConnection events
2025-05-10 16:46:48,847 [INFO] IPUIPlugin:80 - create IPUIPlugin
2025-05-10 16:46:48,848 [INFO] PluginManager:220 - loadIPPluginJar : add adc
2025-05-10 16:46:48,917 [INFO] IPUIPlugin:80 - create IPUIPlugin
2025-05-10 16:46:48,917 [INFO] PluginManager:220 - loadIPPluginJar : add aes
2025-05-10 16:46:48,991 [INFO] IPUIPlugin:80 - create IPUIPlugin
2025-05-10 16:46:48,991 [INFO] PluginManager:220 - loadIPPluginJar : add can
2025-05-10 16:46:49,033 [INFO] IPUIPlugin:80 - create IPUIPlugin
2025-05-10 16:46:49,034 [INFO] PluginManager:220 - loadIPPluginJar : add comp
2025-05-10 16:46:49,094 [INFO] IPUIPlugin:80 - create IPUIPlugin
2025-05-10 16:46:49,094 [INFO] PluginManager:220 - loadIPPluginJar : add cryp
2025-05-10 16:46:49,113 [INFO] IPUIPlugin:80 - create IPUIPlugin
2025-05-10 16:46:49,113 [INFO] PluginManager:220 - loadIPPluginJar : add ddr_ctrl_phy
2025-05-10 16:46:49,161 [INFO] IPUIPlugin:80 - create IPUIPlugin
2025-05-10 16:46:49,161 [INFO] PluginManager:220 - loadIPPluginJar : add dfsdm
2025-05-10 16:46:49,182 [INFO] IPUIPlugin:80 - create IPUIPlugin
2025-05-10 16:46:49,182 [INFO] PluginManager:220 - loadIPPluginJar : add dma
2025-05-10 16:46:49,244 [INFO] IPUIPlugin:80 - create IPUIPlugin
2025-05-10 16:46:49,246 [INFO] PluginManager:220 - loadIPPluginJar : add dma3
2025-05-10 16:46:49,317 [INFO] IPUIPlugin:80 - create IPUIPlugin
2025-05-10 16:46:49,317 [INFO] PluginManager:220 - loadIPPluginJar : add extmemmanager
2025-05-10 16:46:49,351 [INFO] IPUIPlugin:80 - create IPUIPlugin
2025-05-10 16:46:49,352 [INFO] PluginManager:220 - loadIPPluginJar : add fatfs
2025-05-10 16:46:49,427 [INFO] IPUIPlugin:80 - create IPUIPlugin
2025-05-10 16:46:49,427 [INFO] PluginManager:220 - loadIPPluginJar : add fmc
2025-05-10 16:46:49,452 [INFO] IPUIPlugin:80 - create IPUIPlugin
2025-05-10 16:46:49,452 [INFO] PluginManager:220 - loadIPPluginJar : add freertos
2025-05-10 16:46:49,455 [INFO] IPUIPlugin:80 - create IPUIPlugin
2025-05-10 16:46:49,455 [INFO] PluginManager:220 - loadIPPluginJar : add genericplugin
2025-05-10 16:46:49,603 [INFO] IPUIPlugin:80 - create IPUIPlugin
2025-05-10 16:46:49,603 [INFO] PluginManager:220 - loadIPPluginJar : add gfxmmu
2025-05-10 16:46:49,820 [INFO] IPUIPlugin:80 - create IPUIPlugin
2025-05-10 16:46:49,821 [INFO] PluginManager:220 - loadIPPluginJar : add gic
2025-05-10 16:46:49,840 [INFO] IPUIPlugin:80 - create IPUIPlugin
2025-05-10 16:46:49,840 [INFO] PluginManager:220 - loadIPPluginJar : add gpio
2025-05-10 16:46:49,983 [INFO] IPUIPlugin:80 - create IPUIPlugin
2025-05-10 16:46:49,983 [INFO] PluginManager:220 - loadIPPluginJar : add gtzc
2025-05-10 16:46:50,033 [INFO] IPUIPlugin:80 - create IPUIPlugin
2025-05-10 16:46:50,034 [INFO] PluginManager:220 - loadIPPluginJar : add hash
2025-05-10 16:46:50,124 [INFO] IPUIPlugin:80 - create IPUIPlugin
2025-05-10 16:46:50,124 [INFO] PluginManager:220 - loadIPPluginJar : add i2c
2025-05-10 16:46:50,187 [INFO] IPUIPlugin:80 - create IPUIPlugin
2025-05-10 16:46:50,187 [INFO] PluginManager:220 - loadIPPluginJar : add i2s
2025-05-10 16:46:50,253 [INFO] IPUIPlugin:80 - create IPUIPlugin
2025-05-10 16:46:50,254 [INFO] PluginManager:220 - loadIPPluginJar : add i3c
2025-05-10 16:46:50,418 [INFO] IPUIPlugin:80 - create IPUIPlugin
2025-05-10 16:46:50,418 [INFO] PluginManager:220 - loadIPPluginJar : add ipddr
2025-05-10 16:46:50,570 [INFO] IPUIPlugin:80 - create IPUIPlugin
2025-05-10 16:46:50,570 [INFO] PluginManager:220 - loadIPPluginJar : add linkedlist
2025-05-10 16:46:50,575 [INFO] IPUIPlugin:80 - create IPUIPlugin
2025-05-10 16:46:50,575 [INFO] PluginManager:220 - loadIPPluginJar : add lorawan
2025-05-10 16:46:50,636 [INFO] IPUIPlugin:80 - create IPUIPlugin
2025-05-10 16:46:50,636 [INFO] PluginManager:220 - loadIPPluginJar : add ltdc
2025-05-10 16:46:50,659 [INFO] IPUIPlugin:80 - create IPUIPlugin
2025-05-10 16:46:50,660 [INFO] PluginManager:220 - loadIPPluginJar : add mdma
2025-05-10 16:46:50,678 [INFO] IPUIPlugin:80 - create IPUIPlugin
2025-05-10 16:46:50,679 [INFO] PluginManager:220 - loadIPPluginJar : add nvic
2025-05-10 16:46:50,737 [INFO] IPUIPlugin:80 - create IPUIPlugin
2025-05-10 16:46:50,737 [INFO] PluginManager:220 - loadIPPluginJar : add opamp
2025-05-10 16:46:50,834 [INFO] IPUIPlugin:80 - create IPUIPlugin
2025-05-10 16:46:50,834 [INFO] PluginManager:220 - loadIPPluginJar : add openamp
2025-05-10 16:46:50,912 [INFO] IPUIPlugin:80 - create IPUIPlugin
2025-05-10 16:46:50,912 [INFO] PluginManager:220 - loadIPPluginJar : add pdm2pcm
2025-05-10 16:46:50,930 [INFO] IPUIPlugin:80 - create IPUIPlugin
2025-05-10 16:46:50,932 [INFO] PluginManager:220 - loadIPPluginJar : add plateformsettings
2025-05-10 16:46:50,934 [INFO] IPUIPlugin:80 - create IPUIPlugin
2025-05-10 16:46:50,934 [INFO] PluginManager:220 - loadIPPluginJar : add quadspi
2025-05-10 16:46:50,938 [INFO] IPUIPlugin:80 - create IPUIPlugin
2025-05-10 16:46:50,938 [INFO] PluginManager:220 - loadIPPluginJar : add radio
2025-05-10 16:46:50,958 [INFO] IPUIPlugin:80 - create IPUIPlugin
2025-05-10 16:46:50,958 [INFO] PluginManager:220 - loadIPPluginJar : add resmgrutility
2025-05-10 16:46:51,031 [INFO] IPUIPlugin:80 - create IPUIPlugin
2025-05-10 16:46:51,031 [INFO] PluginManager:220 - loadIPPluginJar : add sai
2025-05-10 16:46:51,091 [INFO] IPUIPlugin:80 - create IPUIPlugin
2025-05-10 16:46:51,092 [INFO] PluginManager:220 - loadIPPluginJar : add spi
2025-05-10 16:46:51,146 [INFO] ThirdPartyUpdaterWithRetryManager:70 - Updater plugin not ready yet. [2/15]
2025-05-10 16:46:51,198 [INFO] IPUIPlugin:80 - create IPUIPlugin
2025-05-10 16:46:51,198 [INFO] PluginManager:220 - loadIPPluginJar : add stm32_wpan
2025-05-10 16:46:51,247 [INFO] IPUIPlugin:80 - create IPUIPlugin
2025-05-10 16:46:51,247 [INFO] PluginManager:220 - loadIPPluginJar : add tim
2025-05-10 16:46:51,345 [INFO] IPUIPlugin:80 - create IPUIPlugin
2025-05-10 16:46:51,346 [INFO] PluginManager:220 - loadIPPluginJar : add touchsensing
2025-05-10 16:46:51,348 [INFO] IPUIPlugin:80 - create IPUIPlugin
2025-05-10 16:46:51,349 [INFO] PluginManager:220 - loadIPPluginJar : add tracer_emb
2025-05-10 16:46:51,352 [INFO] IPUIPlugin:80 - create IPUIPlugin
2025-05-10 16:46:51,352 [INFO] PluginManager:220 - loadIPPluginJar : add ts
2025-05-10 16:46:51,355 [INFO] IPUIPlugin:80 - create IPUIPlugin
2025-05-10 16:46:51,355 [INFO] PluginManager:220 - loadIPPluginJar : add tsc
2025-05-10 16:46:51,359 [INFO] IPUIPlugin:80 - create IPUIPlugin
2025-05-10 16:46:51,359 [INFO] PluginManager:220 - loadIPPluginJar : add ucpd
2025-05-10 16:46:51,437 [INFO] IPUIPlugin:80 - create IPUIPlugin
2025-05-10 16:46:51,437 [INFO] PluginManager:220 - loadIPPluginJar : add usart
2025-05-10 16:46:51,514 [INFO] IPUIPlugin:80 - create IPUIPlugin
2025-05-10 16:46:51,514 [INFO] PluginManager:220 - loadIPPluginJar : add usbx
2025-05-10 16:46:51,663 [FATAL] Updater:351 - Updater called before beeing initialized
2025-05-10 16:46:51,713 [INFO] RulesReader:64 - Compatibility file has been processed (297 Rules)
2025-05-10 16:46:51,726 [INFO] RulesReader:64 - Compatibility file has been processed (297 Rules)
2025-05-10 16:46:51,737 [INFO] CADModel:165 - CPN selected for project level
2025-05-10 16:46:51,737 [INFO] CADModel:114 - Register for checkConnection events
2025-05-10 16:46:51,737 [FATAL] Updater:351 - Updater called before beeing initialized
2025-05-10 16:46:51,737 [ERROR] CADModel:125 - Updater not yet initialized, retry later 
2025-05-10 16:46:51,938 [FATAL] Updater:351 - Updater called before beeing initialized
2025-05-10 16:46:51,941 [INFO] CADModel:165 - CPN selected for project level
2025-05-10 16:46:51,941 [INFO] CADModel:114 - Register for checkConnection events
2025-05-10 16:46:51,942 [FATAL] Updater:351 - Updater called before beeing initialized
2025-05-10 16:46:51,942 [ERROR] CADModel:125 - Updater not yet initialized, retry later 
2025-05-10 16:46:51,946 [FATAL] Updater:351 - Updater called before beeing initialized
2025-05-10 16:46:52,082 [FATAL] Updater:351 - Updater called before beeing initialized
2025-05-10 16:46:52,089 [INFO] DbMcusAds:53 - JSON generation date=Wed Dec 18 00:01:15 IRKT 2024 (1734451275196)
2025-05-10 16:46:52,089 [FATAL] Updater:351 - Updater called before beeing initialized
2025-05-10 16:46:52,207 [WARN] DetailPanel:346 - Failed to get advertising image, set to default
2025-05-10 16:46:52,590 [FATAL] Updater:351 - Updater called before beeing initialized
2025-05-10 16:46:52,594 [FATAL] Updater:351 - Updater called before beeing initialized
2025-05-10 16:46:52,594 [FATAL] Updater:351 - Updater called before beeing initialized
2025-05-10 16:46:52,594 [WARN] DetailPanel:346 - Failed to get advertising image, set to default
2025-05-10 16:46:52,596 [FATAL] Updater:351 - Updater called before beeing initialized
2025-05-10 16:46:52,667 [ERROR] Updater:1198 - MainUpdater not yet initialized. External WinMGr cannot be set.
2025-05-10 16:46:52,671 [INFO] Updater:1134 - Updater Version found : 6.13.0
2025-05-10 16:46:52,694 [INFO] ApplicationProperties:184 - Using Application install path: D:\STM32CubeIDE_1.17.0\STM32CubeIDE\plugins\com.st.stm32cube.common.mx_6.13.0.202411220809
2025-05-10 16:46:54,147 [INFO] ThirdPartyUpdaterWithRetryManager:70 - Updater plugin not ready yet. [3/15]
2025-05-10 16:46:54,281 [ERROR] LogOutputStream:75 - [STDERR_REDIRECT] May 10, 2025 4:46:54 PM java.util.prefs.WindowsPreferences <init>
2025-05-10 16:46:54,284 [ERROR] LogOutputStream:75 - [STDERR_REDIRECT] WARNING: Could not open/create prefs root node Software\JavaSoft\Prefs at root 0xffffffff80000002. Windows RegCreateKeyEx(...) returned error code 5.
2025-05-10 16:46:54,284 [ERROR] LogOutputStream:75 - [STDERR_REDIRECT] 
2025-05-10 16:46:55,142 [INFO] MainUpdater:2872 - connection check result : 10
2025-05-10 16:46:55,144 [INFO] MainUpdater:289 - Updater Check For Update Now.
2025-05-10 16:46:55,144 [INFO] MicroXplorer:498 - Change Database Version : DB.6.0.130
2025-05-10 16:46:55,177 [INFO] McuFinderGlobals:63 - Set McuFinder mode to 2 (CubeIDE integrated)
2025-05-10 16:46:55,180 [INFO] UserAuth:486 - Internet connection configuration mode: 1
2025-05-10 16:46:55,234 [INFO] JxBrowserEngine:152 - Initiate JxBrowser Engine with user profile folder
2025-05-10 16:46:55,475 [INFO] CheckServerUpdateThread:120 - End of CheckServer Thread
2025-05-10 16:46:57,625 [INFO] WebApp:168 - Instantiating new browser for Auth
2025-05-10 16:46:57,711 [WARN] PackLoader:240 - Cannot read IP mode file for STMicroelectronics.FP-SNS-MOTENVWB1.1.4.0
2025-05-10 16:46:57,734 [WARN] PackLoader:240 - Cannot read IP mode file for STMicroelectronics.FP-ATR-ASTRA1.2.0.2
2025-05-10 16:46:57,743 [WARN] PackLoader:240 - Cannot read IP mode file for STMicroelectronics.FP-ATR-ASTRA1.2.0.1
2025-05-10 16:46:57,801 [WARN] PackLoader:240 - Cannot read IP mode file for STMicroelectronics.X-CUBE-SMBUS.2.1.0
2025-05-10 16:46:57,844 [WARN] PackLoader:240 - Cannot read IP mode file for STMicroelectronics.X-CUBE-WB05N.1.1.0
2025-05-10 16:46:57,947 [WARN] PackLoader:240 - Cannot read IP mode file for STMicroelectronics.X-CUBE-AZRTOS-F7.1.1.0
2025-05-10 16:46:58,120 [WARN] PackLoader:240 - Cannot read IP mode file for STMicroelectronics.X-CUBE-MEMS1.11.0.0
2025-05-10 16:46:58,708 [WARN] PackLoader:240 - Cannot read IP mode file for STMicroelectronics.FP-SNS-FLIGHT1.5.0.2
2025-05-10 16:46:58,793 [WARN] PackLoader:240 - Cannot read IP mode file for Infineon.AIROC-Wi-Fi-Bluetooth-STM32.1.7.0
2025-05-10 16:46:58,922 [WARN] PackLoader:240 - Cannot read IP mode file for STMicroelectronics.X-CUBE-DISPLAY.3.0.0
2025-05-10 16:46:58,972 [WARN] PackLoader:240 - Cannot read IP mode file for STMicroelectronics.X-CUBE-BLE1.7.0.0
2025-05-10 16:46:59,013 [WARN] PackLoader:240 - Cannot read IP mode file for STMicroelectronics.X-CUBE-NFC10.1.0.0
2025-05-10 16:46:59,070 [WARN] PackLoader:240 - Cannot read IP mode file for STMicroelectronics.X-CUBE-BLEMGR.4.0.0
2025-05-10 16:46:59,114 [WARN] PackLoader:240 - Cannot read IP mode file for emotas.I-CUBE-CANOPEN.1.3.0
2025-05-10 16:46:59,146 [WARN] PackLoader:240 - Cannot read IP mode file for STMicroelectronics.X-CUBE-AI.10.0.0
2025-05-10 16:46:59,179 [WARN] PackLoader:240 - Cannot read IP mode file for STMicroelectronics.FP-SNS-SMARTAG2.1.2.0
2025-05-10 16:46:59,188 [WARN] PackLoader:240 - Cannot read IP mode file for STMicroelectronics.FP-SNS-FLIGHT1.5.1.0
2025-05-10 16:46:59,349 [WARN] PackLoader:240 - Cannot read IP mode file for STMicroelectronics.X-CUBE-MEMS1.11.1.0
2025-05-10 16:46:59,650 [INFO] LogOutputStream:77 - [STDOUT_REDIRECT] 1 : Invalid condition id : UX_CORESTACK_Condition cause : null
2025-05-10 16:46:59,652 [INFO] LogOutputStream:77 - [STDOUT_REDIRECT] 1 : Invalid condition id : UX_CORESTACK_Condition cause : null
2025-05-10 16:46:59,653 [INFO] LogOutputStream:77 - [STDOUT_REDIRECT] 1 : Invalid condition id : UX_CORESTACK_Condition cause : null
2025-05-10 16:46:59,655 [INFO] LogOutputStream:77 - [STDOUT_REDIRECT] 1 : Invalid condition id : UX_CORESTACK_Condition cause : null
2025-05-10 16:46:59,658 [INFO] LogOutputStream:77 - [STDOUT_REDIRECT] 1 : Invalid condition id : UX_CORESTACK_Condition cause : null
2025-05-10 16:46:59,663 [WARN] PackLoader:240 - Cannot read IP mode file for STMicroelectronics.X-CUBE-AZRTOS-WL.2.0.0
2025-05-10 16:46:59,711 [WARN] PackLoader:240 - Cannot read IP mode file for STMicroelectronics.FP-SNS-MOTENV1.5.0.0
2025-05-10 16:46:59,724 [WARN] PackLoader:240 - Cannot read IP mode file for wolfSSL.I-CUBE-wolfMQTT.1.19.0
2025-05-10 16:46:59,760 [WARN] PackLoader:240 - Cannot read IP mode file for WES.I-CUBE-Cesium.1.3.0
2025-05-10 16:46:59,792 [WARN] PackLoader:240 - Cannot read IP mode file for STMicroelectronics.X-CUBE-BLE2.3.3.0
2025-05-10 16:46:59,832 [WARN] PackLoader:240 - Cannot read IP mode file for STMicroelectronics.X-CUBE-NFC9.1.0.0
2025-05-10 16:46:59,872 [WARN] PackLoader:240 - Cannot read IP mode file for STMicroelectronics.X-CUBE-BLE1.7.1.0
2025-05-10 16:46:59,907 [WARN] PackLoader:240 - Cannot read IP mode file for STMicroelectronics.X-CUBE-TCPP.4.1.0
2025-05-10 16:46:59,970 [INFO] WebApp:449 - Apply proxy settings
2025-05-10 16:46:59,971 [INFO] WebApp:534 - Chromium requires no authentication
2025-05-10 16:46:59,994 [INFO] WebApp:477 - Direct internet connection detected
2025-05-10 16:47:00,029 [WARN] PackLoader:240 - Cannot read IP mode file for STMicroelectronics.X-CUBE-MEMS1.11.2.0
2025-05-10 16:47:00,064 [INFO] WebApp:880 - Register for checkConnection events
2025-05-10 16:47:00,064 [INFO] WebApp:449 - Apply proxy settings
2025-05-10 16:47:00,065 [INFO] WebApp:534 - Chromium requires no authentication
2025-05-10 16:47:00,065 [INFO] WebApp:477 - Direct internet connection detected
2025-05-10 16:47:00,286 [WARN] PackLoader:240 - Cannot read IP mode file for STMicroelectronics.X-CUBE-AZRTOS-G0.1.1.0
2025-05-10 16:47:00,322 [WARN] PackLoader:240 - Cannot read IP mode file for STMicroelectronics.X-CUBE-SAFEA1.1.2.2
2025-05-10 16:47:00,353 [WARN] PackLoader:240 - Cannot read IP mode file for STMicroelectronics.X-CUBE-NFC4.3.0.0
2025-05-10 16:47:00,394 [WARN] PackLoader:240 - Cannot read IP mode file for EmbeddedOffice.I-CUBE-FS-RTOS.1.0.1
2025-05-10 16:47:00,445 [INFO] WebApp:221 - Starting web application
2025-05-10 16:47:00,446 [INFO] WebApp:579 - Web application path used D:\STM32CubeIDE_1.17.0\STM32CubeIDE\plugins\com.st.stm32cube.common.mx_6.13.0.202411220809\db\plugins\mcufinder\reactClient1\index.html
2025-05-10 16:47:00,619 [WARN] PackLoader:240 - Cannot read IP mode file for STMicroelectronics.X-CUBE-WB05N.2.0.0
2025-05-10 16:47:00,654 [WARN] PackLoader:240 - Cannot read IP mode file for STMicroelectronics.X-CUBE-TCPP.4.2.0
2025-05-10 16:47:00,689 [WARN] PackLoader:240 - Cannot read IP mode file for RealThread.X-CUBE-RT-Thread_Nano.4.1.1
2025-05-10 16:47:00,719 [WARN] PackLoader:240 - Cannot read IP mode file for STMicroelectronics.FP-ATR-SIGFOX1.3.2.0
2025-05-10 16:47:00,746 [WARN] PackLoader:240 - Cannot read IP mode file for wolfSSL.I-CUBE-wolfSSL.5.7.2
2025-05-10 16:47:00,861 [WARN] ConditionMgr:438 - getConditionDescription Invalid condition id : Cortex-A Device cause : null
2025-05-10 16:47:00,886 [WARN] ConditionMgr:1044 - genDependencies : Invalid condition id : Cortex-A Device cause : null
2025-05-10 16:47:00,886 [WARN] ConditionMgr:1044 - genDependencies : Invalid condition id : Cortex-A Device cause : null
2025-05-10 16:47:00,886 [WARN] ConditionMgr:1044 - genDependencies : Invalid condition id : Cortex-A Device cause : null
2025-05-10 16:47:00,917 [WARN] PackLoader:240 - Cannot read IP mode file for STMicroelectronics.X-CUBE-EEPRMA1.5.1.0
2025-05-10 16:47:00,948 [WARN] PackLoader:240 - Cannot read IP mode file for wolfSSL.I-CUBE-wolfSSL.5.7.4
2025-05-10 16:47:00,955 [INFO] UserAuth:486 - Internet connection configuration mode: 1
2025-05-10 16:47:01,095 [WARN] PackLoader:240 - Cannot read IP mode file for ITTIA_DB.I-CUBE-ITTIADB.8.9.0
2025-05-10 16:47:01,178 [INFO] WebApp:187 - Connection restablished
2025-05-10 16:47:01,187 [WARN] PackLoader:240 - Cannot read IP mode file for SEGGER.I-CUBE-embOS.1.3.1
2025-05-10 16:47:01,281 [WARN] PackLoader:240 - Cannot read IP mode file for STMicroelectronics.X-CUBE-ALGOBUILD.1.4.0
2025-05-10 16:47:01,314 [WARN] PackLoader:240 - Cannot read IP mode file for STMicroelectronics.X-CUBE-AI.9.1.0
2025-05-10 16:47:01,412 [WARN] PackLoader:240 - Cannot read IP mode file for STMicroelectronics.X-CUBE-AZRTOS-F4.1.1.0
2025-05-10 16:47:01,467 [WARN] PackLoader:240 - Cannot read IP mode file for Avnet-IotConnect.X-CUBE-IoTC-DA16k-PMOD.1.0.0
2025-05-10 16:47:01,498 [WARN] PackLoader:240 - Cannot read IP mode file for STMicroelectronics.X-CUBE-ISPU.2.1.0
2025-05-10 16:47:01,530 [WARN] PackLoader:240 - Cannot read IP mode file for STMicroelectronics.X-CUBE-FREERTOS.1.2.0
2025-05-10 16:47:01,601 [WARN] PackLoader:240 - Cannot read IP mode file for STMicroelectronics.X-CUBE-AZRTOS-L5.2.0.0
2025-05-10 16:47:01,640 [WARN] PackLoader:240 - Cannot read IP mode file for STMicroelectronics.X-CUBE-NFC6.3.1.0
2025-05-10 16:47:01,673 [WARN] PackLoader:240 - Cannot read IP mode file for STMicroelectronics.X-CUBE-DPower.1.2.0
2025-05-10 16:47:01,708 [WARN] PackLoader:240 - Cannot read IP mode file for STMicroelectronics.X-CUBE-FREERTOS.1.3.1
2025-05-10 16:47:01,738 [WARN] PackLoader:240 - Cannot read IP mode file for STMicroelectronics.X-CUBE-FREERTOS.1.3.0
2025-05-10 16:47:01,771 [WARN] PackLoader:240 - Cannot read IP mode file for STMicroelectronics.X-CUBE-NFC7.1.0.1
2025-05-10 16:47:01,806 [WARN] PackLoader:240 - Cannot read IP mode file for STMicroelectronics.X-CUBE-DPower.1.3.0
2025-05-10 16:47:01,873 [WARN] ConditionMgr:438 - getConditionDescription Invalid condition id : LAN8742 Phy interface Condition cause : null
2025-05-10 16:47:01,874 [WARN] PackLoader:240 - Cannot read IP mode file for STMicroelectronics.X-CUBE-AZRTOS-L4.2.0.0
2025-05-10 16:47:01,877 [WARN] ConditionMgr:1044 - genDependencies : Invalid condition id : LAN8742 Phy interface Condition cause : null
2025-05-10 16:47:01,877 [WARN] ConditionMgr:1044 - genDependencies : Invalid condition id : LAN8742 Phy interface Condition cause : null
2025-05-10 16:47:01,879 [WARN] ConditionMgr:1044 - genDependencies : Invalid condition id : LAN8742 Phy interface Condition cause : null
2025-05-10 16:47:01,918 [WARN] PackLoader:240 - Cannot read IP mode file for STMicroelectronics.X-CUBE-SFXS2LP1.4.0.0
2025-05-10 16:47:01,992 [WARN] PackLoader:240 - Cannot read IP mode file for STMicroelectronics.X-CUBE-AZRTOS-H7.3.3.0
2025-05-10 16:47:02,035 [WARN] PackLoader:240 - Cannot read IP mode file for STMicroelectronics.X-CUBE-IPS.3.0.0
2025-05-10 16:47:02,095 [WARN] ConditionMgr:438 - getConditionDescription Invalid condition id : UX DEVICE CLASS RTOS Condition cause : null
2025-05-10 16:47:02,096 [WARN] ConditionMgr:438 - getConditionDescription Invalid condition id : UX DEVICE CLASS RTOS Condition cause : null
2025-05-10 16:47:02,100 [WARN] PackLoader:240 - Cannot read IP mode file for STMicroelectronics.X-CUBE-AZRTOS-WB.2.0.0
2025-05-10 16:47:02,102 [WARN] ConditionMgr:1044 - genDependencies : Invalid condition id : UX DEVICE CLASS RTOS Condition cause : null
2025-05-10 16:47:02,102 [WARN] ConditionMgr:1044 - genDependencies : Invalid condition id : UX DEVICE CLASS RTOS Condition cause : null
2025-05-10 16:47:02,105 [WARN] ConditionMgr:1044 - genDependencies : Invalid condition id : UX DEVICE CLASS RTOS Condition cause : null
2025-05-10 16:47:02,107 [WARN] ConditionMgr:1044 - genDependencies : Invalid condition id : UX DEVICE CLASS RTOS Condition cause : null
2025-05-10 16:47:02,107 [WARN] ConditionMgr:1044 - genDependencies : Invalid condition id : UX DEVICE CLASS RTOS Condition cause : null
2025-05-10 16:47:02,141 [WARN] PackLoader:240 - Cannot read IP mode file for STMicroelectronics.X-CUBE-GNSS1.7.0.0
2025-05-10 16:47:02,173 [WARN] PackLoader:240 - Cannot read IP mode file for STMicroelectronics.X-CUBE-GNSS1.7.0.1
2025-05-10 16:47:02,209 [WARN] PackLoader:240 - Cannot read IP mode file for STMicroelectronics.X-CUBE-TOUCHGFX.4.25.0
2025-05-10 16:47:02,245 [WARN] PackLoader:240 - Cannot read IP mode file for STMicroelectronics.FP-SNS-STBOX1.2.0.0
2025-05-10 16:47:02,292 [WARN] PackLoader:240 - Cannot read IP mode file for STMicroelectronics.X-CUBE-SUBG2.5.0.0
2025-05-10 16:47:02,380 [WARN] PackLoader:240 - Cannot read IP mode file for STMicroelectronics.X-CUBE-AZRTOS-H7RS.1.1.0
2025-05-10 16:47:02,395 [WARN] PackLoader:240 - Cannot read IP mode file for Cesanta.I-CUBE-Mongoose.7.13.0
2025-05-10 16:47:02,456 [WARN] PackLoader:240 - Cannot read IP mode file for STMicroelectronics.X-CUBE-AZRTOS-G4.2.0.0
2025-05-10 16:47:02,488 [WARN] PackLoader:240 - Cannot read IP mode file for wolfSSL.I-CUBE-wolfSSL.4.6.0
2025-05-10 16:47:02,616 [WARN] PackLoader:240 - Cannot read IP mode file for STMicroelectronics.X-CUBE-NFC7.2.0.0
2025-05-10 16:47:02,665 [WARN] PackLoader:240 - Cannot read IP mode file for STMicroelectronics.X-CUBE-IPS.3.1.0
2025-05-10 16:47:02,708 [WARN] PackLoader:240 - Cannot read IP mode file for STMicroelectronics.X-CUBE-ALS.1.0.2
2025-05-10 16:47:02,740 [WARN] PackLoader:240 - Cannot read IP mode file for STMicroelectronics.X-CUBE-TOUCHGFX.4.24.2
2025-05-10 16:47:02,772 [WARN] PackLoader:240 - Cannot read IP mode file for STMicroelectronics.X-CUBE-TOUCHGFX.4.24.1
2025-05-10 16:47:02,781 [WARN] PackLoader:240 - Cannot read IP mode file for wolfSSL.I-CUBE-wolfTPM.3.4.0
2025-05-10 16:47:02,878 [WARN] PackLoader:240 - Cannot read IP mode file for portGmbH.I-Cube-SoM-uGOAL.1.1.0
2025-05-10 16:47:02,933 [WARN] PackLoader:240 - Cannot read IP mode file for STMicroelectronics.X-CUBE-AZRTOS-H7RS.1.0.0
2025-05-10 16:47:02,973 [WARN] PackLoader:240 - Cannot read IP mode file for STMicroelectronics.X-CUBE-TOF1.3.4.2
2025-05-10 16:47:03,024 [WARN] PackLoader:240 - Cannot read IP mode file for STMicroelectronics.X-CUBE-TOF1.3.4.3
2025-05-10 16:47:03,048 [WARN] PackLoader:240 - Cannot read IP mode file for wolfSSL.I-CUBE-wolfSSH.1.4.17
2025-05-10 16:47:03,111 [INFO] ThirdParty:978 - Integrity check success = true
2025-05-10 16:47:03,112 [INFO] IntegrityCheckThread:100 - exiting critical section [integrity check]
2025-05-10 16:47:03,112 [INFO] IntegrityCheckThread:103 - End integrity checks thread
2025-05-10 20:09:27,801 [ERROR] LogOutputStream:75 - [STDERR_REDIRECT] 
2025-05-10 20:09:27,802 [ERROR] LogOutputStream:75 - [STDERR_REDIRECT] 
