2025-04-23 20:53:35,661 [INFO] Activator:176 - 


2025-04-23 20:53:35,675 [INFO] Activator:177 - !SESSION log4j initialized
2025-04-23 20:54:01,682 [INFO] LogOutputStream:77 - [STDOUT_REDIRECT] 
2025-04-23 20:54:15,475 [INFO] ApplicationProperties:184 - Using Application install path: D:\STM32CubeIDE_1.17.0\STM32CubeIDE\plugins\com.st.stm32cube.common.mx_6.13.0.202411220809
2025-04-23 20:54:15,515 [INFO] DbMcusXml:78 - Set database path to: D:\STM32CubeIDE_1.17.0\STM32CubeIDE\plugins\com.st.stm32cube.common.mx_6.13.0.202411220809\\db\/mcu/
2025-04-23 20:54:15,516 [INFO] ApiDb:274 - Set plugin database path to: D:\STM32CubeIDE_1.17.0\STM32CubeIDE\plugins\com.st.stm32cube.common.mx_6.13.0.202411220809\\db\/plugins/boardmanager/
2025-04-23 20:54:15,517 [WARN] ApiDb:259 - Overriding images path with different value:  => D:\STM32CubeIDE_1.17.0\STM32CubeIDE\plugins\com.st.stm32cube.common.mx_6.13.0.202411220809\\db\/plugins/mcufinder/images/
2025-04-23 20:54:15,544 [INFO] ApiDb:250 - Set database path to: C:\Users\user\.stmcufinder\plugins\mcufinder//mcu/
2025-04-23 20:54:15,548 [INFO] DbMcusAds:125 - Set database path to: C:\Users\user\.stmcufinder\plugins\mcufinder//mcu/
2025-04-23 20:54:15,553 [INFO] CrossReferenceDbSqlite:203 - Set database path to: C:\Users\user\.stmcufinder\plugins\mcufinder//mcu/cs/
2025-04-23 20:54:15,801 [INFO] RulesReader:64 - Compatibility file has been processed (297 Rules)
2025-04-23 20:54:15,952 [INFO] DbMcusXml:78 - Set database path to: D:\STM32CubeIDE_1.17.0\STM32CubeIDE\plugins\com.st.stm32cube.common.mx_6.13.0.202411220809\\db\/mcu/
2025-04-23 20:54:15,952 [INFO] ApiDb:274 - Set plugin database path to: D:\STM32CubeIDE_1.17.0\STM32CubeIDE\plugins\com.st.stm32cube.common.mx_6.13.0.202411220809\\db\/plugins/boardmanager/
2025-04-23 20:54:15,953 [INFO] ApiDb:261 - Set plugin images path to: D:\STM32CubeIDE_1.17.0\STM32CubeIDE\plugins\com.st.stm32cube.common.mx_6.13.0.202411220809\\db\/plugins/mcufinder/images/
2025-04-23 20:54:15,953 [WARN] DbFile:41 - Overriding database path with different value: C:\Users\user\.stmcufinder\plugins\mcufinder/ => C:\Users\user\.stmcufinder\plugins\mcufinder
2025-04-23 20:54:15,953 [INFO] ApiDb:250 - Set database path to: C:\Users\user\.stmcufinder\plugins\mcufinder//mcu/
2025-04-23 20:54:15,953 [WARN] DbFile:41 - Overriding database path with different value: C:\Users\user\.stmcufinder\plugins\mcufinder/ => C:\Users\user\.stmcufinder\plugins\mcufinder
2025-04-23 20:54:15,954 [INFO] DbMcusAds:125 - Set database path to: C:\Users\user\.stmcufinder\plugins\mcufinder//mcu/
2025-04-23 20:54:15,954 [WARN] DbFile:41 - Overriding database path with different value: C:\Users\user\.stmcufinder\plugins\mcufinder/ => C:\Users\user\.stmcufinder\plugins\mcufinder
2025-04-23 20:54:15,954 [WARN] DbFile:41 - Overriding database path with different value: C:\Users\user\.stmcufinder\plugins\mcufinder/ => C:\Users\user\.stmcufinder\plugins\mcufinder
2025-04-23 20:54:15,954 [INFO] CrossReferenceDbSqlite:203 - Set database path to: C:\Users\user\.stmcufinder\plugins\mcufinder//mcu/cs/
2025-04-23 20:54:16,127 [INFO] MainPanel:272 - HeapMemory: 268435456
2025-04-23 20:54:16,366 [INFO] DbMcusXml:78 - Set database path to: D:\STM32CubeIDE_1.17.0\STM32CubeIDE\plugins\com.st.stm32cube.common.mx_6.13.0.202411220809\\db\/mcu/
2025-04-23 20:54:16,366 [INFO] ApiDb:274 - Set plugin database path to: D:\STM32CubeIDE_1.17.0\STM32CubeIDE\plugins\com.st.stm32cube.common.mx_6.13.0.202411220809\\db\/plugins/boardmanager/
2025-04-23 20:54:16,367 [INFO] ApiDb:261 - Set plugin images path to: D:\STM32CubeIDE_1.17.0\STM32CubeIDE\plugins\com.st.stm32cube.common.mx_6.13.0.202411220809\\db\/plugins/mcufinder/images/
2025-04-23 20:54:16,367 [WARN] DbFile:41 - Overriding database path with different value: C:\Users\user\.stmcufinder\plugins\mcufinder/ => C:\Users\user\.stmcufinder\plugins\mcufinder
2025-04-23 20:54:16,367 [INFO] ApiDb:250 - Set database path to: C:\Users\user\.stmcufinder\plugins\mcufinder//mcu/
2025-04-23 20:54:16,368 [WARN] DbFile:41 - Overriding database path with different value: C:\Users\user\.stmcufinder\plugins\mcufinder/ => C:\Users\user\.stmcufinder\plugins\mcufinder
2025-04-23 20:54:16,368 [INFO] DbMcusAds:125 - Set database path to: C:\Users\user\.stmcufinder\plugins\mcufinder//mcu/
2025-04-23 20:54:16,368 [WARN] DbFile:41 - Overriding database path with different value: C:\Users\user\.stmcufinder\plugins\mcufinder/ => C:\Users\user\.stmcufinder\plugins\mcufinder
2025-04-23 20:54:16,368 [WARN] DbFile:41 - Overriding database path with different value: C:\Users\user\.stmcufinder\plugins\mcufinder/ => C:\Users\user\.stmcufinder\plugins\mcufinder
2025-04-23 20:54:16,368 [INFO] CrossReferenceDbSqlite:203 - Set database path to: C:\Users\user\.stmcufinder\plugins\mcufinder//mcu/cs/
2025-04-23 20:54:16,410 [INFO] ApplicationProperties:184 - Using Application install path: D:\STM32CubeIDE_1.17.0\STM32CubeIDE\plugins\com.st.stm32cube.common.mx_6.13.0.202411220809
2025-04-23 20:54:16,413 [INFO] PluginManage:196 - Search for loadable plugins [exclusion list=, ]
2025-04-23 20:54:16,418 [INFO] PluginManage:310 - Check plugin analytics
2025-04-23 20:54:16,852 [INFO] AnalyticsPlugin:253 - Accepted Software Licenses: STM32CubeMX.6.13.0
2025-04-23 20:54:16,854 [INFO] AnalyticsPlugin:255 - Accepted CMSIS Pack Licenses: wolfSSL.I-CUBE-wolfSSH.1.4.17,wolfSSL.I-CUBE-wolfSSL.5.7.4,EmbeddedOffice.I-CUBE-FS-RTOS.1.0.1,wolfSSL.I-CUBE-wolfSSL.5.7.2,wolfSSL.I-CUBE-wolfSSL.4.6.0,wolfSSL.I-CUBE-wolfTPM.3.4.0
2025-04-23 20:54:16,855 [INFO] AnalyticsPlugin:257 - Accepted Firmware Licenses: FW.F4.1.28.0
2025-04-23 20:54:16,860 [INFO] PluginManage:359 - Loaded plugin analytics (category:tool,tabindex:-1)
2025-04-23 20:54:16,860 [INFO] PluginManage:310 - Check plugin cadmodel
2025-04-23 20:54:16,899 [INFO] CADModel:105 - Init CAD model plugin
2025-04-23 20:54:16,899 [INFO] PluginManage:359 - Loaded plugin cadmodel (category:power,tabindex:5)
2025-04-23 20:54:16,899 [INFO] PluginManage:310 - Check plugin clock
2025-04-23 20:54:16,951 [INFO] PluginManage:359 - Loaded plugin clock (category:base,tabindex:2)
2025-04-23 20:54:16,951 [INFO] PluginManage:310 - Check plugin ddr
2025-04-23 20:54:16,957 [INFO] PluginManage:359 - Loaded plugin ddr (category:tool,tabindex:6)
2025-04-23 20:54:16,959 [INFO] PluginManage:310 - Check plugin filemanager
2025-04-23 20:54:17,387 [INFO] PluginManage:359 - Loaded plugin filemanager (category:base,tabindex:10)
2025-04-23 20:54:17,387 [INFO] PluginManage:310 - Check plugin ipmanager
2025-04-23 20:54:17,404 [INFO] PluginManage:359 - Loaded plugin ipmanager (category:base,tabindex:5)
2025-04-23 20:54:17,404 [INFO] PluginManage:310 - Check plugin lpbam
2025-04-23 20:54:17,461 [INFO] PluginManage:359 - Loaded plugin lpbam (category:base,tabindex:0)
2025-04-23 20:54:17,462 [INFO] PluginManage:310 - Check plugin memorymap
2025-04-23 20:54:17,526 [INFO] PluginManage:359 - Loaded plugin memorymap (category:base,tabindex:4)
2025-04-23 20:54:17,526 [INFO] PluginManage:310 - Check plugin pinoutandconfiguration
2025-04-23 20:54:17,583 [INFO] PluginManage:359 - Loaded plugin pinoutandconfiguration (category:base,tabindex:1)
2025-04-23 20:54:17,584 [INFO] PluginManage:310 - Check plugin pinoutconfig
2025-04-23 20:54:17,940 [WARN] SupportedApi:132 - Cannot load RTOS API schema: s4s-elt-must-match.1: The content of 'definitions' must match (annotation?, (simpleType | complexType)?, (unique | key | keyref)*)). A problem was found starting at: attribute.
2025-04-23 20:54:18,302 [INFO] PluginManage:359 - Loaded plugin pinoutconfig (category:base,tabindex:0)
2025-04-23 20:54:18,302 [INFO] PluginManage:310 - Check plugin power
2025-04-23 20:54:18,342 [INFO] PluginManage:359 - Loaded plugin power (category:power,tabindex:4)
2025-04-23 20:54:18,342 [INFO] PluginManage:310 - Check plugin projectmanager
2025-04-23 20:54:18,374 [INFO] PluginManage:359 - Loaded plugin projectmanager (category:projectmanager,tabindex:4)
2025-04-23 20:54:18,374 [INFO] PluginManage:310 - Check plugin rif
2025-04-23 20:54:18,410 [INFO] PluginManage:359 - Loaded plugin rif (category:base,tabindex:3)
2025-04-23 20:54:18,410 [INFO] PluginManage:310 - Check plugin thirdparty
2025-04-23 20:54:18,995 [WARN] IntegrityCheckThread:84 - waiting for thirdparty lock release [integrity check]
2025-04-23 20:54:18,995 [INFO] PluginManage:359 - Loaded plugin thirdparty (category:base,tabindex:-1)
2025-04-23 20:54:18,996 [INFO] IntegrityCheckThread:86 - entering critical section [integrity check]
2025-04-23 20:54:18,996 [INFO] PluginManage:310 - Check plugin tools
2025-04-23 20:54:18,996 [INFO] ThirdPartyUpdaterWithRetryManager:70 - Updater plugin not ready yet. [1/15]
2025-04-23 20:54:19,074 [INFO] PluginManage:359 - Loaded plugin tools (category:base,tabindex:7)
2025-04-23 20:54:19,074 [INFO] PluginManage:310 - Check plugin tutovideos
2025-04-23 20:54:19,508 [INFO] PluginManage:359 - Loaded plugin tutovideos (category:base,tabindex:-1)
2025-04-23 20:54:19,508 [INFO] PluginManage:310 - Check plugin updater
2025-04-23 20:54:19,559 [INFO] PluginManage:359 - Loaded plugin updater (category:base,tabindex:12)
2025-04-23 20:54:19,560 [INFO] PluginManage:310 - Check plugin userauth
2025-04-23 20:54:19,578 [INFO] UserAuth:118 - Init User Auth plugin
2025-04-23 20:54:19,580 [INFO] PluginManage:359 - Loaded plugin userauth (category:base,tabindex:14)
2025-04-23 20:54:19,582 [INFO] PluginManage:283 - PluginManage : Loaded plugins [18]
2025-04-23 20:54:20,145 [INFO] PinOutPanel:1589 - setPackage(No Configuration,No Configuration)
2025-04-23 20:54:20,355 [INFO] CADModel:165 - CPN selected for project level
2025-04-23 20:54:20,355 [INFO] CADModel:114 - Register for checkConnection events
2025-04-23 20:54:20,412 [INFO] IPUIPlugin:80 - create IPUIPlugin
2025-04-23 20:54:20,413 [INFO] PluginManager:220 - loadIPPluginJar : add adc
2025-04-23 20:54:20,539 [INFO] IPUIPlugin:80 - create IPUIPlugin
2025-04-23 20:54:20,539 [INFO] PluginManager:220 - loadIPPluginJar : add aes
2025-04-23 20:54:20,686 [INFO] IPUIPlugin:80 - create IPUIPlugin
2025-04-23 20:54:20,686 [INFO] PluginManager:220 - loadIPPluginJar : add can
2025-04-23 20:54:20,782 [INFO] IPUIPlugin:80 - create IPUIPlugin
2025-04-23 20:54:20,782 [INFO] PluginManager:220 - loadIPPluginJar : add comp
2025-04-23 20:54:20,886 [INFO] IPUIPlugin:80 - create IPUIPlugin
2025-04-23 20:54:20,886 [INFO] PluginManager:220 - loadIPPluginJar : add cryp
2025-04-23 20:54:20,924 [INFO] IPUIPlugin:80 - create IPUIPlugin
2025-04-23 20:54:20,924 [INFO] PluginManager:220 - loadIPPluginJar : add ddr_ctrl_phy
2025-04-23 20:54:21,002 [INFO] IPUIPlugin:80 - create IPUIPlugin
2025-04-23 20:54:21,002 [INFO] PluginManager:220 - loadIPPluginJar : add dfsdm
2025-04-23 20:54:21,027 [INFO] IPUIPlugin:80 - create IPUIPlugin
2025-04-23 20:54:21,030 [INFO] PluginManager:220 - loadIPPluginJar : add dma
2025-04-23 20:54:21,138 [INFO] IPUIPlugin:80 - create IPUIPlugin
2025-04-23 20:54:21,138 [INFO] PluginManager:220 - loadIPPluginJar : add dma3
2025-04-23 20:54:21,245 [INFO] IPUIPlugin:80 - create IPUIPlugin
2025-04-23 20:54:21,245 [INFO] PluginManager:220 - loadIPPluginJar : add extmemmanager
2025-04-23 20:54:21,291 [INFO] IPUIPlugin:80 - create IPUIPlugin
2025-04-23 20:54:21,291 [INFO] PluginManager:220 - loadIPPluginJar : add fatfs
2025-04-23 20:54:21,396 [INFO] IPUIPlugin:80 - create IPUIPlugin
2025-04-23 20:54:21,397 [INFO] PluginManager:220 - loadIPPluginJar : add fmc
2025-04-23 20:54:21,429 [INFO] IPUIPlugin:80 - create IPUIPlugin
2025-04-23 20:54:21,429 [INFO] PluginManager:220 - loadIPPluginJar : add freertos
2025-04-23 20:54:21,479 [INFO] IPUIPlugin:80 - create IPUIPlugin
2025-04-23 20:54:21,479 [INFO] PluginManager:220 - loadIPPluginJar : add genericplugin
2025-04-23 20:54:21,720 [INFO] IPUIPlugin:80 - create IPUIPlugin
2025-04-23 20:54:21,720 [INFO] PluginManager:220 - loadIPPluginJar : add gfxmmu
2025-04-23 20:54:22,004 [INFO] ThirdPartyUpdaterWithRetryManager:70 - Updater plugin not ready yet. [2/15]
2025-04-23 20:54:22,060 [INFO] IPUIPlugin:80 - create IPUIPlugin
2025-04-23 20:54:22,062 [INFO] PluginManager:220 - loadIPPluginJar : add gic
2025-04-23 20:54:22,090 [INFO] IPUIPlugin:80 - create IPUIPlugin
2025-04-23 20:54:22,090 [INFO] PluginManager:220 - loadIPPluginJar : add gpio
2025-04-23 20:54:22,293 [INFO] IPUIPlugin:80 - create IPUIPlugin
2025-04-23 20:54:22,293 [INFO] PluginManager:220 - loadIPPluginJar : add gtzc
2025-04-23 20:54:22,371 [INFO] IPUIPlugin:80 - create IPUIPlugin
2025-04-23 20:54:22,371 [INFO] PluginManager:220 - loadIPPluginJar : add hash
2025-04-23 20:54:22,516 [INFO] IPUIPlugin:80 - create IPUIPlugin
2025-04-23 20:54:22,517 [INFO] PluginManager:220 - loadIPPluginJar : add i2c
2025-04-23 20:54:22,628 [INFO] IPUIPlugin:80 - create IPUIPlugin
2025-04-23 20:54:22,629 [INFO] PluginManager:220 - loadIPPluginJar : add i2s
2025-04-23 20:54:22,740 [INFO] IPUIPlugin:80 - create IPUIPlugin
2025-04-23 20:54:22,740 [INFO] PluginManager:220 - loadIPPluginJar : add i3c
2025-04-23 20:54:22,989 [INFO] IPUIPlugin:80 - create IPUIPlugin
2025-04-23 20:54:22,990 [INFO] PluginManager:220 - loadIPPluginJar : add ipddr
2025-04-23 20:54:23,229 [INFO] IPUIPlugin:80 - create IPUIPlugin
2025-04-23 20:54:23,229 [INFO] PluginManager:220 - loadIPPluginJar : add linkedlist
2025-04-23 20:54:23,330 [INFO] IPUIPlugin:80 - create IPUIPlugin
2025-04-23 20:54:23,330 [INFO] PluginManager:220 - loadIPPluginJar : add lorawan
2025-04-23 20:54:23,436 [INFO] IPUIPlugin:80 - create IPUIPlugin
2025-04-23 20:54:23,436 [INFO] PluginManager:220 - loadIPPluginJar : add ltdc
2025-04-23 20:54:23,462 [INFO] IPUIPlugin:80 - create IPUIPlugin
2025-04-23 20:54:23,462 [INFO] PluginManager:220 - loadIPPluginJar : add mdma
2025-04-23 20:54:23,491 [INFO] IPUIPlugin:80 - create IPUIPlugin
2025-04-23 20:54:23,491 [INFO] PluginManager:220 - loadIPPluginJar : add nvic
2025-04-23 20:54:23,602 [INFO] IPUIPlugin:80 - create IPUIPlugin
2025-04-23 20:54:23,602 [INFO] PluginManager:220 - loadIPPluginJar : add opamp
2025-04-23 20:54:23,740 [INFO] IPUIPlugin:80 - create IPUIPlugin
2025-04-23 20:54:23,740 [INFO] PluginManager:220 - loadIPPluginJar : add openamp
2025-04-23 20:54:23,820 [INFO] IPUIPlugin:80 - create IPUIPlugin
2025-04-23 20:54:23,820 [INFO] PluginManager:220 - loadIPPluginJar : add pdm2pcm
2025-04-23 20:54:23,843 [INFO] IPUIPlugin:80 - create IPUIPlugin
2025-04-23 20:54:23,848 [INFO] PluginManager:220 - loadIPPluginJar : add plateformsettings
2025-04-23 20:54:23,905 [INFO] IPUIPlugin:80 - create IPUIPlugin
2025-04-23 20:54:23,905 [INFO] PluginManager:220 - loadIPPluginJar : add quadspi
2025-04-23 20:54:23,958 [INFO] IPUIPlugin:80 - create IPUIPlugin
2025-04-23 20:54:23,959 [INFO] PluginManager:220 - loadIPPluginJar : add radio
2025-04-23 20:54:23,985 [INFO] IPUIPlugin:80 - create IPUIPlugin
2025-04-23 20:54:23,985 [INFO] PluginManager:220 - loadIPPluginJar : add resmgrutility
2025-04-23 20:54:24,108 [INFO] IPUIPlugin:80 - create IPUIPlugin
2025-04-23 20:54:24,109 [INFO] PluginManager:220 - loadIPPluginJar : add sai
2025-04-23 20:54:24,207 [INFO] IPUIPlugin:80 - create IPUIPlugin
2025-04-23 20:54:24,207 [INFO] PluginManager:220 - loadIPPluginJar : add spi
2025-04-23 20:54:24,348 [INFO] IPUIPlugin:80 - create IPUIPlugin
2025-04-23 20:54:24,348 [INFO] PluginManager:220 - loadIPPluginJar : add stm32_wpan
2025-04-23 20:54:24,389 [INFO] IPUIPlugin:80 - create IPUIPlugin
2025-04-23 20:54:24,389 [INFO] PluginManager:220 - loadIPPluginJar : add tim
2025-04-23 20:54:24,526 [INFO] IPUIPlugin:80 - create IPUIPlugin
2025-04-23 20:54:24,528 [INFO] PluginManager:220 - loadIPPluginJar : add touchsensing
2025-04-23 20:54:24,579 [INFO] IPUIPlugin:80 - create IPUIPlugin
2025-04-23 20:54:24,579 [INFO] PluginManager:220 - loadIPPluginJar : add tracer_emb
2025-04-23 20:54:24,627 [INFO] IPUIPlugin:80 - create IPUIPlugin
2025-04-23 20:54:24,627 [INFO] PluginManager:220 - loadIPPluginJar : add ts
2025-04-23 20:54:24,668 [INFO] IPUIPlugin:80 - create IPUIPlugin
2025-04-23 20:54:24,668 [INFO] PluginManager:220 - loadIPPluginJar : add tsc
2025-04-23 20:54:24,709 [INFO] IPUIPlugin:80 - create IPUIPlugin
2025-04-23 20:54:24,709 [INFO] PluginManager:220 - loadIPPluginJar : add ucpd
2025-04-23 20:54:24,778 [ERROR] ConfigurationRetriever:142 - IOException on connection: sw-center.st.com
2025-04-23 20:54:24,778 [ERROR] ConfigurationRetriever:142 - IOException on connection: sw-center.st.com
2025-04-23 20:54:24,779 [ERROR] ConfigurationRetriever:142 - IOException on connection: sw-center.st.com
2025-04-23 20:54:24,779 [ERROR] ConfigurationRetriever:142 - IOException on connection: sw-center.st.com
2025-04-23 20:54:24,779 [ERROR] ConfigurationRetriever:142 - IOException on connection: sw-center.st.com
2025-04-23 20:54:24,779 [ERROR] ConfigurationRetriever:142 - IOException on connection: sw-center.st.com
2025-04-23 20:54:24,812 [INFO] IPUIPlugin:80 - create IPUIPlugin
2025-04-23 20:54:24,812 [INFO] PluginManager:220 - loadIPPluginJar : add usart
2025-04-23 20:54:24,895 [INFO] IPUIPlugin:80 - create IPUIPlugin
2025-04-23 20:54:24,896 [INFO] PluginManager:220 - loadIPPluginJar : add usbx
2025-04-23 20:54:25,008 [INFO] ThirdPartyUpdaterWithRetryManager:70 - Updater plugin not ready yet. [3/15]
2025-04-23 20:54:25,056 [FATAL] Updater:351 - Updater called before beeing initialized
2025-04-23 20:54:25,106 [INFO] RulesReader:64 - Compatibility file has been processed (297 Rules)
2025-04-23 20:54:25,130 [INFO] RulesReader:64 - Compatibility file has been processed (297 Rules)
2025-04-23 20:54:25,140 [INFO] CADModel:165 - CPN selected for project level
2025-04-23 20:54:25,140 [INFO] CADModel:114 - Register for checkConnection events
2025-04-23 20:54:25,140 [FATAL] Updater:351 - Updater called before beeing initialized
2025-04-23 20:54:25,141 [ERROR] CADModel:125 - Updater not yet initialized, retry later 
2025-04-23 20:54:25,384 [FATAL] Updater:351 - Updater called before beeing initialized
2025-04-23 20:54:25,389 [INFO] CADModel:165 - CPN selected for project level
2025-04-23 20:54:25,389 [INFO] CADModel:114 - Register for checkConnection events
2025-04-23 20:54:25,389 [FATAL] Updater:351 - Updater called before beeing initialized
2025-04-23 20:54:25,389 [ERROR] CADModel:125 - Updater not yet initialized, retry later 
2025-04-23 20:54:25,396 [FATAL] Updater:351 - Updater called before beeing initialized
2025-04-23 20:54:25,635 [FATAL] Updater:351 - Updater called before beeing initialized
2025-04-23 20:54:25,655 [INFO] DbMcusAds:53 - JSON generation date=Wed Dec 18 00:01:15 IRKT 2024 (1734451275196)
2025-04-23 20:54:25,655 [FATAL] Updater:351 - Updater called before beeing initialized
2025-04-23 20:54:25,825 [WARN] DetailPanel:346 - Failed to get advertising image, set to default
2025-04-23 20:54:26,349 [FATAL] Updater:351 - Updater called before beeing initialized
2025-04-23 20:54:26,351 [FATAL] Updater:351 - Updater called before beeing initialized
2025-04-23 20:54:26,351 [FATAL] Updater:351 - Updater called before beeing initialized
2025-04-23 20:54:26,351 [WARN] DetailPanel:346 - Failed to get advertising image, set to default
2025-04-23 20:54:26,353 [FATAL] Updater:351 - Updater called before beeing initialized
2025-04-23 20:54:26,474 [ERROR] Updater:1198 - MainUpdater not yet initialized. External WinMGr cannot be set.
2025-04-23 20:54:26,490 [INFO] Updater:1134 - Updater Version found : 6.13.0
2025-04-23 20:54:26,519 [INFO] ApplicationProperties:184 - Using Application install path: D:\STM32CubeIDE_1.17.0\STM32CubeIDE\plugins\com.st.stm32cube.common.mx_6.13.0.202411220809
2025-04-23 20:54:28,013 [FATAL] Updater:351 - Updater called before beeing initialized
2025-04-23 20:54:28,015 [ERROR] IntegrityCheckThread:130 - Cannot retrieve database content from updater: error 21
2025-04-23 20:54:28,015 [INFO] ThirdParty:978 - Integrity check success = false
2025-04-23 20:54:28,015 [INFO] IntegrityCheckThread:100 - exiting critical section [integrity check]
2025-04-23 20:54:28,016 [INFO] IntegrityCheckThread:103 - End integrity checks thread
2025-04-23 20:54:28,145 [ERROR] LogOutputStream:75 - [STDERR_REDIRECT] Apr 23, 2025 8:54:28 PM java.util.prefs.WindowsPreferences <init>
2025-04-23 20:54:28,148 [ERROR] LogOutputStream:75 - [STDERR_REDIRECT] WARNING: Could not open/create prefs root node Software\JavaSoft\Prefs at root 0xffffffff80000002. Windows RegCreateKeyEx(...) returned error code 5.
2025-04-23 20:54:28,148 [ERROR] LogOutputStream:75 - [STDERR_REDIRECT] 
2025-04-23 20:54:28,670 [INFO] MainUpdater:2872 - connection check result : 22
2025-04-23 20:54:28,672 [INFO] MainUpdater:289 - Updater Check For Update Now.
2025-04-23 20:54:28,672 [INFO] MicroXplorer:498 - Change Database Version : DB.6.0.130
2025-04-23 20:54:28,701 [INFO] McuFinderGlobals:63 - Set McuFinder mode to 2 (CubeIDE integrated)
2025-04-23 20:54:28,716 [INFO] UserAuth:486 - Internet connection configuration mode: 2
2025-04-23 20:54:28,720 [INFO] UserAuth:486 - Internet connection configuration mode: 2
2025-04-23 20:54:29,011 [INFO] CheckServerUpdateThread:120 - End of CheckServer Thread
