2025-05-03 09:29:49,073 [INFO] Activator:176 - 


2025-05-03 09:29:49,079 [INFO] Activator:177 - !SESSION log4j initialized
2025-05-03 09:29:58,394 [INFO] LogOutputStream:77 - [STDOUT_REDIRECT] 
2025-05-03 09:30:08,839 [INFO] ApplicationProperties:184 - Using Application install path: D:\STM32CubeIDE_1.17.0\STM32CubeIDE\plugins\com.st.stm32cube.common.mx_6.13.0.202411220809
2025-05-03 09:30:08,859 [INFO] DbMcusXml:78 - Set database path to: D:\STM32CubeIDE_1.17.0\STM32CubeIDE\plugins\com.st.stm32cube.common.mx_6.13.0.202411220809\\db\/mcu/
2025-05-03 09:30:08,860 [INFO] ApiDb:274 - Set plugin database path to: D:\STM32CubeIDE_1.17.0\STM32CubeIDE\plugins\com.st.stm32cube.common.mx_6.13.0.202411220809\\db\/plugins/boardmanager/
2025-05-03 09:30:08,860 [WARN] ApiDb:259 - Overriding images path with different value:  => D:\STM32CubeIDE_1.17.0\STM32CubeIDE\plugins\com.st.stm32cube.common.mx_6.13.0.202411220809\\db\/plugins/mcufinder/images/
2025-05-03 09:30:08,878 [INFO] ApiDb:250 - Set database path to: C:\Users\user\.stmcufinder\plugins\mcufinder//mcu/
2025-05-03 09:30:08,880 [INFO] DbMcusAds:125 - Set database path to: C:\Users\user\.stmcufinder\plugins\mcufinder//mcu/
2025-05-03 09:30:08,882 [INFO] CrossReferenceDbSqlite:203 - Set database path to: C:\Users\user\.stmcufinder\plugins\mcufinder//mcu/cs/
2025-05-03 09:30:09,028 [INFO] RulesReader:64 - Compatibility file has been processed (297 Rules)
2025-05-03 09:30:09,140 [INFO] DbMcusXml:78 - Set database path to: D:\STM32CubeIDE_1.17.0\STM32CubeIDE\plugins\com.st.stm32cube.common.mx_6.13.0.202411220809\\db\/mcu/
2025-05-03 09:30:09,140 [INFO] ApiDb:274 - Set plugin database path to: D:\STM32CubeIDE_1.17.0\STM32CubeIDE\plugins\com.st.stm32cube.common.mx_6.13.0.202411220809\\db\/plugins/boardmanager/
2025-05-03 09:30:09,140 [INFO] ApiDb:261 - Set plugin images path to: D:\STM32CubeIDE_1.17.0\STM32CubeIDE\plugins\com.st.stm32cube.common.mx_6.13.0.202411220809\\db\/plugins/mcufinder/images/
2025-05-03 09:30:09,141 [WARN] DbFile:41 - Overriding database path with different value: C:\Users\user\.stmcufinder\plugins\mcufinder/ => C:\Users\user\.stmcufinder\plugins\mcufinder
2025-05-03 09:30:09,141 [INFO] ApiDb:250 - Set database path to: C:\Users\user\.stmcufinder\plugins\mcufinder//mcu/
2025-05-03 09:30:09,141 [WARN] DbFile:41 - Overriding database path with different value: C:\Users\user\.stmcufinder\plugins\mcufinder/ => C:\Users\user\.stmcufinder\plugins\mcufinder
2025-05-03 09:30:09,141 [INFO] DbMcusAds:125 - Set database path to: C:\Users\user\.stmcufinder\plugins\mcufinder//mcu/
2025-05-03 09:30:09,141 [WARN] DbFile:41 - Overriding database path with different value: C:\Users\user\.stmcufinder\plugins\mcufinder/ => C:\Users\user\.stmcufinder\plugins\mcufinder
2025-05-03 09:30:09,141 [WARN] DbFile:41 - Overriding database path with different value: C:\Users\user\.stmcufinder\plugins\mcufinder/ => C:\Users\user\.stmcufinder\plugins\mcufinder
2025-05-03 09:30:09,142 [INFO] CrossReferenceDbSqlite:203 - Set database path to: C:\Users\user\.stmcufinder\plugins\mcufinder//mcu/cs/
2025-05-03 09:30:09,244 [INFO] MainPanel:272 - HeapMemory: 268435456
2025-05-03 09:30:09,365 [INFO] DbMcusXml:78 - Set database path to: D:\STM32CubeIDE_1.17.0\STM32CubeIDE\plugins\com.st.stm32cube.common.mx_6.13.0.202411220809\\db\/mcu/
2025-05-03 09:30:09,365 [INFO] ApiDb:274 - Set plugin database path to: D:\STM32CubeIDE_1.17.0\STM32CubeIDE\plugins\com.st.stm32cube.common.mx_6.13.0.202411220809\\db\/plugins/boardmanager/
2025-05-03 09:30:09,365 [INFO] ApiDb:261 - Set plugin images path to: D:\STM32CubeIDE_1.17.0\STM32CubeIDE\plugins\com.st.stm32cube.common.mx_6.13.0.202411220809\\db\/plugins/mcufinder/images/
2025-05-03 09:30:09,365 [WARN] DbFile:41 - Overriding database path with different value: C:\Users\user\.stmcufinder\plugins\mcufinder/ => C:\Users\user\.stmcufinder\plugins\mcufinder
2025-05-03 09:30:09,366 [INFO] ApiDb:250 - Set database path to: C:\Users\user\.stmcufinder\plugins\mcufinder//mcu/
2025-05-03 09:30:09,366 [WARN] DbFile:41 - Overriding database path with different value: C:\Users\user\.stmcufinder\plugins\mcufinder/ => C:\Users\user\.stmcufinder\plugins\mcufinder
2025-05-03 09:30:09,366 [INFO] DbMcusAds:125 - Set database path to: C:\Users\user\.stmcufinder\plugins\mcufinder//mcu/
2025-05-03 09:30:09,366 [WARN] DbFile:41 - Overriding database path with different value: C:\Users\user\.stmcufinder\plugins\mcufinder/ => C:\Users\user\.stmcufinder\plugins\mcufinder
2025-05-03 09:30:09,366 [WARN] DbFile:41 - Overriding database path with different value: C:\Users\user\.stmcufinder\plugins\mcufinder/ => C:\Users\user\.stmcufinder\plugins\mcufinder
2025-05-03 09:30:09,366 [INFO] CrossReferenceDbSqlite:203 - Set database path to: C:\Users\user\.stmcufinder\plugins\mcufinder//mcu/cs/
2025-05-03 09:30:09,387 [INFO] ApplicationProperties:184 - Using Application install path: D:\STM32CubeIDE_1.17.0\STM32CubeIDE\plugins\com.st.stm32cube.common.mx_6.13.0.202411220809
2025-05-03 09:30:09,388 [INFO] PluginManage:196 - Search for loadable plugins [exclusion list=, ]
2025-05-03 09:30:09,389 [INFO] PluginManage:310 - Check plugin analytics
2025-05-03 09:30:09,615 [INFO] AnalyticsPlugin:253 - Accepted Software Licenses: STM32CubeMX.6.13.0
2025-05-03 09:30:09,615 [INFO] AnalyticsPlugin:255 - Accepted CMSIS Pack Licenses: wolfSSL.I-CUBE-wolfSSH.1.4.17,wolfSSL.I-CUBE-wolfSSL.5.7.4,EmbeddedOffice.I-CUBE-FS-RTOS.1.0.1,wolfSSL.I-CUBE-wolfSSL.5.7.2,wolfSSL.I-CUBE-wolfSSL.4.6.0,wolfSSL.I-CUBE-wolfTPM.3.4.0
2025-05-03 09:30:09,616 [INFO] AnalyticsPlugin:257 - Accepted Firmware Licenses: FW.F4.1.28.0
2025-05-03 09:30:09,620 [INFO] PluginManage:359 - Loaded plugin analytics (category:tool,tabindex:-1)
2025-05-03 09:30:09,620 [INFO] PluginManage:310 - Check plugin cadmodel
2025-05-03 09:30:09,647 [INFO] CADModel:105 - Init CAD model plugin
2025-05-03 09:30:09,647 [INFO] PluginManage:359 - Loaded plugin cadmodel (category:power,tabindex:5)
2025-05-03 09:30:09,647 [INFO] PluginManage:310 - Check plugin clock
2025-05-03 09:30:09,679 [INFO] PluginManage:359 - Loaded plugin clock (category:base,tabindex:2)
2025-05-03 09:30:09,679 [INFO] PluginManage:310 - Check plugin ddr
2025-05-03 09:30:09,682 [INFO] PluginManage:359 - Loaded plugin ddr (category:tool,tabindex:6)
2025-05-03 09:30:09,683 [INFO] PluginManage:310 - Check plugin filemanager
2025-05-03 09:30:09,866 [INFO] PluginManage:359 - Loaded plugin filemanager (category:base,tabindex:10)
2025-05-03 09:30:09,867 [INFO] PluginManage:310 - Check plugin ipmanager
2025-05-03 09:30:09,878 [INFO] PluginManage:359 - Loaded plugin ipmanager (category:base,tabindex:5)
2025-05-03 09:30:09,878 [INFO] PluginManage:310 - Check plugin lpbam
2025-05-03 09:30:09,906 [INFO] PluginManage:359 - Loaded plugin lpbam (category:base,tabindex:0)
2025-05-03 09:30:09,906 [INFO] PluginManage:310 - Check plugin memorymap
2025-05-03 09:30:09,946 [INFO] PluginManage:359 - Loaded plugin memorymap (category:base,tabindex:4)
2025-05-03 09:30:09,946 [INFO] PluginManage:310 - Check plugin pinoutandconfiguration
2025-05-03 09:30:09,974 [INFO] PluginManage:359 - Loaded plugin pinoutandconfiguration (category:base,tabindex:1)
2025-05-03 09:30:09,974 [INFO] PluginManage:310 - Check plugin pinoutconfig
2025-05-03 09:30:10,090 [WARN] SupportedApi:132 - Cannot load RTOS API schema: s4s-elt-must-match.1: The content of 'definitions' must match (annotation?, (simpleType | complexType)?, (unique | key | keyref)*)). A problem was found starting at: attribute.
2025-05-03 09:30:10,248 [INFO] PluginManage:359 - Loaded plugin pinoutconfig (category:base,tabindex:0)
2025-05-03 09:30:10,248 [INFO] PluginManage:310 - Check plugin power
2025-05-03 09:30:10,282 [INFO] PluginManage:359 - Loaded plugin power (category:power,tabindex:4)
2025-05-03 09:30:10,282 [INFO] PluginManage:310 - Check plugin projectmanager
2025-05-03 09:30:10,301 [INFO] PluginManage:359 - Loaded plugin projectmanager (category:projectmanager,tabindex:4)
2025-05-03 09:30:10,302 [INFO] PluginManage:310 - Check plugin rif
2025-05-03 09:30:10,326 [INFO] PluginManage:359 - Loaded plugin rif (category:base,tabindex:3)
2025-05-03 09:30:10,326 [INFO] PluginManage:310 - Check plugin thirdparty
2025-05-03 09:30:10,735 [INFO] PluginManage:359 - Loaded plugin thirdparty (category:base,tabindex:-1)
2025-05-03 09:30:10,735 [WARN] IntegrityCheckThread:84 - waiting for thirdparty lock release [integrity check]
2025-05-03 09:30:10,735 [INFO] PluginManage:310 - Check plugin tools
2025-05-03 09:30:10,735 [INFO] IntegrityCheckThread:86 - entering critical section [integrity check]
2025-05-03 09:30:10,736 [INFO] ThirdPartyUpdaterWithRetryManager:70 - Updater plugin not ready yet. [1/15]
2025-05-03 09:30:10,791 [INFO] PluginManage:359 - Loaded plugin tools (category:base,tabindex:7)
2025-05-03 09:30:10,791 [INFO] PluginManage:310 - Check plugin tutovideos
2025-05-03 09:30:11,014 [INFO] PluginManage:359 - Loaded plugin tutovideos (category:base,tabindex:-1)
2025-05-03 09:30:11,015 [INFO] PluginManage:310 - Check plugin updater
2025-05-03 09:30:11,040 [INFO] PluginManage:359 - Loaded plugin updater (category:base,tabindex:12)
2025-05-03 09:30:11,040 [INFO] PluginManage:310 - Check plugin userauth
2025-05-03 09:30:11,044 [INFO] UserAuth:118 - Init User Auth plugin
2025-05-03 09:30:11,045 [INFO] PluginManage:359 - Loaded plugin userauth (category:base,tabindex:14)
2025-05-03 09:30:11,046 [INFO] PluginManage:283 - PluginManage : Loaded plugins [18]
2025-05-03 09:30:11,294 [INFO] PinOutPanel:1589 - setPackage(No Configuration,No Configuration)
2025-05-03 09:30:11,401 [INFO] CADModel:165 - CPN selected for project level
2025-05-03 09:30:11,402 [INFO] CADModel:114 - Register for checkConnection events
2025-05-03 09:30:11,443 [INFO] IPUIPlugin:80 - create IPUIPlugin
2025-05-03 09:30:11,443 [INFO] PluginManager:220 - loadIPPluginJar : add adc
2025-05-03 09:30:11,517 [INFO] IPUIPlugin:80 - create IPUIPlugin
2025-05-03 09:30:11,517 [INFO] PluginManager:220 - loadIPPluginJar : add aes
2025-05-03 09:30:11,597 [INFO] IPUIPlugin:80 - create IPUIPlugin
2025-05-03 09:30:11,597 [INFO] PluginManager:220 - loadIPPluginJar : add can
2025-05-03 09:30:11,643 [INFO] IPUIPlugin:80 - create IPUIPlugin
2025-05-03 09:30:11,643 [INFO] PluginManager:220 - loadIPPluginJar : add comp
2025-05-03 09:30:11,702 [INFO] IPUIPlugin:80 - create IPUIPlugin
2025-05-03 09:30:11,702 [INFO] PluginManager:220 - loadIPPluginJar : add cryp
2025-05-03 09:30:11,721 [INFO] IPUIPlugin:80 - create IPUIPlugin
2025-05-03 09:30:11,721 [INFO] PluginManager:220 - loadIPPluginJar : add ddr_ctrl_phy
2025-05-03 09:30:11,771 [INFO] IPUIPlugin:80 - create IPUIPlugin
2025-05-03 09:30:11,771 [INFO] PluginManager:220 - loadIPPluginJar : add dfsdm
2025-05-03 09:30:11,793 [INFO] IPUIPlugin:80 - create IPUIPlugin
2025-05-03 09:30:11,793 [INFO] PluginManager:220 - loadIPPluginJar : add dma
2025-05-03 09:30:11,852 [INFO] IPUIPlugin:80 - create IPUIPlugin
2025-05-03 09:30:11,852 [INFO] PluginManager:220 - loadIPPluginJar : add dma3
2025-05-03 09:30:11,919 [INFO] IPUIPlugin:80 - create IPUIPlugin
2025-05-03 09:30:11,919 [INFO] PluginManager:220 - loadIPPluginJar : add extmemmanager
2025-05-03 09:30:11,951 [INFO] IPUIPlugin:80 - create IPUIPlugin
2025-05-03 09:30:11,952 [INFO] PluginManager:220 - loadIPPluginJar : add fatfs
2025-05-03 09:30:12,020 [INFO] IPUIPlugin:80 - create IPUIPlugin
2025-05-03 09:30:12,020 [INFO] PluginManager:220 - loadIPPluginJar : add fmc
2025-05-03 09:30:12,043 [INFO] IPUIPlugin:80 - create IPUIPlugin
2025-05-03 09:30:12,043 [INFO] PluginManager:220 - loadIPPluginJar : add freertos
2025-05-03 09:30:12,078 [INFO] IPUIPlugin:80 - create IPUIPlugin
2025-05-03 09:30:12,078 [INFO] PluginManager:220 - loadIPPluginJar : add genericplugin
2025-05-03 09:30:12,216 [INFO] IPUIPlugin:80 - create IPUIPlugin
2025-05-03 09:30:12,216 [INFO] PluginManager:220 - loadIPPluginJar : add gfxmmu
2025-05-03 09:30:12,408 [INFO] IPUIPlugin:80 - create IPUIPlugin
2025-05-03 09:30:12,408 [INFO] PluginManager:220 - loadIPPluginJar : add gic
2025-05-03 09:30:12,427 [INFO] IPUIPlugin:80 - create IPUIPlugin
2025-05-03 09:30:12,427 [INFO] PluginManager:220 - loadIPPluginJar : add gpio
2025-05-03 09:30:12,559 [INFO] IPUIPlugin:80 - create IPUIPlugin
2025-05-03 09:30:12,559 [INFO] PluginManager:220 - loadIPPluginJar : add gtzc
2025-05-03 09:30:12,612 [INFO] IPUIPlugin:80 - create IPUIPlugin
2025-05-03 09:30:12,612 [INFO] PluginManager:220 - loadIPPluginJar : add hash
2025-05-03 09:30:12,692 [INFO] IPUIPlugin:80 - create IPUIPlugin
2025-05-03 09:30:12,692 [INFO] PluginManager:220 - loadIPPluginJar : add i2c
2025-05-03 09:30:12,751 [INFO] IPUIPlugin:80 - create IPUIPlugin
2025-05-03 09:30:12,751 [INFO] PluginManager:220 - loadIPPluginJar : add i2s
2025-05-03 09:30:12,811 [INFO] IPUIPlugin:80 - create IPUIPlugin
2025-05-03 09:30:12,811 [INFO] PluginManager:220 - loadIPPluginJar : add i3c
2025-05-03 09:30:12,949 [INFO] IPUIPlugin:80 - create IPUIPlugin
2025-05-03 09:30:12,950 [INFO] PluginManager:220 - loadIPPluginJar : add ipddr
2025-05-03 09:30:13,087 [INFO] IPUIPlugin:80 - create IPUIPlugin
2025-05-03 09:30:13,088 [INFO] PluginManager:220 - loadIPPluginJar : add linkedlist
2025-05-03 09:30:13,142 [INFO] IPUIPlugin:80 - create IPUIPlugin
2025-05-03 09:30:13,142 [INFO] PluginManager:220 - loadIPPluginJar : add lorawan
2025-05-03 09:30:13,202 [INFO] IPUIPlugin:80 - create IPUIPlugin
2025-05-03 09:30:13,203 [INFO] PluginManager:220 - loadIPPluginJar : add ltdc
2025-05-03 09:30:13,225 [INFO] IPUIPlugin:80 - create IPUIPlugin
2025-05-03 09:30:13,225 [INFO] PluginManager:220 - loadIPPluginJar : add mdma
2025-05-03 09:30:13,243 [INFO] IPUIPlugin:80 - create IPUIPlugin
2025-05-03 09:30:13,244 [INFO] PluginManager:220 - loadIPPluginJar : add nvic
2025-05-03 09:30:13,306 [INFO] IPUIPlugin:80 - create IPUIPlugin
2025-05-03 09:30:13,306 [INFO] PluginManager:220 - loadIPPluginJar : add opamp
2025-05-03 09:30:13,411 [INFO] IPUIPlugin:80 - create IPUIPlugin
2025-05-03 09:30:13,411 [INFO] PluginManager:220 - loadIPPluginJar : add openamp
2025-05-03 09:30:13,475 [INFO] IPUIPlugin:80 - create IPUIPlugin
2025-05-03 09:30:13,475 [INFO] PluginManager:220 - loadIPPluginJar : add pdm2pcm
2025-05-03 09:30:13,496 [INFO] IPUIPlugin:80 - create IPUIPlugin
2025-05-03 09:30:13,498 [INFO] PluginManager:220 - loadIPPluginJar : add plateformsettings
2025-05-03 09:30:13,534 [INFO] IPUIPlugin:80 - create IPUIPlugin
2025-05-03 09:30:13,534 [INFO] PluginManager:220 - loadIPPluginJar : add quadspi
2025-05-03 09:30:13,582 [INFO] IPUIPlugin:80 - create IPUIPlugin
2025-05-03 09:30:13,582 [INFO] PluginManager:220 - loadIPPluginJar : add radio
2025-05-03 09:30:13,601 [INFO] IPUIPlugin:80 - create IPUIPlugin
2025-05-03 09:30:13,601 [INFO] PluginManager:220 - loadIPPluginJar : add resmgrutility
2025-05-03 09:30:13,669 [INFO] IPUIPlugin:80 - create IPUIPlugin
2025-05-03 09:30:13,669 [INFO] PluginManager:220 - loadIPPluginJar : add sai
2025-05-03 09:30:13,726 [INFO] IPUIPlugin:80 - create IPUIPlugin
2025-05-03 09:30:13,726 [INFO] PluginManager:220 - loadIPPluginJar : add spi
2025-05-03 09:30:13,738 [INFO] ThirdPartyUpdaterWithRetryManager:70 - Updater plugin not ready yet. [2/15]
2025-05-03 09:30:13,821 [INFO] IPUIPlugin:80 - create IPUIPlugin
2025-05-03 09:30:13,821 [INFO] PluginManager:220 - loadIPPluginJar : add stm32_wpan
2025-05-03 09:30:13,858 [INFO] IPUIPlugin:80 - create IPUIPlugin
2025-05-03 09:30:13,858 [INFO] PluginManager:220 - loadIPPluginJar : add tim
2025-05-03 09:30:13,945 [INFO] IPUIPlugin:80 - create IPUIPlugin
2025-05-03 09:30:13,945 [INFO] PluginManager:220 - loadIPPluginJar : add touchsensing
2025-05-03 09:30:13,981 [INFO] IPUIPlugin:80 - create IPUIPlugin
2025-05-03 09:30:13,981 [INFO] PluginManager:220 - loadIPPluginJar : add tracer_emb
2025-05-03 09:30:14,019 [INFO] IPUIPlugin:80 - create IPUIPlugin
2025-05-03 09:30:14,019 [INFO] PluginManager:220 - loadIPPluginJar : add ts
2025-05-03 09:30:14,056 [INFO] IPUIPlugin:80 - create IPUIPlugin
2025-05-03 09:30:14,057 [INFO] PluginManager:220 - loadIPPluginJar : add tsc
2025-05-03 09:30:14,091 [INFO] IPUIPlugin:80 - create IPUIPlugin
2025-05-03 09:30:14,092 [INFO] PluginManager:220 - loadIPPluginJar : add ucpd
2025-05-03 09:30:14,168 [INFO] IPUIPlugin:80 - create IPUIPlugin
2025-05-03 09:30:14,168 [INFO] PluginManager:220 - loadIPPluginJar : add usart
2025-05-03 09:30:14,230 [INFO] IPUIPlugin:80 - create IPUIPlugin
2025-05-03 09:30:14,230 [INFO] PluginManager:220 - loadIPPluginJar : add usbx
2025-05-03 09:30:14,364 [FATAL] Updater:351 - Updater called before beeing initialized
2025-05-03 09:30:14,396 [INFO] RulesReader:64 - Compatibility file has been processed (297 Rules)
2025-05-03 09:30:14,410 [INFO] RulesReader:64 - Compatibility file has been processed (297 Rules)
2025-05-03 09:30:14,420 [INFO] CADModel:165 - CPN selected for project level
2025-05-03 09:30:14,420 [INFO] CADModel:114 - Register for checkConnection events
2025-05-03 09:30:14,421 [FATAL] Updater:351 - Updater called before beeing initialized
2025-05-03 09:30:14,421 [ERROR] CADModel:125 - Updater not yet initialized, retry later 
2025-05-03 09:30:14,619 [FATAL] Updater:351 - Updater called before beeing initialized
2025-05-03 09:30:14,622 [INFO] CADModel:165 - CPN selected for project level
2025-05-03 09:30:14,622 [INFO] CADModel:114 - Register for checkConnection events
2025-05-03 09:30:14,622 [FATAL] Updater:351 - Updater called before beeing initialized
2025-05-03 09:30:14,622 [ERROR] CADModel:125 - Updater not yet initialized, retry later 
2025-05-03 09:30:14,626 [FATAL] Updater:351 - Updater called before beeing initialized
2025-05-03 09:30:14,793 [FATAL] Updater:351 - Updater called before beeing initialized
2025-05-03 09:30:14,810 [INFO] DbMcusAds:53 - JSON generation date=Wed Dec 18 00:01:15 IRKT 2024 (1734451275196)
2025-05-03 09:30:14,810 [FATAL] Updater:351 - Updater called before beeing initialized
2025-05-03 09:30:14,918 [WARN] DetailPanel:346 - Failed to get advertising image, set to default
2025-05-03 09:30:15,173 [FATAL] Updater:351 - Updater called before beeing initialized
2025-05-03 09:30:15,175 [FATAL] Updater:351 - Updater called before beeing initialized
2025-05-03 09:30:15,175 [FATAL] Updater:351 - Updater called before beeing initialized
2025-05-03 09:30:15,175 [WARN] DetailPanel:346 - Failed to get advertising image, set to default
2025-05-03 09:30:15,176 [FATAL] Updater:351 - Updater called before beeing initialized
2025-05-03 09:30:15,250 [ERROR] Updater:1198 - MainUpdater not yet initialized. External WinMGr cannot be set.
2025-05-03 09:30:15,264 [INFO] Updater:1134 - Updater Version found : 6.13.0
2025-05-03 09:30:15,284 [INFO] ApplicationProperties:184 - Using Application install path: D:\STM32CubeIDE_1.17.0\STM32CubeIDE\plugins\com.st.stm32cube.common.mx_6.13.0.202411220809
2025-05-03 09:30:16,740 [INFO] ThirdPartyUpdaterWithRetryManager:70 - Updater plugin not ready yet. [3/15]
2025-05-03 09:30:16,870 [ERROR] LogOutputStream:75 - [STDERR_REDIRECT] May 03, 2025 9:30:16 AM java.util.prefs.WindowsPreferences <init>
2025-05-03 09:30:16,872 [ERROR] LogOutputStream:75 - [STDERR_REDIRECT] WARNING: Could not open/create prefs root node Software\JavaSoft\Prefs at root 0xffffffff80000002. Windows RegCreateKeyEx(...) returned error code 5.
2025-05-03 09:30:16,872 [ERROR] LogOutputStream:75 - [STDERR_REDIRECT] 
2025-05-03 09:30:17,461 [ERROR] CheckConnectionManager:249 - Problem, Http access forbiden
2025-05-03 09:30:17,466 [INFO] MainUpdater:2872 - connection check result : 22
2025-05-03 09:30:17,467 [INFO] MainUpdater:289 - Updater Check For Update Now.
2025-05-03 09:30:17,467 [INFO] MicroXplorer:498 - Change Database Version : DB.6.0.130
2025-05-03 09:30:17,497 [INFO] McuFinderGlobals:63 - Set McuFinder mode to 2 (CubeIDE integrated)
2025-05-03 09:30:17,514 [INFO] UserAuth:486 - Internet connection configuration mode: 2
2025-05-03 09:30:17,519 [INFO] UserAuth:486 - Internet connection configuration mode: 2
2025-05-03 09:30:17,800 [INFO] CheckServerUpdateThread:120 - End of CheckServer Thread
2025-05-03 09:30:20,023 [WARN] PackLoader:240 - Cannot read IP mode file for STMicroelectronics.FP-SNS-MOTENVWB1.1.4.0
2025-05-03 09:30:20,052 [WARN] PackLoader:240 - Cannot read IP mode file for STMicroelectronics.FP-ATR-ASTRA1.2.0.2
2025-05-03 09:30:20,071 [WARN] PackLoader:240 - Cannot read IP mode file for STMicroelectronics.FP-ATR-ASTRA1.2.0.1
2025-05-03 09:30:20,092 [WARN] PackLoader:240 - Cannot read IP mode file for STMicroelectronics.X-CUBE-SMBUS.2.1.0
2025-05-03 09:30:20,115 [WARN] PackLoader:240 - Cannot read IP mode file for STMicroelectronics.X-CUBE-WB05N.1.1.0
2025-05-03 09:30:20,176 [WARN] PackLoader:240 - Cannot read IP mode file for STMicroelectronics.X-CUBE-AZRTOS-F7.1.1.0
2025-05-03 09:30:20,268 [WARN] PackLoader:240 - Cannot read IP mode file for STMicroelectronics.X-CUBE-MEMS1.11.0.0
2025-05-03 09:30:20,489 [WARN] PackLoader:240 - Cannot read IP mode file for STMicroelectronics.FP-SNS-FLIGHT1.5.0.2
2025-05-03 09:30:20,532 [WARN] PackLoader:240 - Cannot read IP mode file for Infineon.AIROC-Wi-Fi-Bluetooth-STM32.1.7.0
2025-05-03 09:30:20,561 [WARN] PackLoader:240 - Cannot read IP mode file for STMicroelectronics.X-CUBE-DISPLAY.3.0.0
2025-05-03 09:30:20,587 [WARN] PackLoader:240 - Cannot read IP mode file for STMicroelectronics.X-CUBE-BLE1.7.0.0
2025-05-03 09:30:20,613 [WARN] PackLoader:240 - Cannot read IP mode file for STMicroelectronics.X-CUBE-NFC10.1.0.0
2025-05-03 09:30:20,641 [WARN] PackLoader:240 - Cannot read IP mode file for STMicroelectronics.X-CUBE-BLEMGR.4.0.0
2025-05-03 09:30:20,665 [WARN] PackLoader:240 - Cannot read IP mode file for emotas.I-CUBE-CANOPEN.1.3.0
2025-05-03 09:30:20,686 [WARN] PackLoader:240 - Cannot read IP mode file for STMicroelectronics.X-CUBE-AI.10.0.0
2025-05-03 09:30:20,707 [WARN] PackLoader:240 - Cannot read IP mode file for STMicroelectronics.FP-SNS-SMARTAG2.1.2.0
2025-05-03 09:30:20,725 [WARN] PackLoader:240 - Cannot read IP mode file for STMicroelectronics.FP-SNS-FLIGHT1.5.1.0
2025-05-03 09:30:20,813 [WARN] PackLoader:240 - Cannot read IP mode file for STMicroelectronics.X-CUBE-MEMS1.11.1.0
2025-05-03 09:30:21,025 [INFO] LogOutputStream:77 - [STDOUT_REDIRECT] 1 : Invalid condition id : UX_CORESTACK_Condition cause : null
2025-05-03 09:30:21,027 [INFO] LogOutputStream:77 - [STDOUT_REDIRECT] 1 : Invalid condition id : UX_CORESTACK_Condition cause : null
2025-05-03 09:30:21,029 [INFO] LogOutputStream:77 - [STDOUT_REDIRECT] 1 : Invalid condition id : UX_CORESTACK_Condition cause : null
2025-05-03 09:30:21,032 [INFO] LogOutputStream:77 - [STDOUT_REDIRECT] 1 : Invalid condition id : UX_CORESTACK_Condition cause : null
2025-05-03 09:30:21,034 [INFO] LogOutputStream:77 - [STDOUT_REDIRECT] 1 : Invalid condition id : UX_CORESTACK_Condition cause : null
2025-05-03 09:30:21,038 [WARN] PackLoader:240 - Cannot read IP mode file for STMicroelectronics.X-CUBE-AZRTOS-WL.2.0.0
2025-05-03 09:30:21,067 [WARN] PackLoader:240 - Cannot read IP mode file for STMicroelectronics.FP-SNS-MOTENV1.5.0.0
2025-05-03 09:30:21,086 [WARN] PackLoader:240 - Cannot read IP mode file for wolfSSL.I-CUBE-wolfMQTT.1.19.0
2025-05-03 09:30:21,109 [WARN] PackLoader:240 - Cannot read IP mode file for WES.I-CUBE-Cesium.1.3.0
2025-05-03 09:30:21,129 [WARN] PackLoader:240 - Cannot read IP mode file for STMicroelectronics.X-CUBE-BLE2.3.3.0
2025-05-03 09:30:21,152 [WARN] PackLoader:240 - Cannot read IP mode file for STMicroelectronics.X-CUBE-NFC9.1.0.0
2025-05-03 09:30:21,173 [WARN] PackLoader:240 - Cannot read IP mode file for STMicroelectronics.X-CUBE-BLE1.7.1.0
2025-05-03 09:30:21,196 [WARN] PackLoader:240 - Cannot read IP mode file for STMicroelectronics.X-CUBE-TCPP.4.1.0
2025-05-03 09:30:21,274 [WARN] PackLoader:240 - Cannot read IP mode file for STMicroelectronics.X-CUBE-MEMS1.11.2.0
2025-05-03 09:30:21,430 [WARN] PackLoader:240 - Cannot read IP mode file for STMicroelectronics.X-CUBE-AZRTOS-G0.1.1.0
2025-05-03 09:30:21,454 [WARN] PackLoader:240 - Cannot read IP mode file for STMicroelectronics.X-CUBE-SAFEA1.1.2.2
2025-05-03 09:30:21,475 [WARN] PackLoader:240 - Cannot read IP mode file for STMicroelectronics.X-CUBE-NFC4.3.0.0
2025-05-03 09:30:21,501 [WARN] PackLoader:240 - Cannot read IP mode file for EmbeddedOffice.I-CUBE-FS-RTOS.1.0.1
2025-05-03 09:30:21,650 [WARN] PackLoader:240 - Cannot read IP mode file for STMicroelectronics.X-CUBE-WB05N.2.0.0
2025-05-03 09:30:21,670 [WARN] PackLoader:240 - Cannot read IP mode file for STMicroelectronics.X-CUBE-TCPP.4.2.0
2025-05-03 09:30:21,690 [WARN] PackLoader:240 - Cannot read IP mode file for RealThread.X-CUBE-RT-Thread_Nano.4.1.1
2025-05-03 09:30:21,710 [WARN] PackLoader:240 - Cannot read IP mode file for STMicroelectronics.FP-ATR-SIGFOX1.3.2.0
2025-05-03 09:30:21,730 [WARN] PackLoader:240 - Cannot read IP mode file for wolfSSL.I-CUBE-wolfSSL.5.7.2
2025-05-03 09:30:21,832 [WARN] ConditionMgr:438 - getConditionDescription Invalid condition id : Cortex-A Device cause : null
2025-05-03 09:30:21,865 [WARN] ConditionMgr:1044 - genDependencies : Invalid condition id : Cortex-A Device cause : null
2025-05-03 09:30:21,866 [WARN] ConditionMgr:1044 - genDependencies : Invalid condition id : Cortex-A Device cause : null
2025-05-03 09:30:21,866 [WARN] ConditionMgr:1044 - genDependencies : Invalid condition id : Cortex-A Device cause : null
2025-05-03 09:30:21,886 [WARN] PackLoader:240 - Cannot read IP mode file for STMicroelectronics.X-CUBE-EEPRMA1.5.1.0
2025-05-03 09:30:21,909 [WARN] PackLoader:240 - Cannot read IP mode file for wolfSSL.I-CUBE-wolfSSL.5.7.4
2025-05-03 09:30:22,002 [WARN] PackLoader:240 - Cannot read IP mode file for ITTIA_DB.I-CUBE-ITTIADB.8.9.0
2025-05-03 09:30:22,048 [WARN] PackLoader:240 - Cannot read IP mode file for SEGGER.I-CUBE-embOS.1.3.1
2025-05-03 09:30:22,107 [WARN] PackLoader:240 - Cannot read IP mode file for STMicroelectronics.X-CUBE-ALGOBUILD.1.4.0
2025-05-03 09:30:22,128 [WARN] PackLoader:240 - Cannot read IP mode file for STMicroelectronics.X-CUBE-AI.9.1.0
2025-05-03 09:30:22,167 [WARN] PackLoader:240 - Cannot read IP mode file for STMicroelectronics.X-CUBE-AZRTOS-F4.1.1.0
2025-05-03 09:30:22,189 [WARN] PackLoader:240 - Cannot read IP mode file for Avnet-IotConnect.X-CUBE-IoTC-DA16k-PMOD.1.0.0
2025-05-03 09:30:22,208 [WARN] PackLoader:240 - Cannot read IP mode file for STMicroelectronics.X-CUBE-ISPU.2.1.0
2025-05-03 09:30:22,228 [WARN] PackLoader:240 - Cannot read IP mode file for STMicroelectronics.X-CUBE-FREERTOS.1.2.0
2025-05-03 09:30:22,263 [WARN] PackLoader:240 - Cannot read IP mode file for STMicroelectronics.X-CUBE-AZRTOS-L5.2.0.0
2025-05-03 09:30:22,289 [WARN] PackLoader:240 - Cannot read IP mode file for STMicroelectronics.X-CUBE-NFC6.3.1.0
2025-05-03 09:30:22,310 [WARN] PackLoader:240 - Cannot read IP mode file for STMicroelectronics.X-CUBE-DPower.1.2.0
2025-05-03 09:30:22,329 [WARN] PackLoader:240 - Cannot read IP mode file for STMicroelectronics.X-CUBE-FREERTOS.1.3.0
2025-05-03 09:30:22,348 [WARN] PackLoader:240 - Cannot read IP mode file for STMicroelectronics.X-CUBE-NFC7.1.0.1
2025-05-03 09:30:22,369 [WARN] PackLoader:240 - Cannot read IP mode file for STMicroelectronics.X-CUBE-DPower.1.3.0
2025-05-03 09:30:22,409 [WARN] ConditionMgr:438 - getConditionDescription Invalid condition id : LAN8742 Phy interface Condition cause : null
2025-05-03 09:30:22,409 [WARN] PackLoader:240 - Cannot read IP mode file for STMicroelectronics.X-CUBE-AZRTOS-L4.2.0.0
2025-05-03 09:30:22,410 [WARN] ConditionMgr:1044 - genDependencies : Invalid condition id : LAN8742 Phy interface Condition cause : null
2025-05-03 09:30:22,411 [WARN] ConditionMgr:1044 - genDependencies : Invalid condition id : LAN8742 Phy interface Condition cause : null
2025-05-03 09:30:22,411 [WARN] ConditionMgr:1044 - genDependencies : Invalid condition id : LAN8742 Phy interface Condition cause : null
2025-05-03 09:30:22,432 [WARN] PackLoader:240 - Cannot read IP mode file for STMicroelectronics.X-CUBE-SFXS2LP1.4.0.0
2025-05-03 09:30:22,477 [WARN] PackLoader:240 - Cannot read IP mode file for STMicroelectronics.X-CUBE-AZRTOS-H7.3.3.0
2025-05-03 09:30:22,508 [WARN] PackLoader:240 - Cannot read IP mode file for STMicroelectronics.X-CUBE-IPS.3.0.0
2025-05-03 09:30:22,544 [WARN] ConditionMgr:438 - getConditionDescription Invalid condition id : UX DEVICE CLASS RTOS Condition cause : null
2025-05-03 09:30:22,544 [WARN] ConditionMgr:438 - getConditionDescription Invalid condition id : UX DEVICE CLASS RTOS Condition cause : null
2025-05-03 09:30:22,546 [WARN] PackLoader:240 - Cannot read IP mode file for STMicroelectronics.X-CUBE-AZRTOS-WB.2.0.0
2025-05-03 09:30:22,546 [WARN] ConditionMgr:1044 - genDependencies : Invalid condition id : UX DEVICE CLASS RTOS Condition cause : null
2025-05-03 09:30:22,548 [WARN] ConditionMgr:1044 - genDependencies : Invalid condition id : UX DEVICE CLASS RTOS Condition cause : null
2025-05-03 09:30:22,548 [WARN] ConditionMgr:1044 - genDependencies : Invalid condition id : UX DEVICE CLASS RTOS Condition cause : null
2025-05-03 09:30:22,548 [WARN] ConditionMgr:1044 - genDependencies : Invalid condition id : UX DEVICE CLASS RTOS Condition cause : null
2025-05-03 09:30:22,548 [WARN] ConditionMgr:1044 - genDependencies : Invalid condition id : UX DEVICE CLASS RTOS Condition cause : null
2025-05-03 09:30:22,567 [WARN] PackLoader:240 - Cannot read IP mode file for STMicroelectronics.X-CUBE-GNSS1.7.0.0
2025-05-03 09:30:22,589 [WARN] PackLoader:240 - Cannot read IP mode file for STMicroelectronics.X-CUBE-GNSS1.7.0.1
2025-05-03 09:30:22,611 [WARN] PackLoader:240 - Cannot read IP mode file for STMicroelectronics.X-CUBE-TOUCHGFX.4.25.0
2025-05-03 09:30:22,633 [WARN] PackLoader:240 - Cannot read IP mode file for STMicroelectronics.FP-SNS-STBOX1.2.0.0
2025-05-03 09:30:22,662 [WARN] PackLoader:240 - Cannot read IP mode file for STMicroelectronics.X-CUBE-SUBG2.5.0.0
2025-05-03 09:30:22,707 [WARN] PackLoader:240 - Cannot read IP mode file for STMicroelectronics.X-CUBE-AZRTOS-H7RS.1.1.0
2025-05-03 09:30:22,728 [WARN] PackLoader:240 - Cannot read IP mode file for Cesanta.I-CUBE-Mongoose.7.13.0
2025-05-03 09:30:22,761 [WARN] PackLoader:240 - Cannot read IP mode file for STMicroelectronics.X-CUBE-AZRTOS-G4.2.0.0
2025-05-03 09:30:22,784 [WARN] PackLoader:240 - Cannot read IP mode file for wolfSSL.I-CUBE-wolfSSL.4.6.0
2025-05-03 09:30:22,876 [WARN] PackLoader:240 - Cannot read IP mode file for STMicroelectronics.X-CUBE-IPS.3.1.0
2025-05-03 09:30:22,900 [WARN] PackLoader:240 - Cannot read IP mode file for STMicroelectronics.X-CUBE-ALS.1.0.2
2025-05-03 09:30:22,917 [WARN] PackLoader:240 - Cannot read IP mode file for STMicroelectronics.X-CUBE-TOUCHGFX.4.24.2
2025-05-03 09:30:22,932 [WARN] PackLoader:240 - Cannot read IP mode file for STMicroelectronics.X-CUBE-TOUCHGFX.4.24.1
2025-05-03 09:30:22,949 [WARN] PackLoader:240 - Cannot read IP mode file for wolfSSL.I-CUBE-wolfTPM.3.4.0
2025-05-03 09:30:23,027 [WARN] PackLoader:240 - Cannot read IP mode file for portGmbH.I-Cube-SoM-uGOAL.1.1.0
2025-05-03 09:30:23,064 [WARN] PackLoader:240 - Cannot read IP mode file for STMicroelectronics.X-CUBE-AZRTOS-H7RS.1.0.0
2025-05-03 09:30:23,094 [WARN] PackLoader:240 - Cannot read IP mode file for STMicroelectronics.X-CUBE-TOF1.3.4.2
2025-05-03 09:30:23,123 [WARN] PackLoader:240 - Cannot read IP mode file for STMicroelectronics.X-CUBE-TOF1.3.4.3
2025-05-03 09:30:23,149 [WARN] PackLoader:240 - Cannot read IP mode file for wolfSSL.I-CUBE-wolfSSH.1.4.17
2025-05-03 09:30:23,202 [INFO] ThirdParty:978 - Integrity check success = true
2025-05-03 09:30:23,204 [INFO] IntegrityCheckThread:100 - exiting critical section [integrity check]
2025-05-03 09:30:23,204 [INFO] IntegrityCheckThread:103 - End integrity checks thread
