2025-03-26 12:35:25,758 [INFO] Activator:176 - 


2025-03-26 12:35:25,765 [INFO] Activator:177 - !SESSION log4j initialized
2025-03-26 12:35:35,086 [INFO] LogOutputStream:77 - [STDOUT_REDIRECT] 
2025-03-26 12:35:41,786 [INFO] ApplicationProperties:184 - Using Application install path: D:\STM32CubeIDE_1.17.0\STM32CubeIDE\plugins\com.st.stm32cube.common.mx_6.13.0.202411220809
2025-03-26 12:35:41,810 [INFO] DbMcusXml:78 - Set database path to: D:\STM32CubeIDE_1.17.0\STM32CubeIDE\plugins\com.st.stm32cube.common.mx_6.13.0.202411220809\\db\/mcu/
2025-03-26 12:35:41,810 [INFO] ApiDb:274 - Set plugin database path to: D:\STM32CubeIDE_1.17.0\STM32CubeIDE\plugins\com.st.stm32cube.common.mx_6.13.0.202411220809\\db\/plugins/boardmanager/
2025-03-26 12:35:41,811 [WARN] ApiDb:259 - Overriding images path with different value:  => D:\STM32CubeIDE_1.17.0\STM32CubeIDE\plugins\com.st.stm32cube.common.mx_6.13.0.202411220809\\db\/plugins/mcufinder/images/
2025-03-26 12:35:41,828 [INFO] ApiDb:250 - Set database path to: C:\Users\user\.stmcufinder\plugins\mcufinder//mcu/
2025-03-26 12:35:41,829 [INFO] DbMcusAds:125 - Set database path to: C:\Users\user\.stmcufinder\plugins\mcufinder//mcu/
2025-03-26 12:35:41,832 [INFO] CrossReferenceDbSqlite:203 - Set database path to: C:\Users\user\.stmcufinder\plugins\mcufinder//mcu/cs/
2025-03-26 12:35:42,003 [INFO] RulesReader:64 - Compatibility file has been processed (297 Rules)
2025-03-26 12:35:42,117 [INFO] DbMcusXml:78 - Set database path to: D:\STM32CubeIDE_1.17.0\STM32CubeIDE\plugins\com.st.stm32cube.common.mx_6.13.0.202411220809\\db\/mcu/
2025-03-26 12:35:42,117 [INFO] ApiDb:274 - Set plugin database path to: D:\STM32CubeIDE_1.17.0\STM32CubeIDE\plugins\com.st.stm32cube.common.mx_6.13.0.202411220809\\db\/plugins/boardmanager/
2025-03-26 12:35:42,117 [INFO] ApiDb:261 - Set plugin images path to: D:\STM32CubeIDE_1.17.0\STM32CubeIDE\plugins\com.st.stm32cube.common.mx_6.13.0.202411220809\\db\/plugins/mcufinder/images/
2025-03-26 12:35:42,118 [WARN] DbFile:41 - Overriding database path with different value: C:\Users\user\.stmcufinder\plugins\mcufinder/ => C:\Users\user\.stmcufinder\plugins\mcufinder
2025-03-26 12:35:42,118 [INFO] ApiDb:250 - Set database path to: C:\Users\user\.stmcufinder\plugins\mcufinder//mcu/
2025-03-26 12:35:42,118 [WARN] DbFile:41 - Overriding database path with different value: C:\Users\user\.stmcufinder\plugins\mcufinder/ => C:\Users\user\.stmcufinder\plugins\mcufinder
2025-03-26 12:35:42,118 [INFO] DbMcusAds:125 - Set database path to: C:\Users\user\.stmcufinder\plugins\mcufinder//mcu/
2025-03-26 12:35:42,118 [WARN] DbFile:41 - Overriding database path with different value: C:\Users\user\.stmcufinder\plugins\mcufinder/ => C:\Users\user\.stmcufinder\plugins\mcufinder
2025-03-26 12:35:42,118 [WARN] DbFile:41 - Overriding database path with different value: C:\Users\user\.stmcufinder\plugins\mcufinder/ => C:\Users\user\.stmcufinder\plugins\mcufinder
2025-03-26 12:35:42,118 [INFO] CrossReferenceDbSqlite:203 - Set database path to: C:\Users\user\.stmcufinder\plugins\mcufinder//mcu/cs/
2025-03-26 12:35:42,218 [INFO] MainPanel:272 - HeapMemory: 268435456
2025-03-26 12:35:42,358 [INFO] DbMcusXml:78 - Set database path to: D:\STM32CubeIDE_1.17.0\STM32CubeIDE\plugins\com.st.stm32cube.common.mx_6.13.0.202411220809\\db\/mcu/
2025-03-26 12:35:42,358 [INFO] ApiDb:274 - Set plugin database path to: D:\STM32CubeIDE_1.17.0\STM32CubeIDE\plugins\com.st.stm32cube.common.mx_6.13.0.202411220809\\db\/plugins/boardmanager/
2025-03-26 12:35:42,358 [INFO] ApiDb:261 - Set plugin images path to: D:\STM32CubeIDE_1.17.0\STM32CubeIDE\plugins\com.st.stm32cube.common.mx_6.13.0.202411220809\\db\/plugins/mcufinder/images/
2025-03-26 12:35:42,359 [WARN] DbFile:41 - Overriding database path with different value: C:\Users\user\.stmcufinder\plugins\mcufinder/ => C:\Users\user\.stmcufinder\plugins\mcufinder
2025-03-26 12:35:42,359 [INFO] ApiDb:250 - Set database path to: C:\Users\user\.stmcufinder\plugins\mcufinder//mcu/
2025-03-26 12:35:42,360 [WARN] DbFile:41 - Overriding database path with different value: C:\Users\user\.stmcufinder\plugins\mcufinder/ => C:\Users\user\.stmcufinder\plugins\mcufinder
2025-03-26 12:35:42,360 [INFO] DbMcusAds:125 - Set database path to: C:\Users\user\.stmcufinder\plugins\mcufinder//mcu/
2025-03-26 12:35:42,360 [WARN] DbFile:41 - Overriding database path with different value: C:\Users\user\.stmcufinder\plugins\mcufinder/ => C:\Users\user\.stmcufinder\plugins\mcufinder
2025-03-26 12:35:42,360 [WARN] DbFile:41 - Overriding database path with different value: C:\Users\user\.stmcufinder\plugins\mcufinder/ => C:\Users\user\.stmcufinder\plugins\mcufinder
2025-03-26 12:35:42,360 [INFO] CrossReferenceDbSqlite:203 - Set database path to: C:\Users\user\.stmcufinder\plugins\mcufinder//mcu/cs/
2025-03-26 12:35:42,383 [INFO] ApplicationProperties:184 - Using Application install path: D:\STM32CubeIDE_1.17.0\STM32CubeIDE\plugins\com.st.stm32cube.common.mx_6.13.0.202411220809
2025-03-26 12:35:42,384 [INFO] PluginManage:196 - Search for loadable plugins [exclusion list=, ]
2025-03-26 12:35:42,385 [INFO] PluginManage:310 - Check plugin analytics
2025-03-26 12:35:42,667 [INFO] AnalyticsPlugin:253 - Accepted Software Licenses: STM32CubeMX.6.13.0
2025-03-26 12:35:42,668 [INFO] AnalyticsPlugin:255 - Accepted CMSIS Pack Licenses: wolfSSL.I-CUBE-wolfSSH.1.4.17,wolfSSL.I-CUBE-wolfSSL.5.7.4,EmbeddedOffice.I-CUBE-FS-RTOS.1.0.1
2025-03-26 12:35:42,668 [INFO] AnalyticsPlugin:257 - Accepted Firmware Licenses: FW.F4.1.28.0
2025-03-26 12:35:42,672 [INFO] PluginManage:359 - Loaded plugin analytics (category:tool,tabindex:-1)
2025-03-26 12:35:42,672 [INFO] PluginManage:310 - Check plugin cadmodel
2025-03-26 12:35:42,698 [INFO] CADModel:105 - Init CAD model plugin
2025-03-26 12:35:42,698 [INFO] PluginManage:359 - Loaded plugin cadmodel (category:power,tabindex:5)
2025-03-26 12:35:42,698 [INFO] PluginManage:310 - Check plugin clock
2025-03-26 12:35:42,727 [INFO] PluginManage:359 - Loaded plugin clock (category:base,tabindex:2)
2025-03-26 12:35:42,728 [INFO] PluginManage:310 - Check plugin ddr
2025-03-26 12:35:42,731 [INFO] PluginManage:359 - Loaded plugin ddr (category:tool,tabindex:6)
2025-03-26 12:35:42,731 [INFO] PluginManage:310 - Check plugin filemanager
2025-03-26 12:35:42,926 [INFO] PluginManage:359 - Loaded plugin filemanager (category:base,tabindex:10)
2025-03-26 12:35:42,927 [INFO] PluginManage:310 - Check plugin ipmanager
2025-03-26 12:35:42,935 [INFO] PluginManage:359 - Loaded plugin ipmanager (category:base,tabindex:5)
2025-03-26 12:35:42,936 [INFO] PluginManage:310 - Check plugin lpbam
2025-03-26 12:35:42,956 [INFO] PluginManage:359 - Loaded plugin lpbam (category:base,tabindex:0)
2025-03-26 12:35:42,956 [INFO] PluginManage:310 - Check plugin memorymap
2025-03-26 12:35:42,984 [INFO] PluginManage:359 - Loaded plugin memorymap (category:base,tabindex:4)
2025-03-26 12:35:42,984 [INFO] PluginManage:310 - Check plugin pinoutandconfiguration
2025-03-26 12:35:43,009 [INFO] PluginManage:359 - Loaded plugin pinoutandconfiguration (category:base,tabindex:1)
2025-03-26 12:35:43,009 [INFO] PluginManage:310 - Check plugin pinoutconfig
2025-03-26 12:35:43,133 [WARN] SupportedApi:132 - Cannot load RTOS API schema: s4s-elt-must-match.1: The content of 'definitions' must match (annotation?, (simpleType | complexType)?, (unique | key | keyref)*)). A problem was found starting at: attribute.
2025-03-26 12:35:43,295 [INFO] PluginManage:359 - Loaded plugin pinoutconfig (category:base,tabindex:0)
2025-03-26 12:35:43,295 [INFO] PluginManage:310 - Check plugin power
2025-03-26 12:35:43,322 [INFO] PluginManage:359 - Loaded plugin power (category:power,tabindex:4)
2025-03-26 12:35:43,322 [INFO] PluginManage:310 - Check plugin projectmanager
2025-03-26 12:35:43,343 [INFO] PluginManage:359 - Loaded plugin projectmanager (category:projectmanager,tabindex:4)
2025-03-26 12:35:43,345 [INFO] PluginManage:310 - Check plugin rif
2025-03-26 12:35:43,367 [INFO] PluginManage:359 - Loaded plugin rif (category:base,tabindex:3)
2025-03-26 12:35:43,368 [INFO] PluginManage:310 - Check plugin thirdparty
2025-03-26 12:35:43,719 [WARN] IntegrityCheckThread:84 - waiting for thirdparty lock release [integrity check]
2025-03-26 12:35:43,719 [INFO] PluginManage:359 - Loaded plugin thirdparty (category:base,tabindex:-1)
2025-03-26 12:35:43,719 [INFO] IntegrityCheckThread:86 - entering critical section [integrity check]
2025-03-26 12:35:43,719 [INFO] PluginManage:310 - Check plugin tools
2025-03-26 12:35:43,719 [INFO] ThirdPartyUpdaterWithRetryManager:70 - Updater plugin not ready yet. [1/15]
2025-03-26 12:35:43,773 [INFO] PluginManage:359 - Loaded plugin tools (category:base,tabindex:7)
2025-03-26 12:35:43,773 [INFO] PluginManage:310 - Check plugin tutovideos
2025-03-26 12:35:44,008 [INFO] PluginManage:359 - Loaded plugin tutovideos (category:base,tabindex:-1)
2025-03-26 12:35:44,008 [INFO] PluginManage:310 - Check plugin updater
2025-03-26 12:35:44,041 [INFO] PluginManage:359 - Loaded plugin updater (category:base,tabindex:12)
2025-03-26 12:35:44,042 [INFO] PluginManage:310 - Check plugin userauth
2025-03-26 12:35:44,047 [INFO] UserAuth:118 - Init User Auth plugin
2025-03-26 12:35:44,048 [INFO] PluginManage:359 - Loaded plugin userauth (category:base,tabindex:14)
2025-03-26 12:35:44,048 [INFO] PluginManage:283 - PluginManage : Loaded plugins [18]
2025-03-26 12:35:44,349 [INFO] PinOutPanel:1589 - setPackage(No Configuration,No Configuration)
2025-03-26 12:35:44,472 [INFO] CADModel:165 - CPN selected for project level
2025-03-26 12:35:44,472 [INFO] CADModel:114 - Register for checkConnection events
2025-03-26 12:35:44,506 [INFO] IPUIPlugin:80 - create IPUIPlugin
2025-03-26 12:35:44,507 [INFO] PluginManager:220 - loadIPPluginJar : add adc
2025-03-26 12:35:44,571 [INFO] IPUIPlugin:80 - create IPUIPlugin
2025-03-26 12:35:44,571 [INFO] PluginManager:220 - loadIPPluginJar : add aes
2025-03-26 12:35:44,652 [INFO] IPUIPlugin:80 - create IPUIPlugin
2025-03-26 12:35:44,652 [INFO] PluginManager:220 - loadIPPluginJar : add can
2025-03-26 12:35:44,703 [INFO] IPUIPlugin:80 - create IPUIPlugin
2025-03-26 12:35:44,703 [INFO] PluginManager:220 - loadIPPluginJar : add comp
2025-03-26 12:35:44,772 [INFO] IPUIPlugin:80 - create IPUIPlugin
2025-03-26 12:35:44,772 [INFO] PluginManager:220 - loadIPPluginJar : add cryp
2025-03-26 12:35:44,793 [INFO] IPUIPlugin:80 - create IPUIPlugin
2025-03-26 12:35:44,793 [INFO] PluginManager:220 - loadIPPluginJar : add ddr_ctrl_phy
2025-03-26 12:35:44,842 [INFO] IPUIPlugin:80 - create IPUIPlugin
2025-03-26 12:35:44,842 [INFO] PluginManager:220 - loadIPPluginJar : add dfsdm
2025-03-26 12:35:44,864 [INFO] IPUIPlugin:80 - create IPUIPlugin
2025-03-26 12:35:44,864 [INFO] PluginManager:220 - loadIPPluginJar : add dma
2025-03-26 12:35:44,949 [INFO] IPUIPlugin:80 - create IPUIPlugin
2025-03-26 12:35:44,950 [INFO] PluginManager:220 - loadIPPluginJar : add dma3
2025-03-26 12:35:45,034 [INFO] IPUIPlugin:80 - create IPUIPlugin
2025-03-26 12:35:45,034 [INFO] PluginManager:220 - loadIPPluginJar : add extmemmanager
2025-03-26 12:35:45,068 [INFO] IPUIPlugin:80 - create IPUIPlugin
2025-03-26 12:35:45,069 [INFO] PluginManager:220 - loadIPPluginJar : add fatfs
2025-03-26 12:35:45,173 [INFO] IPUIPlugin:80 - create IPUIPlugin
2025-03-26 12:35:45,173 [INFO] PluginManager:220 - loadIPPluginJar : add fmc
2025-03-26 12:35:45,201 [INFO] IPUIPlugin:80 - create IPUIPlugin
2025-03-26 12:35:45,201 [INFO] PluginManager:220 - loadIPPluginJar : add freertos
2025-03-26 12:35:45,232 [INFO] IPUIPlugin:80 - create IPUIPlugin
2025-03-26 12:35:45,232 [INFO] PluginManager:220 - loadIPPluginJar : add genericplugin
2025-03-26 12:35:45,411 [INFO] IPUIPlugin:80 - create IPUIPlugin
2025-03-26 12:35:45,411 [INFO] PluginManager:220 - loadIPPluginJar : add gfxmmu
2025-03-26 12:35:45,673 [INFO] IPUIPlugin:80 - create IPUIPlugin
2025-03-26 12:35:45,673 [INFO] PluginManager:220 - loadIPPluginJar : add gic
2025-03-26 12:35:45,692 [INFO] IPUIPlugin:80 - create IPUIPlugin
2025-03-26 12:35:45,693 [INFO] PluginManager:220 - loadIPPluginJar : add gpio
2025-03-26 12:35:45,871 [INFO] IPUIPlugin:80 - create IPUIPlugin
2025-03-26 12:35:45,871 [INFO] PluginManager:220 - loadIPPluginJar : add gtzc
2025-03-26 12:35:45,944 [INFO] IPUIPlugin:80 - create IPUIPlugin
2025-03-26 12:35:45,944 [INFO] PluginManager:220 - loadIPPluginJar : add hash
2025-03-26 12:35:46,066 [INFO] IPUIPlugin:80 - create IPUIPlugin
2025-03-26 12:35:46,066 [INFO] PluginManager:220 - loadIPPluginJar : add i2c
2025-03-26 12:35:46,144 [INFO] IPUIPlugin:80 - create IPUIPlugin
2025-03-26 12:35:46,144 [INFO] PluginManager:220 - loadIPPluginJar : add i2s
2025-03-26 12:35:46,229 [INFO] IPUIPlugin:80 - create IPUIPlugin
2025-03-26 12:35:46,229 [INFO] PluginManager:220 - loadIPPluginJar : add i3c
2025-03-26 12:35:46,385 [INFO] IPUIPlugin:80 - create IPUIPlugin
2025-03-26 12:35:46,385 [INFO] PluginManager:220 - loadIPPluginJar : add ipddr
2025-03-26 12:35:46,571 [INFO] IPUIPlugin:80 - create IPUIPlugin
2025-03-26 12:35:46,571 [INFO] PluginManager:220 - loadIPPluginJar : add linkedlist
2025-03-26 12:35:46,622 [INFO] IPUIPlugin:80 - create IPUIPlugin
2025-03-26 12:35:46,622 [INFO] PluginManager:220 - loadIPPluginJar : add lorawan
2025-03-26 12:35:46,693 [INFO] IPUIPlugin:80 - create IPUIPlugin
2025-03-26 12:35:46,693 [INFO] PluginManager:220 - loadIPPluginJar : add ltdc
2025-03-26 12:35:46,714 [INFO] IPUIPlugin:80 - create IPUIPlugin
2025-03-26 12:35:46,715 [INFO] PluginManager:220 - loadIPPluginJar : add mdma
2025-03-26 12:35:46,720 [INFO] ThirdPartyUpdaterWithRetryManager:70 - Updater plugin not ready yet. [2/15]
2025-03-26 12:35:46,730 [INFO] IPUIPlugin:80 - create IPUIPlugin
2025-03-26 12:35:46,730 [INFO] PluginManager:220 - loadIPPluginJar : add nvic
2025-03-26 12:35:46,783 [INFO] IPUIPlugin:80 - create IPUIPlugin
2025-03-26 12:35:46,783 [INFO] PluginManager:220 - loadIPPluginJar : add opamp
2025-03-26 12:35:46,937 [INFO] IPUIPlugin:80 - create IPUIPlugin
2025-03-26 12:35:46,937 [INFO] PluginManager:220 - loadIPPluginJar : add openamp
2025-03-26 12:35:47,015 [INFO] IPUIPlugin:80 - create IPUIPlugin
2025-03-26 12:35:47,015 [INFO] PluginManager:220 - loadIPPluginJar : add pdm2pcm
2025-03-26 12:35:47,036 [INFO] IPUIPlugin:80 - create IPUIPlugin
2025-03-26 12:35:47,039 [INFO] PluginManager:220 - loadIPPluginJar : add plateformsettings
2025-03-26 12:35:47,072 [INFO] IPUIPlugin:80 - create IPUIPlugin
2025-03-26 12:35:47,073 [INFO] PluginManager:220 - loadIPPluginJar : add quadspi
2025-03-26 12:35:47,123 [INFO] IPUIPlugin:80 - create IPUIPlugin
2025-03-26 12:35:47,124 [INFO] PluginManager:220 - loadIPPluginJar : add radio
2025-03-26 12:35:47,144 [INFO] IPUIPlugin:80 - create IPUIPlugin
2025-03-26 12:35:47,144 [INFO] PluginManager:220 - loadIPPluginJar : add resmgrutility
2025-03-26 12:35:47,212 [INFO] IPUIPlugin:80 - create IPUIPlugin
2025-03-26 12:35:47,212 [INFO] PluginManager:220 - loadIPPluginJar : add sai
2025-03-26 12:35:47,283 [INFO] IPUIPlugin:80 - create IPUIPlugin
2025-03-26 12:35:47,284 [INFO] PluginManager:220 - loadIPPluginJar : add spi
2025-03-26 12:35:47,407 [INFO] IPUIPlugin:80 - create IPUIPlugin
2025-03-26 12:35:47,407 [INFO] PluginManager:220 - loadIPPluginJar : add stm32_wpan
2025-03-26 12:35:47,440 [INFO] IPUIPlugin:80 - create IPUIPlugin
2025-03-26 12:35:47,440 [INFO] PluginManager:220 - loadIPPluginJar : add tim
2025-03-26 12:35:47,546 [INFO] IPUIPlugin:80 - create IPUIPlugin
2025-03-26 12:35:47,546 [INFO] PluginManager:220 - loadIPPluginJar : add touchsensing
2025-03-26 12:35:47,584 [INFO] IPUIPlugin:80 - create IPUIPlugin
2025-03-26 12:35:47,584 [INFO] PluginManager:220 - loadIPPluginJar : add tracer_emb
2025-03-26 12:35:47,646 [INFO] IPUIPlugin:80 - create IPUIPlugin
2025-03-26 12:35:47,646 [INFO] PluginManager:220 - loadIPPluginJar : add ts
2025-03-26 12:35:47,686 [INFO] IPUIPlugin:80 - create IPUIPlugin
2025-03-26 12:35:47,686 [INFO] PluginManager:220 - loadIPPluginJar : add tsc
2025-03-26 12:35:47,720 [INFO] IPUIPlugin:80 - create IPUIPlugin
2025-03-26 12:35:47,720 [INFO] PluginManager:220 - loadIPPluginJar : add ucpd
2025-03-26 12:35:47,819 [INFO] IPUIPlugin:80 - create IPUIPlugin
2025-03-26 12:35:47,819 [INFO] PluginManager:220 - loadIPPluginJar : add usart
2025-03-26 12:35:47,903 [INFO] IPUIPlugin:80 - create IPUIPlugin
2025-03-26 12:35:47,903 [INFO] PluginManager:220 - loadIPPluginJar : add usbx
2025-03-26 12:35:48,058 [FATAL] Updater:351 - Updater called before beeing initialized
2025-03-26 12:35:48,154 [INFO] RulesReader:64 - Compatibility file has been processed (297 Rules)
2025-03-26 12:35:48,189 [INFO] RulesReader:64 - Compatibility file has been processed (297 Rules)
2025-03-26 12:35:48,199 [INFO] CADModel:165 - CPN selected for project level
2025-03-26 12:35:48,200 [INFO] CADModel:114 - Register for checkConnection events
2025-03-26 12:35:48,200 [FATAL] Updater:351 - Updater called before beeing initialized
2025-03-26 12:35:48,200 [ERROR] CADModel:125 - Updater not yet initialized, retry later 
2025-03-26 12:35:48,414 [FATAL] Updater:351 - Updater called before beeing initialized
2025-03-26 12:35:48,417 [INFO] CADModel:165 - CPN selected for project level
2025-03-26 12:35:48,417 [INFO] CADModel:114 - Register for checkConnection events
2025-03-26 12:35:48,417 [FATAL] Updater:351 - Updater called before beeing initialized
2025-03-26 12:35:48,417 [ERROR] CADModel:125 - Updater not yet initialized, retry later 
2025-03-26 12:35:48,421 [FATAL] Updater:351 - Updater called before beeing initialized
2025-03-26 12:35:48,579 [FATAL] Updater:351 - Updater called before beeing initialized
2025-03-26 12:35:48,593 [INFO] DbMcusAds:53 - JSON generation date=Wed Dec 18 00:01:15 IRKT 2024 (1734451275196)
2025-03-26 12:35:48,593 [FATAL] Updater:351 - Updater called before beeing initialized
2025-03-26 12:35:48,718 [WARN] DetailPanel:346 - Failed to get advertising image, set to default
2025-03-26 12:35:49,131 [FATAL] Updater:351 - Updater called before beeing initialized
2025-03-26 12:35:49,132 [FATAL] Updater:351 - Updater called before beeing initialized
2025-03-26 12:35:49,133 [FATAL] Updater:351 - Updater called before beeing initialized
2025-03-26 12:35:49,133 [WARN] DetailPanel:346 - Failed to get advertising image, set to default
2025-03-26 12:35:49,134 [FATAL] Updater:351 - Updater called before beeing initialized
2025-03-26 12:35:49,209 [ERROR] Updater:1198 - MainUpdater not yet initialized. External WinMGr cannot be set.
2025-03-26 12:35:49,223 [INFO] Updater:1134 - Updater Version found : 6.13.0
2025-03-26 12:35:49,252 [INFO] ApplicationProperties:184 - Using Application install path: D:\STM32CubeIDE_1.17.0\STM32CubeIDE\plugins\com.st.stm32cube.common.mx_6.13.0.202411220809
2025-03-26 12:35:49,730 [INFO] ThirdPartyUpdaterWithRetryManager:70 - Updater plugin not ready yet. [3/15]
2025-03-26 12:35:50,877 [ERROR] LogOutputStream:75 - [STDERR_REDIRECT] Mar 26, 2025 12:35:50 PM java.util.prefs.WindowsPreferences <init>
2025-03-26 12:35:50,879 [ERROR] LogOutputStream:75 - [STDERR_REDIRECT] WARNING: Could not open/create prefs root node Software\JavaSoft\Prefs at root 0xffffffff80000002. Windows RegCreateKeyEx(...) returned error code 5.
2025-03-26 12:35:50,879 [ERROR] LogOutputStream:75 - [STDERR_REDIRECT] 
2025-03-26 12:35:51,625 [ERROR] CheckConnectionManager:249 - Problem, Http access forbiden
2025-03-26 12:35:51,639 [INFO] MainUpdater:2872 - connection check result : 22
2025-03-26 12:35:51,641 [INFO] MainUpdater:289 - Updater Check For Update Now.
2025-03-26 12:35:51,642 [INFO] MicroXplorer:498 - Change Database Version : DB.6.0.130
2025-03-26 12:35:51,693 [INFO] McuFinderGlobals:63 - Set McuFinder mode to 2 (CubeIDE integrated)
2025-03-26 12:35:51,706 [INFO] UserAuth:486 - Internet connection configuration mode: 2
2025-03-26 12:35:51,711 [INFO] UserAuth:486 - Internet connection configuration mode: 2
2025-03-26 12:35:52,006 [INFO] CheckServerUpdateThread:120 - End of CheckServer Thread
2025-03-26 12:35:53,153 [WARN] PackLoader:240 - Cannot read IP mode file for STMicroelectronics.FP-SNS-MOTENVWB1.1.4.0
2025-03-26 12:35:53,183 [WARN] PackLoader:240 - Cannot read IP mode file for STMicroelectronics.FP-ATR-ASTRA1.2.0.1
2025-03-26 12:35:53,213 [WARN] PackLoader:240 - Cannot read IP mode file for STMicroelectronics.X-CUBE-SMBUS.2.1.0
2025-03-26 12:35:53,242 [WARN] PackLoader:240 - Cannot read IP mode file for STMicroelectronics.X-CUBE-WB05N.1.1.0
2025-03-26 12:35:53,327 [WARN] PackLoader:240 - Cannot read IP mode file for STMicroelectronics.X-CUBE-AZRTOS-F7.1.1.0
2025-03-26 12:35:53,482 [WARN] PackLoader:240 - Cannot read IP mode file for STMicroelectronics.X-CUBE-MEMS1.11.0.0
2025-03-26 12:35:53,764 [WARN] PackLoader:240 - Cannot read IP mode file for STMicroelectronics.FP-SNS-FLIGHT1.5.0.2
2025-03-26 12:35:53,821 [WARN] PackLoader:240 - Cannot read IP mode file for Infineon.AIROC-Wi-Fi-Bluetooth-STM32.1.7.0
2025-03-26 12:35:53,855 [WARN] PackLoader:240 - Cannot read IP mode file for STMicroelectronics.X-CUBE-DISPLAY.3.0.0
2025-03-26 12:35:53,883 [WARN] PackLoader:240 - Cannot read IP mode file for STMicroelectronics.X-CUBE-BLE1.7.0.0
2025-03-26 12:35:53,909 [WARN] PackLoader:240 - Cannot read IP mode file for STMicroelectronics.X-CUBE-NFC10.1.0.0
2025-03-26 12:35:53,940 [WARN] PackLoader:240 - Cannot read IP mode file for STMicroelectronics.X-CUBE-BLEMGR.4.0.0
2025-03-26 12:35:53,971 [WARN] PackLoader:240 - Cannot read IP mode file for emotas.I-CUBE-CANOPEN.1.3.0
2025-03-26 12:35:53,995 [WARN] PackLoader:240 - Cannot read IP mode file for STMicroelectronics.FP-SNS-SMARTAG2.1.2.0
2025-03-26 12:35:54,093 [WARN] PackLoader:240 - Cannot read IP mode file for STMicroelectronics.X-CUBE-MEMS1.11.1.0
2025-03-26 12:35:54,304 [INFO] LogOutputStream:77 - [STDOUT_REDIRECT] 1 : Invalid condition id : UX_CORESTACK_Condition cause : null
2025-03-26 12:35:54,305 [INFO] LogOutputStream:77 - [STDOUT_REDIRECT] 1 : Invalid condition id : UX_CORESTACK_Condition cause : null
2025-03-26 12:35:54,307 [INFO] LogOutputStream:77 - [STDOUT_REDIRECT] 1 : Invalid condition id : UX_CORESTACK_Condition cause : null
2025-03-26 12:35:54,310 [INFO] LogOutputStream:77 - [STDOUT_REDIRECT] 1 : Invalid condition id : UX_CORESTACK_Condition cause : null
2025-03-26 12:35:54,312 [INFO] LogOutputStream:77 - [STDOUT_REDIRECT] 1 : Invalid condition id : UX_CORESTACK_Condition cause : null
2025-03-26 12:35:54,316 [WARN] PackLoader:240 - Cannot read IP mode file for STMicroelectronics.X-CUBE-AZRTOS-WL.2.0.0
2025-03-26 12:35:54,344 [WARN] PackLoader:240 - Cannot read IP mode file for STMicroelectronics.FP-SNS-MOTENV1.5.0.0
2025-03-26 12:35:54,376 [WARN] PackLoader:240 - Cannot read IP mode file for wolfSSL.I-CUBE-wolfMQTT.1.19.0
2025-03-26 12:35:54,407 [WARN] PackLoader:240 - Cannot read IP mode file for WES.I-CUBE-Cesium.1.3.0
2025-03-26 12:35:54,436 [WARN] PackLoader:240 - Cannot read IP mode file for STMicroelectronics.X-CUBE-BLE2.3.3.0
2025-03-26 12:35:54,459 [WARN] PackLoader:240 - Cannot read IP mode file for STMicroelectronics.X-CUBE-NFC9.1.0.0
2025-03-26 12:35:54,484 [WARN] PackLoader:240 - Cannot read IP mode file for STMicroelectronics.X-CUBE-TCPP.4.1.0
2025-03-26 12:35:54,526 [WARN] PackLoader:240 - Cannot read IP mode file for STMicroelectronics.X-CUBE-AZRTOS-G0.1.1.0
2025-03-26 12:35:54,553 [WARN] PackLoader:240 - Cannot read IP mode file for STMicroelectronics.X-CUBE-SAFEA1.1.2.2
2025-03-26 12:35:54,573 [WARN] PackLoader:240 - Cannot read IP mode file for STMicroelectronics.X-CUBE-NFC4.3.0.0
2025-03-26 12:35:54,599 [WARN] PackLoader:240 - Cannot read IP mode file for EmbeddedOffice.I-CUBE-FS-RTOS.1.0.1
2025-03-26 12:35:54,754 [WARN] PackLoader:240 - Cannot read IP mode file for STMicroelectronics.X-CUBE-TCPP.4.2.0
2025-03-26 12:35:54,775 [WARN] PackLoader:240 - Cannot read IP mode file for RealThread.X-CUBE-RT-Thread_Nano.4.1.1
2025-03-26 12:35:54,797 [WARN] PackLoader:240 - Cannot read IP mode file for STMicroelectronics.FP-ATR-SIGFOX1.3.2.0
2025-03-26 12:35:54,820 [WARN] ConditionMgr:438 - getConditionDescription Invalid condition id : Cortex-A Device cause : null
2025-03-26 12:35:54,852 [WARN] ConditionMgr:1044 - genDependencies : Invalid condition id : Cortex-A Device cause : null
2025-03-26 12:35:54,853 [WARN] ConditionMgr:1044 - genDependencies : Invalid condition id : Cortex-A Device cause : null
2025-03-26 12:35:54,853 [WARN] ConditionMgr:1044 - genDependencies : Invalid condition id : Cortex-A Device cause : null
2025-03-26 12:35:54,879 [WARN] PackLoader:240 - Cannot read IP mode file for STMicroelectronics.X-CUBE-EEPRMA1.5.1.0
2025-03-26 12:35:54,917 [WARN] PackLoader:240 - Cannot read IP mode file for wolfSSL.I-CUBE-wolfSSL.5.7.4
2025-03-26 12:35:55,023 [WARN] PackLoader:240 - Cannot read IP mode file for ITTIA_DB.I-CUBE-ITTIADB.8.9.0
2025-03-26 12:35:55,077 [WARN] PackLoader:240 - Cannot read IP mode file for SEGGER.I-CUBE-embOS.1.3.1
2025-03-26 12:35:55,141 [WARN] PackLoader:240 - Cannot read IP mode file for STMicroelectronics.X-CUBE-ALGOBUILD.1.4.0
2025-03-26 12:35:55,159 [WARN] PackLoader:240 - Cannot read IP mode file for STMicroelectronics.X-CUBE-AI.9.1.0
2025-03-26 12:35:55,201 [WARN] PackLoader:240 - Cannot read IP mode file for STMicroelectronics.X-CUBE-AZRTOS-F4.1.1.0
2025-03-26 12:35:55,226 [WARN] PackLoader:240 - Cannot read IP mode file for STMicroelectronics.X-CUBE-ISPU.2.1.0
2025-03-26 12:35:55,246 [WARN] PackLoader:240 - Cannot read IP mode file for STMicroelectronics.X-CUBE-FREERTOS.1.2.0
2025-03-26 12:35:55,289 [WARN] PackLoader:240 - Cannot read IP mode file for STMicroelectronics.X-CUBE-AZRTOS-L5.2.0.0
2025-03-26 12:35:55,316 [WARN] PackLoader:240 - Cannot read IP mode file for STMicroelectronics.X-CUBE-NFC6.3.1.0
2025-03-26 12:35:55,339 [WARN] PackLoader:240 - Cannot read IP mode file for STMicroelectronics.X-CUBE-DPower.1.2.0
2025-03-26 12:35:55,360 [WARN] PackLoader:240 - Cannot read IP mode file for STMicroelectronics.X-CUBE-FREERTOS.1.3.0
2025-03-26 12:35:55,378 [WARN] PackLoader:240 - Cannot read IP mode file for STMicroelectronics.X-CUBE-NFC7.1.0.1
2025-03-26 12:35:55,419 [WARN] ConditionMgr:438 - getConditionDescription Invalid condition id : LAN8742 Phy interface Condition cause : null
2025-03-26 12:35:55,420 [WARN] PackLoader:240 - Cannot read IP mode file for STMicroelectronics.X-CUBE-AZRTOS-L4.2.0.0
2025-03-26 12:35:55,422 [WARN] ConditionMgr:1044 - genDependencies : Invalid condition id : LAN8742 Phy interface Condition cause : null
2025-03-26 12:35:55,422 [WARN] ConditionMgr:1044 - genDependencies : Invalid condition id : LAN8742 Phy interface Condition cause : null
2025-03-26 12:35:55,423 [WARN] ConditionMgr:1044 - genDependencies : Invalid condition id : LAN8742 Phy interface Condition cause : null
2025-03-26 12:35:55,473 [WARN] PackLoader:240 - Cannot read IP mode file for STMicroelectronics.X-CUBE-SFXS2LP1.4.0.0
2025-03-26 12:35:55,516 [WARN] PackLoader:240 - Cannot read IP mode file for STMicroelectronics.X-CUBE-AZRTOS-H7.3.3.0
2025-03-26 12:35:55,545 [WARN] PackLoader:240 - Cannot read IP mode file for STMicroelectronics.X-CUBE-IPS.3.0.0
2025-03-26 12:35:55,579 [WARN] ConditionMgr:438 - getConditionDescription Invalid condition id : UX DEVICE CLASS RTOS Condition cause : null
2025-03-26 12:35:55,579 [WARN] ConditionMgr:438 - getConditionDescription Invalid condition id : UX DEVICE CLASS RTOS Condition cause : null
2025-03-26 12:35:55,581 [WARN] PackLoader:240 - Cannot read IP mode file for STMicroelectronics.X-CUBE-AZRTOS-WB.2.0.0
2025-03-26 12:35:55,581 [WARN] ConditionMgr:1044 - genDependencies : Invalid condition id : UX DEVICE CLASS RTOS Condition cause : null
2025-03-26 12:35:55,581 [WARN] ConditionMgr:1044 - genDependencies : Invalid condition id : UX DEVICE CLASS RTOS Condition cause : null
2025-03-26 12:35:55,582 [WARN] ConditionMgr:1044 - genDependencies : Invalid condition id : UX DEVICE CLASS RTOS Condition cause : null
2025-03-26 12:35:55,582 [WARN] ConditionMgr:1044 - genDependencies : Invalid condition id : UX DEVICE CLASS RTOS Condition cause : null
2025-03-26 12:35:55,582 [WARN] ConditionMgr:1044 - genDependencies : Invalid condition id : UX DEVICE CLASS RTOS Condition cause : null
2025-03-26 12:35:55,605 [WARN] PackLoader:240 - Cannot read IP mode file for STMicroelectronics.X-CUBE-GNSS1.7.0.0
2025-03-26 12:35:55,629 [WARN] PackLoader:240 - Cannot read IP mode file for STMicroelectronics.X-CUBE-GNSS1.7.0.1
2025-03-26 12:35:55,651 [WARN] PackLoader:240 - Cannot read IP mode file for STMicroelectronics.FP-SNS-STBOX1.2.0.0
2025-03-26 12:35:55,681 [WARN] PackLoader:240 - Cannot read IP mode file for STMicroelectronics.X-CUBE-SUBG2.5.0.0
2025-03-26 12:35:55,704 [WARN] PackLoader:240 - Cannot read IP mode file for Cesanta.I-CUBE-Mongoose.7.13.0
2025-03-26 12:35:55,744 [WARN] PackLoader:240 - Cannot read IP mode file for STMicroelectronics.X-CUBE-AZRTOS-G4.2.0.0
2025-03-26 12:35:55,773 [WARN] PackLoader:240 - Cannot read IP mode file for STMicroelectronics.X-CUBE-IPS.3.1.0
2025-03-26 12:35:55,801 [WARN] PackLoader:240 - Cannot read IP mode file for STMicroelectronics.X-CUBE-ALS.1.0.2
2025-03-26 12:35:55,823 [WARN] PackLoader:240 - Cannot read IP mode file for STMicroelectronics.X-CUBE-TOUCHGFX.4.24.2
2025-03-26 12:35:55,843 [WARN] PackLoader:240 - Cannot read IP mode file for STMicroelectronics.X-CUBE-TOUCHGFX.4.24.1
2025-03-26 12:35:55,864 [WARN] PackLoader:240 - Cannot read IP mode file for wolfSSL.I-CUBE-wolfTPM.3.4.0
2025-03-26 12:35:55,886 [WARN] PackLoader:240 - Cannot read IP mode file for portGmbH.I-Cube-SoM-uGOAL.1.1.0
2025-03-26 12:35:55,928 [WARN] PackLoader:240 - Cannot read IP mode file for STMicroelectronics.X-CUBE-AZRTOS-H7RS.1.0.0
2025-03-26 12:35:55,958 [WARN] PackLoader:240 - Cannot read IP mode file for STMicroelectronics.X-CUBE-TOF1.3.4.2
2025-03-26 12:35:55,987 [WARN] PackLoader:240 - Cannot read IP mode file for wolfSSL.I-CUBE-wolfSSH.1.4.17
2025-03-26 12:35:56,045 [INFO] ThirdParty:978 - Integrity check success = true
2025-03-26 12:35:56,045 [INFO] IntegrityCheckThread:100 - exiting critical section [integrity check]
2025-03-26 12:35:56,046 [INFO] IntegrityCheckThread:103 - End integrity checks thread
2025-03-26 23:37:57,881 [ERROR] LogOutputStream:75 - [STDERR_REDIRECT] 
