2025-04-08 00:14:12,420 [INFO] NvicIntPanel:101 - NVIC parent = com.st.microxplorer.plugins.ip.nvic.MultiNvicIntPanel[,0,0,0x0,invalid,layout=javax.swing.BoxLayout,alignmentX=0.0,alignmentY=0.0,border=,flags=9,maximumSize=,minimumSize=,preferredSize=]
2025-04-08 00:14:22,211 [INFO] NvicIntPanel:101 - NVIC parent = com.st.microxplorer.plugins.ip.nvic.MultiNvicIntPanel[,0,0,0x0,invalid,layout=javax.swing.BoxLayout,alignmentX=0.0,alignmentY=0.0,border=,flags=9,maximumSize=,minimumSize=,preferredSize=]
2025-04-08 00:14:45,533 [INFO] UserAuth:486 - Internet connection configuration mode: 2
2025-04-08 00:14:45,535 [INFO] UserAuth:486 - Internet connection configuration mode: 2
2025-04-08 00:14:45,536 [INFO] UserAuth:486 - Internet connection configuration mode: 2
2025-04-08 00:14:45,537 [INFO] UserAuth:486 - Internet connection configuration mode: 2
2025-04-08 00:14:45,538 [INFO] UserAuth:486 - Internet connection configuration mode: 2
2025-04-08 00:14:45,540 [INFO] UserAuth:486 - Internet connection configuration mode: 2
2025-04-08 00:14:45,541 [INFO] UserAuth:486 - Internet connection configuration mode: 2
2025-04-08 00:14:45,542 [INFO] UserAuth:486 - Internet connection configuration mode: 2
2025-04-08 00:14:45,543 [INFO] UserAuth:486 - Internet connection configuration mode: 2
2025-04-08 00:14:45,545 [INFO] UserAuth:486 - Internet connection configuration mode: 2
2025-04-08 00:14:45,547 [INFO] UserAuth:486 - Internet connection configuration mode: 2
2025-04-08 00:14:45,548 [INFO] UserAuth:486 - Internet connection configuration mode: 2
2025-04-08 00:14:45,549 [INFO] UserAuth:486 - Internet connection configuration mode: 2
2025-04-08 00:14:45,550 [INFO] UserAuth:486 - Internet connection configuration mode: 2
2025-04-08 00:14:45,550 [INFO] UserAuth:486 - Internet connection configuration mode: 2
2025-04-08 00:14:45,551 [INFO] UserAuth:486 - Internet connection configuration mode: 2
2025-04-08 00:14:45,552 [INFO] UserAuth:486 - Internet connection configuration mode: 2
2025-04-08 00:14:45,553 [INFO] UserAuth:486 - Internet connection configuration mode: 2
2025-04-08 00:14:45,554 [INFO] UserAuth:486 - Internet connection configuration mode: 2
2025-04-08 00:14:45,555 [INFO] UserAuth:486 - Internet connection configuration mode: 2
2025-04-08 00:14:45,556 [INFO] UserAuth:486 - Internet connection configuration mode: 2
2025-04-08 00:14:45,557 [INFO] UserAuth:486 - Internet connection configuration mode: 2
2025-04-08 00:14:45,558 [INFO] UserAuth:486 - Internet connection configuration mode: 2
2025-04-08 00:14:45,559 [INFO] UserAuth:486 - Internet connection configuration mode: 2
2025-04-08 00:14:45,559 [INFO] UserAuth:486 - Internet connection configuration mode: 2
2025-04-08 00:14:45,561 [INFO] UserAuth:486 - Internet connection configuration mode: 2
2025-04-08 00:14:45,562 [INFO] UserAuth:486 - Internet connection configuration mode: 2
2025-04-08 00:14:45,563 [INFO] UserAuth:486 - Internet connection configuration mode: 2
2025-04-08 00:14:45,564 [INFO] UserAuth:486 - Internet connection configuration mode: 2
2025-04-08 00:14:45,564 [INFO] UserAuth:486 - Internet connection configuration mode: 2
2025-04-08 00:14:45,565 [INFO] UserAuth:486 - Internet connection configuration mode: 2
2025-04-08 00:14:45,567 [INFO] UserAuth:486 - Internet connection configuration mode: 2
2025-04-08 00:14:45,568 [INFO] UserAuth:486 - Internet connection configuration mode: 2
2025-04-08 00:14:45,569 [INFO] UserAuth:486 - Internet connection configuration mode: 2
2025-04-08 00:14:45,570 [INFO] UserAuth:486 - Internet connection configuration mode: 2
2025-04-08 00:14:45,572 [INFO] UserAuth:486 - Internet connection configuration mode: 2
2025-04-08 00:14:45,573 [INFO] UserAuth:486 - Internet connection configuration mode: 2
2025-04-08 00:14:45,574 [INFO] UserAuth:486 - Internet connection configuration mode: 2
2025-04-08 00:14:45,576 [INFO] UserAuth:486 - Internet connection configuration mode: 2
2025-04-08 00:14:45,578 [INFO] UserAuth:486 - Internet connection configuration mode: 2
2025-04-08 00:14:45,579 [INFO] UserAuth:486 - Internet connection configuration mode: 2
2025-04-08 00:14:45,581 [INFO] UserAuth:486 - Internet connection configuration mode: 2
2025-04-08 00:14:45,583 [INFO] UserAuth:486 - Internet connection configuration mode: 2
2025-04-08 00:14:45,584 [INFO] UserAuth:486 - Internet connection configuration mode: 2
2025-04-08 00:14:45,584 [INFO] UserAuth:486 - Internet connection configuration mode: 2
2025-04-08 00:14:45,585 [INFO] UserAuth:486 - Internet connection configuration mode: 2
2025-04-08 00:14:45,586 [INFO] UserAuth:486 - Internet connection configuration mode: 2
2025-04-08 00:14:45,588 [INFO] UserAuth:486 - Internet connection configuration mode: 2
2025-04-08 00:14:45,590 [INFO] UserAuth:486 - Internet connection configuration mode: 2
2025-04-08 00:14:45,591 [INFO] UserAuth:486 - Internet connection configuration mode: 2
2025-04-08 00:14:45,592 [INFO] UserAuth:486 - Internet connection configuration mode: 2
2025-04-08 00:14:45,593 [INFO] UserAuth:486 - Internet connection configuration mode: 2
2025-04-08 00:14:45,595 [INFO] UserAuth:486 - Internet connection configuration mode: 2
2025-04-08 00:14:45,596 [INFO] UserAuth:486 - Internet connection configuration mode: 2
2025-04-08 00:14:45,740 [INFO] UserAuth:486 - Internet connection configuration mode: 2
2025-04-08 00:14:45,751 [INFO] UserAuth:486 - Internet connection configuration mode: 2
2025-04-08 00:14:45,757 [INFO] UserAuth:486 - Internet connection configuration mode: 2
2025-04-08 00:14:45,760 [INFO] UserAuth:486 - Internet connection configuration mode: 2
2025-04-08 00:14:45,766 [INFO] UserAuth:486 - Internet connection configuration mode: 2
2025-04-08 00:14:45,775 [INFO] UserAuth:486 - Internet connection configuration mode: 2
2025-04-08 00:14:45,778 [INFO] UserAuth:486 - Internet connection configuration mode: 2
2025-04-08 00:14:45,781 [INFO] UserAuth:486 - Internet connection configuration mode: 2
2025-04-08 00:14:45,788 [INFO] UserAuth:486 - Internet connection configuration mode: 2
2025-04-08 00:14:45,790 [INFO] UserAuth:486 - Internet connection configuration mode: 2
2025-04-08 00:14:45,794 [INFO] UserAuth:486 - Internet connection configuration mode: 2
2025-04-08 00:14:45,797 [INFO] UserAuth:486 - Internet connection configuration mode: 2
2025-04-08 00:14:45,804 [INFO] UserAuth:486 - Internet connection configuration mode: 2
2025-04-08 00:14:45,808 [INFO] UserAuth:486 - Internet connection configuration mode: 2
2025-04-08 00:14:45,810 [INFO] UserAuth:486 - Internet connection configuration mode: 2
2025-04-08 00:14:45,814 [INFO] UserAuth:486 - Internet connection configuration mode: 2
2025-04-08 00:14:45,821 [INFO] UserAuth:486 - Internet connection configuration mode: 2
2025-04-08 00:14:45,823 [INFO] UserAuth:486 - Internet connection configuration mode: 2
2025-04-08 00:14:45,828 [INFO] UserAuth:486 - Internet connection configuration mode: 2
2025-04-08 00:14:45,833 [INFO] UserAuth:486 - Internet connection configuration mode: 2
2025-04-08 00:14:45,840 [INFO] UserAuth:486 - Internet connection configuration mode: 2
2025-04-08 00:14:45,845 [INFO] UserAuth:486 - Internet connection configuration mode: 2
2025-04-08 00:14:45,852 [INFO] UserAuth:486 - Internet connection configuration mode: 2
2025-04-08 00:14:45,857 [INFO] UserAuth:486 - Internet connection configuration mode: 2
2025-04-08 00:14:45,882 [INFO] UserAuth:486 - Internet connection configuration mode: 2
2025-04-08 00:14:45,892 [INFO] UserAuth:486 - Internet connection configuration mode: 2
2025-04-08 00:14:45,912 [INFO] UserAuth:486 - Internet connection configuration mode: 2
2025-04-08 00:14:45,917 [INFO] UserAuth:486 - Internet connection configuration mode: 2
2025-04-08 00:14:45,926 [INFO] UserAuth:486 - Internet connection configuration mode: 2
2025-04-08 00:14:45,932 [INFO] UserAuth:486 - Internet connection configuration mode: 2
2025-04-08 00:14:45,942 [INFO] UserAuth:486 - Internet connection configuration mode: 2
2025-04-08 00:14:45,947 [INFO] UserAuth:486 - Internet connection configuration mode: 2
2025-04-08 00:14:45,955 [INFO] UserAuth:486 - Internet connection configuration mode: 2
2025-04-08 00:14:45,958 [INFO] UserAuth:486 - Internet connection configuration mode: 2
2025-04-08 00:14:45,961 [INFO] UserAuth:486 - Internet connection configuration mode: 2
2025-04-08 00:14:45,966 [INFO] UserAuth:486 - Internet connection configuration mode: 2
2025-04-08 00:14:45,971 [INFO] UserAuth:486 - Internet connection configuration mode: 2
2025-04-08 00:14:45,974 [INFO] UserAuth:486 - Internet connection configuration mode: 2
2025-04-08 00:14:45,980 [INFO] UserAuth:486 - Internet connection configuration mode: 2
2025-04-08 00:14:45,985 [INFO] UserAuth:486 - Internet connection configuration mode: 2
2025-04-08 00:14:45,988 [INFO] UserAuth:486 - Internet connection configuration mode: 2
2025-04-08 00:14:45,991 [INFO] UserAuth:486 - Internet connection configuration mode: 2
2025-04-08 00:14:45,996 [INFO] UserAuth:486 - Internet connection configuration mode: 2
2025-04-08 00:14:46,002 [INFO] UserAuth:486 - Internet connection configuration mode: 2
2025-04-08 00:14:46,006 [INFO] UserAuth:486 - Internet connection configuration mode: 2
2025-04-08 00:14:46,009 [INFO] UserAuth:486 - Internet connection configuration mode: 2
2025-04-08 00:14:46,012 [INFO] UserAuth:486 - Internet connection configuration mode: 2
2025-04-08 00:14:46,018 [INFO] UserAuth:486 - Internet connection configuration mode: 2
2025-04-08 00:14:46,022 [INFO] UserAuth:486 - Internet connection configuration mode: 2
2025-04-08 00:14:46,301 [INFO] UserAuth:486 - Internet connection configuration mode: 2
2025-04-08 00:14:46,306 [INFO] UserAuth:486 - Internet connection configuration mode: 2
2025-04-08 00:14:46,316 [INFO] UserAuth:486 - Internet connection configuration mode: 2
2025-04-08 00:14:46,321 [INFO] UserAuth:486 - Internet connection configuration mode: 2
2025-04-08 00:14:46,325 [INFO] UserAuth:486 - Internet connection configuration mode: 2
2025-04-08 00:14:46,330 [INFO] UserAuth:486 - Internet connection configuration mode: 2
2025-04-08 00:14:46,336 [INFO] UserAuth:486 - Internet connection configuration mode: 2
2025-04-08 00:14:46,340 [INFO] UserAuth:486 - Internet connection configuration mode: 2
2025-04-08 00:14:46,344 [INFO] UserAuth:486 - Internet connection configuration mode: 2
2025-04-08 00:14:46,348 [INFO] UserAuth:486 - Internet connection configuration mode: 2
2025-04-08 00:14:46,350 [INFO] UserAuth:486 - Internet connection configuration mode: 2
2025-04-08 00:14:46,353 [INFO] UserAuth:486 - Internet connection configuration mode: 2
2025-04-08 00:14:46,356 [INFO] UserAuth:486 - Internet connection configuration mode: 2
2025-04-08 00:14:46,359 [INFO] UserAuth:486 - Internet connection configuration mode: 2
2025-04-08 00:14:46,365 [INFO] UserAuth:486 - Internet connection configuration mode: 2
2025-04-08 00:14:46,368 [INFO] UserAuth:486 - Internet connection configuration mode: 2
2025-04-08 00:14:46,371 [INFO] UserAuth:486 - Internet connection configuration mode: 2
2025-04-08 00:14:46,375 [INFO] UserAuth:486 - Internet connection configuration mode: 2
2025-04-08 00:14:46,378 [INFO] UserAuth:486 - Internet connection configuration mode: 2
2025-04-08 00:14:46,383 [INFO] UserAuth:486 - Internet connection configuration mode: 2
2025-04-08 00:14:46,385 [INFO] UserAuth:486 - Internet connection configuration mode: 2
2025-04-08 00:14:46,388 [INFO] UserAuth:486 - Internet connection configuration mode: 2
2025-04-08 00:14:46,391 [INFO] UserAuth:486 - Internet connection configuration mode: 2
2025-04-08 00:14:46,397 [INFO] UserAuth:486 - Internet connection configuration mode: 2
2025-04-08 00:14:46,400 [INFO] UserAuth:486 - Internet connection configuration mode: 2
2025-04-08 00:14:46,408 [INFO] UserAuth:486 - Internet connection configuration mode: 2
2025-04-08 00:14:46,412 [INFO] UserAuth:486 - Internet connection configuration mode: 2
2025-04-08 00:14:46,423 [INFO] UserAuth:486 - Internet connection configuration mode: 2
2025-04-08 00:14:46,426 [INFO] UserAuth:486 - Internet connection configuration mode: 2
2025-04-08 00:14:46,432 [INFO] UserAuth:486 - Internet connection configuration mode: 2
2025-04-08 00:14:46,437 [INFO] UserAuth:486 - Internet connection configuration mode: 2
2025-04-08 00:14:46,442 [INFO] UserAuth:486 - Internet connection configuration mode: 2
2025-04-08 00:14:46,446 [INFO] UserAuth:486 - Internet connection configuration mode: 2
2025-04-08 00:14:46,448 [INFO] UserAuth:486 - Internet connection configuration mode: 2
2025-04-08 00:14:46,453 [INFO] UserAuth:486 - Internet connection configuration mode: 2
2025-04-08 00:14:46,457 [INFO] UserAuth:486 - Internet connection configuration mode: 2
2025-04-08 00:14:46,461 [INFO] UserAuth:486 - Internet connection configuration mode: 2
2025-04-08 00:14:46,465 [INFO] UserAuth:486 - Internet connection configuration mode: 2
2025-04-08 00:14:46,469 [INFO] UserAuth:486 - Internet connection configuration mode: 2
2025-04-08 00:14:46,475 [INFO] UserAuth:486 - Internet connection configuration mode: 2
2025-04-08 00:14:46,479 [INFO] UserAuth:486 - Internet connection configuration mode: 2
2025-04-08 00:14:46,483 [INFO] UserAuth:486 - Internet connection configuration mode: 2
2025-04-08 00:14:46,486 [INFO] UserAuth:486 - Internet connection configuration mode: 2
2025-04-08 00:14:46,490 [INFO] UserAuth:486 - Internet connection configuration mode: 2
2025-04-08 00:14:46,495 [INFO] UserAuth:486 - Internet connection configuration mode: 2
2025-04-08 00:14:46,499 [INFO] UserAuth:486 - Internet connection configuration mode: 2
2025-04-08 00:14:46,503 [INFO] UserAuth:486 - Internet connection configuration mode: 2
2025-04-08 00:14:46,506 [INFO] UserAuth:486 - Internet connection configuration mode: 2
2025-04-08 00:14:46,511 [INFO] UserAuth:486 - Internet connection configuration mode: 2
2025-04-08 00:14:46,514 [INFO] UserAuth:486 - Internet connection configuration mode: 2
2025-04-08 00:16:50,077 [INFO] UtilMem:75 - End SaveConfig() Used Memory: 414998656 Bytes (1073741824)
2025-04-08 00:16:51,867 [INFO] UtilMem:75 - End SaveConfig() Used Memory: 527960064 Bytes (1073741824)
2025-04-08 00:16:52,149 [INFO] ProjectBuilder:2363 - IP not ready for code generation: FATFS
2025-04-08 00:16:53,559 [INFO] BlockDiagram:2766 - set Specific Code input for plugin: RNG
2025-04-08 00:16:53,560 [INFO] BlockDiagram:2766 - set Specific Code input for plugin: FREERTOS
2025-04-08 00:16:53,560 [INFO] BlockDiagram:2766 - set Specific Code input for plugin: SDIO
2025-04-08 00:16:53,560 [INFO] BlockDiagram:2766 - set Specific Code input for plugin: TIM1_8
2025-04-08 00:16:53,560 [INFO] BlockDiagram:2766 - set Specific Code input for plugin: SYS
2025-04-08 00:16:53,560 [INFO] BlockDiagram:2766 - set Specific Code input for plugin: RCC
2025-04-08 00:16:53,560 [INFO] BlockDiagram:2766 - set Specific Code input for plugin: NVIC
2025-04-08 00:16:53,560 [INFO] BlockDiagram:2766 - set Specific Code input for plugin: LWIP
2025-04-08 00:16:53,560 [INFO] BlockDiagram:2766 - set Specific Code input for plugin: USART
2025-04-08 00:16:53,560 [INFO] BlockDiagram:2766 - set Specific Code input for plugin: wolfSSL.I-CUBE-wolfSSL.5.7.4
2025-04-08 00:16:53,560 [INFO] BlockDiagram:2766 - set Specific Code input for plugin: DMA
2025-04-08 00:16:53,561 [INFO] BlockDiagram:2766 - set Specific Code input for plugin: GPIO
2025-04-08 00:16:53,561 [INFO] BlockDiagram:2766 - set Specific Code input for plugin: ETH
2025-04-08 00:16:53,561 [INFO] BlockDiagram:2766 - set Specific Code input for plugin: wolfSSL.I-CUBE-wolfSSH.1.4.17
2025-04-08 00:16:53,561 [INFO] BlockDiagram:2766 - set Specific Code input for plugin: FATFS
2025-04-08 00:16:53,565 [INFO] CodeGenerator:896 - code generatio: config db path: D:\STM32CubeIDE_1.17.0\STM32CubeIDE\plugins\com.st.stm32cube.common.mx_6.13.0.202411220809\\db\
2025-04-08 00:16:53,592 [WARN] IP:2251 - LWIP_NETIF_HOSTNAME_NAME not found: check if there is a RefParameter without a condition.
2025-04-08 00:16:53,786 [INFO] IP:3366 - RTE template : default_conf.ftl
2025-04-08 00:16:53,786 [INFO] IP:3366 - RTE template : default_conf.ftl
2025-04-08 00:16:53,793 [INFO] CodeEngine:255 - oldGeneratedFile, D:\STM32\RTOS-CLI\RTOS-CLI\MXTmpFiles\license.tmp_save
2025-04-08 00:16:54,061 [INFO] CodeEngine:279 - Generated code: D:\STM32\RTOS-CLI\RTOS-CLI\MXTmpFiles\license.tmp
2025-04-08 00:16:54,124 [INFO] CodeEngine:255 - oldGeneratedFile, D:\STM32\RTOS-CLI\RTOS-CLI\Core\Src\gpio.c_save
2025-04-08 00:16:54,316 [INFO] CodeEngine:279 - Generated code: D:\STM32\RTOS-CLI\RTOS-CLI\Core\Src\gpio.c
2025-04-08 00:16:54,321 [INFO] CodeEngine:255 - oldGeneratedFile, D:\STM32\RTOS-CLI\RTOS-CLI\Core\Inc\gpio.h_save
2025-04-08 00:16:54,396 [INFO] CodeEngine:279 - Generated code: D:\STM32\RTOS-CLI\RTOS-CLI\Core\Inc\gpio.h
2025-04-08 00:16:54,437 [INFO] CodeEngine:255 - oldGeneratedFile, D:\STM32\RTOS-CLI\RTOS-CLI\MXTmpFiles\eth_vars.tmp_save
2025-04-08 00:16:54,562 [INFO] CodeEngine:279 - Generated code: D:\STM32\RTOS-CLI\RTOS-CLI\MXTmpFiles\eth_vars.tmp
2025-04-08 00:16:54,566 [INFO] CodeEngine:255 - oldGeneratedFile, D:\STM32\RTOS-CLI\RTOS-CLI\MXTmpFiles\eth_inc.tmp_save
2025-04-08 00:16:54,660 [INFO] CodeEngine:279 - Generated code: D:\STM32\RTOS-CLI\RTOS-CLI\MXTmpFiles\eth_inc.tmp
2025-04-08 00:16:54,666 [INFO] CodeEngine:255 - oldGeneratedFile, D:\STM32\RTOS-CLI\RTOS-CLI\MXTmpFiles\eth_HalInit.tmp_save
2025-04-08 00:16:54,773 [INFO] CodeEngine:279 - Generated code: D:\STM32\RTOS-CLI\RTOS-CLI\MXTmpFiles\eth_HalInit.tmp
2025-04-08 00:16:54,776 [INFO] CodeEngine:255 - oldGeneratedFile, D:\STM32\RTOS-CLI\RTOS-CLI\MXTmpFiles\eth_Msp.tmp_save
2025-04-08 00:16:54,910 [INFO] CodeEngine:279 - Generated code: D:\STM32\RTOS-CLI\RTOS-CLI\MXTmpFiles\eth_Msp.tmp
2025-04-08 00:16:54,923 [INFO] CodeEngine:255 - oldGeneratedFile, D:\STM32\RTOS-CLI\RTOS-CLI\MXTmpFiles\eth_vars.tmp_save
2025-04-08 00:16:55,141 [INFO] CodeEngine:279 - Generated code: D:\STM32\RTOS-CLI\RTOS-CLI\MXTmpFiles\eth_vars.tmp
2025-04-08 00:16:55,149 [INFO] CodeEngine:255 - oldGeneratedFile, D:\STM32\RTOS-CLI\RTOS-CLI\MXTmpFiles\eth_inc.tmp_save
2025-04-08 00:16:55,246 [INFO] CodeEngine:279 - Generated code: D:\STM32\RTOS-CLI\RTOS-CLI\MXTmpFiles\eth_inc.tmp
2025-04-08 00:16:55,286 [INFO] CodeEngine:255 - oldGeneratedFile, D:\STM32\RTOS-CLI\RTOS-CLI\MXTmpFiles\eth_HalInit.tmp_save
2025-04-08 00:16:55,388 [INFO] CodeEngine:279 - Generated code: D:\STM32\RTOS-CLI\RTOS-CLI\MXTmpFiles\eth_HalInit.tmp
2025-04-08 00:16:55,408 [INFO] CodeEngine:255 - oldGeneratedFile, D:\STM32\RTOS-CLI\RTOS-CLI\MXTmpFiles\eth_Msp.tmp_save
2025-04-08 00:16:55,518 [INFO] CodeEngine:279 - Generated code: D:\STM32\RTOS-CLI\RTOS-CLI\MXTmpFiles\eth_Msp.tmp
2025-04-08 00:16:55,527 [INFO] CodeEngine:255 - oldGeneratedFile, D:\STM32\RTOS-CLI\RTOS-CLI\MXTmpFiles\eth_vars.tmp_save
2025-04-08 00:16:55,670 [INFO] CodeEngine:279 - Generated code: D:\STM32\RTOS-CLI\RTOS-CLI\MXTmpFiles\eth_vars.tmp
2025-04-08 00:16:55,676 [INFO] CodeEngine:255 - oldGeneratedFile, D:\STM32\RTOS-CLI\RTOS-CLI\MXTmpFiles\eth_inc.tmp_save
2025-04-08 00:16:55,758 [INFO] CodeEngine:279 - Generated code: D:\STM32\RTOS-CLI\RTOS-CLI\MXTmpFiles\eth_inc.tmp
2025-04-08 00:16:55,815 [INFO] CodeEngine:255 - oldGeneratedFile, D:\STM32\RTOS-CLI\RTOS-CLI\MXTmpFiles\eth_HalInit.tmp_save
2025-04-08 00:16:55,939 [INFO] CodeEngine:279 - Generated code: D:\STM32\RTOS-CLI\RTOS-CLI\MXTmpFiles\eth_HalInit.tmp
2025-04-08 00:16:55,960 [INFO] CodeEngine:255 - oldGeneratedFile, D:\STM32\RTOS-CLI\RTOS-CLI\MXTmpFiles\eth_Msp.tmp_save
2025-04-08 00:16:56,076 [INFO] CodeEngine:279 - Generated code: D:\STM32\RTOS-CLI\RTOS-CLI\MXTmpFiles\eth_Msp.tmp
2025-04-08 00:16:56,850 [INFO] Middleware:1450 - No code input for Bsp Dependency
2025-04-08 00:16:56,859 [INFO] CodeEngine:255 - oldGeneratedFile, D:\STM32\RTOS-CLI\RTOS-CLI\MXTmpFiles\rtos_inc.tmp_save
2025-04-08 00:16:57,028 [INFO] CodeEngine:279 - Generated code: D:\STM32\RTOS-CLI\RTOS-CLI\MXTmpFiles\rtos_inc.tmp
2025-04-08 00:16:57,032 [INFO] CodeEngine:255 - oldGeneratedFile, D:\STM32\RTOS-CLI\RTOS-CLI\MXTmpFiles\rtos_kernelInit.tmp_save
2025-04-08 00:16:57,123 [INFO] CodeEngine:279 - Generated code: D:\STM32\RTOS-CLI\RTOS-CLI\MXTmpFiles\rtos_kernelInit.tmp
2025-04-08 00:16:57,127 [INFO] CodeEngine:255 - oldGeneratedFile, D:\STM32\RTOS-CLI\RTOS-CLI\MXTmpFiles\rtos_kernelStart.tmp_save
2025-04-08 00:16:57,219 [INFO] CodeEngine:279 - Generated code: D:\STM32\RTOS-CLI\RTOS-CLI\MXTmpFiles\rtos_kernelStart.tmp
2025-04-08 00:16:57,223 [INFO] CodeEngine:255 - oldGeneratedFile, D:\STM32\RTOS-CLI\RTOS-CLI\MXTmpFiles\rtos_typedefs.tmp_save
2025-04-08 00:16:57,302 [INFO] CodeEngine:279 - Generated code: D:\STM32\RTOS-CLI\RTOS-CLI\MXTmpFiles\rtos_typedefs.tmp
2025-04-08 00:16:57,306 [INFO] CodeEngine:255 - oldGeneratedFile, D:\STM32\RTOS-CLI\RTOS-CLI\MXTmpFiles\rtos_vars.tmp_save
2025-04-08 00:16:57,401 [INFO] CodeEngine:279 - Generated code: D:\STM32\RTOS-CLI\RTOS-CLI\MXTmpFiles\rtos_vars.tmp
2025-04-08 00:16:57,407 [INFO] CodeEngine:255 - oldGeneratedFile, D:\STM32\RTOS-CLI\RTOS-CLI\MXTmpFiles\rtos_pfp.tmp_save
2025-04-08 00:16:57,512 [INFO] CodeEngine:279 - Generated code: D:\STM32\RTOS-CLI\RTOS-CLI\MXTmpFiles\rtos_pfp.tmp
2025-04-08 00:16:57,517 [INFO] CodeEngine:255 - oldGeneratedFile, D:\STM32\RTOS-CLI\RTOS-CLI\MXTmpFiles\rtos_obj_creat.tmp_save
2025-04-08 00:16:57,638 [INFO] CodeEngine:279 - Generated code: D:\STM32\RTOS-CLI\RTOS-CLI\MXTmpFiles\rtos_obj_creat.tmp
2025-04-08 00:16:57,642 [INFO] CodeEngine:255 - oldGeneratedFile, D:\STM32\RTOS-CLI\RTOS-CLI\MXTmpFiles\rtos_default_thread.tmp_save
2025-04-08 00:16:57,735 [INFO] CodeEngine:279 - Generated code: D:\STM32\RTOS-CLI\RTOS-CLI\MXTmpFiles\rtos_default_thread.tmp
2025-04-08 00:16:57,739 [INFO] CodeEngine:255 - oldGeneratedFile, D:\STM32\RTOS-CLI\RTOS-CLI\MXTmpFiles\rtos_threads.tmp_save
2025-04-08 00:16:57,811 [INFO] CodeEngine:279 - Generated code: D:\STM32\RTOS-CLI\RTOS-CLI\MXTmpFiles\rtos_threads.tmp
2025-04-08 00:16:57,821 [INFO] Middleware:1450 - No code input for Bsp Dependency
2025-04-08 00:16:57,825 [INFO] CodeEngine:255 - oldGeneratedFile, D:\STM32\RTOS-CLI\RTOS-CLI\MXTmpFiles\fatfs_HalInit.tmp_save
2025-04-08 00:16:57,917 [INFO] CodeEngine:279 - Generated code: D:\STM32\RTOS-CLI\RTOS-CLI\MXTmpFiles\fatfs_HalInit.tmp
2025-04-08 00:16:57,920 [INFO] CodeEngine:255 - oldGeneratedFile, D:\STM32\RTOS-CLI\RTOS-CLI\MXTmpFiles\fatfs_vars.tmp_save
2025-04-08 00:16:57,991 [INFO] CodeEngine:279 - Generated code: D:\STM32\RTOS-CLI\RTOS-CLI\MXTmpFiles\fatfs_vars.tmp
2025-04-08 00:16:57,994 [INFO] CodeEngine:255 - oldGeneratedFile, D:\STM32\RTOS-CLI\RTOS-CLI\MXTmpFiles\fatfs_ext_vars.tmp_save
2025-04-08 00:16:58,050 [INFO] CodeEngine:279 - Generated code: D:\STM32\RTOS-CLI\RTOS-CLI\MXTmpFiles\fatfs_ext_vars.tmp
2025-04-08 00:16:58,053 [INFO] CodeEngine:255 - oldGeneratedFile, D:\STM32\RTOS-CLI\RTOS-CLI\MXTmpFiles\fatfs_inc.tmp_save
2025-04-08 00:16:58,117 [INFO] CodeEngine:279 - Generated code: D:\STM32\RTOS-CLI\RTOS-CLI\MXTmpFiles\fatfs_inc.tmp
2025-04-08 00:16:58,132 [INFO] Middleware:1450 - No code input for Bsp Dependency
2025-04-08 00:16:58,144 [INFO] Middleware:1450 - No code input for Bsp Dependency
2025-04-08 00:16:58,144 [INFO] Middleware:1450 - No code input for Bsp Dependency
2025-04-08 00:16:58,154 [INFO] Middleware:1450 - No code input for Bsp Dependency
2025-04-08 00:16:58,162 [INFO] CodeEngine:255 - oldGeneratedFile, D:\STM32\RTOS-CLI\RTOS-CLI\MXTmpFiles\rtos_inc.tmp_save
2025-04-08 00:16:58,272 [INFO] CodeEngine:279 - Generated code: D:\STM32\RTOS-CLI\RTOS-CLI\MXTmpFiles\rtos_inc.tmp
2025-04-08 00:16:58,277 [INFO] CodeEngine:255 - oldGeneratedFile, D:\STM32\RTOS-CLI\RTOS-CLI\MXTmpFiles\rtos_kernelInit.tmp_save
2025-04-08 00:16:58,344 [INFO] CodeEngine:279 - Generated code: D:\STM32\RTOS-CLI\RTOS-CLI\MXTmpFiles\rtos_kernelInit.tmp
2025-04-08 00:16:58,349 [INFO] CodeEngine:255 - oldGeneratedFile, D:\STM32\RTOS-CLI\RTOS-CLI\MXTmpFiles\rtos_kernelStart.tmp_save
2025-04-08 00:16:58,421 [INFO] CodeEngine:279 - Generated code: D:\STM32\RTOS-CLI\RTOS-CLI\MXTmpFiles\rtos_kernelStart.tmp
2025-04-08 00:16:58,425 [INFO] CodeEngine:255 - oldGeneratedFile, D:\STM32\RTOS-CLI\RTOS-CLI\MXTmpFiles\rtos_typedefs.tmp_save
2025-04-08 00:16:58,492 [INFO] CodeEngine:279 - Generated code: D:\STM32\RTOS-CLI\RTOS-CLI\MXTmpFiles\rtos_typedefs.tmp
2025-04-08 00:16:58,507 [INFO] CodeEngine:255 - oldGeneratedFile, D:\STM32\RTOS-CLI\RTOS-CLI\MXTmpFiles\rtos_vars.tmp_save
2025-04-08 00:16:58,579 [INFO] CodeEngine:279 - Generated code: D:\STM32\RTOS-CLI\RTOS-CLI\MXTmpFiles\rtos_vars.tmp
2025-04-08 00:16:58,585 [INFO] CodeEngine:255 - oldGeneratedFile, D:\STM32\RTOS-CLI\RTOS-CLI\MXTmpFiles\rtos_pfp.tmp_save
2025-04-08 00:16:58,665 [INFO] CodeEngine:279 - Generated code: D:\STM32\RTOS-CLI\RTOS-CLI\MXTmpFiles\rtos_pfp.tmp
2025-04-08 00:16:58,680 [INFO] CodeEngine:255 - oldGeneratedFile, D:\STM32\RTOS-CLI\RTOS-CLI\MXTmpFiles\rtos_obj_creat.tmp_save
2025-04-08 00:16:58,745 [INFO] CodeEngine:279 - Generated code: D:\STM32\RTOS-CLI\RTOS-CLI\MXTmpFiles\rtos_obj_creat.tmp
2025-04-08 00:16:58,749 [INFO] CodeEngine:255 - oldGeneratedFile, D:\STM32\RTOS-CLI\RTOS-CLI\MXTmpFiles\rtos_default_thread.tmp_save
2025-04-08 00:16:58,809 [INFO] CodeEngine:279 - Generated code: D:\STM32\RTOS-CLI\RTOS-CLI\MXTmpFiles\rtos_default_thread.tmp
2025-04-08 00:16:58,813 [INFO] CodeEngine:255 - oldGeneratedFile, D:\STM32\RTOS-CLI\RTOS-CLI\MXTmpFiles\rtos_threads.tmp_save
2025-04-08 00:16:58,870 [INFO] CodeEngine:279 - Generated code: D:\STM32\RTOS-CLI\RTOS-CLI\MXTmpFiles\rtos_threads.tmp
2025-04-08 00:16:58,886 [INFO] CodeEngine:255 - oldGeneratedFile, D:\STM32\RTOS-CLI\RTOS-CLI\Core\Inc\FreeRTOSConfig.h_save
2025-04-08 00:16:58,986 [INFO] CodeEngine:279 - Generated code: D:\STM32\RTOS-CLI\RTOS-CLI\Core\Inc\FreeRTOSConfig.h
2025-04-08 00:16:59,001 [INFO] CodeEngine:255 - oldGeneratedFile, D:\STM32\RTOS-CLI\RTOS-CLI\Core\Src\freertos.c_save
2025-04-08 00:16:59,126 [INFO] CodeEngine:279 - Generated code: D:\STM32\RTOS-CLI\RTOS-CLI\Core\Src\freertos.c
2025-04-08 00:16:59,193 [INFO] CodeEngine:255 - oldGeneratedFile, D:\STM32\RTOS-CLI\RTOS-CLI\Core\Src\dma.c_save
2025-04-08 00:16:59,317 [INFO] CodeEngine:279 - Generated code: D:\STM32\RTOS-CLI\RTOS-CLI\Core\Src\dma.c
2025-04-08 00:16:59,330 [INFO] CodeEngine:255 - oldGeneratedFile, D:\STM32\RTOS-CLI\RTOS-CLI\Core\Inc\dma.h_save
2025-04-08 00:16:59,427 [INFO] CodeEngine:279 - Generated code: D:\STM32\RTOS-CLI\RTOS-CLI\Core\Inc\dma.h
2025-04-08 00:16:59,433 [INFO] Middleware:1450 - No code input for Bsp Dependency
2025-04-08 00:16:59,439 [INFO] CodeEngine:255 - oldGeneratedFile, D:\STM32\RTOS-CLI\RTOS-CLI\MXTmpFiles\fatfs_HalInit.tmp_save
2025-04-08 00:16:59,527 [INFO] CodeEngine:279 - Generated code: D:\STM32\RTOS-CLI\RTOS-CLI\MXTmpFiles\fatfs_HalInit.tmp
2025-04-08 00:16:59,531 [INFO] CodeEngine:255 - oldGeneratedFile, D:\STM32\RTOS-CLI\RTOS-CLI\MXTmpFiles\fatfs_vars.tmp_save
2025-04-08 00:16:59,591 [INFO] CodeEngine:279 - Generated code: D:\STM32\RTOS-CLI\RTOS-CLI\MXTmpFiles\fatfs_vars.tmp
2025-04-08 00:16:59,595 [INFO] CodeEngine:255 - oldGeneratedFile, D:\STM32\RTOS-CLI\RTOS-CLI\MXTmpFiles\fatfs_ext_vars.tmp_save
2025-04-08 00:16:59,658 [INFO] CodeEngine:279 - Generated code: D:\STM32\RTOS-CLI\RTOS-CLI\MXTmpFiles\fatfs_ext_vars.tmp
2025-04-08 00:16:59,663 [INFO] CodeEngine:255 - oldGeneratedFile, D:\STM32\RTOS-CLI\RTOS-CLI\MXTmpFiles\fatfs_inc.tmp_save
2025-04-08 00:16:59,724 [INFO] CodeEngine:279 - Generated code: D:\STM32\RTOS-CLI\RTOS-CLI\MXTmpFiles\fatfs_inc.tmp
2025-04-08 00:16:59,727 [INFO] CodeEngine:255 - oldGeneratedFile, D:\STM32\RTOS-CLI\RTOS-CLI\FATFS\Target\ffconf.h_save
2025-04-08 00:16:59,838 [INFO] CodeEngine:279 - Generated code: D:\STM32\RTOS-CLI\RTOS-CLI\FATFS\Target\ffconf.h
2025-04-08 00:16:59,851 [INFO] CodeEngine:255 - oldGeneratedFile, D:\STM32\RTOS-CLI\RTOS-CLI\FATFS\Target\bsp_driver_sd.c_save
2025-04-08 00:16:59,948 [INFO] CodeEngine:279 - Generated code: D:\STM32\RTOS-CLI\RTOS-CLI\FATFS\Target\bsp_driver_sd.c
2025-04-08 00:16:59,960 [INFO] CodeEngine:255 - oldGeneratedFile, D:\STM32\RTOS-CLI\RTOS-CLI\FATFS\Target\bsp_driver_sd.h_save
2025-04-08 00:17:00,025 [INFO] CodeEngine:279 - Generated code: D:\STM32\RTOS-CLI\RTOS-CLI\FATFS\Target\bsp_driver_sd.h
2025-04-08 00:17:00,029 [INFO] CodeEngine:255 - oldGeneratedFile, D:\STM32\RTOS-CLI\RTOS-CLI\FATFS\Target\sd_diskio.h_save
2025-04-08 00:17:00,089 [INFO] CodeEngine:279 - Generated code: D:\STM32\RTOS-CLI\RTOS-CLI\FATFS\Target\sd_diskio.h
2025-04-08 00:17:00,092 [INFO] CodeEngine:255 - oldGeneratedFile, D:\STM32\RTOS-CLI\RTOS-CLI\FATFS\Target\sd_diskio.c_save
2025-04-08 00:17:00,208 [INFO] CodeEngine:279 - Generated code: D:\STM32\RTOS-CLI\RTOS-CLI\FATFS\Target\sd_diskio.c
2025-04-08 00:17:00,222 [INFO] CodeEngine:255 - oldGeneratedFile, D:\STM32\RTOS-CLI\RTOS-CLI\FATFS\App\fatfs.c_save
2025-04-08 00:17:00,293 [INFO] CodeEngine:279 - Generated code: D:\STM32\RTOS-CLI\RTOS-CLI\FATFS\App\fatfs.c
2025-04-08 00:17:00,295 [INFO] CodeEngine:255 - oldGeneratedFile, D:\STM32\RTOS-CLI\RTOS-CLI\FATFS\App\fatfs.h_save
2025-04-08 00:17:00,356 [INFO] CodeEngine:279 - Generated code: D:\STM32\RTOS-CLI\RTOS-CLI\FATFS\App\fatfs.h
2025-04-08 00:17:00,365 [INFO] Middleware:1450 - No code input for Bsp Dependency
2025-04-08 00:17:00,391 [INFO] CodeEngine:255 - oldGeneratedFile, D:\STM32\RTOS-CLI\RTOS-CLI\LWIP\App\lwip.c_save
2025-04-08 00:17:00,490 [INFO] CodeEngine:279 - Generated code: D:\STM32\RTOS-CLI\RTOS-CLI\LWIP\App\lwip.c
2025-04-08 00:17:00,494 [INFO] CodeEngine:255 - oldGeneratedFile, D:\STM32\RTOS-CLI\RTOS-CLI\LWIP\App\lwip.h_save
2025-04-08 00:17:00,562 [INFO] CodeEngine:279 - Generated code: D:\STM32\RTOS-CLI\RTOS-CLI\LWIP\App\lwip.h
2025-04-08 00:17:00,577 [INFO] CodeEngine:255 - oldGeneratedFile, D:\STM32\RTOS-CLI\RTOS-CLI\LWIP\Target\lwipopts.h_save
2025-04-08 00:17:00,821 [INFO] CodeEngine:279 - Generated code: D:\STM32\RTOS-CLI\RTOS-CLI\LWIP\Target\lwipopts.h
2025-04-08 00:17:00,838 [INFO] CodeEngine:255 - oldGeneratedFile, D:\STM32\RTOS-CLI\RTOS-CLI\LWIP\Target\ethernetif.c_save
2025-04-08 00:17:00,999 [INFO] CodeEngine:279 - Generated code: D:\STM32\RTOS-CLI\RTOS-CLI\LWIP\Target\ethernetif.c
2025-04-08 00:17:01,005 [INFO] CodeEngine:255 - oldGeneratedFile, D:\STM32\RTOS-CLI\RTOS-CLI\LWIP\Target\ethernetif.h_save
2025-04-08 00:17:01,114 [INFO] CodeEngine:279 - Generated code: D:\STM32\RTOS-CLI\RTOS-CLI\LWIP\Target\ethernetif.h
2025-04-08 00:17:01,142 [INFO] CodeEngine:255 - oldGeneratedFile, D:\STM32\RTOS-CLI\RTOS-CLI\Core\Src\rng.c_save
2025-04-08 00:17:01,255 [INFO] CodeEngine:279 - Generated code: D:\STM32\RTOS-CLI\RTOS-CLI\Core\Src\rng.c
2025-04-08 00:17:01,260 [INFO] CodeEngine:255 - oldGeneratedFile, D:\STM32\RTOS-CLI\RTOS-CLI\Core\Inc\rng.h_save
2025-04-08 00:17:01,356 [INFO] CodeEngine:279 - Generated code: D:\STM32\RTOS-CLI\RTOS-CLI\Core\Inc\rng.h
2025-04-08 00:17:01,364 [INFO] CodeEngine:255 - oldGeneratedFile, D:\STM32\RTOS-CLI\RTOS-CLI\Core\Src\sdio.c_save
2025-04-08 00:17:01,516 [INFO] CodeEngine:279 - Generated code: D:\STM32\RTOS-CLI\RTOS-CLI\Core\Src\sdio.c
2025-04-08 00:17:01,519 [INFO] CodeEngine:255 - oldGeneratedFile, D:\STM32\RTOS-CLI\RTOS-CLI\Core\Inc\sdio.h_save
2025-04-08 00:17:01,599 [INFO] CodeEngine:279 - Generated code: D:\STM32\RTOS-CLI\RTOS-CLI\Core\Inc\sdio.h
2025-04-08 00:17:01,620 [INFO] CodeEngine:255 - oldGeneratedFile, D:\STM32\RTOS-CLI\RTOS-CLI\Core\Src\tim.c_save
2025-04-08 00:17:01,712 [INFO] CodeEngine:279 - Generated code: D:\STM32\RTOS-CLI\RTOS-CLI\Core\Src\tim.c
2025-04-08 00:17:01,718 [INFO] CodeEngine:255 - oldGeneratedFile, D:\STM32\RTOS-CLI\RTOS-CLI\Core\Inc\tim.h_save
2025-04-08 00:17:01,789 [INFO] CodeEngine:279 - Generated code: D:\STM32\RTOS-CLI\RTOS-CLI\Core\Inc\tim.h
2025-04-08 00:17:01,813 [INFO] CodeEngine:255 - oldGeneratedFile, D:\STM32\RTOS-CLI\RTOS-CLI\Core\Src\usart.c_save
2025-04-08 00:17:01,912 [INFO] CodeEngine:279 - Generated code: D:\STM32\RTOS-CLI\RTOS-CLI\Core\Src\usart.c
2025-04-08 00:17:01,917 [INFO] CodeEngine:255 - oldGeneratedFile, D:\STM32\RTOS-CLI\RTOS-CLI\Core\Inc\usart.h_save
2025-04-08 00:17:01,992 [INFO] CodeEngine:279 - Generated code: D:\STM32\RTOS-CLI\RTOS-CLI\Core\Inc\usart.h
2025-04-08 00:17:01,994 [INFO] Middleware:1450 - No code input for Bsp Dependency
2025-04-08 00:17:02,001 [INFO] CodeEngine:255 - oldGeneratedFile, D:\STM32\RTOS-CLI\RTOS-CLI\wolfSSH\.\wolfSSL.I-CUBE-wolfSSH_conf.h_save
2025-04-08 00:17:02,109 [INFO] CodeEngine:279 - Generated code: D:\STM32\RTOS-CLI\RTOS-CLI\wolfSSH\.\wolfSSL.I-CUBE-wolfSSH_conf.h
2025-04-08 00:17:02,112 [INFO] Middleware:1450 - No code input for Bsp Dependency
2025-04-08 00:17:02,131 [INFO] CodeEngine:255 - oldGeneratedFile, D:\STM32\RTOS-CLI\RTOS-CLI\wolfSSL\.\wolfSSL.I-CUBE-wolfSSL_conf.h_save
2025-04-08 00:17:02,246 [INFO] CodeEngine:279 - Generated code: D:\STM32\RTOS-CLI\RTOS-CLI\wolfSSL\.\wolfSSL.I-CUBE-wolfSSL_conf.h
2025-04-08 00:17:02,273 [INFO] CodeEngine:255 - oldGeneratedFile, D:\STM32\RTOS-CLI\RTOS-CLI\Core\Src\stm32f4xx_it.c_save
2025-04-08 00:17:02,480 [INFO] CodeEngine:279 - Generated code: D:\STM32\RTOS-CLI\RTOS-CLI\Core\Src\stm32f4xx_it.c
2025-04-08 00:17:02,486 [INFO] CodeEngine:255 - oldGeneratedFile, D:\STM32\RTOS-CLI\RTOS-CLI\Core\Inc\stm32f4xx_it.h_save
2025-04-08 00:17:02,569 [INFO] CodeEngine:279 - Generated code: D:\STM32\RTOS-CLI\RTOS-CLI\Core\Inc\stm32f4xx_it.h
2025-04-08 00:17:02,601 [INFO] CodeEngine:255 - oldGeneratedFile, D:\STM32\RTOS-CLI\RTOS-CLI\Core\Src\stm32f4xx_hal_msp.c_save
2025-04-08 00:17:02,697 [INFO] CodeEngine:279 - Generated code: D:\STM32\RTOS-CLI\RTOS-CLI\Core\Src\stm32f4xx_hal_msp.c
2025-04-08 00:17:02,701 [INFO] CodeEngine:255 - oldGeneratedFile, D:\STM32\RTOS-CLI\RTOS-CLI\MXTmpFiles\system.tmp_save
2025-04-08 00:17:02,756 [INFO] CodeEngine:279 - Generated code: D:\STM32\RTOS-CLI\RTOS-CLI\MXTmpFiles\system.tmp
2025-04-08 00:17:02,772 [INFO] CodeEngine:255 - oldGeneratedFile, D:\STM32\RTOS-CLI\RTOS-CLI\Core\Src\stm32f4xx_hal_timebase_tim.c_save
2025-04-08 00:17:02,836 [INFO] CodeEngine:279 - Generated code: D:\STM32\RTOS-CLI\RTOS-CLI\Core\Src\stm32f4xx_hal_timebase_tim.c
2025-04-08 00:17:02,854 [INFO] CodeEngine:311 - oldGeneratedFile, D:\STM32\RTOS-CLI\RTOS-CLI\Core\Inc\stm32f4xx_hal_conf.h_save
2025-04-08 00:17:02,973 [INFO] CodeEngine:335 - Generated code: D:\STM32\RTOS-CLI\RTOS-CLI\Core\Inc\stm32f4xx_hal_conf.h
2025-04-08 00:17:03,016 [INFO] ApiDbMcu:508 - Load IP Config File for SDIO
2025-04-08 00:17:03,039 [INFO] CodeEngine:255 - oldGeneratedFile, D:\STM32\RTOS-CLI\RTOS-CLI\Core\Inc\main.h_save
2025-04-08 00:17:03,163 [INFO] CodeEngine:279 - Generated code: D:\STM32\RTOS-CLI\RTOS-CLI\Core\Inc\main.h
2025-04-08 00:17:03,178 [INFO] CodeEngine:255 - oldGeneratedFile, D:\STM32\RTOS-CLI\RTOS-CLI\Core\Src\main.c_save
2025-04-08 00:17:03,294 [INFO] CodeEngine:279 - Generated code: D:\STM32\RTOS-CLI\RTOS-CLI\Core\Src\main.c
2025-04-08 00:17:04,248 [INFO] ProjectBuilder:3289 - Time for Copy HAL[1] : 702mS.
2025-04-08 00:17:04,248 [ERROR] Middleware:2969 - Invalid RefComponent list
2025-04-08 00:17:04,248 [ERROR] Middleware:2969 - Invalid RefComponent list
2025-04-08 00:17:04,249 [ERROR] Middleware:2969 - Invalid RefComponent list
2025-04-08 00:17:04,249 [ERROR] Middleware:2969 - Invalid RefComponent list
2025-04-08 00:17:04,249 [ERROR] Middleware:2969 - Invalid RefComponent list
2025-04-08 00:17:04,249 [ERROR] Middleware:2969 - Invalid RefComponent list
2025-04-08 00:17:04,249 [ERROR] Middleware:2969 - Invalid RefComponent list
2025-04-08 00:17:04,249 [ERROR] Middleware:2969 - Invalid RefComponent list
2025-04-08 00:17:04,249 [ERROR] Middleware:2969 - Invalid RefComponent list
2025-04-08 00:17:04,249 [ERROR] Middleware:2969 - Invalid RefComponent list
2025-04-08 00:17:04,249 [ERROR] Middleware:2969 - Invalid RefComponent list
2025-04-08 00:17:04,249 [ERROR] Middleware:2969 - Invalid RefComponent list
2025-04-08 00:17:04,249 [ERROR] Middleware:2969 - Invalid RefComponent list
2025-04-08 00:17:04,249 [ERROR] Middleware:2969 - Invalid RefComponent list
2025-04-08 00:17:04,249 [ERROR] Middleware:2969 - Invalid RefComponent list
2025-04-08 00:17:04,249 [ERROR] Middleware:2969 - Invalid RefComponent list
2025-04-08 00:17:04,249 [ERROR] Middleware:2969 - Invalid RefComponent list
2025-04-08 00:17:04,249 [ERROR] Middleware:2969 - Invalid RefComponent list
2025-04-08 00:17:04,250 [ERROR] Middleware:2969 - Invalid RefComponent list
2025-04-08 00:17:04,250 [ERROR] Middleware:2969 - Invalid RefComponent list
2025-04-08 00:17:04,250 [ERROR] Middleware:2969 - Invalid RefComponent list
2025-04-08 00:17:04,250 [ERROR] Middleware:2969 - Invalid RefComponent list
2025-04-08 00:17:04,250 [ERROR] Middleware:2969 - Invalid RefComponent list
2025-04-08 00:17:04,250 [ERROR] Middleware:2969 - Invalid RefComponent list
2025-04-08 00:17:04,250 [ERROR] Middleware:2969 - Invalid RefComponent list
2025-04-08 00:17:04,250 [ERROR] Middleware:2969 - Invalid RefComponent list
2025-04-08 00:17:04,250 [ERROR] Middleware:2969 - Invalid RefComponent list
2025-04-08 00:17:04,250 [ERROR] Middleware:2969 - Invalid RefComponent list
2025-04-08 00:17:04,250 [ERROR] Middleware:2969 - Invalid RefComponent list
2025-04-08 00:17:04,250 [ERROR] Middleware:2969 - Invalid RefComponent list
2025-04-08 00:17:04,250 [ERROR] Middleware:2969 - Invalid RefComponent list
2025-04-08 00:17:04,250 [ERROR] Middleware:2969 - Invalid RefComponent list
2025-04-08 00:17:04,250 [ERROR] Middleware:2969 - Invalid RefComponent list
2025-04-08 00:17:04,250 [ERROR] Middleware:2969 - Invalid RefComponent list
2025-04-08 00:17:04,250 [ERROR] Middleware:2969 - Invalid RefComponent list
2025-04-08 00:17:04,250 [ERROR] Middleware:2969 - Invalid RefComponent list
2025-04-08 00:17:04,250 [ERROR] Middleware:2969 - Invalid RefComponent list
2025-04-08 00:17:04,250 [ERROR] Middleware:2969 - Invalid RefComponent list
2025-04-08 00:17:04,250 [ERROR] Middleware:2969 - Invalid RefComponent list
2025-04-08 00:17:04,250 [ERROR] Middleware:2969 - Invalid RefComponent list
2025-04-08 00:17:04,250 [ERROR] Middleware:2969 - Invalid RefComponent list
2025-04-08 00:17:04,250 [ERROR] Middleware:2969 - Invalid RefComponent list
2025-04-08 00:17:04,250 [ERROR] Middleware:2969 - Invalid RefComponent list
2025-04-08 00:17:04,250 [ERROR] Middleware:2969 - Invalid RefComponent list
2025-04-08 00:17:04,250 [ERROR] Middleware:2969 - Invalid RefComponent list
2025-04-08 00:17:04,250 [ERROR] Middleware:2969 - Invalid RefComponent list
2025-04-08 00:17:04,250 [ERROR] Middleware:2969 - Invalid RefComponent list
2025-04-08 00:17:04,251 [ERROR] Middleware:2969 - Invalid RefComponent list
2025-04-08 00:17:04,251 [ERROR] Middleware:2969 - Invalid RefComponent list
2025-04-08 00:17:04,251 [ERROR] Middleware:2969 - Invalid RefComponent list
2025-04-08 00:17:04,251 [ERROR] Middleware:2969 - Invalid RefComponent list
2025-04-08 00:17:04,251 [ERROR] Middleware:2969 - Invalid RefComponent list
2025-04-08 00:17:04,251 [ERROR] Middleware:2969 - Invalid RefComponent list
2025-04-08 00:17:04,251 [ERROR] Middleware:2969 - Invalid RefComponent list
2025-04-08 00:17:04,251 [ERROR] Middleware:2969 - Invalid RefComponent list
2025-04-08 00:17:04,251 [ERROR] Middleware:2969 - Invalid RefComponent list
2025-04-08 00:17:04,251 [ERROR] Middleware:2969 - Invalid RefComponent list
2025-04-08 00:17:04,251 [ERROR] Middleware:2969 - Invalid RefComponent list
2025-04-08 00:17:04,251 [ERROR] Middleware:2969 - Invalid RefComponent list
2025-04-08 00:17:04,251 [ERROR] Middleware:2969 - Invalid RefComponent list
2025-04-08 00:17:04,251 [ERROR] Middleware:2969 - Invalid RefComponent list
2025-04-08 00:17:04,251 [ERROR] Middleware:2969 - Invalid RefComponent list
2025-04-08 00:17:04,251 [ERROR] Middleware:2969 - Invalid RefComponent list
2025-04-08 00:17:04,251 [ERROR] Middleware:2969 - Invalid RefComponent list
2025-04-08 00:17:04,251 [ERROR] Middleware:2969 - Invalid RefComponent list
2025-04-08 00:17:04,251 [ERROR] Middleware:2969 - Invalid RefComponent list
2025-04-08 00:17:04,251 [ERROR] Middleware:2969 - Invalid RefComponent list
2025-04-08 00:17:04,251 [ERROR] Middleware:2969 - Invalid RefComponent list
2025-04-08 00:17:04,251 [ERROR] Middleware:2969 - Invalid RefComponent list
2025-04-08 00:17:04,251 [ERROR] Middleware:2969 - Invalid RefComponent list
2025-04-08 00:17:04,251 [ERROR] Middleware:2969 - Invalid RefComponent list
2025-04-08 00:17:04,251 [ERROR] Middleware:2969 - Invalid RefComponent list
2025-04-08 00:17:04,251 [ERROR] Middleware:2969 - Invalid RefComponent list
2025-04-08 00:17:04,252 [ERROR] Middleware:2969 - Invalid RefComponent list
2025-04-08 00:17:04,252 [ERROR] Middleware:2969 - Invalid RefComponent list
2025-04-08 00:17:04,252 [ERROR] Middleware:2969 - Invalid RefComponent list
2025-04-08 00:17:04,640 [INFO] ProjectBuilder:9095 - Time for Copy ThirdParty[1] : 386mS.
2025-04-08 00:17:04,641 [ERROR] ProjectBuilder:9049 - bundle already exist, pelase verify if each PDSC component have a bundle, the couple cBundle and cClass must be unique
2025-04-08 00:17:05,133 [INFO] ProjectBuilder:9095 - Time for Copy ThirdParty[1] : 492mS.
2025-04-08 00:17:05,201 [INFO] ProjectBuilder:9095 - Time for Copy ThirdParty[1] : 67mS.
2025-04-08 00:17:05,232 [INFO] ProjectBuilder:4876 - Project Generator version: 4.5.0-RC5
2025-04-08 00:17:05,385 [INFO] ConfigFileManager:1579 - The Die is : DIE413
2025-04-08 00:17:07,730 [INFO] ProjectBuilder:5154 - Time for Generating toolchain IDE Files: 2497mS.
2025-04-08 00:17:07,731 [INFO] ProjectBuilder:3146 - Time for Copy CMSIS : 1mS.
2025-04-08 00:17:07,763 [INFO] ProjectBuilder:3146 - Time for Copy CMSIS : 0mS.
2025-04-08 13:56:00,145 [ERROR] RtosPanel:558 - Can not restore the selected Tab for FREERTOS(A reason can be that the tab is no more available.)
2025-04-08 13:56:01,397 [INFO] TasksAndQueuesTab:757 - Static
2025-04-08 13:56:01,397 [INFO] TasksAndQueuesTab:757 - Static
2025-04-08 13:56:01,398 [INFO] TasksAndQueuesTab:757 - Static
2025-04-08 13:56:01,398 [INFO] TasksAndQueuesTab:757 - Static
2025-04-08 13:56:33,561 [WARN] IP:2251 - LWIP_NETIF_HOSTNAME_NAME not found: check if there is a RefParameter without a condition.
2025-04-08 13:56:33,612 [WARN] IP:2251 - LWIP_NETIF_HOSTNAME_NAME not found: check if there is a RefParameter without a condition.
2025-04-08 13:56:33,886 [ERROR] RtosPanel:558 - Can not restore the selected Tab for FREERTOS(A reason can be that the tab is no more available.)
2025-04-08 13:57:07,127 [INFO] UtilMem:75 - End SaveConfig() Used Memory: 891737248 Bytes (1073741824)
2025-04-08 13:57:09,084 [INFO] UtilMem:75 - End SaveConfig() Used Memory: 540260056 Bytes (1073741824)
2025-04-08 13:57:09,638 [INFO] ProjectBuilder:2363 - IP not ready for code generation: FATFS
2025-04-08 13:57:10,809 [INFO] BlockDiagram:2766 - set Specific Code input for plugin: RNG
2025-04-08 13:57:10,810 [INFO] BlockDiagram:2766 - set Specific Code input for plugin: FREERTOS
2025-04-08 13:57:10,810 [INFO] BlockDiagram:2766 - set Specific Code input for plugin: SDIO
2025-04-08 13:57:10,810 [INFO] BlockDiagram:2766 - set Specific Code input for plugin: TIM1_8
2025-04-08 13:57:10,810 [INFO] BlockDiagram:2766 - set Specific Code input for plugin: SYS
2025-04-08 13:57:10,810 [INFO] BlockDiagram:2766 - set Specific Code input for plugin: RCC
2025-04-08 13:57:10,811 [INFO] BlockDiagram:2766 - set Specific Code input for plugin: NVIC
2025-04-08 13:57:10,811 [INFO] BlockDiagram:2766 - set Specific Code input for plugin: LWIP
2025-04-08 13:57:10,811 [INFO] BlockDiagram:2766 - set Specific Code input for plugin: USART
2025-04-08 13:57:10,811 [INFO] BlockDiagram:2766 - set Specific Code input for plugin: wolfSSL.I-CUBE-wolfSSL.5.7.4
2025-04-08 13:57:10,811 [INFO] BlockDiagram:2766 - set Specific Code input for plugin: DMA
2025-04-08 13:57:10,812 [INFO] BlockDiagram:2766 - set Specific Code input for plugin: GPIO
2025-04-08 13:57:10,813 [INFO] BlockDiagram:2766 - set Specific Code input for plugin: ETH
2025-04-08 13:57:10,813 [INFO] BlockDiagram:2766 - set Specific Code input for plugin: wolfSSL.I-CUBE-wolfSSH.1.4.17
2025-04-08 13:57:10,813 [INFO] BlockDiagram:2766 - set Specific Code input for plugin: FATFS
2025-04-08 13:57:10,821 [INFO] CodeGenerator:896 - code generatio: config db path: D:\STM32CubeIDE_1.17.0\STM32CubeIDE\plugins\com.st.stm32cube.common.mx_6.13.0.202411220809\\db\
2025-04-08 13:57:10,845 [WARN] IP:2251 - LWIP_NETIF_HOSTNAME_NAME not found: check if there is a RefParameter without a condition.
2025-04-08 13:57:10,916 [INFO] Argument:325 - Argument : hdmavalue: null
2025-04-08 13:57:10,916 [INFO] Argument:327 - 	 sub Args: 
2025-04-08 13:57:10,916 [INFO] Argument:325 - Argument : Instancevalue: DMA2_Stream3
2025-04-08 13:57:10,916 [INFO] Argument:335 - Argument : Instancevalue: DMA2_Stream3
2025-04-08 13:57:10,917 [INFO] Argument:325 - Argument : Initvalue: null
2025-04-08 13:57:10,917 [INFO] Argument:327 - 	 sub Args: 
2025-04-08 13:57:10,917 [INFO] Argument:325 - Argument : Channelvalue: DMA_CHANNEL_4
2025-04-08 13:57:10,917 [INFO] Argument:335 - Argument : Channelvalue: DMA_CHANNEL_4
2025-04-08 13:57:10,917 [INFO] Argument:325 - Argument : Directionvalue: DMA_PERIPH_TO_MEMORY
2025-04-08 13:57:10,917 [INFO] Argument:335 - Argument : Directionvalue: DMA_PERIPH_TO_MEMORY
2025-04-08 13:57:10,917 [INFO] Argument:325 - Argument : PeriphIncvalue: DMA_PINC_DISABLE
2025-04-08 13:57:10,917 [INFO] Argument:335 - Argument : PeriphIncvalue: DMA_PINC_DISABLE
2025-04-08 13:57:10,917 [INFO] Argument:325 - Argument : MemIncvalue: DMA_MINC_ENABLE
2025-04-08 13:57:10,917 [INFO] Argument:335 - Argument : MemIncvalue: DMA_MINC_ENABLE
2025-04-08 13:57:10,917 [INFO] Argument:325 - Argument : PeriphDataAlignmentvalue: DMA_PDATAALIGN_WORD
2025-04-08 13:57:10,917 [INFO] Argument:335 - Argument : PeriphDataAlignmentvalue: DMA_PDATAALIGN_WORD
2025-04-08 13:57:10,918 [INFO] Argument:325 - Argument : MemDataAlignmentvalue: DMA_MDATAALIGN_WORD
2025-04-08 13:57:10,918 [INFO] Argument:335 - Argument : MemDataAlignmentvalue: DMA_MDATAALIGN_WORD
2025-04-08 13:57:10,918 [INFO] Argument:325 - Argument : Modevalue: DMA_PFCTRL
2025-04-08 13:57:10,918 [INFO] Argument:335 - Argument : Modevalue: DMA_PFCTRL
2025-04-08 13:57:10,918 [INFO] Argument:325 - Argument : Priorityvalue: DMA_PRIORITY_LOW
2025-04-08 13:57:10,919 [INFO] Argument:335 - Argument : Priorityvalue: DMA_PRIORITY_LOW
2025-04-08 13:57:10,919 [INFO] Argument:325 - Argument : FIFOModevalue: DMA_FIFOMODE_ENABLE
2025-04-08 13:57:10,919 [INFO] Argument:335 - Argument : FIFOModevalue: DMA_FIFOMODE_ENABLE
2025-04-08 13:57:10,919 [INFO] Argument:325 - Argument : FIFOThresholdvalue: DMA_FIFO_THRESHOLD_FULL
2025-04-08 13:57:10,919 [INFO] Argument:335 - Argument : FIFOThresholdvalue: DMA_FIFO_THRESHOLD_FULL
2025-04-08 13:57:10,919 [INFO] Argument:325 - Argument : MemBurstvalue: DMA_MBURST_INC4
2025-04-08 13:57:10,919 [INFO] Argument:335 - Argument : MemBurstvalue: DMA_MBURST_INC4
2025-04-08 13:57:10,919 [INFO] Argument:325 - Argument : PeriphBurstvalue: DMA_PBURST_INC4
2025-04-08 13:57:10,919 [INFO] Argument:335 - Argument : PeriphBurstvalue: DMA_PBURST_INC4
2025-04-08 13:57:10,919 [INFO] Argument:325 - Argument : Lockvalue: null
2025-04-08 13:57:10,919 [INFO] Argument:335 - Argument : Lockvalue: null
2025-04-08 13:57:10,919 [INFO] Argument:325 - Argument : Statevalue: null
2025-04-08 13:57:10,919 [INFO] Argument:335 - Argument : Statevalue: null
2025-04-08 13:57:10,919 [INFO] Argument:325 - Argument : Parentvalue: null
2025-04-08 13:57:10,919 [INFO] Argument:335 - Argument : Parentvalue: null
2025-04-08 13:57:10,920 [INFO] Argument:325 - Argument : XferCpltCallbackvalue: null
2025-04-08 13:57:10,920 [INFO] Argument:335 - Argument : XferCpltCallbackvalue: null
2025-04-08 13:57:10,920 [INFO] Argument:325 - Argument : XferHalfCpltCallbackvalue: null
2025-04-08 13:57:10,920 [INFO] Argument:335 - Argument : XferHalfCpltCallbackvalue: null
2025-04-08 13:57:10,920 [INFO] Argument:325 - Argument : XferM1CpltCallbackvalue: null
2025-04-08 13:57:10,920 [INFO] Argument:335 - Argument : XferM1CpltCallbackvalue: null
2025-04-08 13:57:10,920 [INFO] Argument:325 - Argument : XferErrorCallbackvalue: null
2025-04-08 13:57:10,920 [INFO] Argument:335 - Argument : XferErrorCallbackvalue: null
2025-04-08 13:57:10,920 [INFO] Argument:325 - Argument : ErrorCodevalue: null
2025-04-08 13:57:10,920 [INFO] Argument:335 - Argument : ErrorCodevalue: null
2025-04-08 13:57:10,922 [INFO] Argument:325 - Argument : hdmavalue: null
2025-04-08 13:57:10,922 [INFO] Argument:327 - 	 sub Args: 
2025-04-08 13:57:10,922 [INFO] Argument:325 - Argument : Instancevalue: DMA2_Stream6
2025-04-08 13:57:10,923 [INFO] Argument:335 - Argument : Instancevalue: DMA2_Stream6
2025-04-08 13:57:10,923 [INFO] Argument:325 - Argument : Initvalue: null
2025-04-08 13:57:10,923 [INFO] Argument:327 - 	 sub Args: 
2025-04-08 13:57:10,923 [INFO] Argument:325 - Argument : Channelvalue: DMA_CHANNEL_4
2025-04-08 13:57:10,923 [INFO] Argument:335 - Argument : Channelvalue: DMA_CHANNEL_4
2025-04-08 13:57:10,923 [INFO] Argument:325 - Argument : Directionvalue: DMA_MEMORY_TO_PERIPH
2025-04-08 13:57:10,923 [INFO] Argument:335 - Argument : Directionvalue: DMA_MEMORY_TO_PERIPH
2025-04-08 13:57:10,923 [INFO] Argument:325 - Argument : PeriphIncvalue: DMA_PINC_DISABLE
2025-04-08 13:57:10,923 [INFO] Argument:335 - Argument : PeriphIncvalue: DMA_PINC_DISABLE
2025-04-08 13:57:10,923 [INFO] Argument:325 - Argument : MemIncvalue: DMA_MINC_ENABLE
2025-04-08 13:57:10,923 [INFO] Argument:335 - Argument : MemIncvalue: DMA_MINC_ENABLE
2025-04-08 13:57:10,923 [INFO] Argument:325 - Argument : PeriphDataAlignmentvalue: DMA_PDATAALIGN_WORD
2025-04-08 13:57:10,923 [INFO] Argument:335 - Argument : PeriphDataAlignmentvalue: DMA_PDATAALIGN_WORD
2025-04-08 13:57:10,923 [INFO] Argument:325 - Argument : MemDataAlignmentvalue: DMA_MDATAALIGN_WORD
2025-04-08 13:57:10,923 [INFO] Argument:335 - Argument : MemDataAlignmentvalue: DMA_MDATAALIGN_WORD
2025-04-08 13:57:10,923 [INFO] Argument:325 - Argument : Modevalue: DMA_PFCTRL
2025-04-08 13:57:10,924 [INFO] Argument:335 - Argument : Modevalue: DMA_PFCTRL
2025-04-08 13:57:10,924 [INFO] Argument:325 - Argument : Priorityvalue: DMA_PRIORITY_LOW
2025-04-08 13:57:10,924 [INFO] Argument:335 - Argument : Priorityvalue: DMA_PRIORITY_LOW
2025-04-08 13:57:10,924 [INFO] Argument:325 - Argument : FIFOModevalue: DMA_FIFOMODE_ENABLE
2025-04-08 13:57:10,924 [INFO] Argument:335 - Argument : FIFOModevalue: DMA_FIFOMODE_ENABLE
2025-04-08 13:57:10,924 [INFO] Argument:325 - Argument : FIFOThresholdvalue: DMA_FIFO_THRESHOLD_FULL
2025-04-08 13:57:10,924 [INFO] Argument:335 - Argument : FIFOThresholdvalue: DMA_FIFO_THRESHOLD_FULL
2025-04-08 13:57:10,924 [INFO] Argument:325 - Argument : MemBurstvalue: DMA_MBURST_INC4
2025-04-08 13:57:10,924 [INFO] Argument:335 - Argument : MemBurstvalue: DMA_MBURST_INC4
2025-04-08 13:57:10,924 [INFO] Argument:325 - Argument : PeriphBurstvalue: DMA_PBURST_INC4
2025-04-08 13:57:10,924 [INFO] Argument:335 - Argument : PeriphBurstvalue: DMA_PBURST_INC4
2025-04-08 13:57:10,924 [INFO] Argument:325 - Argument : Lockvalue: null
2025-04-08 13:57:10,925 [INFO] Argument:335 - Argument : Lockvalue: null
2025-04-08 13:57:10,925 [INFO] Argument:325 - Argument : Statevalue: null
2025-04-08 13:57:10,925 [INFO] Argument:335 - Argument : Statevalue: null
2025-04-08 13:57:10,925 [INFO] Argument:325 - Argument : Parentvalue: null
2025-04-08 13:57:10,925 [INFO] Argument:335 - Argument : Parentvalue: null
2025-04-08 13:57:10,925 [INFO] Argument:325 - Argument : XferCpltCallbackvalue: null
2025-04-08 13:57:10,925 [INFO] Argument:335 - Argument : XferCpltCallbackvalue: null
2025-04-08 13:57:10,925 [INFO] Argument:325 - Argument : XferHalfCpltCallbackvalue: null
2025-04-08 13:57:10,925 [INFO] Argument:335 - Argument : XferHalfCpltCallbackvalue: null
2025-04-08 13:57:10,926 [INFO] Argument:325 - Argument : XferM1CpltCallbackvalue: null
2025-04-08 13:57:10,926 [INFO] Argument:335 - Argument : XferM1CpltCallbackvalue: null
2025-04-08 13:57:10,926 [INFO] Argument:325 - Argument : XferErrorCallbackvalue: null
2025-04-08 13:57:10,926 [INFO] Argument:335 - Argument : XferErrorCallbackvalue: null
2025-04-08 13:57:10,926 [INFO] Argument:325 - Argument : ErrorCodevalue: null
2025-04-08 13:57:10,926 [INFO] Argument:335 - Argument : ErrorCodevalue: null
2025-04-08 13:57:11,057 [INFO] IP:3366 - RTE template : default_conf.ftl
2025-04-08 13:57:11,058 [INFO] IP:3366 - RTE template : default_conf.ftl
2025-04-08 13:57:11,073 [INFO] CodeEngine:255 - oldGeneratedFile, D:\STM32\RTOS-CLI\RTOS-CLI\MXTmpFiles\license.tmp_save
2025-04-08 13:57:11,503 [INFO] CodeEngine:279 - Generated code: D:\STM32\RTOS-CLI\RTOS-CLI\MXTmpFiles\license.tmp
2025-04-08 13:57:11,603 [INFO] CodeEngine:255 - oldGeneratedFile, D:\STM32\RTOS-CLI\RTOS-CLI\Core\Src\gpio.c_save
2025-04-08 13:57:11,926 [INFO] CodeEngine:279 - Generated code: D:\STM32\RTOS-CLI\RTOS-CLI\Core\Src\gpio.c
2025-04-08 13:57:11,954 [INFO] CodeEngine:255 - oldGeneratedFile, D:\STM32\RTOS-CLI\RTOS-CLI\Core\Inc\gpio.h_save
2025-04-08 13:57:12,131 [INFO] CodeEngine:279 - Generated code: D:\STM32\RTOS-CLI\RTOS-CLI\Core\Inc\gpio.h
2025-04-08 13:57:12,238 [INFO] CodeEngine:255 - oldGeneratedFile, D:\STM32\RTOS-CLI\RTOS-CLI\MXTmpFiles\eth_vars.tmp_save
2025-04-08 13:57:12,479 [INFO] CodeEngine:279 - Generated code: D:\STM32\RTOS-CLI\RTOS-CLI\MXTmpFiles\eth_vars.tmp
2025-04-08 13:57:12,484 [INFO] CodeEngine:255 - oldGeneratedFile, D:\STM32\RTOS-CLI\RTOS-CLI\MXTmpFiles\eth_inc.tmp_save
2025-04-08 13:57:12,667 [INFO] CodeEngine:279 - Generated code: D:\STM32\RTOS-CLI\RTOS-CLI\MXTmpFiles\eth_inc.tmp
2025-04-08 13:57:12,674 [INFO] CodeEngine:255 - oldGeneratedFile, D:\STM32\RTOS-CLI\RTOS-CLI\MXTmpFiles\eth_HalInit.tmp_save
2025-04-08 13:57:12,884 [INFO] CodeEngine:279 - Generated code: D:\STM32\RTOS-CLI\RTOS-CLI\MXTmpFiles\eth_HalInit.tmp
2025-04-08 13:57:12,889 [INFO] CodeEngine:255 - oldGeneratedFile, D:\STM32\RTOS-CLI\RTOS-CLI\MXTmpFiles\eth_Msp.tmp_save
2025-04-08 13:57:13,082 [INFO] CodeEngine:279 - Generated code: D:\STM32\RTOS-CLI\RTOS-CLI\MXTmpFiles\eth_Msp.tmp
2025-04-08 13:57:13,098 [INFO] CodeEngine:255 - oldGeneratedFile, D:\STM32\RTOS-CLI\RTOS-CLI\MXTmpFiles\eth_vars.tmp_save
2025-04-08 13:57:13,237 [INFO] CodeEngine:279 - Generated code: D:\STM32\RTOS-CLI\RTOS-CLI\MXTmpFiles\eth_vars.tmp
2025-04-08 13:57:13,243 [INFO] CodeEngine:255 - oldGeneratedFile, D:\STM32\RTOS-CLI\RTOS-CLI\MXTmpFiles\eth_inc.tmp_save
2025-04-08 13:57:13,336 [INFO] CodeEngine:279 - Generated code: D:\STM32\RTOS-CLI\RTOS-CLI\MXTmpFiles\eth_inc.tmp
2025-04-08 13:57:13,377 [INFO] CodeEngine:255 - oldGeneratedFile, D:\STM32\RTOS-CLI\RTOS-CLI\MXTmpFiles\eth_HalInit.tmp_save
2025-04-08 13:57:13,494 [INFO] CodeEngine:279 - Generated code: D:\STM32\RTOS-CLI\RTOS-CLI\MXTmpFiles\eth_HalInit.tmp
2025-04-08 13:57:13,514 [INFO] CodeEngine:255 - oldGeneratedFile, D:\STM32\RTOS-CLI\RTOS-CLI\MXTmpFiles\eth_Msp.tmp_save
2025-04-08 13:57:13,640 [INFO] CodeEngine:279 - Generated code: D:\STM32\RTOS-CLI\RTOS-CLI\MXTmpFiles\eth_Msp.tmp
2025-04-08 13:57:13,656 [INFO] CodeEngine:255 - oldGeneratedFile, D:\STM32\RTOS-CLI\RTOS-CLI\MXTmpFiles\eth_vars.tmp_save
2025-04-08 13:57:13,803 [INFO] CodeEngine:279 - Generated code: D:\STM32\RTOS-CLI\RTOS-CLI\MXTmpFiles\eth_vars.tmp
2025-04-08 13:57:13,809 [INFO] CodeEngine:255 - oldGeneratedFile, D:\STM32\RTOS-CLI\RTOS-CLI\MXTmpFiles\eth_inc.tmp_save
2025-04-08 13:57:13,926 [INFO] CodeEngine:279 - Generated code: D:\STM32\RTOS-CLI\RTOS-CLI\MXTmpFiles\eth_inc.tmp
2025-04-08 13:57:13,962 [INFO] CodeEngine:255 - oldGeneratedFile, D:\STM32\RTOS-CLI\RTOS-CLI\MXTmpFiles\eth_HalInit.tmp_save
2025-04-08 13:57:14,078 [INFO] CodeEngine:279 - Generated code: D:\STM32\RTOS-CLI\RTOS-CLI\MXTmpFiles\eth_HalInit.tmp
2025-04-08 13:57:14,101 [INFO] CodeEngine:255 - oldGeneratedFile, D:\STM32\RTOS-CLI\RTOS-CLI\MXTmpFiles\eth_Msp.tmp_save
2025-04-08 13:57:14,214 [INFO] CodeEngine:279 - Generated code: D:\STM32\RTOS-CLI\RTOS-CLI\MXTmpFiles\eth_Msp.tmp
2025-04-08 13:57:14,868 [INFO] Middleware:1450 - No code input for Bsp Dependency
2025-04-08 13:57:14,886 [INFO] CodeEngine:255 - oldGeneratedFile, D:\STM32\RTOS-CLI\RTOS-CLI\MXTmpFiles\rtos_inc.tmp_save
2025-04-08 13:57:15,043 [INFO] CodeEngine:279 - Generated code: D:\STM32\RTOS-CLI\RTOS-CLI\MXTmpFiles\rtos_inc.tmp
2025-04-08 13:57:15,048 [INFO] CodeEngine:255 - oldGeneratedFile, D:\STM32\RTOS-CLI\RTOS-CLI\MXTmpFiles\rtos_kernelInit.tmp_save
2025-04-08 13:57:15,137 [INFO] CodeEngine:279 - Generated code: D:\STM32\RTOS-CLI\RTOS-CLI\MXTmpFiles\rtos_kernelInit.tmp
2025-04-08 13:57:15,141 [INFO] CodeEngine:255 - oldGeneratedFile, D:\STM32\RTOS-CLI\RTOS-CLI\MXTmpFiles\rtos_kernelStart.tmp_save
2025-04-08 13:57:15,240 [INFO] CodeEngine:279 - Generated code: D:\STM32\RTOS-CLI\RTOS-CLI\MXTmpFiles\rtos_kernelStart.tmp
2025-04-08 13:57:15,244 [INFO] CodeEngine:255 - oldGeneratedFile, D:\STM32\RTOS-CLI\RTOS-CLI\MXTmpFiles\rtos_typedefs.tmp_save
2025-04-08 13:57:15,345 [INFO] CodeEngine:279 - Generated code: D:\STM32\RTOS-CLI\RTOS-CLI\MXTmpFiles\rtos_typedefs.tmp
2025-04-08 13:57:15,359 [INFO] CodeEngine:255 - oldGeneratedFile, D:\STM32\RTOS-CLI\RTOS-CLI\MXTmpFiles\rtos_vars.tmp_save
2025-04-08 13:57:15,477 [INFO] CodeEngine:279 - Generated code: D:\STM32\RTOS-CLI\RTOS-CLI\MXTmpFiles\rtos_vars.tmp
2025-04-08 13:57:15,482 [INFO] CodeEngine:255 - oldGeneratedFile, D:\STM32\RTOS-CLI\RTOS-CLI\MXTmpFiles\rtos_pfp.tmp_save
2025-04-08 13:57:15,575 [INFO] CodeEngine:279 - Generated code: D:\STM32\RTOS-CLI\RTOS-CLI\MXTmpFiles\rtos_pfp.tmp
2025-04-08 13:57:15,580 [INFO] CodeEngine:255 - oldGeneratedFile, D:\STM32\RTOS-CLI\RTOS-CLI\MXTmpFiles\rtos_obj_creat.tmp_save
2025-04-08 13:57:15,703 [INFO] CodeEngine:279 - Generated code: D:\STM32\RTOS-CLI\RTOS-CLI\MXTmpFiles\rtos_obj_creat.tmp
2025-04-08 13:57:15,708 [INFO] CodeEngine:255 - oldGeneratedFile, D:\STM32\RTOS-CLI\RTOS-CLI\MXTmpFiles\rtos_default_thread.tmp_save
2025-04-08 13:57:15,839 [INFO] CodeEngine:279 - Generated code: D:\STM32\RTOS-CLI\RTOS-CLI\MXTmpFiles\rtos_default_thread.tmp
2025-04-08 13:57:15,844 [INFO] CodeEngine:255 - oldGeneratedFile, D:\STM32\RTOS-CLI\RTOS-CLI\MXTmpFiles\rtos_threads.tmp_save
2025-04-08 13:57:16,010 [INFO] CodeEngine:279 - Generated code: D:\STM32\RTOS-CLI\RTOS-CLI\MXTmpFiles\rtos_threads.tmp
2025-04-08 13:57:16,028 [INFO] Middleware:1450 - No code input for Bsp Dependency
2025-04-08 13:57:16,039 [INFO] CodeEngine:255 - oldGeneratedFile, D:\STM32\RTOS-CLI\RTOS-CLI\MXTmpFiles\fatfs_HalInit.tmp_save
2025-04-08 13:57:16,259 [INFO] CodeEngine:279 - Generated code: D:\STM32\RTOS-CLI\RTOS-CLI\MXTmpFiles\fatfs_HalInit.tmp
2025-04-08 13:57:16,266 [INFO] CodeEngine:255 - oldGeneratedFile, D:\STM32\RTOS-CLI\RTOS-CLI\MXTmpFiles\fatfs_vars.tmp_save
2025-04-08 13:57:16,364 [INFO] CodeEngine:279 - Generated code: D:\STM32\RTOS-CLI\RTOS-CLI\MXTmpFiles\fatfs_vars.tmp
2025-04-08 13:57:16,369 [INFO] CodeEngine:255 - oldGeneratedFile, D:\STM32\RTOS-CLI\RTOS-CLI\MXTmpFiles\fatfs_ext_vars.tmp_save
2025-04-08 13:57:16,453 [INFO] CodeEngine:279 - Generated code: D:\STM32\RTOS-CLI\RTOS-CLI\MXTmpFiles\fatfs_ext_vars.tmp
2025-04-08 13:57:16,457 [INFO] CodeEngine:255 - oldGeneratedFile, D:\STM32\RTOS-CLI\RTOS-CLI\MXTmpFiles\fatfs_inc.tmp_save
2025-04-08 13:57:16,545 [INFO] CodeEngine:279 - Generated code: D:\STM32\RTOS-CLI\RTOS-CLI\MXTmpFiles\fatfs_inc.tmp
2025-04-08 13:57:16,565 [INFO] Middleware:1450 - No code input for Bsp Dependency
2025-04-08 13:57:16,584 [INFO] Middleware:1450 - No code input for Bsp Dependency
2025-04-08 13:57:16,585 [INFO] Middleware:1450 - No code input for Bsp Dependency
2025-04-08 13:57:16,604 [INFO] Middleware:1450 - No code input for Bsp Dependency
2025-04-08 13:57:16,614 [INFO] CodeEngine:255 - oldGeneratedFile, D:\STM32\RTOS-CLI\RTOS-CLI\MXTmpFiles\rtos_inc.tmp_save
2025-04-08 13:57:16,791 [INFO] CodeEngine:279 - Generated code: D:\STM32\RTOS-CLI\RTOS-CLI\MXTmpFiles\rtos_inc.tmp
2025-04-08 13:57:16,797 [INFO] CodeEngine:255 - oldGeneratedFile, D:\STM32\RTOS-CLI\RTOS-CLI\MXTmpFiles\rtos_kernelInit.tmp_save
2025-04-08 13:57:16,909 [INFO] CodeEngine:279 - Generated code: D:\STM32\RTOS-CLI\RTOS-CLI\MXTmpFiles\rtos_kernelInit.tmp
2025-04-08 13:57:16,916 [INFO] CodeEngine:255 - oldGeneratedFile, D:\STM32\RTOS-CLI\RTOS-CLI\MXTmpFiles\rtos_kernelStart.tmp_save
2025-04-08 13:57:16,997 [INFO] CodeEngine:279 - Generated code: D:\STM32\RTOS-CLI\RTOS-CLI\MXTmpFiles\rtos_kernelStart.tmp
2025-04-08 13:57:17,003 [INFO] CodeEngine:255 - oldGeneratedFile, D:\STM32\RTOS-CLI\RTOS-CLI\MXTmpFiles\rtos_typedefs.tmp_save
2025-04-08 13:57:17,145 [INFO] CodeEngine:279 - Generated code: D:\STM32\RTOS-CLI\RTOS-CLI\MXTmpFiles\rtos_typedefs.tmp
2025-04-08 13:57:17,164 [INFO] CodeEngine:255 - oldGeneratedFile, D:\STM32\RTOS-CLI\RTOS-CLI\MXTmpFiles\rtos_vars.tmp_save
2025-04-08 13:57:17,250 [INFO] CodeEngine:279 - Generated code: D:\STM32\RTOS-CLI\RTOS-CLI\MXTmpFiles\rtos_vars.tmp
2025-04-08 13:57:17,257 [INFO] CodeEngine:255 - oldGeneratedFile, D:\STM32\RTOS-CLI\RTOS-CLI\MXTmpFiles\rtos_pfp.tmp_save
2025-04-08 13:57:17,386 [INFO] CodeEngine:279 - Generated code: D:\STM32\RTOS-CLI\RTOS-CLI\MXTmpFiles\rtos_pfp.tmp
2025-04-08 13:57:17,407 [INFO] CodeEngine:255 - oldGeneratedFile, D:\STM32\RTOS-CLI\RTOS-CLI\MXTmpFiles\rtos_obj_creat.tmp_save
2025-04-08 13:57:17,541 [INFO] CodeEngine:279 - Generated code: D:\STM32\RTOS-CLI\RTOS-CLI\MXTmpFiles\rtos_obj_creat.tmp
2025-04-08 13:57:17,549 [INFO] CodeEngine:255 - oldGeneratedFile, D:\STM32\RTOS-CLI\RTOS-CLI\MXTmpFiles\rtos_default_thread.tmp_save
2025-04-08 13:57:17,633 [INFO] CodeEngine:279 - Generated code: D:\STM32\RTOS-CLI\RTOS-CLI\MXTmpFiles\rtos_default_thread.tmp
2025-04-08 13:57:17,640 [INFO] CodeEngine:255 - oldGeneratedFile, D:\STM32\RTOS-CLI\RTOS-CLI\MXTmpFiles\rtos_threads.tmp_save
2025-04-08 13:57:17,721 [INFO] CodeEngine:279 - Generated code: D:\STM32\RTOS-CLI\RTOS-CLI\MXTmpFiles\rtos_threads.tmp
2025-04-08 13:57:17,743 [INFO] CodeEngine:255 - oldGeneratedFile, D:\STM32\RTOS-CLI\RTOS-CLI\Core\Inc\FreeRTOSConfig.h_save
2025-04-08 13:57:17,904 [INFO] CodeEngine:279 - Generated code: D:\STM32\RTOS-CLI\RTOS-CLI\Core\Inc\FreeRTOSConfig.h
2025-04-08 13:57:17,928 [INFO] CodeEngine:255 - oldGeneratedFile, D:\STM32\RTOS-CLI\RTOS-CLI\Core\Src\freertos.c_save
2025-04-08 13:57:18,138 [INFO] CodeEngine:279 - Generated code: D:\STM32\RTOS-CLI\RTOS-CLI\Core\Src\freertos.c
2025-04-08 13:57:18,268 [INFO] CodeEngine:255 - oldGeneratedFile, D:\STM32\RTOS-CLI\RTOS-CLI\Core\Src\dma.c_save
2025-04-08 13:57:18,423 [INFO] CodeEngine:279 - Generated code: D:\STM32\RTOS-CLI\RTOS-CLI\Core\Src\dma.c
2025-04-08 13:57:18,429 [INFO] CodeEngine:255 - oldGeneratedFile, D:\STM32\RTOS-CLI\RTOS-CLI\Core\Inc\dma.h_save
2025-04-08 13:57:18,584 [INFO] CodeEngine:279 - Generated code: D:\STM32\RTOS-CLI\RTOS-CLI\Core\Inc\dma.h
2025-04-08 13:57:18,600 [INFO] Middleware:1450 - No code input for Bsp Dependency
2025-04-08 13:57:18,611 [INFO] CodeEngine:255 - oldGeneratedFile, D:\STM32\RTOS-CLI\RTOS-CLI\MXTmpFiles\fatfs_HalInit.tmp_save
2025-04-08 13:57:18,784 [INFO] CodeEngine:279 - Generated code: D:\STM32\RTOS-CLI\RTOS-CLI\MXTmpFiles\fatfs_HalInit.tmp
2025-04-08 13:57:18,789 [INFO] CodeEngine:255 - oldGeneratedFile, D:\STM32\RTOS-CLI\RTOS-CLI\MXTmpFiles\fatfs_vars.tmp_save
2025-04-08 13:57:18,902 [INFO] CodeEngine:279 - Generated code: D:\STM32\RTOS-CLI\RTOS-CLI\MXTmpFiles\fatfs_vars.tmp
2025-04-08 13:57:18,909 [INFO] CodeEngine:255 - oldGeneratedFile, D:\STM32\RTOS-CLI\RTOS-CLI\MXTmpFiles\fatfs_ext_vars.tmp_save
2025-04-08 13:57:19,029 [INFO] CodeEngine:279 - Generated code: D:\STM32\RTOS-CLI\RTOS-CLI\MXTmpFiles\fatfs_ext_vars.tmp
2025-04-08 13:57:19,034 [INFO] CodeEngine:255 - oldGeneratedFile, D:\STM32\RTOS-CLI\RTOS-CLI\MXTmpFiles\fatfs_inc.tmp_save
2025-04-08 13:57:19,121 [INFO] CodeEngine:279 - Generated code: D:\STM32\RTOS-CLI\RTOS-CLI\MXTmpFiles\fatfs_inc.tmp
2025-04-08 13:57:19,140 [INFO] CodeEngine:255 - oldGeneratedFile, D:\STM32\RTOS-CLI\RTOS-CLI\FATFS\Target\ffconf.h_save
2025-04-08 13:57:19,335 [INFO] CodeEngine:279 - Generated code: D:\STM32\RTOS-CLI\RTOS-CLI\FATFS\Target\ffconf.h
2025-04-08 13:57:19,361 [INFO] CodeEngine:255 - oldGeneratedFile, D:\STM32\RTOS-CLI\RTOS-CLI\FATFS\Target\bsp_driver_sd.c_save
2025-04-08 13:57:19,510 [INFO] CodeEngine:279 - Generated code: D:\STM32\RTOS-CLI\RTOS-CLI\FATFS\Target\bsp_driver_sd.c
2025-04-08 13:57:19,529 [INFO] CodeEngine:255 - oldGeneratedFile, D:\STM32\RTOS-CLI\RTOS-CLI\FATFS\Target\bsp_driver_sd.h_save
2025-04-08 13:57:19,646 [INFO] CodeEngine:279 - Generated code: D:\STM32\RTOS-CLI\RTOS-CLI\FATFS\Target\bsp_driver_sd.h
2025-04-08 13:57:19,653 [INFO] CodeEngine:255 - oldGeneratedFile, D:\STM32\RTOS-CLI\RTOS-CLI\FATFS\Target\sd_diskio.h_save
2025-04-08 13:57:19,746 [INFO] CodeEngine:279 - Generated code: D:\STM32\RTOS-CLI\RTOS-CLI\FATFS\Target\sd_diskio.h
2025-04-08 13:57:19,763 [INFO] CodeEngine:255 - oldGeneratedFile, D:\STM32\RTOS-CLI\RTOS-CLI\FATFS\Target\sd_diskio.c_save
2025-04-08 13:57:19,904 [INFO] CodeEngine:279 - Generated code: D:\STM32\RTOS-CLI\RTOS-CLI\FATFS\Target\sd_diskio.c
2025-04-08 13:57:19,910 [INFO] CodeEngine:255 - oldGeneratedFile, D:\STM32\RTOS-CLI\RTOS-CLI\FATFS\App\fatfs.c_save
2025-04-08 13:57:20,005 [INFO] CodeEngine:279 - Generated code: D:\STM32\RTOS-CLI\RTOS-CLI\FATFS\App\fatfs.c
2025-04-08 13:57:20,011 [INFO] CodeEngine:255 - oldGeneratedFile, D:\STM32\RTOS-CLI\RTOS-CLI\FATFS\App\fatfs.h_save
2025-04-08 13:57:20,083 [INFO] CodeEngine:279 - Generated code: D:\STM32\RTOS-CLI\RTOS-CLI\FATFS\App\fatfs.h
2025-04-08 13:57:20,095 [INFO] Middleware:1450 - No code input for Bsp Dependency
2025-04-08 13:57:20,129 [INFO] CodeEngine:255 - oldGeneratedFile, D:\STM32\RTOS-CLI\RTOS-CLI\LWIP\App\lwip.c_save
2025-04-08 13:57:20,291 [INFO] CodeEngine:279 - Generated code: D:\STM32\RTOS-CLI\RTOS-CLI\LWIP\App\lwip.c
2025-04-08 13:57:20,298 [INFO] CodeEngine:255 - oldGeneratedFile, D:\STM32\RTOS-CLI\RTOS-CLI\LWIP\App\lwip.h_save
2025-04-08 13:57:20,381 [INFO] CodeEngine:279 - Generated code: D:\STM32\RTOS-CLI\RTOS-CLI\LWIP\App\lwip.h
2025-04-08 13:57:20,400 [INFO] CodeEngine:255 - oldGeneratedFile, D:\STM32\RTOS-CLI\RTOS-CLI\LWIP\Target\lwipopts.h_save
2025-04-08 13:57:20,732 [INFO] CodeEngine:279 - Generated code: D:\STM32\RTOS-CLI\RTOS-CLI\LWIP\Target\lwipopts.h
2025-04-08 13:57:20,754 [INFO] CodeEngine:255 - oldGeneratedFile, D:\STM32\RTOS-CLI\RTOS-CLI\LWIP\Target\ethernetif.c_save
2025-04-08 13:57:20,887 [INFO] CodeEngine:279 - Generated code: D:\STM32\RTOS-CLI\RTOS-CLI\LWIP\Target\ethernetif.c
2025-04-08 13:57:20,910 [INFO] CodeEngine:255 - oldGeneratedFile, D:\STM32\RTOS-CLI\RTOS-CLI\LWIP\Target\ethernetif.h_save
2025-04-08 13:57:21,019 [INFO] CodeEngine:279 - Generated code: D:\STM32\RTOS-CLI\RTOS-CLI\LWIP\Target\ethernetif.h
2025-04-08 13:57:21,047 [INFO] CodeEngine:255 - oldGeneratedFile, D:\STM32\RTOS-CLI\RTOS-CLI\Core\Src\rng.c_save
2025-04-08 13:57:21,181 [INFO] CodeEngine:279 - Generated code: D:\STM32\RTOS-CLI\RTOS-CLI\Core\Src\rng.c
2025-04-08 13:57:21,188 [INFO] CodeEngine:255 - oldGeneratedFile, D:\STM32\RTOS-CLI\RTOS-CLI\Core\Inc\rng.h_save
2025-04-08 13:57:21,347 [INFO] CodeEngine:279 - Generated code: D:\STM32\RTOS-CLI\RTOS-CLI\Core\Inc\rng.h
2025-04-08 13:57:21,375 [INFO] CodeEngine:255 - oldGeneratedFile, D:\STM32\RTOS-CLI\RTOS-CLI\Core\Src\sdio.c_save
2025-04-08 13:57:21,536 [INFO] CodeEngine:279 - Generated code: D:\STM32\RTOS-CLI\RTOS-CLI\Core\Src\sdio.c
2025-04-08 13:57:21,542 [INFO] CodeEngine:255 - oldGeneratedFile, D:\STM32\RTOS-CLI\RTOS-CLI\Core\Inc\sdio.h_save
2025-04-08 13:57:21,681 [INFO] CodeEngine:279 - Generated code: D:\STM32\RTOS-CLI\RTOS-CLI\Core\Inc\sdio.h
2025-04-08 13:57:21,711 [INFO] CodeEngine:255 - oldGeneratedFile, D:\STM32\RTOS-CLI\RTOS-CLI\Core\Src\tim.c_save
2025-04-08 13:57:21,870 [INFO] CodeEngine:279 - Generated code: D:\STM32\RTOS-CLI\RTOS-CLI\Core\Src\tim.c
2025-04-08 13:57:21,875 [INFO] CodeEngine:255 - oldGeneratedFile, D:\STM32\RTOS-CLI\RTOS-CLI\Core\Inc\tim.h_save
2025-04-08 13:57:21,995 [INFO] CodeEngine:279 - Generated code: D:\STM32\RTOS-CLI\RTOS-CLI\Core\Inc\tim.h
2025-04-08 13:57:22,024 [INFO] CodeEngine:255 - oldGeneratedFile, D:\STM32\RTOS-CLI\RTOS-CLI\Core\Src\usart.c_save
2025-04-08 13:57:22,157 [INFO] CodeEngine:279 - Generated code: D:\STM32\RTOS-CLI\RTOS-CLI\Core\Src\usart.c
2025-04-08 13:57:22,164 [INFO] CodeEngine:255 - oldGeneratedFile, D:\STM32\RTOS-CLI\RTOS-CLI\Core\Inc\usart.h_save
2025-04-08 13:57:22,277 [INFO] CodeEngine:279 - Generated code: D:\STM32\RTOS-CLI\RTOS-CLI\Core\Inc\usart.h
2025-04-08 13:57:22,280 [INFO] Middleware:1450 - No code input for Bsp Dependency
2025-04-08 13:57:22,303 [INFO] CodeEngine:255 - oldGeneratedFile, D:\STM32\RTOS-CLI\RTOS-CLI\wolfSSH\.\wolfSSL.I-CUBE-wolfSSH_conf.h_save
2025-04-08 13:57:22,423 [INFO] CodeEngine:279 - Generated code: D:\STM32\RTOS-CLI\RTOS-CLI\wolfSSH\.\wolfSSL.I-CUBE-wolfSSH_conf.h
2025-04-08 13:57:22,427 [INFO] Middleware:1450 - No code input for Bsp Dependency
2025-04-08 13:57:22,456 [INFO] CodeEngine:255 - oldGeneratedFile, D:\STM32\RTOS-CLI\RTOS-CLI\wolfSSL\.\wolfSSL.I-CUBE-wolfSSL_conf.h_save
2025-04-08 13:57:22,615 [INFO] CodeEngine:279 - Generated code: D:\STM32\RTOS-CLI\RTOS-CLI\wolfSSL\.\wolfSSL.I-CUBE-wolfSSL_conf.h
2025-04-08 13:57:22,650 [INFO] CodeEngine:255 - oldGeneratedFile, D:\STM32\RTOS-CLI\RTOS-CLI\Core\Src\stm32f4xx_it.c_save
2025-04-08 13:57:22,863 [INFO] CodeEngine:279 - Generated code: D:\STM32\RTOS-CLI\RTOS-CLI\Core\Src\stm32f4xx_it.c
2025-04-08 13:57:22,869 [INFO] CodeEngine:255 - oldGeneratedFile, D:\STM32\RTOS-CLI\RTOS-CLI\Core\Inc\stm32f4xx_it.h_save
2025-04-08 13:57:22,953 [INFO] CodeEngine:279 - Generated code: D:\STM32\RTOS-CLI\RTOS-CLI\Core\Inc\stm32f4xx_it.h
2025-04-08 13:57:23,000 [INFO] CodeEngine:255 - oldGeneratedFile, D:\STM32\RTOS-CLI\RTOS-CLI\Core\Src\stm32f4xx_hal_msp.c_save
2025-04-08 13:57:23,138 [INFO] CodeEngine:279 - Generated code: D:\STM32\RTOS-CLI\RTOS-CLI\Core\Src\stm32f4xx_hal_msp.c
2025-04-08 13:57:23,142 [INFO] CodeEngine:255 - oldGeneratedFile, D:\STM32\RTOS-CLI\RTOS-CLI\MXTmpFiles\system.tmp_save
2025-04-08 13:57:23,235 [INFO] CodeEngine:279 - Generated code: D:\STM32\RTOS-CLI\RTOS-CLI\MXTmpFiles\system.tmp
2025-04-08 13:57:23,255 [INFO] CodeEngine:255 - oldGeneratedFile, D:\STM32\RTOS-CLI\RTOS-CLI\Core\Src\stm32f4xx_hal_timebase_tim.c_save
2025-04-08 13:57:23,363 [INFO] CodeEngine:279 - Generated code: D:\STM32\RTOS-CLI\RTOS-CLI\Core\Src\stm32f4xx_hal_timebase_tim.c
2025-04-08 13:57:23,390 [INFO] CodeEngine:311 - oldGeneratedFile, D:\STM32\RTOS-CLI\RTOS-CLI\Core\Inc\stm32f4xx_hal_conf.h_save
2025-04-08 13:57:23,534 [INFO] CodeEngine:335 - Generated code: D:\STM32\RTOS-CLI\RTOS-CLI\Core\Inc\stm32f4xx_hal_conf.h
2025-04-08 13:57:23,635 [INFO] CodeEngine:255 - oldGeneratedFile, D:\STM32\RTOS-CLI\RTOS-CLI\Core\Inc\main.h_save
2025-04-08 13:57:23,779 [INFO] CodeEngine:279 - Generated code: D:\STM32\RTOS-CLI\RTOS-CLI\Core\Inc\main.h
2025-04-08 13:57:23,796 [INFO] CodeEngine:255 - oldGeneratedFile, D:\STM32\RTOS-CLI\RTOS-CLI\Core\Src\main.c_save
2025-04-08 13:57:23,970 [INFO] CodeEngine:279 - Generated code: D:\STM32\RTOS-CLI\RTOS-CLI\Core\Src\main.c
2025-04-08 13:57:25,602 [INFO] ProjectBuilder:3289 - Time for Copy HAL[1] : 1149mS.
2025-04-08 13:57:25,602 [ERROR] Middleware:2969 - Invalid RefComponent list
2025-04-08 13:57:25,602 [ERROR] Middleware:2969 - Invalid RefComponent list
2025-04-08 13:57:25,603 [ERROR] Middleware:2969 - Invalid RefComponent list
2025-04-08 13:57:25,603 [ERROR] Middleware:2969 - Invalid RefComponent list
2025-04-08 13:57:25,603 [ERROR] Middleware:2969 - Invalid RefComponent list
2025-04-08 13:57:25,603 [ERROR] Middleware:2969 - Invalid RefComponent list
2025-04-08 13:57:25,603 [ERROR] Middleware:2969 - Invalid RefComponent list
2025-04-08 13:57:25,603 [ERROR] Middleware:2969 - Invalid RefComponent list
2025-04-08 13:57:25,603 [ERROR] Middleware:2969 - Invalid RefComponent list
2025-04-08 13:57:25,603 [ERROR] Middleware:2969 - Invalid RefComponent list
2025-04-08 13:57:25,603 [ERROR] Middleware:2969 - Invalid RefComponent list
2025-04-08 13:57:25,603 [ERROR] Middleware:2969 - Invalid RefComponent list
2025-04-08 13:57:25,603 [ERROR] Middleware:2969 - Invalid RefComponent list
2025-04-08 13:57:25,603 [ERROR] Middleware:2969 - Invalid RefComponent list
2025-04-08 13:57:25,603 [ERROR] Middleware:2969 - Invalid RefComponent list
2025-04-08 13:57:25,603 [ERROR] Middleware:2969 - Invalid RefComponent list
2025-04-08 13:57:25,603 [ERROR] Middleware:2969 - Invalid RefComponent list
2025-04-08 13:57:25,603 [ERROR] Middleware:2969 - Invalid RefComponent list
2025-04-08 13:57:25,603 [ERROR] Middleware:2969 - Invalid RefComponent list
2025-04-08 13:57:25,603 [ERROR] Middleware:2969 - Invalid RefComponent list
2025-04-08 13:57:25,603 [ERROR] Middleware:2969 - Invalid RefComponent list
2025-04-08 13:57:25,603 [ERROR] Middleware:2969 - Invalid RefComponent list
2025-04-08 13:57:25,603 [ERROR] Middleware:2969 - Invalid RefComponent list
2025-04-08 13:57:25,603 [ERROR] Middleware:2969 - Invalid RefComponent list
2025-04-08 13:57:25,604 [ERROR] Middleware:2969 - Invalid RefComponent list
2025-04-08 13:57:25,604 [ERROR] Middleware:2969 - Invalid RefComponent list
2025-04-08 13:57:25,604 [ERROR] Middleware:2969 - Invalid RefComponent list
2025-04-08 13:57:25,604 [ERROR] Middleware:2969 - Invalid RefComponent list
2025-04-08 13:57:25,604 [ERROR] Middleware:2969 - Invalid RefComponent list
2025-04-08 13:57:25,604 [ERROR] Middleware:2969 - Invalid RefComponent list
2025-04-08 13:57:25,604 [ERROR] Middleware:2969 - Invalid RefComponent list
2025-04-08 13:57:25,604 [ERROR] Middleware:2969 - Invalid RefComponent list
2025-04-08 13:57:25,604 [ERROR] Middleware:2969 - Invalid RefComponent list
2025-04-08 13:57:25,604 [ERROR] Middleware:2969 - Invalid RefComponent list
2025-04-08 13:57:25,604 [ERROR] Middleware:2969 - Invalid RefComponent list
2025-04-08 13:57:25,604 [ERROR] Middleware:2969 - Invalid RefComponent list
2025-04-08 13:57:25,604 [ERROR] Middleware:2969 - Invalid RefComponent list
2025-04-08 13:57:25,604 [ERROR] Middleware:2969 - Invalid RefComponent list
2025-04-08 13:57:25,604 [ERROR] Middleware:2969 - Invalid RefComponent list
2025-04-08 13:57:25,604 [ERROR] Middleware:2969 - Invalid RefComponent list
2025-04-08 13:57:25,605 [ERROR] Middleware:2969 - Invalid RefComponent list
2025-04-08 13:57:25,605 [ERROR] Middleware:2969 - Invalid RefComponent list
2025-04-08 13:57:25,605 [ERROR] Middleware:2969 - Invalid RefComponent list
2025-04-08 13:57:25,605 [ERROR] Middleware:2969 - Invalid RefComponent list
2025-04-08 13:57:25,605 [ERROR] Middleware:2969 - Invalid RefComponent list
2025-04-08 13:57:25,605 [ERROR] Middleware:2969 - Invalid RefComponent list
2025-04-08 13:57:25,605 [ERROR] Middleware:2969 - Invalid RefComponent list
2025-04-08 13:57:25,605 [ERROR] Middleware:2969 - Invalid RefComponent list
2025-04-08 13:57:25,605 [ERROR] Middleware:2969 - Invalid RefComponent list
2025-04-08 13:57:25,605 [ERROR] Middleware:2969 - Invalid RefComponent list
2025-04-08 13:57:25,605 [ERROR] Middleware:2969 - Invalid RefComponent list
2025-04-08 13:57:25,605 [ERROR] Middleware:2969 - Invalid RefComponent list
2025-04-08 13:57:25,605 [ERROR] Middleware:2969 - Invalid RefComponent list
2025-04-08 13:57:25,605 [ERROR] Middleware:2969 - Invalid RefComponent list
2025-04-08 13:57:25,605 [ERROR] Middleware:2969 - Invalid RefComponent list
2025-04-08 13:57:25,605 [ERROR] Middleware:2969 - Invalid RefComponent list
2025-04-08 13:57:25,605 [ERROR] Middleware:2969 - Invalid RefComponent list
2025-04-08 13:57:25,605 [ERROR] Middleware:2969 - Invalid RefComponent list
2025-04-08 13:57:25,606 [ERROR] Middleware:2969 - Invalid RefComponent list
2025-04-08 13:57:25,606 [ERROR] Middleware:2969 - Invalid RefComponent list
2025-04-08 13:57:25,606 [ERROR] Middleware:2969 - Invalid RefComponent list
2025-04-08 13:57:25,606 [ERROR] Middleware:2969 - Invalid RefComponent list
2025-04-08 13:57:25,606 [ERROR] Middleware:2969 - Invalid RefComponent list
2025-04-08 13:57:25,606 [ERROR] Middleware:2969 - Invalid RefComponent list
2025-04-08 13:57:25,606 [ERROR] Middleware:2969 - Invalid RefComponent list
2025-04-08 13:57:25,606 [ERROR] Middleware:2969 - Invalid RefComponent list
2025-04-08 13:57:25,606 [ERROR] Middleware:2969 - Invalid RefComponent list
2025-04-08 13:57:25,606 [ERROR] Middleware:2969 - Invalid RefComponent list
2025-04-08 13:57:25,606 [ERROR] Middleware:2969 - Invalid RefComponent list
2025-04-08 13:57:25,606 [ERROR] Middleware:2969 - Invalid RefComponent list
2025-04-08 13:57:25,606 [ERROR] Middleware:2969 - Invalid RefComponent list
2025-04-08 13:57:25,606 [ERROR] Middleware:2969 - Invalid RefComponent list
2025-04-08 13:57:25,606 [ERROR] Middleware:2969 - Invalid RefComponent list
2025-04-08 13:57:25,606 [ERROR] Middleware:2969 - Invalid RefComponent list
2025-04-08 13:57:25,606 [ERROR] Middleware:2969 - Invalid RefComponent list
2025-04-08 13:57:25,607 [ERROR] Middleware:2969 - Invalid RefComponent list
2025-04-08 13:57:26,458 [INFO] ProjectBuilder:9095 - Time for Copy ThirdParty[1] : 846mS.
2025-04-08 13:57:26,458 [ERROR] ProjectBuilder:9049 - bundle already exist, pelase verify if each PDSC component have a bundle, the couple cBundle and cClass must be unique
2025-04-08 13:57:27,031 [INFO] ProjectBuilder:9095 - Time for Copy ThirdParty[1] : 573mS.
2025-04-08 13:57:27,137 [INFO] ProjectBuilder:9095 - Time for Copy ThirdParty[1] : 106mS.
2025-04-08 13:57:27,160 [INFO] ProjectBuilder:4876 - Project Generator version: 4.5.0-RC5
2025-04-08 13:57:27,324 [INFO] ConfigFileManager:1579 - The Die is : DIE413
2025-04-08 13:57:30,056 [INFO] ProjectBuilder:5154 - Time for Generating toolchain IDE Files: 2896mS.
2025-04-08 13:57:30,057 [INFO] ProjectBuilder:3146 - Time for Copy CMSIS : 0mS.
2025-04-08 13:57:30,086 [INFO] ProjectBuilder:3146 - Time for Copy CMSIS : 0mS.
