2025-03-25 22:54:29,973 [ERROR] LogOutputStream:75 - [STDERR_REDIRECT] 
2025-03-25 23:09:27,101 [INFO] Activator:176 - 


2025-03-25 23:09:27,103 [INFO] Activator:177 - !SESSION log4j initialized
2025-03-25 23:09:34,385 [INFO] LogOutputStream:77 - [STDOUT_REDIRECT] 
2025-03-25 23:09:37,368 [INFO] ApplicationProperties:184 - Using Application install path: D:\STM32CubeIDE_1.17.0\STM32CubeIDE\plugins\com.st.stm32cube.common.mx_6.13.0.202411220809
2025-03-25 23:09:37,393 [INFO] DbMcusXml:78 - Set database path to: D:\STM32CubeIDE_1.17.0\STM32CubeIDE\plugins\com.st.stm32cube.common.mx_6.13.0.202411220809\\db\/mcu/
2025-03-25 23:09:37,393 [INFO] ApiDb:274 - Set plugin database path to: D:\STM32CubeIDE_1.17.0\STM32CubeIDE\plugins\com.st.stm32cube.common.mx_6.13.0.202411220809\\db\/plugins/boardmanager/
2025-03-25 23:09:37,394 [WARN] ApiDb:259 - Overriding images path with different value:  => D:\STM32CubeIDE_1.17.0\STM32CubeIDE\plugins\com.st.stm32cube.common.mx_6.13.0.202411220809\\db\/plugins/mcufinder/images/
2025-03-25 23:09:37,400 [INFO] ApiDb:250 - Set database path to: C:\Users\user\.stmcufinder\plugins\mcufinder//mcu/
2025-03-25 23:09:37,403 [INFO] DbMcusAds:125 - Set database path to: C:\Users\user\.stmcufinder\plugins\mcufinder//mcu/
2025-03-25 23:09:37,406 [INFO] CrossReferenceDbSqlite:203 - Set database path to: C:\Users\user\.stmcufinder\plugins\mcufinder//mcu/cs/
2025-03-25 23:09:37,584 [INFO] RulesReader:64 - Compatibility file has been processed (297 Rules)
2025-03-25 23:09:37,726 [INFO] DbMcusXml:78 - Set database path to: D:\STM32CubeIDE_1.17.0\STM32CubeIDE\plugins\com.st.stm32cube.common.mx_6.13.0.202411220809\\db\/mcu/
2025-03-25 23:09:37,726 [INFO] ApiDb:274 - Set plugin database path to: D:\STM32CubeIDE_1.17.0\STM32CubeIDE\plugins\com.st.stm32cube.common.mx_6.13.0.202411220809\\db\/plugins/boardmanager/
2025-03-25 23:09:37,727 [INFO] ApiDb:261 - Set plugin images path to: D:\STM32CubeIDE_1.17.0\STM32CubeIDE\plugins\com.st.stm32cube.common.mx_6.13.0.202411220809\\db\/plugins/mcufinder/images/
2025-03-25 23:09:37,727 [WARN] DbFile:41 - Overriding database path with different value: C:\Users\user\.stmcufinder\plugins\mcufinder/ => C:\Users\user\.stmcufinder\plugins\mcufinder
2025-03-25 23:09:37,728 [INFO] ApiDb:250 - Set database path to: C:\Users\user\.stmcufinder\plugins\mcufinder//mcu/
2025-03-25 23:09:37,728 [WARN] DbFile:41 - Overriding database path with different value: C:\Users\user\.stmcufinder\plugins\mcufinder/ => C:\Users\user\.stmcufinder\plugins\mcufinder
2025-03-25 23:09:37,728 [INFO] DbMcusAds:125 - Set database path to: C:\Users\user\.stmcufinder\plugins\mcufinder//mcu/
2025-03-25 23:09:37,728 [WARN] DbFile:41 - Overriding database path with different value: C:\Users\user\.stmcufinder\plugins\mcufinder/ => C:\Users\user\.stmcufinder\plugins\mcufinder
2025-03-25 23:09:37,728 [WARN] DbFile:41 - Overriding database path with different value: C:\Users\user\.stmcufinder\plugins\mcufinder/ => C:\Users\user\.stmcufinder\plugins\mcufinder
2025-03-25 23:09:37,729 [INFO] CrossReferenceDbSqlite:203 - Set database path to: C:\Users\user\.stmcufinder\plugins\mcufinder//mcu/cs/
2025-03-25 23:09:37,889 [INFO] MainPanel:272 - HeapMemory: 268435456
2025-03-25 23:09:38,110 [INFO] DbMcusXml:78 - Set database path to: D:\STM32CubeIDE_1.17.0\STM32CubeIDE\plugins\com.st.stm32cube.common.mx_6.13.0.202411220809\\db\/mcu/
2025-03-25 23:09:38,114 [INFO] ApiDb:274 - Set plugin database path to: D:\STM32CubeIDE_1.17.0\STM32CubeIDE\plugins\com.st.stm32cube.common.mx_6.13.0.202411220809\\db\/plugins/boardmanager/
2025-03-25 23:09:38,115 [INFO] ApiDb:261 - Set plugin images path to: D:\STM32CubeIDE_1.17.0\STM32CubeIDE\plugins\com.st.stm32cube.common.mx_6.13.0.202411220809\\db\/plugins/mcufinder/images/
2025-03-25 23:09:38,115 [WARN] DbFile:41 - Overriding database path with different value: C:\Users\user\.stmcufinder\plugins\mcufinder/ => C:\Users\user\.stmcufinder\plugins\mcufinder
2025-03-25 23:09:38,116 [INFO] ApiDb:250 - Set database path to: C:\Users\user\.stmcufinder\plugins\mcufinder//mcu/
2025-03-25 23:09:38,116 [WARN] DbFile:41 - Overriding database path with different value: C:\Users\user\.stmcufinder\plugins\mcufinder/ => C:\Users\user\.stmcufinder\plugins\mcufinder
2025-03-25 23:09:38,116 [INFO] DbMcusAds:125 - Set database path to: C:\Users\user\.stmcufinder\plugins\mcufinder//mcu/
2025-03-25 23:09:38,116 [WARN] DbFile:41 - Overriding database path with different value: C:\Users\user\.stmcufinder\plugins\mcufinder/ => C:\Users\user\.stmcufinder\plugins\mcufinder
2025-03-25 23:09:38,117 [WARN] DbFile:41 - Overriding database path with different value: C:\Users\user\.stmcufinder\plugins\mcufinder/ => C:\Users\user\.stmcufinder\plugins\mcufinder
2025-03-25 23:09:38,117 [INFO] CrossReferenceDbSqlite:203 - Set database path to: C:\Users\user\.stmcufinder\plugins\mcufinder//mcu/cs/
2025-03-25 23:09:38,162 [INFO] ApplicationProperties:184 - Using Application install path: D:\STM32CubeIDE_1.17.0\STM32CubeIDE\plugins\com.st.stm32cube.common.mx_6.13.0.202411220809
2025-03-25 23:09:38,166 [INFO] PluginManage:196 - Search for loadable plugins [exclusion list=, ]
2025-03-25 23:09:38,169 [INFO] PluginManage:310 - Check plugin analytics
2025-03-25 23:09:38,621 [INFO] AnalyticsPlugin:253 - Accepted Software Licenses: STM32CubeMX.6.13.0
2025-03-25 23:09:38,623 [INFO] AnalyticsPlugin:255 - Accepted CMSIS Pack Licenses: wolfSSL.I-CUBE-wolfSSH.1.4.17,wolfSSL.I-CUBE-wolfSSL.5.7.4,EmbeddedOffice.I-CUBE-FS-RTOS.1.0.1
2025-03-25 23:09:38,623 [INFO] AnalyticsPlugin:257 - Accepted Firmware Licenses: FW.F4.1.28.0
2025-03-25 23:09:38,630 [INFO] PluginManage:359 - Loaded plugin analytics (category:tool,tabindex:-1)
2025-03-25 23:09:38,630 [INFO] PluginManage:310 - Check plugin cadmodel
2025-03-25 23:09:38,637 [INFO] CADModel:105 - Init CAD model plugin
2025-03-25 23:09:38,637 [INFO] PluginManage:359 - Loaded plugin cadmodel (category:power,tabindex:5)
2025-03-25 23:09:38,638 [INFO] PluginManage:310 - Check plugin clock
2025-03-25 23:09:38,653 [INFO] PluginManage:359 - Loaded plugin clock (category:base,tabindex:2)
2025-03-25 23:09:38,653 [INFO] PluginManage:310 - Check plugin ddr
2025-03-25 23:09:38,656 [INFO] PluginManage:359 - Loaded plugin ddr (category:tool,tabindex:6)
2025-03-25 23:09:38,657 [INFO] PluginManage:310 - Check plugin filemanager
2025-03-25 23:09:38,942 [INFO] PluginManage:359 - Loaded plugin filemanager (category:base,tabindex:10)
2025-03-25 23:09:38,942 [INFO] PluginManage:310 - Check plugin ipmanager
2025-03-25 23:09:38,953 [INFO] PluginManage:359 - Loaded plugin ipmanager (category:base,tabindex:5)
2025-03-25 23:09:38,953 [INFO] PluginManage:310 - Check plugin lpbam
2025-03-25 23:09:38,963 [INFO] PluginManage:359 - Loaded plugin lpbam (category:base,tabindex:0)
2025-03-25 23:09:38,964 [INFO] PluginManage:310 - Check plugin memorymap
2025-03-25 23:09:38,977 [INFO] PluginManage:359 - Loaded plugin memorymap (category:base,tabindex:4)
2025-03-25 23:09:38,977 [INFO] PluginManage:310 - Check plugin pinoutandconfiguration
2025-03-25 23:09:38,989 [INFO] PluginManage:359 - Loaded plugin pinoutandconfiguration (category:base,tabindex:1)
2025-03-25 23:09:38,989 [INFO] PluginManage:310 - Check plugin pinoutconfig
2025-03-25 23:09:39,120 [WARN] SupportedApi:132 - Cannot load RTOS API schema: s4s-elt-must-match.1: The content of 'definitions' must match (annotation?, (simpleType | complexType)?, (unique | key | keyref)*)). A problem was found starting at: attribute.
2025-03-25 23:09:39,348 [INFO] PluginManage:359 - Loaded plugin pinoutconfig (category:base,tabindex:0)
2025-03-25 23:09:39,348 [INFO] PluginManage:310 - Check plugin power
2025-03-25 23:09:39,362 [INFO] PluginManage:359 - Loaded plugin power (category:power,tabindex:4)
2025-03-25 23:09:39,363 [INFO] PluginManage:310 - Check plugin projectmanager
2025-03-25 23:09:39,392 [INFO] PluginManage:359 - Loaded plugin projectmanager (category:projectmanager,tabindex:4)
2025-03-25 23:09:39,392 [INFO] PluginManage:310 - Check plugin rif
2025-03-25 23:09:39,405 [INFO] PluginManage:359 - Loaded plugin rif (category:base,tabindex:3)
2025-03-25 23:09:39,406 [INFO] PluginManage:310 - Check plugin thirdparty
2025-03-25 23:09:39,646 [INFO] PluginManage:359 - Loaded plugin thirdparty (category:base,tabindex:-1)
2025-03-25 23:09:39,647 [INFO] PluginManage:310 - Check plugin tools
2025-03-25 23:09:39,646 [WARN] IntegrityCheckThread:84 - waiting for thirdparty lock release [integrity check]
2025-03-25 23:09:39,649 [INFO] IntegrityCheckThread:86 - entering critical section [integrity check]
2025-03-25 23:09:39,652 [INFO] PluginManage:359 - Loaded plugin tools (category:base,tabindex:7)
2025-03-25 23:09:39,653 [INFO] ThirdPartyUpdaterWithRetryManager:70 - Updater plugin not ready yet. [1/15]
2025-03-25 23:09:39,653 [INFO] PluginManage:310 - Check plugin tutovideos
2025-03-25 23:09:39,897 [INFO] PluginManage:359 - Loaded plugin tutovideos (category:base,tabindex:-1)
2025-03-25 23:09:39,897 [INFO] PluginManage:310 - Check plugin updater
2025-03-25 23:09:39,925 [INFO] PluginManage:359 - Loaded plugin updater (category:base,tabindex:12)
2025-03-25 23:09:39,925 [INFO] PluginManage:310 - Check plugin userauth
2025-03-25 23:09:39,930 [INFO] UserAuth:118 - Init User Auth plugin
2025-03-25 23:09:39,930 [INFO] PluginManage:359 - Loaded plugin userauth (category:base,tabindex:14)
2025-03-25 23:09:39,931 [INFO] PluginManage:283 - PluginManage : Loaded plugins [18]
2025-03-25 23:09:40,207 [INFO] PinOutPanel:1589 - setPackage(No Configuration,No Configuration)
2025-03-25 23:09:40,308 [INFO] CADModel:165 - CPN selected for project level
2025-03-25 23:09:40,308 [INFO] CADModel:114 - Register for checkConnection events
2025-03-25 23:09:40,327 [INFO] IPUIPlugin:80 - create IPUIPlugin
2025-03-25 23:09:40,327 [INFO] PluginManager:220 - loadIPPluginJar : add adc
2025-03-25 23:09:40,330 [INFO] IPUIPlugin:80 - create IPUIPlugin
2025-03-25 23:09:40,330 [INFO] PluginManager:220 - loadIPPluginJar : add aes
2025-03-25 23:09:40,334 [INFO] IPUIPlugin:80 - create IPUIPlugin
2025-03-25 23:09:40,334 [INFO] PluginManager:220 - loadIPPluginJar : add can
2025-03-25 23:09:40,336 [INFO] IPUIPlugin:80 - create IPUIPlugin
2025-03-25 23:09:40,336 [INFO] PluginManager:220 - loadIPPluginJar : add comp
2025-03-25 23:09:40,338 [INFO] IPUIPlugin:80 - create IPUIPlugin
2025-03-25 23:09:40,339 [INFO] PluginManager:220 - loadIPPluginJar : add cryp
2025-03-25 23:09:40,341 [INFO] IPUIPlugin:80 - create IPUIPlugin
2025-03-25 23:09:40,342 [INFO] PluginManager:220 - loadIPPluginJar : add ddr_ctrl_phy
2025-03-25 23:09:40,345 [INFO] IPUIPlugin:80 - create IPUIPlugin
2025-03-25 23:09:40,346 [INFO] PluginManager:220 - loadIPPluginJar : add dfsdm
2025-03-25 23:09:40,353 [INFO] IPUIPlugin:80 - create IPUIPlugin
2025-03-25 23:09:40,354 [INFO] PluginManager:220 - loadIPPluginJar : add dma
2025-03-25 23:09:40,357 [INFO] IPUIPlugin:80 - create IPUIPlugin
2025-03-25 23:09:40,357 [INFO] PluginManager:220 - loadIPPluginJar : add dma3
2025-03-25 23:09:40,360 [INFO] IPUIPlugin:80 - create IPUIPlugin
2025-03-25 23:09:40,361 [INFO] PluginManager:220 - loadIPPluginJar : add extmemmanager
2025-03-25 23:09:40,363 [INFO] IPUIPlugin:80 - create IPUIPlugin
2025-03-25 23:09:40,363 [INFO] PluginManager:220 - loadIPPluginJar : add fatfs
2025-03-25 23:09:40,368 [INFO] IPUIPlugin:80 - create IPUIPlugin
2025-03-25 23:09:40,369 [INFO] PluginManager:220 - loadIPPluginJar : add fmc
2025-03-25 23:09:40,375 [INFO] IPUIPlugin:80 - create IPUIPlugin
2025-03-25 23:09:40,376 [INFO] PluginManager:220 - loadIPPluginJar : add freertos
2025-03-25 23:09:40,378 [INFO] IPUIPlugin:80 - create IPUIPlugin
2025-03-25 23:09:40,379 [INFO] PluginManager:220 - loadIPPluginJar : add genericplugin
2025-03-25 23:09:40,381 [INFO] IPUIPlugin:80 - create IPUIPlugin
2025-03-25 23:09:40,381 [INFO] PluginManager:220 - loadIPPluginJar : add gfxmmu
2025-03-25 23:09:40,387 [INFO] IPUIPlugin:80 - create IPUIPlugin
2025-03-25 23:09:40,387 [INFO] PluginManager:220 - loadIPPluginJar : add gic
2025-03-25 23:09:40,395 [INFO] IPUIPlugin:80 - create IPUIPlugin
2025-03-25 23:09:40,395 [INFO] PluginManager:220 - loadIPPluginJar : add gpio
2025-03-25 23:09:40,399 [INFO] IPUIPlugin:80 - create IPUIPlugin
2025-03-25 23:09:40,400 [INFO] PluginManager:220 - loadIPPluginJar : add gtzc
2025-03-25 23:09:40,403 [INFO] IPUIPlugin:80 - create IPUIPlugin
2025-03-25 23:09:40,404 [INFO] PluginManager:220 - loadIPPluginJar : add hash
2025-03-25 23:09:40,407 [INFO] IPUIPlugin:80 - create IPUIPlugin
2025-03-25 23:09:40,409 [INFO] PluginManager:220 - loadIPPluginJar : add i2c
2025-03-25 23:09:40,411 [INFO] IPUIPlugin:80 - create IPUIPlugin
2025-03-25 23:09:40,412 [INFO] PluginManager:220 - loadIPPluginJar : add i2s
2025-03-25 23:09:40,415 [INFO] IPUIPlugin:80 - create IPUIPlugin
2025-03-25 23:09:40,416 [INFO] PluginManager:220 - loadIPPluginJar : add i3c
2025-03-25 23:09:40,419 [INFO] IPUIPlugin:80 - create IPUIPlugin
2025-03-25 23:09:40,419 [INFO] PluginManager:220 - loadIPPluginJar : add ipddr
2025-03-25 23:09:40,426 [INFO] IPUIPlugin:80 - create IPUIPlugin
2025-03-25 23:09:40,427 [INFO] PluginManager:220 - loadIPPluginJar : add linkedlist
2025-03-25 23:09:40,431 [INFO] IPUIPlugin:80 - create IPUIPlugin
2025-03-25 23:09:40,431 [INFO] PluginManager:220 - loadIPPluginJar : add lorawan
2025-03-25 23:09:40,432 [INFO] IPUIPlugin:80 - create IPUIPlugin
2025-03-25 23:09:40,433 [INFO] PluginManager:220 - loadIPPluginJar : add ltdc
2025-03-25 23:09:40,440 [INFO] IPUIPlugin:80 - create IPUIPlugin
2025-03-25 23:09:40,440 [INFO] PluginManager:220 - loadIPPluginJar : add mdma
2025-03-25 23:09:40,444 [INFO] IPUIPlugin:80 - create IPUIPlugin
2025-03-25 23:09:40,444 [INFO] PluginManager:220 - loadIPPluginJar : add nvic
2025-03-25 23:09:40,449 [INFO] IPUIPlugin:80 - create IPUIPlugin
2025-03-25 23:09:40,449 [INFO] PluginManager:220 - loadIPPluginJar : add opamp
2025-03-25 23:09:40,453 [INFO] IPUIPlugin:80 - create IPUIPlugin
2025-03-25 23:09:40,454 [INFO] PluginManager:220 - loadIPPluginJar : add openamp
2025-03-25 23:09:40,458 [INFO] IPUIPlugin:80 - create IPUIPlugin
2025-03-25 23:09:40,458 [INFO] PluginManager:220 - loadIPPluginJar : add pdm2pcm
2025-03-25 23:09:40,467 [INFO] IPUIPlugin:80 - create IPUIPlugin
2025-03-25 23:09:40,471 [INFO] PluginManager:220 - loadIPPluginJar : add plateformsettings
2025-03-25 23:09:40,473 [INFO] IPUIPlugin:80 - create IPUIPlugin
2025-03-25 23:09:40,473 [INFO] PluginManager:220 - loadIPPluginJar : add quadspi
2025-03-25 23:09:40,475 [INFO] IPUIPlugin:80 - create IPUIPlugin
2025-03-25 23:09:40,476 [INFO] PluginManager:220 - loadIPPluginJar : add radio
2025-03-25 23:09:40,480 [INFO] IPUIPlugin:80 - create IPUIPlugin
2025-03-25 23:09:40,480 [INFO] PluginManager:220 - loadIPPluginJar : add resmgrutility
2025-03-25 23:09:40,484 [INFO] IPUIPlugin:80 - create IPUIPlugin
2025-03-25 23:09:40,484 [INFO] PluginManager:220 - loadIPPluginJar : add sai
2025-03-25 23:09:40,488 [INFO] IPUIPlugin:80 - create IPUIPlugin
2025-03-25 23:09:40,488 [INFO] PluginManager:220 - loadIPPluginJar : add spi
2025-03-25 23:09:40,494 [INFO] IPUIPlugin:80 - create IPUIPlugin
2025-03-25 23:09:40,494 [INFO] PluginManager:220 - loadIPPluginJar : add stm32_wpan
2025-03-25 23:09:40,497 [INFO] IPUIPlugin:80 - create IPUIPlugin
2025-03-25 23:09:40,497 [INFO] PluginManager:220 - loadIPPluginJar : add tim
2025-03-25 23:09:40,502 [INFO] IPUIPlugin:80 - create IPUIPlugin
2025-03-25 23:09:40,502 [INFO] PluginManager:220 - loadIPPluginJar : add touchsensing
2025-03-25 23:09:40,505 [INFO] IPUIPlugin:80 - create IPUIPlugin
2025-03-25 23:09:40,505 [INFO] PluginManager:220 - loadIPPluginJar : add tracer_emb
2025-03-25 23:09:40,507 [INFO] IPUIPlugin:80 - create IPUIPlugin
2025-03-25 23:09:40,507 [INFO] PluginManager:220 - loadIPPluginJar : add ts
2025-03-25 23:09:40,509 [INFO] IPUIPlugin:80 - create IPUIPlugin
2025-03-25 23:09:40,509 [INFO] PluginManager:220 - loadIPPluginJar : add tsc
2025-03-25 23:09:40,512 [INFO] IPUIPlugin:80 - create IPUIPlugin
2025-03-25 23:09:40,512 [INFO] PluginManager:220 - loadIPPluginJar : add ucpd
2025-03-25 23:09:40,516 [INFO] IPUIPlugin:80 - create IPUIPlugin
2025-03-25 23:09:40,516 [INFO] PluginManager:220 - loadIPPluginJar : add usart
2025-03-25 23:09:40,520 [INFO] IPUIPlugin:80 - create IPUIPlugin
2025-03-25 23:09:40,520 [INFO] PluginManager:220 - loadIPPluginJar : add usbx
2025-03-25 23:09:40,677 [FATAL] Updater:351 - Updater called before beeing initialized
2025-03-25 23:09:40,720 [INFO] RulesReader:64 - Compatibility file has been processed (297 Rules)
2025-03-25 23:09:40,760 [INFO] RulesReader:64 - Compatibility file has been processed (297 Rules)
2025-03-25 23:09:40,770 [INFO] CADModel:165 - CPN selected for project level
2025-03-25 23:09:40,770 [INFO] CADModel:114 - Register for checkConnection events
2025-03-25 23:09:40,770 [FATAL] Updater:351 - Updater called before beeing initialized
2025-03-25 23:09:40,771 [ERROR] CADModel:125 - Updater not yet initialized, retry later 
2025-03-25 23:09:40,951 [FATAL] Updater:351 - Updater called before beeing initialized
2025-03-25 23:09:40,952 [INFO] CADModel:165 - CPN selected for project level
2025-03-25 23:09:40,952 [INFO] CADModel:114 - Register for checkConnection events
2025-03-25 23:09:40,952 [FATAL] Updater:351 - Updater called before beeing initialized
2025-03-25 23:09:40,952 [ERROR] CADModel:125 - Updater not yet initialized, retry later 
2025-03-25 23:09:40,957 [FATAL] Updater:351 - Updater called before beeing initialized
2025-03-25 23:09:41,108 [FATAL] Updater:351 - Updater called before beeing initialized
2025-03-25 23:09:41,114 [INFO] DbMcusAds:53 - JSON generation date=Wed Dec 18 00:01:15 IRKT 2024 (1734451275196)
2025-03-25 23:09:41,114 [FATAL] Updater:351 - Updater called before beeing initialized
2025-03-25 23:09:41,160 [WARN] DetailPanel:346 - Failed to get advertising image, set to default
2025-03-25 23:09:41,497 [FATAL] Updater:351 - Updater called before beeing initialized
2025-03-25 23:09:41,499 [FATAL] Updater:351 - Updater called before beeing initialized
2025-03-25 23:09:41,499 [FATAL] Updater:351 - Updater called before beeing initialized
2025-03-25 23:09:41,499 [WARN] DetailPanel:346 - Failed to get advertising image, set to default
2025-03-25 23:09:41,499 [FATAL] Updater:351 - Updater called before beeing initialized
2025-03-25 23:09:41,551 [ERROR] Updater:1198 - MainUpdater not yet initialized. External WinMGr cannot be set.
2025-03-25 23:09:41,553 [INFO] Updater:1134 - Updater Version found : 6.13.0
2025-03-25 23:09:41,569 [INFO] ApplicationProperties:184 - Using Application install path: D:\STM32CubeIDE_1.17.0\STM32CubeIDE\plugins\com.st.stm32cube.common.mx_6.13.0.202411220809
2025-03-25 23:09:42,653 [INFO] ThirdPartyUpdaterWithRetryManager:70 - Updater plugin not ready yet. [2/15]
2025-03-25 23:09:43,144 [ERROR] LogOutputStream:75 - [STDERR_REDIRECT] Mar 25, 2025 11:09:43 PM java.util.prefs.WindowsPreferences <init>
2025-03-25 23:09:43,148 [ERROR] LogOutputStream:75 - [STDERR_REDIRECT] WARNING: Could not open/create prefs root node Software\JavaSoft\Prefs at root 0xffffffff80000002. Windows RegCreateKeyEx(...) returned error code 5.
2025-03-25 23:09:43,149 [ERROR] LogOutputStream:75 - [STDERR_REDIRECT] 
2025-03-25 23:09:43,840 [ERROR] CheckConnectionManager:249 - Problem, Http access forbiden
2025-03-25 23:09:43,845 [INFO] MainUpdater:2872 - connection check result : 22
2025-03-25 23:09:43,846 [INFO] MainUpdater:289 - Updater Check For Update Now.
2025-03-25 23:09:43,846 [INFO] MicroXplorer:498 - Change Database Version : DB.6.0.130
2025-03-25 23:09:43,852 [INFO] McuFinderGlobals:63 - Set McuFinder mode to 2 (CubeIDE integrated)
2025-03-25 23:09:43,852 [INFO] UserAuth:486 - Internet connection configuration mode: 2
2025-03-25 23:09:43,856 [INFO] UserAuth:486 - Internet connection configuration mode: 2
2025-03-25 23:09:44,126 [INFO] CheckServerUpdateThread:120 - End of CheckServer Thread
2025-03-25 23:09:46,036 [WARN] PackLoader:240 - Cannot read IP mode file for STMicroelectronics.FP-SNS-MOTENVWB1.1.4.0
2025-03-25 23:09:46,054 [WARN] PackLoader:240 - Cannot read IP mode file for STMicroelectronics.FP-ATR-ASTRA1.2.0.1
2025-03-25 23:09:46,069 [WARN] PackLoader:240 - Cannot read IP mode file for STMicroelectronics.X-CUBE-SMBUS.2.1.0
2025-03-25 23:09:46,089 [WARN] PackLoader:240 - Cannot read IP mode file for STMicroelectronics.X-CUBE-WB05N.1.1.0
2025-03-25 23:09:46,175 [WARN] PackLoader:240 - Cannot read IP mode file for STMicroelectronics.X-CUBE-AZRTOS-F7.1.1.0
2025-03-25 23:09:46,356 [WARN] PackLoader:240 - Cannot read IP mode file for STMicroelectronics.X-CUBE-MEMS1.11.0.0
2025-03-25 23:09:46,715 [WARN] PackLoader:240 - Cannot read IP mode file for STMicroelectronics.FP-SNS-FLIGHT1.5.0.2
2025-03-25 23:09:46,754 [WARN] PackLoader:240 - Cannot read IP mode file for Infineon.AIROC-Wi-Fi-Bluetooth-STM32.1.7.0
2025-03-25 23:09:46,775 [WARN] PackLoader:240 - Cannot read IP mode file for STMicroelectronics.X-CUBE-DISPLAY.3.0.0
2025-03-25 23:09:46,796 [WARN] PackLoader:240 - Cannot read IP mode file for STMicroelectronics.X-CUBE-BLE1.7.0.0
2025-03-25 23:09:46,826 [WARN] PackLoader:240 - Cannot read IP mode file for STMicroelectronics.X-CUBE-NFC10.1.0.0
2025-03-25 23:09:46,851 [WARN] PackLoader:240 - Cannot read IP mode file for STMicroelectronics.X-CUBE-BLEMGR.4.0.0
2025-03-25 23:09:46,870 [WARN] PackLoader:240 - Cannot read IP mode file for emotas.I-CUBE-CANOPEN.1.3.0
2025-03-25 23:09:46,884 [WARN] PackLoader:240 - Cannot read IP mode file for STMicroelectronics.FP-SNS-SMARTAG2.1.2.0
2025-03-25 23:09:47,098 [WARN] PackLoader:240 - Cannot read IP mode file for STMicroelectronics.X-CUBE-MEMS1.11.1.0
2025-03-25 23:09:47,356 [INFO] LogOutputStream:77 - [STDOUT_REDIRECT] 1 : Invalid condition id : UX_CORESTACK_Condition cause : null
2025-03-25 23:09:47,357 [INFO] LogOutputStream:77 - [STDOUT_REDIRECT] 1 : Invalid condition id : UX_CORESTACK_Condition cause : null
2025-03-25 23:09:47,359 [INFO] LogOutputStream:77 - [STDOUT_REDIRECT] 1 : Invalid condition id : UX_CORESTACK_Condition cause : null
2025-03-25 23:09:47,360 [INFO] LogOutputStream:77 - [STDOUT_REDIRECT] 1 : Invalid condition id : UX_CORESTACK_Condition cause : null
2025-03-25 23:09:47,363 [INFO] LogOutputStream:77 - [STDOUT_REDIRECT] 1 : Invalid condition id : UX_CORESTACK_Condition cause : null
2025-03-25 23:09:47,370 [WARN] PackLoader:240 - Cannot read IP mode file for STMicroelectronics.X-CUBE-AZRTOS-WL.2.0.0
2025-03-25 23:09:47,379 [WARN] PackLoader:240 - Cannot read IP mode file for STMicroelectronics.FP-SNS-MOTENV1.5.0.0
2025-03-25 23:09:47,396 [WARN] PackLoader:240 - Cannot read IP mode file for wolfSSL.I-CUBE-wolfMQTT.1.19.0
2025-03-25 23:09:47,407 [WARN] PackLoader:240 - Cannot read IP mode file for WES.I-CUBE-Cesium.1.3.0
2025-03-25 23:09:47,415 [WARN] PackLoader:240 - Cannot read IP mode file for STMicroelectronics.X-CUBE-BLE2.3.3.0
2025-03-25 23:09:47,425 [WARN] PackLoader:240 - Cannot read IP mode file for STMicroelectronics.X-CUBE-NFC9.1.0.0
2025-03-25 23:09:47,434 [WARN] PackLoader:240 - Cannot read IP mode file for STMicroelectronics.X-CUBE-TCPP.4.1.0
2025-03-25 23:09:47,456 [WARN] PackLoader:240 - Cannot read IP mode file for STMicroelectronics.X-CUBE-AZRTOS-G0.1.1.0
2025-03-25 23:09:47,465 [WARN] PackLoader:240 - Cannot read IP mode file for STMicroelectronics.X-CUBE-SAFEA1.1.2.2
2025-03-25 23:09:47,471 [WARN] PackLoader:240 - Cannot read IP mode file for STMicroelectronics.X-CUBE-NFC4.3.0.0
2025-03-25 23:09:47,486 [WARN] PackLoader:240 - Cannot read IP mode file for EmbeddedOffice.I-CUBE-FS-RTOS.1.0.1
2025-03-25 23:09:47,620 [WARN] PackLoader:240 - Cannot read IP mode file for STMicroelectronics.X-CUBE-TCPP.4.2.0
2025-03-25 23:09:47,629 [WARN] PackLoader:240 - Cannot read IP mode file for RealThread.X-CUBE-RT-Thread_Nano.4.1.1
2025-03-25 23:09:47,636 [WARN] PackLoader:240 - Cannot read IP mode file for STMicroelectronics.FP-ATR-SIGFOX1.3.2.0
2025-03-25 23:09:47,642 [WARN] ConditionMgr:438 - getConditionDescription Invalid condition id : Cortex-A Device cause : null
2025-03-25 23:09:47,677 [WARN] ConditionMgr:1044 - genDependencies : Invalid condition id : Cortex-A Device cause : null
2025-03-25 23:09:47,678 [WARN] ConditionMgr:1044 - genDependencies : Invalid condition id : Cortex-A Device cause : null
2025-03-25 23:09:47,678 [WARN] ConditionMgr:1044 - genDependencies : Invalid condition id : Cortex-A Device cause : null
2025-03-25 23:09:47,686 [WARN] PackLoader:240 - Cannot read IP mode file for STMicroelectronics.X-CUBE-EEPRMA1.5.1.0
2025-03-25 23:09:47,695 [WARN] PackLoader:240 - Cannot read IP mode file for wolfSSL.I-CUBE-wolfSSL.5.7.4
2025-03-25 23:09:47,772 [WARN] PackLoader:240 - Cannot read IP mode file for ITTIA_DB.I-CUBE-ITTIADB.8.9.0
2025-03-25 23:09:47,813 [WARN] PackLoader:240 - Cannot read IP mode file for SEGGER.I-CUBE-embOS.1.3.1
2025-03-25 23:09:47,879 [WARN] PackLoader:240 - Cannot read IP mode file for STMicroelectronics.X-CUBE-ALGOBUILD.1.4.0
2025-03-25 23:09:47,887 [WARN] PackLoader:240 - Cannot read IP mode file for STMicroelectronics.X-CUBE-AI.9.1.0
2025-03-25 23:09:47,916 [WARN] PackLoader:240 - Cannot read IP mode file for STMicroelectronics.X-CUBE-AZRTOS-F4.1.1.0
2025-03-25 23:09:47,926 [WARN] PackLoader:240 - Cannot read IP mode file for STMicroelectronics.X-CUBE-ISPU.2.1.0
2025-03-25 23:09:47,934 [WARN] PackLoader:240 - Cannot read IP mode file for STMicroelectronics.X-CUBE-FREERTOS.1.2.0
2025-03-25 23:09:47,973 [WARN] PackLoader:240 - Cannot read IP mode file for STMicroelectronics.X-CUBE-AZRTOS-L5.2.0.0
2025-03-25 23:09:47,991 [WARN] PackLoader:240 - Cannot read IP mode file for STMicroelectronics.X-CUBE-NFC6.3.1.0
2025-03-25 23:09:48,007 [WARN] PackLoader:240 - Cannot read IP mode file for STMicroelectronics.X-CUBE-DPower.1.2.0
2025-03-25 23:09:48,015 [WARN] PackLoader:240 - Cannot read IP mode file for STMicroelectronics.X-CUBE-FREERTOS.1.3.0
2025-03-25 23:09:48,024 [WARN] PackLoader:240 - Cannot read IP mode file for STMicroelectronics.X-CUBE-NFC7.1.0.1
2025-03-25 23:09:48,085 [WARN] ConditionMgr:438 - getConditionDescription Invalid condition id : LAN8742 Phy interface Condition cause : null
2025-03-25 23:09:48,086 [WARN] PackLoader:240 - Cannot read IP mode file for STMicroelectronics.X-CUBE-AZRTOS-L4.2.0.0
2025-03-25 23:09:48,090 [WARN] ConditionMgr:1044 - genDependencies : Invalid condition id : LAN8742 Phy interface Condition cause : null
2025-03-25 23:09:48,091 [WARN] ConditionMgr:1044 - genDependencies : Invalid condition id : LAN8742 Phy interface Condition cause : null
2025-03-25 23:09:48,092 [WARN] ConditionMgr:1044 - genDependencies : Invalid condition id : LAN8742 Phy interface Condition cause : null
2025-03-25 23:09:48,109 [WARN] PackLoader:240 - Cannot read IP mode file for STMicroelectronics.X-CUBE-SFXS2LP1.4.0.0
2025-03-25 23:09:48,190 [WARN] PackLoader:240 - Cannot read IP mode file for STMicroelectronics.X-CUBE-AZRTOS-H7.3.3.0
2025-03-25 23:09:48,224 [WARN] PackLoader:240 - Cannot read IP mode file for STMicroelectronics.X-CUBE-IPS.3.0.0
2025-03-25 23:09:48,251 [WARN] ConditionMgr:438 - getConditionDescription Invalid condition id : UX DEVICE CLASS RTOS Condition cause : null
2025-03-25 23:09:48,251 [WARN] ConditionMgr:438 - getConditionDescription Invalid condition id : UX DEVICE CLASS RTOS Condition cause : null
2025-03-25 23:09:48,255 [WARN] PackLoader:240 - Cannot read IP mode file for STMicroelectronics.X-CUBE-AZRTOS-WB.2.0.0
2025-03-25 23:09:48,256 [WARN] ConditionMgr:1044 - genDependencies : Invalid condition id : UX DEVICE CLASS RTOS Condition cause : null
2025-03-25 23:09:48,256 [WARN] ConditionMgr:1044 - genDependencies : Invalid condition id : UX DEVICE CLASS RTOS Condition cause : null
2025-03-25 23:09:48,257 [WARN] ConditionMgr:1044 - genDependencies : Invalid condition id : UX DEVICE CLASS RTOS Condition cause : null
2025-03-25 23:09:48,258 [WARN] ConditionMgr:1044 - genDependencies : Invalid condition id : UX DEVICE CLASS RTOS Condition cause : null
2025-03-25 23:09:48,258 [WARN] ConditionMgr:1044 - genDependencies : Invalid condition id : UX DEVICE CLASS RTOS Condition cause : null
2025-03-25 23:09:48,279 [WARN] PackLoader:240 - Cannot read IP mode file for STMicroelectronics.X-CUBE-GNSS1.7.0.0
2025-03-25 23:09:48,288 [WARN] PackLoader:240 - Cannot read IP mode file for STMicroelectronics.X-CUBE-GNSS1.7.0.1
2025-03-25 23:09:48,303 [WARN] PackLoader:240 - Cannot read IP mode file for STMicroelectronics.FP-SNS-STBOX1.2.0.0
2025-03-25 23:09:48,327 [WARN] PackLoader:240 - Cannot read IP mode file for STMicroelectronics.X-CUBE-SUBG2.5.0.0
2025-03-25 23:09:48,340 [WARN] PackLoader:240 - Cannot read IP mode file for Cesanta.I-CUBE-Mongoose.7.13.0
2025-03-25 23:09:48,367 [WARN] PackLoader:240 - Cannot read IP mode file for STMicroelectronics.X-CUBE-AZRTOS-G4.2.0.0
2025-03-25 23:09:48,391 [WARN] PackLoader:240 - Cannot read IP mode file for STMicroelectronics.X-CUBE-IPS.3.1.0
2025-03-25 23:09:48,409 [WARN] PackLoader:240 - Cannot read IP mode file for STMicroelectronics.X-CUBE-ALS.1.0.2
2025-03-25 23:09:48,420 [WARN] PackLoader:240 - Cannot read IP mode file for STMicroelectronics.X-CUBE-TOUCHGFX.4.24.2
2025-03-25 23:09:48,424 [WARN] PackLoader:240 - Cannot read IP mode file for STMicroelectronics.X-CUBE-TOUCHGFX.4.24.1
2025-03-25 23:09:48,433 [WARN] PackLoader:240 - Cannot read IP mode file for wolfSSL.I-CUBE-wolfTPM.3.4.0
2025-03-25 23:09:48,441 [WARN] PackLoader:240 - Cannot read IP mode file for portGmbH.I-Cube-SoM-uGOAL.1.1.0
2025-03-25 23:09:48,475 [WARN] PackLoader:240 - Cannot read IP mode file for STMicroelectronics.X-CUBE-AZRTOS-H7RS.1.0.0
2025-03-25 23:09:48,499 [WARN] PackLoader:240 - Cannot read IP mode file for STMicroelectronics.X-CUBE-TOF1.3.4.2
2025-03-25 23:09:48,525 [WARN] PackLoader:240 - Cannot read IP mode file for wolfSSL.I-CUBE-wolfSSH.1.4.17
2025-03-25 23:09:48,594 [INFO] ThirdParty:978 - Integrity check success = true
2025-03-25 23:09:48,594 [INFO] IntegrityCheckThread:100 - exiting critical section [integrity check]
2025-03-25 23:09:48,594 [INFO] IntegrityCheckThread:103 - End integrity checks thread
2025-03-25 23:16:01,066 [ERROR] LogOutputStream:75 - [STDERR_REDIRECT] 
