2025-04-03 17:25:56,125 [INFO] Activator:176 - 


2025-04-03 17:25:56,131 [INFO] Activator:177 - !SESSION log4j initialized
2025-04-03 17:26:08,421 [INFO] LogOutputStream:77 - [STDOUT_REDIRECT] 
2025-04-03 17:26:17,764 [INFO] ApplicationProperties:184 - Using Application install path: D:\STM32CubeIDE_1.17.0\STM32CubeIDE\plugins\com.st.stm32cube.common.mx_6.13.0.202411220809
2025-04-03 17:26:17,799 [INFO] DbMcusXml:78 - Set database path to: D:\STM32CubeIDE_1.17.0\STM32CubeIDE\plugins\com.st.stm32cube.common.mx_6.13.0.202411220809\\db\/mcu/
2025-04-03 17:26:17,800 [INFO] ApiDb:274 - Set plugin database path to: D:\STM32CubeIDE_1.17.0\STM32CubeIDE\plugins\com.st.stm32cube.common.mx_6.13.0.202411220809\\db\/plugins/boardmanager/
2025-04-03 17:26:17,801 [WARN] ApiDb:259 - Overriding images path with different value:  => D:\STM32CubeIDE_1.17.0\STM32CubeIDE\plugins\com.st.stm32cube.common.mx_6.13.0.202411220809\\db\/plugins/mcufinder/images/
2025-04-03 17:26:17,830 [INFO] ApiDb:250 - Set database path to: C:\Users\user\.stmcufinder\plugins\mcufinder//mcu/
2025-04-03 17:26:17,833 [INFO] DbMcusAds:125 - Set database path to: C:\Users\user\.stmcufinder\plugins\mcufinder//mcu/
2025-04-03 17:26:17,839 [INFO] CrossReferenceDbSqlite:203 - Set database path to: C:\Users\user\.stmcufinder\plugins\mcufinder//mcu/cs/
2025-04-03 17:26:18,058 [INFO] RulesReader:64 - Compatibility file has been processed (297 Rules)
2025-04-03 17:26:18,168 [INFO] DbMcusXml:78 - Set database path to: D:\STM32CubeIDE_1.17.0\STM32CubeIDE\plugins\com.st.stm32cube.common.mx_6.13.0.202411220809\\db\/mcu/
2025-04-03 17:26:18,169 [INFO] ApiDb:274 - Set plugin database path to: D:\STM32CubeIDE_1.17.0\STM32CubeIDE\plugins\com.st.stm32cube.common.mx_6.13.0.202411220809\\db\/plugins/boardmanager/
2025-04-03 17:26:18,169 [INFO] ApiDb:261 - Set plugin images path to: D:\STM32CubeIDE_1.17.0\STM32CubeIDE\plugins\com.st.stm32cube.common.mx_6.13.0.202411220809\\db\/plugins/mcufinder/images/
2025-04-03 17:26:18,169 [WARN] DbFile:41 - Overriding database path with different value: C:\Users\user\.stmcufinder\plugins\mcufinder/ => C:\Users\user\.stmcufinder\plugins\mcufinder
2025-04-03 17:26:18,169 [INFO] ApiDb:250 - Set database path to: C:\Users\user\.stmcufinder\plugins\mcufinder//mcu/
2025-04-03 17:26:18,169 [WARN] DbFile:41 - Overriding database path with different value: C:\Users\user\.stmcufinder\plugins\mcufinder/ => C:\Users\user\.stmcufinder\plugins\mcufinder
2025-04-03 17:26:18,169 [INFO] DbMcusAds:125 - Set database path to: C:\Users\user\.stmcufinder\plugins\mcufinder//mcu/
2025-04-03 17:26:18,170 [WARN] DbFile:41 - Overriding database path with different value: C:\Users\user\.stmcufinder\plugins\mcufinder/ => C:\Users\user\.stmcufinder\plugins\mcufinder
2025-04-03 17:26:18,170 [WARN] DbFile:41 - Overriding database path with different value: C:\Users\user\.stmcufinder\plugins\mcufinder/ => C:\Users\user\.stmcufinder\plugins\mcufinder
2025-04-03 17:26:18,170 [INFO] CrossReferenceDbSqlite:203 - Set database path to: C:\Users\user\.stmcufinder\plugins\mcufinder//mcu/cs/
2025-04-03 17:26:18,272 [INFO] MainPanel:272 - HeapMemory: 268435456
2025-04-03 17:26:18,442 [INFO] DbMcusXml:78 - Set database path to: D:\STM32CubeIDE_1.17.0\STM32CubeIDE\plugins\com.st.stm32cube.common.mx_6.13.0.202411220809\\db\/mcu/
2025-04-03 17:26:18,442 [INFO] ApiDb:274 - Set plugin database path to: D:\STM32CubeIDE_1.17.0\STM32CubeIDE\plugins\com.st.stm32cube.common.mx_6.13.0.202411220809\\db\/plugins/boardmanager/
2025-04-03 17:26:18,442 [INFO] ApiDb:261 - Set plugin images path to: D:\STM32CubeIDE_1.17.0\STM32CubeIDE\plugins\com.st.stm32cube.common.mx_6.13.0.202411220809\\db\/plugins/mcufinder/images/
2025-04-03 17:26:18,443 [WARN] DbFile:41 - Overriding database path with different value: C:\Users\user\.stmcufinder\plugins\mcufinder/ => C:\Users\user\.stmcufinder\plugins\mcufinder
2025-04-03 17:26:18,443 [INFO] ApiDb:250 - Set database path to: C:\Users\user\.stmcufinder\plugins\mcufinder//mcu/
2025-04-03 17:26:18,443 [WARN] DbFile:41 - Overriding database path with different value: C:\Users\user\.stmcufinder\plugins\mcufinder/ => C:\Users\user\.stmcufinder\plugins\mcufinder
2025-04-03 17:26:18,444 [INFO] DbMcusAds:125 - Set database path to: C:\Users\user\.stmcufinder\plugins\mcufinder//mcu/
2025-04-03 17:26:18,444 [WARN] DbFile:41 - Overriding database path with different value: C:\Users\user\.stmcufinder\plugins\mcufinder/ => C:\Users\user\.stmcufinder\plugins\mcufinder
2025-04-03 17:26:18,444 [WARN] DbFile:41 - Overriding database path with different value: C:\Users\user\.stmcufinder\plugins\mcufinder/ => C:\Users\user\.stmcufinder\plugins\mcufinder
2025-04-03 17:26:18,444 [INFO] CrossReferenceDbSqlite:203 - Set database path to: C:\Users\user\.stmcufinder\plugins\mcufinder//mcu/cs/
2025-04-03 17:26:18,483 [INFO] ApplicationProperties:184 - Using Application install path: D:\STM32CubeIDE_1.17.0\STM32CubeIDE\plugins\com.st.stm32cube.common.mx_6.13.0.202411220809
2025-04-03 17:26:18,486 [INFO] PluginManage:196 - Search for loadable plugins [exclusion list=, ]
2025-04-03 17:26:18,490 [INFO] PluginManage:310 - Check plugin analytics
2025-04-03 17:26:18,835 [INFO] AnalyticsPlugin:253 - Accepted Software Licenses: STM32CubeMX.6.13.0
2025-04-03 17:26:18,835 [INFO] AnalyticsPlugin:255 - Accepted CMSIS Pack Licenses: wolfSSL.I-CUBE-wolfSSH.1.4.17,wolfSSL.I-CUBE-wolfSSL.5.7.4,EmbeddedOffice.I-CUBE-FS-RTOS.1.0.1
2025-04-03 17:26:18,836 [INFO] AnalyticsPlugin:257 - Accepted Firmware Licenses: FW.F4.1.28.0
2025-04-03 17:26:18,839 [INFO] PluginManage:359 - Loaded plugin analytics (category:tool,tabindex:-1)
2025-04-03 17:26:18,839 [INFO] PluginManage:310 - Check plugin cadmodel
2025-04-03 17:26:18,864 [INFO] CADModel:105 - Init CAD model plugin
2025-04-03 17:26:18,864 [INFO] PluginManage:359 - Loaded plugin cadmodel (category:power,tabindex:5)
2025-04-03 17:26:18,865 [INFO] PluginManage:310 - Check plugin clock
2025-04-03 17:26:18,892 [INFO] PluginManage:359 - Loaded plugin clock (category:base,tabindex:2)
2025-04-03 17:26:18,893 [INFO] PluginManage:310 - Check plugin ddr
2025-04-03 17:26:18,896 [INFO] PluginManage:359 - Loaded plugin ddr (category:tool,tabindex:6)
2025-04-03 17:26:18,896 [INFO] PluginManage:310 - Check plugin filemanager
2025-04-03 17:26:19,096 [INFO] PluginManage:359 - Loaded plugin filemanager (category:base,tabindex:10)
2025-04-03 17:26:19,096 [INFO] PluginManage:310 - Check plugin ipmanager
2025-04-03 17:26:19,105 [INFO] PluginManage:359 - Loaded plugin ipmanager (category:base,tabindex:5)
2025-04-03 17:26:19,105 [INFO] PluginManage:310 - Check plugin lpbam
2025-04-03 17:26:19,130 [INFO] PluginManage:359 - Loaded plugin lpbam (category:base,tabindex:0)
2025-04-03 17:26:19,130 [INFO] PluginManage:310 - Check plugin memorymap
2025-04-03 17:26:19,162 [INFO] PluginManage:359 - Loaded plugin memorymap (category:base,tabindex:4)
2025-04-03 17:26:19,162 [INFO] PluginManage:310 - Check plugin pinoutandconfiguration
2025-04-03 17:26:19,191 [INFO] PluginManage:359 - Loaded plugin pinoutandconfiguration (category:base,tabindex:1)
2025-04-03 17:26:19,191 [INFO] PluginManage:310 - Check plugin pinoutconfig
2025-04-03 17:26:19,356 [WARN] SupportedApi:132 - Cannot load RTOS API schema: s4s-elt-must-match.1: The content of 'definitions' must match (annotation?, (simpleType | complexType)?, (unique | key | keyref)*)). A problem was found starting at: attribute.
2025-04-03 17:26:19,572 [INFO] PluginManage:359 - Loaded plugin pinoutconfig (category:base,tabindex:0)
2025-04-03 17:26:19,572 [INFO] PluginManage:310 - Check plugin power
2025-04-03 17:26:19,613 [INFO] PluginManage:359 - Loaded plugin power (category:power,tabindex:4)
2025-04-03 17:26:19,614 [INFO] PluginManage:310 - Check plugin projectmanager
2025-04-03 17:26:19,645 [INFO] PluginManage:359 - Loaded plugin projectmanager (category:projectmanager,tabindex:4)
2025-04-03 17:26:19,645 [INFO] PluginManage:310 - Check plugin rif
2025-04-03 17:26:19,675 [INFO] PluginManage:359 - Loaded plugin rif (category:base,tabindex:3)
2025-04-03 17:26:19,675 [INFO] PluginManage:310 - Check plugin thirdparty
2025-04-03 17:26:20,077 [WARN] IntegrityCheckThread:84 - waiting for thirdparty lock release [integrity check]
2025-04-03 17:26:20,077 [INFO] PluginManage:359 - Loaded plugin thirdparty (category:base,tabindex:-1)
2025-04-03 17:26:20,077 [INFO] IntegrityCheckThread:86 - entering critical section [integrity check]
2025-04-03 17:26:20,077 [INFO] PluginManage:310 - Check plugin tools
2025-04-03 17:26:20,078 [INFO] ThirdPartyUpdaterWithRetryManager:70 - Updater plugin not ready yet. [1/15]
2025-04-03 17:26:20,140 [INFO] PluginManage:359 - Loaded plugin tools (category:base,tabindex:7)
2025-04-03 17:26:20,140 [INFO] PluginManage:310 - Check plugin tutovideos
2025-04-03 17:26:20,526 [INFO] PluginManage:359 - Loaded plugin tutovideos (category:base,tabindex:-1)
2025-04-03 17:26:20,526 [INFO] PluginManage:310 - Check plugin updater
2025-04-03 17:26:20,563 [INFO] PluginManage:359 - Loaded plugin updater (category:base,tabindex:12)
2025-04-03 17:26:20,563 [INFO] PluginManage:310 - Check plugin userauth
2025-04-03 17:26:20,569 [INFO] UserAuth:118 - Init User Auth plugin
2025-04-03 17:26:20,571 [INFO] PluginManage:359 - Loaded plugin userauth (category:base,tabindex:14)
2025-04-03 17:26:20,572 [INFO] PluginManage:283 - PluginManage : Loaded plugins [18]
2025-04-03 17:26:20,886 [INFO] PinOutPanel:1589 - setPackage(No Configuration,No Configuration)
2025-04-03 17:26:21,014 [INFO] CADModel:165 - CPN selected for project level
2025-04-03 17:26:21,014 [INFO] CADModel:114 - Register for checkConnection events
2025-04-03 17:26:21,049 [INFO] IPUIPlugin:80 - create IPUIPlugin
2025-04-03 17:26:21,050 [INFO] PluginManager:220 - loadIPPluginJar : add adc
2025-04-03 17:26:21,118 [INFO] IPUIPlugin:80 - create IPUIPlugin
2025-04-03 17:26:21,119 [INFO] PluginManager:220 - loadIPPluginJar : add aes
2025-04-03 17:26:21,181 [INFO] IPUIPlugin:80 - create IPUIPlugin
2025-04-03 17:26:21,181 [INFO] PluginManager:220 - loadIPPluginJar : add can
2025-04-03 17:26:21,221 [INFO] IPUIPlugin:80 - create IPUIPlugin
2025-04-03 17:26:21,222 [INFO] PluginManager:220 - loadIPPluginJar : add comp
2025-04-03 17:26:21,288 [INFO] IPUIPlugin:80 - create IPUIPlugin
2025-04-03 17:26:21,289 [INFO] PluginManager:220 - loadIPPluginJar : add cryp
2025-04-03 17:26:21,311 [INFO] IPUIPlugin:80 - create IPUIPlugin
2025-04-03 17:26:21,312 [INFO] PluginManager:220 - loadIPPluginJar : add ddr_ctrl_phy
2025-04-03 17:26:21,356 [INFO] IPUIPlugin:80 - create IPUIPlugin
2025-04-03 17:26:21,356 [INFO] PluginManager:220 - loadIPPluginJar : add dfsdm
2025-04-03 17:26:21,379 [INFO] IPUIPlugin:80 - create IPUIPlugin
2025-04-03 17:26:21,379 [INFO] PluginManager:220 - loadIPPluginJar : add dma
2025-04-03 17:26:21,456 [INFO] IPUIPlugin:80 - create IPUIPlugin
2025-04-03 17:26:21,456 [INFO] PluginManager:220 - loadIPPluginJar : add dma3
2025-04-03 17:26:21,545 [INFO] IPUIPlugin:80 - create IPUIPlugin
2025-04-03 17:26:21,545 [INFO] PluginManager:220 - loadIPPluginJar : add extmemmanager
2025-04-03 17:26:21,592 [INFO] IPUIPlugin:80 - create IPUIPlugin
2025-04-03 17:26:21,592 [INFO] PluginManager:220 - loadIPPluginJar : add fatfs
2025-04-03 17:26:21,684 [INFO] IPUIPlugin:80 - create IPUIPlugin
2025-04-03 17:26:21,684 [INFO] PluginManager:220 - loadIPPluginJar : add fmc
2025-04-03 17:26:21,710 [INFO] IPUIPlugin:80 - create IPUIPlugin
2025-04-03 17:26:21,710 [INFO] PluginManager:220 - loadIPPluginJar : add freertos
2025-04-03 17:26:21,741 [INFO] IPUIPlugin:80 - create IPUIPlugin
2025-04-03 17:26:21,741 [INFO] PluginManager:220 - loadIPPluginJar : add genericplugin
2025-04-03 17:26:21,897 [INFO] IPUIPlugin:80 - create IPUIPlugin
2025-04-03 17:26:21,897 [INFO] PluginManager:220 - loadIPPluginJar : add gfxmmu
2025-04-03 17:26:22,119 [INFO] IPUIPlugin:80 - create IPUIPlugin
2025-04-03 17:26:22,119 [INFO] PluginManager:220 - loadIPPluginJar : add gic
2025-04-03 17:26:22,137 [INFO] IPUIPlugin:80 - create IPUIPlugin
2025-04-03 17:26:22,138 [INFO] PluginManager:220 - loadIPPluginJar : add gpio
2025-04-03 17:26:22,282 [INFO] IPUIPlugin:80 - create IPUIPlugin
2025-04-03 17:26:22,283 [INFO] PluginManager:220 - loadIPPluginJar : add gtzc
2025-04-03 17:26:22,331 [INFO] IPUIPlugin:80 - create IPUIPlugin
2025-04-03 17:26:22,332 [INFO] PluginManager:220 - loadIPPluginJar : add hash
2025-04-03 17:26:22,417 [INFO] IPUIPlugin:80 - create IPUIPlugin
2025-04-03 17:26:22,417 [INFO] PluginManager:220 - loadIPPluginJar : add i2c
2025-04-03 17:26:22,481 [INFO] IPUIPlugin:80 - create IPUIPlugin
2025-04-03 17:26:22,481 [INFO] PluginManager:220 - loadIPPluginJar : add i2s
2025-04-03 17:26:22,548 [INFO] IPUIPlugin:80 - create IPUIPlugin
2025-04-03 17:26:22,548 [INFO] PluginManager:220 - loadIPPluginJar : add i3c
2025-04-03 17:26:22,725 [INFO] IPUIPlugin:80 - create IPUIPlugin
2025-04-03 17:26:22,725 [INFO] PluginManager:220 - loadIPPluginJar : add ipddr
2025-04-03 17:26:22,902 [INFO] IPUIPlugin:80 - create IPUIPlugin
2025-04-03 17:26:22,902 [INFO] PluginManager:220 - loadIPPluginJar : add linkedlist
2025-04-03 17:26:22,970 [INFO] IPUIPlugin:80 - create IPUIPlugin
2025-04-03 17:26:22,970 [INFO] PluginManager:220 - loadIPPluginJar : add lorawan
2025-04-03 17:26:23,033 [INFO] IPUIPlugin:80 - create IPUIPlugin
2025-04-03 17:26:23,033 [INFO] PluginManager:220 - loadIPPluginJar : add ltdc
2025-04-03 17:26:23,055 [INFO] IPUIPlugin:80 - create IPUIPlugin
2025-04-03 17:26:23,055 [INFO] PluginManager:220 - loadIPPluginJar : add mdma
2025-04-03 17:26:23,080 [INFO] IPUIPlugin:80 - create IPUIPlugin
2025-04-03 17:26:23,080 [INFO] PluginManager:220 - loadIPPluginJar : add nvic
2025-04-03 17:26:23,087 [INFO] ThirdPartyUpdaterWithRetryManager:70 - Updater plugin not ready yet. [2/15]
2025-04-03 17:26:23,179 [INFO] IPUIPlugin:80 - create IPUIPlugin
2025-04-03 17:26:23,179 [INFO] PluginManager:220 - loadIPPluginJar : add opamp
2025-04-03 17:26:23,297 [INFO] IPUIPlugin:80 - create IPUIPlugin
2025-04-03 17:26:23,297 [INFO] PluginManager:220 - loadIPPluginJar : add openamp
2025-04-03 17:26:23,372 [INFO] IPUIPlugin:80 - create IPUIPlugin
2025-04-03 17:26:23,372 [INFO] PluginManager:220 - loadIPPluginJar : add pdm2pcm
2025-04-03 17:26:23,393 [INFO] IPUIPlugin:80 - create IPUIPlugin
2025-04-03 17:26:23,396 [INFO] PluginManager:220 - loadIPPluginJar : add plateformsettings
2025-04-03 17:26:23,437 [INFO] IPUIPlugin:80 - create IPUIPlugin
2025-04-03 17:26:23,437 [INFO] PluginManager:220 - loadIPPluginJar : add quadspi
2025-04-03 17:26:23,488 [INFO] IPUIPlugin:80 - create IPUIPlugin
2025-04-03 17:26:23,489 [INFO] PluginManager:220 - loadIPPluginJar : add radio
2025-04-03 17:26:23,508 [INFO] IPUIPlugin:80 - create IPUIPlugin
2025-04-03 17:26:23,509 [INFO] PluginManager:220 - loadIPPluginJar : add resmgrutility
2025-04-03 17:26:23,612 [INFO] IPUIPlugin:80 - create IPUIPlugin
2025-04-03 17:26:23,612 [INFO] PluginManager:220 - loadIPPluginJar : add sai
2025-04-03 17:26:23,693 [INFO] IPUIPlugin:80 - create IPUIPlugin
2025-04-03 17:26:23,694 [INFO] PluginManager:220 - loadIPPluginJar : add spi
2025-04-03 17:26:23,875 [INFO] IPUIPlugin:80 - create IPUIPlugin
2025-04-03 17:26:23,875 [INFO] PluginManager:220 - loadIPPluginJar : add stm32_wpan
2025-04-03 17:26:23,915 [INFO] IPUIPlugin:80 - create IPUIPlugin
2025-04-03 17:26:23,916 [INFO] PluginManager:220 - loadIPPluginJar : add tim
2025-04-03 17:26:24,043 [INFO] IPUIPlugin:80 - create IPUIPlugin
2025-04-03 17:26:24,044 [INFO] PluginManager:220 - loadIPPluginJar : add touchsensing
2025-04-03 17:26:24,095 [INFO] IPUIPlugin:80 - create IPUIPlugin
2025-04-03 17:26:24,096 [INFO] PluginManager:220 - loadIPPluginJar : add tracer_emb
2025-04-03 17:26:24,153 [INFO] IPUIPlugin:80 - create IPUIPlugin
2025-04-03 17:26:24,153 [INFO] PluginManager:220 - loadIPPluginJar : add ts
2025-04-03 17:26:24,191 [INFO] IPUIPlugin:80 - create IPUIPlugin
2025-04-03 17:26:24,192 [INFO] PluginManager:220 - loadIPPluginJar : add tsc
2025-04-03 17:26:24,234 [INFO] IPUIPlugin:80 - create IPUIPlugin
2025-04-03 17:26:24,234 [INFO] PluginManager:220 - loadIPPluginJar : add ucpd
2025-04-03 17:26:24,334 [INFO] IPUIPlugin:80 - create IPUIPlugin
2025-04-03 17:26:24,334 [INFO] PluginManager:220 - loadIPPluginJar : add usart
2025-04-03 17:26:24,426 [INFO] IPUIPlugin:80 - create IPUIPlugin
2025-04-03 17:26:24,427 [INFO] PluginManager:220 - loadIPPluginJar : add usbx
2025-04-03 17:26:24,582 [FATAL] Updater:351 - Updater called before beeing initialized
2025-04-03 17:26:24,617 [INFO] RulesReader:64 - Compatibility file has been processed (297 Rules)
2025-04-03 17:26:24,636 [INFO] RulesReader:64 - Compatibility file has been processed (297 Rules)
2025-04-03 17:26:24,649 [INFO] CADModel:165 - CPN selected for project level
2025-04-03 17:26:24,649 [INFO] CADModel:114 - Register for checkConnection events
2025-04-03 17:26:24,649 [FATAL] Updater:351 - Updater called before beeing initialized
2025-04-03 17:26:24,649 [ERROR] CADModel:125 - Updater not yet initialized, retry later 
2025-04-03 17:26:24,851 [FATAL] Updater:351 - Updater called before beeing initialized
2025-04-03 17:26:24,854 [INFO] CADModel:165 - CPN selected for project level
2025-04-03 17:26:24,854 [INFO] CADModel:114 - Register for checkConnection events
2025-04-03 17:26:24,854 [FATAL] Updater:351 - Updater called before beeing initialized
2025-04-03 17:26:24,854 [ERROR] CADModel:125 - Updater not yet initialized, retry later 
2025-04-03 17:26:24,858 [FATAL] Updater:351 - Updater called before beeing initialized
2025-04-03 17:26:25,025 [FATAL] Updater:351 - Updater called before beeing initialized
2025-04-03 17:26:25,046 [INFO] DbMcusAds:53 - JSON generation date=Wed Dec 18 00:01:15 IRKT 2024 (1734451275196)
2025-04-03 17:26:25,046 [FATAL] Updater:351 - Updater called before beeing initialized
2025-04-03 17:26:25,238 [WARN] DetailPanel:346 - Failed to get advertising image, set to default
2025-04-03 17:26:25,837 [FATAL] Updater:351 - Updater called before beeing initialized
2025-04-03 17:26:25,872 [FATAL] Updater:351 - Updater called before beeing initialized
2025-04-03 17:26:25,874 [FATAL] Updater:351 - Updater called before beeing initialized
2025-04-03 17:26:25,874 [WARN] DetailPanel:346 - Failed to get advertising image, set to default
2025-04-03 17:26:25,878 [FATAL] Updater:351 - Updater called before beeing initialized
2025-04-03 17:26:26,036 [ERROR] Updater:1198 - MainUpdater not yet initialized. External WinMGr cannot be set.
2025-04-03 17:26:26,057 [INFO] Updater:1134 - Updater Version found : 6.13.0
2025-04-03 17:26:26,085 [INFO] ApplicationProperties:184 - Using Application install path: D:\STM32CubeIDE_1.17.0\STM32CubeIDE\plugins\com.st.stm32cube.common.mx_6.13.0.202411220809
2025-04-03 17:26:26,102 [INFO] ThirdPartyUpdaterWithRetryManager:70 - Updater plugin not ready yet. [3/15]
2025-04-03 17:26:27,731 [ERROR] LogOutputStream:75 - [STDERR_REDIRECT] Apr 03, 2025 5:26:27 PM java.util.prefs.WindowsPreferences <init>
2025-04-03 17:26:27,734 [ERROR] LogOutputStream:75 - [STDERR_REDIRECT] WARNING: Could not open/create prefs root node Software\JavaSoft\Prefs at root 0xffffffff80000002. Windows RegCreateKeyEx(...) returned error code 5.
2025-04-03 17:26:27,734 [ERROR] LogOutputStream:75 - [STDERR_REDIRECT] 
2025-04-03 17:26:28,756 [ERROR] CheckConnectionManager:249 - Problem, Http access forbiden
2025-04-03 17:26:28,763 [INFO] MainUpdater:2872 - connection check result : 22
2025-04-03 17:26:28,765 [INFO] MainUpdater:289 - Updater Check For Update Now.
2025-04-03 17:26:28,765 [INFO] MicroXplorer:498 - Change Database Version : DB.6.0.130
2025-04-03 17:26:28,792 [INFO] McuFinderGlobals:63 - Set McuFinder mode to 2 (CubeIDE integrated)
2025-04-03 17:26:28,803 [INFO] UserAuth:486 - Internet connection configuration mode: 2
2025-04-03 17:26:28,808 [INFO] UserAuth:486 - Internet connection configuration mode: 2
2025-04-03 17:26:29,079 [INFO] CheckServerUpdateThread:120 - End of CheckServer Thread
2025-04-03 17:26:29,469 [WARN] PackLoader:240 - Cannot read IP mode file for STMicroelectronics.FP-SNS-MOTENVWB1.1.4.0
2025-04-03 17:26:29,496 [WARN] PackLoader:240 - Cannot read IP mode file for STMicroelectronics.FP-ATR-ASTRA1.2.0.1
2025-04-03 17:26:29,525 [WARN] PackLoader:240 - Cannot read IP mode file for STMicroelectronics.X-CUBE-SMBUS.2.1.0
2025-04-03 17:26:29,557 [WARN] PackLoader:240 - Cannot read IP mode file for STMicroelectronics.X-CUBE-WB05N.1.1.0
2025-04-03 17:26:29,631 [WARN] PackLoader:240 - Cannot read IP mode file for STMicroelectronics.X-CUBE-AZRTOS-F7.1.1.0
2025-04-03 17:26:29,763 [WARN] PackLoader:240 - Cannot read IP mode file for STMicroelectronics.X-CUBE-MEMS1.11.0.0
2025-04-03 17:26:30,019 [WARN] PackLoader:240 - Cannot read IP mode file for STMicroelectronics.FP-SNS-FLIGHT1.5.0.2
2025-04-03 17:26:30,077 [WARN] PackLoader:240 - Cannot read IP mode file for Infineon.AIROC-Wi-Fi-Bluetooth-STM32.1.7.0
2025-04-03 17:26:30,129 [WARN] PackLoader:240 - Cannot read IP mode file for STMicroelectronics.X-CUBE-DISPLAY.3.0.0
2025-04-03 17:26:30,165 [WARN] PackLoader:240 - Cannot read IP mode file for STMicroelectronics.X-CUBE-BLE1.7.0.0
2025-04-03 17:26:30,193 [WARN] PackLoader:240 - Cannot read IP mode file for STMicroelectronics.X-CUBE-NFC10.1.0.0
2025-04-03 17:26:30,232 [WARN] PackLoader:240 - Cannot read IP mode file for STMicroelectronics.X-CUBE-BLEMGR.4.0.0
2025-04-03 17:26:30,273 [WARN] PackLoader:240 - Cannot read IP mode file for emotas.I-CUBE-CANOPEN.1.3.0
2025-04-03 17:26:30,297 [WARN] PackLoader:240 - Cannot read IP mode file for STMicroelectronics.FP-SNS-SMARTAG2.1.2.0
2025-04-03 17:26:30,376 [WARN] PackLoader:240 - Cannot read IP mode file for STMicroelectronics.X-CUBE-MEMS1.11.1.0
2025-04-03 17:26:30,532 [INFO] LogOutputStream:77 - [STDOUT_REDIRECT] 1 : Invalid condition id : UX_CORESTACK_Condition cause : null
2025-04-03 17:26:30,533 [INFO] LogOutputStream:77 - [STDOUT_REDIRECT] 1 : Invalid condition id : UX_CORESTACK_Condition cause : null
2025-04-03 17:26:30,535 [INFO] LogOutputStream:77 - [STDOUT_REDIRECT] 1 : Invalid condition id : UX_CORESTACK_Condition cause : null
2025-04-03 17:26:30,537 [INFO] LogOutputStream:77 - [STDOUT_REDIRECT] 1 : Invalid condition id : UX_CORESTACK_Condition cause : null
2025-04-03 17:26:30,538 [INFO] LogOutputStream:77 - [STDOUT_REDIRECT] 1 : Invalid condition id : UX_CORESTACK_Condition cause : null
2025-04-03 17:26:30,542 [WARN] PackLoader:240 - Cannot read IP mode file for STMicroelectronics.X-CUBE-AZRTOS-WL.2.0.0
2025-04-03 17:26:30,563 [WARN] PackLoader:240 - Cannot read IP mode file for STMicroelectronics.FP-SNS-MOTENV1.5.0.0
2025-04-03 17:26:30,581 [WARN] PackLoader:240 - Cannot read IP mode file for wolfSSL.I-CUBE-wolfMQTT.1.19.0
2025-04-03 17:26:30,600 [WARN] PackLoader:240 - Cannot read IP mode file for WES.I-CUBE-Cesium.1.3.0
2025-04-03 17:26:30,618 [WARN] PackLoader:240 - Cannot read IP mode file for STMicroelectronics.X-CUBE-BLE2.3.3.0
2025-04-03 17:26:30,637 [WARN] PackLoader:240 - Cannot read IP mode file for STMicroelectronics.X-CUBE-NFC9.1.0.0
2025-04-03 17:26:30,657 [WARN] PackLoader:240 - Cannot read IP mode file for STMicroelectronics.X-CUBE-TCPP.4.1.0
2025-04-03 17:26:30,694 [WARN] PackLoader:240 - Cannot read IP mode file for STMicroelectronics.X-CUBE-AZRTOS-G0.1.1.0
2025-04-03 17:26:30,717 [WARN] PackLoader:240 - Cannot read IP mode file for STMicroelectronics.X-CUBE-SAFEA1.1.2.2
2025-04-03 17:26:30,736 [WARN] PackLoader:240 - Cannot read IP mode file for STMicroelectronics.X-CUBE-NFC4.3.0.0
2025-04-03 17:26:30,762 [WARN] PackLoader:240 - Cannot read IP mode file for EmbeddedOffice.I-CUBE-FS-RTOS.1.0.1
2025-04-03 17:26:30,906 [WARN] PackLoader:240 - Cannot read IP mode file for STMicroelectronics.X-CUBE-TCPP.4.2.0
2025-04-03 17:26:30,922 [WARN] PackLoader:240 - Cannot read IP mode file for RealThread.X-CUBE-RT-Thread_Nano.4.1.1
2025-04-03 17:26:30,938 [WARN] PackLoader:240 - Cannot read IP mode file for STMicroelectronics.FP-ATR-SIGFOX1.3.2.0
2025-04-03 17:26:30,953 [WARN] ConditionMgr:438 - getConditionDescription Invalid condition id : Cortex-A Device cause : null
2025-04-03 17:26:30,983 [WARN] ConditionMgr:1044 - genDependencies : Invalid condition id : Cortex-A Device cause : null
2025-04-03 17:26:30,983 [WARN] ConditionMgr:1044 - genDependencies : Invalid condition id : Cortex-A Device cause : null
2025-04-03 17:26:30,983 [WARN] ConditionMgr:1044 - genDependencies : Invalid condition id : Cortex-A Device cause : null
2025-04-03 17:26:31,002 [WARN] PackLoader:240 - Cannot read IP mode file for STMicroelectronics.X-CUBE-EEPRMA1.5.1.0
2025-04-03 17:26:31,019 [WARN] PackLoader:240 - Cannot read IP mode file for wolfSSL.I-CUBE-wolfSSL.5.7.4
2025-04-03 17:26:31,109 [WARN] PackLoader:240 - Cannot read IP mode file for ITTIA_DB.I-CUBE-ITTIADB.8.9.0
2025-04-03 17:26:31,150 [WARN] PackLoader:240 - Cannot read IP mode file for SEGGER.I-CUBE-embOS.1.3.1
2025-04-03 17:26:31,203 [WARN] PackLoader:240 - Cannot read IP mode file for STMicroelectronics.X-CUBE-ALGOBUILD.1.4.0
2025-04-03 17:26:31,223 [WARN] PackLoader:240 - Cannot read IP mode file for STMicroelectronics.X-CUBE-AI.9.1.0
2025-04-03 17:26:31,260 [WARN] PackLoader:240 - Cannot read IP mode file for STMicroelectronics.X-CUBE-AZRTOS-F4.1.1.0
2025-04-03 17:26:31,282 [WARN] PackLoader:240 - Cannot read IP mode file for STMicroelectronics.X-CUBE-ISPU.2.1.0
2025-04-03 17:26:31,300 [WARN] PackLoader:240 - Cannot read IP mode file for STMicroelectronics.X-CUBE-FREERTOS.1.2.0
2025-04-03 17:26:31,355 [WARN] PackLoader:240 - Cannot read IP mode file for STMicroelectronics.X-CUBE-AZRTOS-L5.2.0.0
2025-04-03 17:26:31,382 [WARN] PackLoader:240 - Cannot read IP mode file for STMicroelectronics.X-CUBE-NFC6.3.1.0
2025-04-03 17:26:31,403 [WARN] PackLoader:240 - Cannot read IP mode file for STMicroelectronics.X-CUBE-DPower.1.2.0
2025-04-03 17:26:31,419 [WARN] PackLoader:240 - Cannot read IP mode file for STMicroelectronics.X-CUBE-FREERTOS.1.3.0
2025-04-03 17:26:31,435 [WARN] PackLoader:240 - Cannot read IP mode file for STMicroelectronics.X-CUBE-NFC7.1.0.1
2025-04-03 17:26:31,475 [WARN] ConditionMgr:438 - getConditionDescription Invalid condition id : LAN8742 Phy interface Condition cause : null
2025-04-03 17:26:31,476 [WARN] PackLoader:240 - Cannot read IP mode file for STMicroelectronics.X-CUBE-AZRTOS-L4.2.0.0
2025-04-03 17:26:31,478 [WARN] ConditionMgr:1044 - genDependencies : Invalid condition id : LAN8742 Phy interface Condition cause : null
2025-04-03 17:26:31,478 [WARN] ConditionMgr:1044 - genDependencies : Invalid condition id : LAN8742 Phy interface Condition cause : null
2025-04-03 17:26:31,479 [WARN] ConditionMgr:1044 - genDependencies : Invalid condition id : LAN8742 Phy interface Condition cause : null
2025-04-03 17:26:31,498 [WARN] PackLoader:240 - Cannot read IP mode file for STMicroelectronics.X-CUBE-SFXS2LP1.4.0.0
2025-04-03 17:26:31,533 [WARN] PackLoader:240 - Cannot read IP mode file for STMicroelectronics.X-CUBE-AZRTOS-H7.3.3.0
2025-04-03 17:26:31,562 [WARN] PackLoader:240 - Cannot read IP mode file for STMicroelectronics.X-CUBE-IPS.3.0.0
2025-04-03 17:26:31,599 [WARN] ConditionMgr:438 - getConditionDescription Invalid condition id : UX DEVICE CLASS RTOS Condition cause : null
2025-04-03 17:26:31,599 [WARN] ConditionMgr:438 - getConditionDescription Invalid condition id : UX DEVICE CLASS RTOS Condition cause : null
2025-04-03 17:26:31,601 [WARN] PackLoader:240 - Cannot read IP mode file for STMicroelectronics.X-CUBE-AZRTOS-WB.2.0.0
2025-04-03 17:26:31,602 [WARN] ConditionMgr:1044 - genDependencies : Invalid condition id : UX DEVICE CLASS RTOS Condition cause : null
2025-04-03 17:26:31,602 [WARN] ConditionMgr:1044 - genDependencies : Invalid condition id : UX DEVICE CLASS RTOS Condition cause : null
2025-04-03 17:26:31,602 [WARN] ConditionMgr:1044 - genDependencies : Invalid condition id : UX DEVICE CLASS RTOS Condition cause : null
2025-04-03 17:26:31,603 [WARN] ConditionMgr:1044 - genDependencies : Invalid condition id : UX DEVICE CLASS RTOS Condition cause : null
2025-04-03 17:26:31,603 [WARN] ConditionMgr:1044 - genDependencies : Invalid condition id : UX DEVICE CLASS RTOS Condition cause : null
2025-04-03 17:26:31,622 [WARN] PackLoader:240 - Cannot read IP mode file for STMicroelectronics.X-CUBE-GNSS1.7.0.0
2025-04-03 17:26:31,644 [WARN] PackLoader:240 - Cannot read IP mode file for STMicroelectronics.X-CUBE-GNSS1.7.0.1
2025-04-03 17:26:31,666 [WARN] PackLoader:240 - Cannot read IP mode file for STMicroelectronics.FP-SNS-STBOX1.2.0.0
2025-04-03 17:26:31,693 [WARN] PackLoader:240 - Cannot read IP mode file for STMicroelectronics.X-CUBE-SUBG2.5.0.0
2025-04-03 17:26:31,714 [WARN] PackLoader:240 - Cannot read IP mode file for Cesanta.I-CUBE-Mongoose.7.13.0
2025-04-03 17:26:31,746 [WARN] PackLoader:240 - Cannot read IP mode file for STMicroelectronics.X-CUBE-AZRTOS-G4.2.0.0
2025-04-03 17:26:31,772 [WARN] PackLoader:240 - Cannot read IP mode file for STMicroelectronics.X-CUBE-IPS.3.1.0
2025-04-03 17:26:31,794 [WARN] PackLoader:240 - Cannot read IP mode file for STMicroelectronics.X-CUBE-ALS.1.0.2
2025-04-03 17:26:31,812 [WARN] PackLoader:240 - Cannot read IP mode file for STMicroelectronics.X-CUBE-TOUCHGFX.4.24.2
2025-04-03 17:26:31,830 [WARN] PackLoader:240 - Cannot read IP mode file for STMicroelectronics.X-CUBE-TOUCHGFX.4.24.1
2025-04-03 17:26:31,847 [WARN] PackLoader:240 - Cannot read IP mode file for wolfSSL.I-CUBE-wolfTPM.3.4.0
2025-04-03 17:26:31,866 [WARN] PackLoader:240 - Cannot read IP mode file for portGmbH.I-Cube-SoM-uGOAL.1.1.0
2025-04-03 17:26:31,902 [WARN] PackLoader:240 - Cannot read IP mode file for STMicroelectronics.X-CUBE-AZRTOS-H7RS.1.0.0
2025-04-03 17:26:31,931 [WARN] PackLoader:240 - Cannot read IP mode file for STMicroelectronics.X-CUBE-TOF1.3.4.2
2025-04-03 17:26:31,958 [WARN] PackLoader:240 - Cannot read IP mode file for wolfSSL.I-CUBE-wolfSSH.1.4.17
2025-04-03 17:26:32,016 [INFO] ThirdParty:978 - Integrity check success = true
2025-04-03 17:26:32,016 [INFO] IntegrityCheckThread:100 - exiting critical section [integrity check]
2025-04-03 17:26:32,016 [INFO] IntegrityCheckThread:103 - End integrity checks thread
2025-04-03 17:56:24,744 [ERROR] LogOutputStream:75 - [STDERR_REDIRECT] 
