2025-04-28 22:42:33,421 [INFO] Activator:176 - 


2025-04-28 22:42:33,429 [INFO] Activator:177 - !SESSION log4j initialized
2025-04-28 22:42:43,619 [INFO] LogOutputStream:77 - [STDOUT_REDIRECT] 
2025-04-28 22:42:49,953 [INFO] ApplicationProperties:184 - Using Application install path: D:\STM32CubeIDE_1.17.0\STM32CubeIDE\plugins\com.st.stm32cube.common.mx_6.13.0.202411220809
2025-04-28 22:42:49,972 [INFO] DbMcusXml:78 - Set database path to: D:\STM32CubeIDE_1.17.0\STM32CubeIDE\plugins\com.st.stm32cube.common.mx_6.13.0.202411220809\\db\/mcu/
2025-04-28 22:42:49,973 [INFO] ApiDb:274 - Set plugin database path to: D:\STM32CubeIDE_1.17.0\STM32CubeIDE\plugins\com.st.stm32cube.common.mx_6.13.0.202411220809\\db\/plugins/boardmanager/
2025-04-28 22:42:49,973 [WARN] ApiDb:259 - Overriding images path with different value:  => D:\STM32CubeIDE_1.17.0\STM32CubeIDE\plugins\com.st.stm32cube.common.mx_6.13.0.202411220809\\db\/plugins/mcufinder/images/
2025-04-28 22:42:49,987 [INFO] ApiDb:250 - Set database path to: C:\Users\user\.stmcufinder\plugins\mcufinder//mcu/
2025-04-28 22:42:49,988 [INFO] DbMcusAds:125 - Set database path to: C:\Users\user\.stmcufinder\plugins\mcufinder//mcu/
2025-04-28 22:42:49,991 [INFO] CrossReferenceDbSqlite:203 - Set database path to: C:\Users\user\.stmcufinder\plugins\mcufinder//mcu/cs/
2025-04-28 22:42:50,131 [INFO] RulesReader:64 - Compatibility file has been processed (297 Rules)
2025-04-28 22:42:50,265 [INFO] DbMcusXml:78 - Set database path to: D:\STM32CubeIDE_1.17.0\STM32CubeIDE\plugins\com.st.stm32cube.common.mx_6.13.0.202411220809\\db\/mcu/
2025-04-28 22:42:50,265 [INFO] ApiDb:274 - Set plugin database path to: D:\STM32CubeIDE_1.17.0\STM32CubeIDE\plugins\com.st.stm32cube.common.mx_6.13.0.202411220809\\db\/plugins/boardmanager/
2025-04-28 22:42:50,265 [INFO] ApiDb:261 - Set plugin images path to: D:\STM32CubeIDE_1.17.0\STM32CubeIDE\plugins\com.st.stm32cube.common.mx_6.13.0.202411220809\\db\/plugins/mcufinder/images/
2025-04-28 22:42:50,265 [WARN] DbFile:41 - Overriding database path with different value: C:\Users\user\.stmcufinder\plugins\mcufinder/ => C:\Users\user\.stmcufinder\plugins\mcufinder
2025-04-28 22:42:50,265 [INFO] ApiDb:250 - Set database path to: C:\Users\user\.stmcufinder\plugins\mcufinder//mcu/
2025-04-28 22:42:50,266 [WARN] DbFile:41 - Overriding database path with different value: C:\Users\user\.stmcufinder\plugins\mcufinder/ => C:\Users\user\.stmcufinder\plugins\mcufinder
2025-04-28 22:42:50,266 [INFO] DbMcusAds:125 - Set database path to: C:\Users\user\.stmcufinder\plugins\mcufinder//mcu/
2025-04-28 22:42:50,266 [WARN] DbFile:41 - Overriding database path with different value: C:\Users\user\.stmcufinder\plugins\mcufinder/ => C:\Users\user\.stmcufinder\plugins\mcufinder
2025-04-28 22:42:50,266 [WARN] DbFile:41 - Overriding database path with different value: C:\Users\user\.stmcufinder\plugins\mcufinder/ => C:\Users\user\.stmcufinder\plugins\mcufinder
2025-04-28 22:42:50,266 [INFO] CrossReferenceDbSqlite:203 - Set database path to: C:\Users\user\.stmcufinder\plugins\mcufinder//mcu/cs/
2025-04-28 22:42:50,361 [INFO] MainPanel:272 - HeapMemory: 268435456
2025-04-28 22:42:50,483 [INFO] DbMcusXml:78 - Set database path to: D:\STM32CubeIDE_1.17.0\STM32CubeIDE\plugins\com.st.stm32cube.common.mx_6.13.0.202411220809\\db\/mcu/
2025-04-28 22:42:50,483 [INFO] ApiDb:274 - Set plugin database path to: D:\STM32CubeIDE_1.17.0\STM32CubeIDE\plugins\com.st.stm32cube.common.mx_6.13.0.202411220809\\db\/plugins/boardmanager/
2025-04-28 22:42:50,483 [INFO] ApiDb:261 - Set plugin images path to: D:\STM32CubeIDE_1.17.0\STM32CubeIDE\plugins\com.st.stm32cube.common.mx_6.13.0.202411220809\\db\/plugins/mcufinder/images/
2025-04-28 22:42:50,483 [WARN] DbFile:41 - Overriding database path with different value: C:\Users\user\.stmcufinder\plugins\mcufinder/ => C:\Users\user\.stmcufinder\plugins\mcufinder
2025-04-28 22:42:50,483 [INFO] ApiDb:250 - Set database path to: C:\Users\user\.stmcufinder\plugins\mcufinder//mcu/
2025-04-28 22:42:50,483 [WARN] DbFile:41 - Overriding database path with different value: C:\Users\user\.stmcufinder\plugins\mcufinder/ => C:\Users\user\.stmcufinder\plugins\mcufinder
2025-04-28 22:42:50,485 [INFO] DbMcusAds:125 - Set database path to: C:\Users\user\.stmcufinder\plugins\mcufinder//mcu/
2025-04-28 22:42:50,485 [WARN] DbFile:41 - Overriding database path with different value: C:\Users\user\.stmcufinder\plugins\mcufinder/ => C:\Users\user\.stmcufinder\plugins\mcufinder
2025-04-28 22:42:50,485 [WARN] DbFile:41 - Overriding database path with different value: C:\Users\user\.stmcufinder\plugins\mcufinder/ => C:\Users\user\.stmcufinder\plugins\mcufinder
2025-04-28 22:42:50,485 [INFO] CrossReferenceDbSqlite:203 - Set database path to: C:\Users\user\.stmcufinder\plugins\mcufinder//mcu/cs/
2025-04-28 22:42:50,506 [INFO] ApplicationProperties:184 - Using Application install path: D:\STM32CubeIDE_1.17.0\STM32CubeIDE\plugins\com.st.stm32cube.common.mx_6.13.0.202411220809
2025-04-28 22:42:50,507 [INFO] PluginManage:196 - Search for loadable plugins [exclusion list=, ]
2025-04-28 22:42:50,509 [INFO] PluginManage:310 - Check plugin analytics
2025-04-28 22:42:50,756 [INFO] AnalyticsPlugin:253 - Accepted Software Licenses: STM32CubeMX.6.13.0
2025-04-28 22:42:50,757 [INFO] AnalyticsPlugin:255 - Accepted CMSIS Pack Licenses: wolfSSL.I-CUBE-wolfSSH.1.4.17,wolfSSL.I-CUBE-wolfSSL.5.7.4,EmbeddedOffice.I-CUBE-FS-RTOS.1.0.1,wolfSSL.I-CUBE-wolfSSL.5.7.2,wolfSSL.I-CUBE-wolfSSL.4.6.0,wolfSSL.I-CUBE-wolfTPM.3.4.0
2025-04-28 22:42:50,757 [INFO] AnalyticsPlugin:257 - Accepted Firmware Licenses: FW.F4.1.28.0
2025-04-28 22:42:50,761 [INFO] PluginManage:359 - Loaded plugin analytics (category:tool,tabindex:-1)
2025-04-28 22:42:50,762 [INFO] PluginManage:310 - Check plugin cadmodel
2025-04-28 22:42:50,795 [INFO] CADModel:105 - Init CAD model plugin
2025-04-28 22:42:50,795 [INFO] PluginManage:359 - Loaded plugin cadmodel (category:power,tabindex:5)
2025-04-28 22:42:50,796 [INFO] PluginManage:310 - Check plugin clock
2025-04-28 22:42:50,826 [INFO] PluginManage:359 - Loaded plugin clock (category:base,tabindex:2)
2025-04-28 22:42:50,827 [INFO] PluginManage:310 - Check plugin ddr
2025-04-28 22:42:50,830 [INFO] PluginManage:359 - Loaded plugin ddr (category:tool,tabindex:6)
2025-04-28 22:42:50,830 [INFO] PluginManage:310 - Check plugin filemanager
2025-04-28 22:42:51,013 [INFO] PluginManage:359 - Loaded plugin filemanager (category:base,tabindex:10)
2025-04-28 22:42:51,013 [INFO] PluginManage:310 - Check plugin ipmanager
2025-04-28 22:42:51,021 [INFO] PluginManage:359 - Loaded plugin ipmanager (category:base,tabindex:5)
2025-04-28 22:42:51,022 [INFO] PluginManage:310 - Check plugin lpbam
2025-04-28 22:42:51,043 [INFO] PluginManage:359 - Loaded plugin lpbam (category:base,tabindex:0)
2025-04-28 22:42:51,043 [INFO] PluginManage:310 - Check plugin memorymap
2025-04-28 22:42:51,073 [INFO] PluginManage:359 - Loaded plugin memorymap (category:base,tabindex:4)
2025-04-28 22:42:51,073 [INFO] PluginManage:310 - Check plugin pinoutandconfiguration
2025-04-28 22:42:51,100 [INFO] PluginManage:359 - Loaded plugin pinoutandconfiguration (category:base,tabindex:1)
2025-04-28 22:42:51,100 [INFO] PluginManage:310 - Check plugin pinoutconfig
2025-04-28 22:42:51,227 [WARN] SupportedApi:132 - Cannot load RTOS API schema: s4s-elt-must-match.1: The content of 'definitions' must match (annotation?, (simpleType | complexType)?, (unique | key | keyref)*)). A problem was found starting at: attribute.
2025-04-28 22:42:51,398 [INFO] PluginManage:359 - Loaded plugin pinoutconfig (category:base,tabindex:0)
2025-04-28 22:42:51,399 [INFO] PluginManage:310 - Check plugin power
2025-04-28 22:42:51,429 [INFO] PluginManage:359 - Loaded plugin power (category:power,tabindex:4)
2025-04-28 22:42:51,430 [INFO] PluginManage:310 - Check plugin projectmanager
2025-04-28 22:42:51,451 [INFO] PluginManage:359 - Loaded plugin projectmanager (category:projectmanager,tabindex:4)
2025-04-28 22:42:51,451 [INFO] PluginManage:310 - Check plugin rif
2025-04-28 22:42:51,474 [INFO] PluginManage:359 - Loaded plugin rif (category:base,tabindex:3)
2025-04-28 22:42:51,474 [INFO] PluginManage:310 - Check plugin thirdparty
2025-04-28 22:42:51,835 [WARN] IntegrityCheckThread:84 - waiting for thirdparty lock release [integrity check]
2025-04-28 22:42:51,835 [INFO] PluginManage:359 - Loaded plugin thirdparty (category:base,tabindex:-1)
2025-04-28 22:42:51,835 [INFO] IntegrityCheckThread:86 - entering critical section [integrity check]
2025-04-28 22:42:51,835 [INFO] PluginManage:310 - Check plugin tools
2025-04-28 22:42:51,836 [INFO] ThirdPartyUpdaterWithRetryManager:70 - Updater plugin not ready yet. [1/15]
2025-04-28 22:42:51,887 [INFO] PluginManage:359 - Loaded plugin tools (category:base,tabindex:7)
2025-04-28 22:42:51,887 [INFO] PluginManage:310 - Check plugin tutovideos
2025-04-28 22:42:52,123 [INFO] PluginManage:359 - Loaded plugin tutovideos (category:base,tabindex:-1)
2025-04-28 22:42:52,123 [INFO] PluginManage:310 - Check plugin updater
2025-04-28 22:42:52,152 [INFO] PluginManage:359 - Loaded plugin updater (category:base,tabindex:12)
2025-04-28 22:42:52,152 [INFO] PluginManage:310 - Check plugin userauth
2025-04-28 22:42:52,156 [INFO] UserAuth:118 - Init User Auth plugin
2025-04-28 22:42:52,158 [INFO] PluginManage:359 - Loaded plugin userauth (category:base,tabindex:14)
2025-04-28 22:42:52,159 [INFO] PluginManage:283 - PluginManage : Loaded plugins [18]
2025-04-28 22:42:52,426 [INFO] PinOutPanel:1589 - setPackage(No Configuration,No Configuration)
2025-04-28 22:42:52,537 [INFO] CADModel:165 - CPN selected for project level
2025-04-28 22:42:52,537 [INFO] CADModel:114 - Register for checkConnection events
2025-04-28 22:42:52,574 [INFO] IPUIPlugin:80 - create IPUIPlugin
2025-04-28 22:42:52,575 [INFO] PluginManager:220 - loadIPPluginJar : add adc
2025-04-28 22:42:52,642 [INFO] IPUIPlugin:80 - create IPUIPlugin
2025-04-28 22:42:52,642 [INFO] PluginManager:220 - loadIPPluginJar : add aes
2025-04-28 22:42:52,719 [INFO] IPUIPlugin:80 - create IPUIPlugin
2025-04-28 22:42:52,719 [INFO] PluginManager:220 - loadIPPluginJar : add can
2025-04-28 22:42:52,758 [INFO] IPUIPlugin:80 - create IPUIPlugin
2025-04-28 22:42:52,758 [INFO] PluginManager:220 - loadIPPluginJar : add comp
2025-04-28 22:42:52,809 [INFO] IPUIPlugin:80 - create IPUIPlugin
2025-04-28 22:42:52,809 [INFO] PluginManager:220 - loadIPPluginJar : add cryp
2025-04-28 22:42:52,826 [INFO] IPUIPlugin:80 - create IPUIPlugin
2025-04-28 22:42:52,826 [INFO] PluginManager:220 - loadIPPluginJar : add ddr_ctrl_phy
2025-04-28 22:42:52,870 [INFO] IPUIPlugin:80 - create IPUIPlugin
2025-04-28 22:42:52,870 [INFO] PluginManager:220 - loadIPPluginJar : add dfsdm
2025-04-28 22:42:52,888 [INFO] IPUIPlugin:80 - create IPUIPlugin
2025-04-28 22:42:52,889 [INFO] PluginManager:220 - loadIPPluginJar : add dma
2025-04-28 22:42:52,943 [INFO] IPUIPlugin:80 - create IPUIPlugin
2025-04-28 22:42:52,943 [INFO] PluginManager:220 - loadIPPluginJar : add dma3
2025-04-28 22:42:53,003 [INFO] IPUIPlugin:80 - create IPUIPlugin
2025-04-28 22:42:53,004 [INFO] PluginManager:220 - loadIPPluginJar : add extmemmanager
2025-04-28 22:42:53,034 [INFO] IPUIPlugin:80 - create IPUIPlugin
2025-04-28 22:42:53,034 [INFO] PluginManager:220 - loadIPPluginJar : add fatfs
2025-04-28 22:42:53,098 [INFO] IPUIPlugin:80 - create IPUIPlugin
2025-04-28 22:42:53,098 [INFO] PluginManager:220 - loadIPPluginJar : add fmc
2025-04-28 22:42:53,117 [INFO] IPUIPlugin:80 - create IPUIPlugin
2025-04-28 22:42:53,118 [INFO] PluginManager:220 - loadIPPluginJar : add freertos
2025-04-28 22:42:53,147 [INFO] IPUIPlugin:80 - create IPUIPlugin
2025-04-28 22:42:53,147 [INFO] PluginManager:220 - loadIPPluginJar : add genericplugin
2025-04-28 22:42:53,276 [INFO] IPUIPlugin:80 - create IPUIPlugin
2025-04-28 22:42:53,277 [INFO] PluginManager:220 - loadIPPluginJar : add gfxmmu
2025-04-28 22:42:53,457 [INFO] IPUIPlugin:80 - create IPUIPlugin
2025-04-28 22:42:53,457 [INFO] PluginManager:220 - loadIPPluginJar : add gic
2025-04-28 22:42:53,474 [INFO] IPUIPlugin:80 - create IPUIPlugin
2025-04-28 22:42:53,474 [INFO] PluginManager:220 - loadIPPluginJar : add gpio
2025-04-28 22:42:53,595 [INFO] IPUIPlugin:80 - create IPUIPlugin
2025-04-28 22:42:53,595 [INFO] PluginManager:220 - loadIPPluginJar : add gtzc
2025-04-28 22:42:53,640 [INFO] IPUIPlugin:80 - create IPUIPlugin
2025-04-28 22:42:53,640 [INFO] PluginManager:220 - loadIPPluginJar : add hash
2025-04-28 22:42:53,711 [INFO] IPUIPlugin:80 - create IPUIPlugin
2025-04-28 22:42:53,711 [INFO] PluginManager:220 - loadIPPluginJar : add i2c
2025-04-28 22:42:53,765 [INFO] IPUIPlugin:80 - create IPUIPlugin
2025-04-28 22:42:53,765 [INFO] PluginManager:220 - loadIPPluginJar : add i2s
2025-04-28 22:42:53,820 [INFO] IPUIPlugin:80 - create IPUIPlugin
2025-04-28 22:42:53,820 [INFO] PluginManager:220 - loadIPPluginJar : add i3c
2025-04-28 22:42:53,947 [INFO] IPUIPlugin:80 - create IPUIPlugin
2025-04-28 22:42:53,948 [INFO] PluginManager:220 - loadIPPluginJar : add ipddr
2025-04-28 22:42:54,068 [INFO] IPUIPlugin:80 - create IPUIPlugin
2025-04-28 22:42:54,069 [INFO] PluginManager:220 - loadIPPluginJar : add linkedlist
2025-04-28 22:42:54,118 [INFO] IPUIPlugin:80 - create IPUIPlugin
2025-04-28 22:42:54,118 [INFO] PluginManager:220 - loadIPPluginJar : add lorawan
2025-04-28 22:42:54,169 [INFO] IPUIPlugin:80 - create IPUIPlugin
2025-04-28 22:42:54,169 [INFO] PluginManager:220 - loadIPPluginJar : add ltdc
2025-04-28 22:42:54,189 [INFO] IPUIPlugin:80 - create IPUIPlugin
2025-04-28 22:42:54,189 [INFO] PluginManager:220 - loadIPPluginJar : add mdma
2025-04-28 22:42:54,206 [INFO] IPUIPlugin:80 - create IPUIPlugin
2025-04-28 22:42:54,207 [INFO] PluginManager:220 - loadIPPluginJar : add nvic
2025-04-28 22:42:54,265 [INFO] IPUIPlugin:80 - create IPUIPlugin
2025-04-28 22:42:54,265 [INFO] PluginManager:220 - loadIPPluginJar : add opamp
2025-04-28 22:42:54,364 [INFO] IPUIPlugin:80 - create IPUIPlugin
2025-04-28 22:42:54,364 [INFO] PluginManager:220 - loadIPPluginJar : add openamp
2025-04-28 22:42:54,428 [INFO] IPUIPlugin:80 - create IPUIPlugin
2025-04-28 22:42:54,428 [INFO] PluginManager:220 - loadIPPluginJar : add pdm2pcm
2025-04-28 22:42:54,446 [INFO] IPUIPlugin:80 - create IPUIPlugin
2025-04-28 22:42:54,448 [INFO] PluginManager:220 - loadIPPluginJar : add plateformsettings
2025-04-28 22:42:54,481 [INFO] IPUIPlugin:80 - create IPUIPlugin
2025-04-28 22:42:54,481 [INFO] PluginManager:220 - loadIPPluginJar : add quadspi
2025-04-28 22:42:54,517 [INFO] IPUIPlugin:80 - create IPUIPlugin
2025-04-28 22:42:54,518 [INFO] PluginManager:220 - loadIPPluginJar : add radio
2025-04-28 22:42:54,535 [INFO] IPUIPlugin:80 - create IPUIPlugin
2025-04-28 22:42:54,536 [INFO] PluginManager:220 - loadIPPluginJar : add resmgrutility
2025-04-28 22:42:54,600 [INFO] IPUIPlugin:80 - create IPUIPlugin
2025-04-28 22:42:54,600 [INFO] PluginManager:220 - loadIPPluginJar : add sai
2025-04-28 22:42:54,652 [INFO] IPUIPlugin:80 - create IPUIPlugin
2025-04-28 22:42:54,652 [INFO] PluginManager:220 - loadIPPluginJar : add spi
2025-04-28 22:42:54,753 [INFO] IPUIPlugin:80 - create IPUIPlugin
2025-04-28 22:42:54,754 [INFO] PluginManager:220 - loadIPPluginJar : add stm32_wpan
2025-04-28 22:42:54,788 [INFO] IPUIPlugin:80 - create IPUIPlugin
2025-04-28 22:42:54,788 [INFO] PluginManager:220 - loadIPPluginJar : add tim
2025-04-28 22:42:54,837 [INFO] ThirdPartyUpdaterWithRetryManager:70 - Updater plugin not ready yet. [2/15]
2025-04-28 22:42:54,872 [INFO] IPUIPlugin:80 - create IPUIPlugin
2025-04-28 22:42:54,872 [INFO] PluginManager:220 - loadIPPluginJar : add touchsensing
2025-04-28 22:42:54,904 [INFO] IPUIPlugin:80 - create IPUIPlugin
2025-04-28 22:42:54,904 [INFO] PluginManager:220 - loadIPPluginJar : add tracer_emb
2025-04-28 22:42:54,937 [INFO] IPUIPlugin:80 - create IPUIPlugin
2025-04-28 22:42:54,937 [INFO] PluginManager:220 - loadIPPluginJar : add ts
2025-04-28 22:42:54,970 [INFO] IPUIPlugin:80 - create IPUIPlugin
2025-04-28 22:42:54,970 [INFO] PluginManager:220 - loadIPPluginJar : add tsc
2025-04-28 22:42:55,001 [INFO] IPUIPlugin:80 - create IPUIPlugin
2025-04-28 22:42:55,001 [INFO] PluginManager:220 - loadIPPluginJar : add ucpd
2025-04-28 22:42:55,068 [INFO] IPUIPlugin:80 - create IPUIPlugin
2025-04-28 22:42:55,068 [INFO] PluginManager:220 - loadIPPluginJar : add usart
2025-04-28 22:42:55,124 [INFO] IPUIPlugin:80 - create IPUIPlugin
2025-04-28 22:42:55,124 [INFO] PluginManager:220 - loadIPPluginJar : add usbx
2025-04-28 22:42:55,267 [FATAL] Updater:351 - Updater called before beeing initialized
2025-04-28 22:42:55,312 [INFO] RulesReader:64 - Compatibility file has been processed (297 Rules)
2025-04-28 22:42:55,326 [INFO] RulesReader:64 - Compatibility file has been processed (297 Rules)
2025-04-28 22:42:55,339 [INFO] CADModel:165 - CPN selected for project level
2025-04-28 22:42:55,339 [INFO] CADModel:114 - Register for checkConnection events
2025-04-28 22:42:55,339 [FATAL] Updater:351 - Updater called before beeing initialized
2025-04-28 22:42:55,339 [ERROR] CADModel:125 - Updater not yet initialized, retry later 
2025-04-28 22:42:55,519 [FATAL] Updater:351 - Updater called before beeing initialized
2025-04-28 22:42:55,521 [INFO] CADModel:165 - CPN selected for project level
2025-04-28 22:42:55,521 [INFO] CADModel:114 - Register for checkConnection events
2025-04-28 22:42:55,521 [FATAL] Updater:351 - Updater called before beeing initialized
2025-04-28 22:42:55,521 [ERROR] CADModel:125 - Updater not yet initialized, retry later 
2025-04-28 22:42:55,525 [FATAL] Updater:351 - Updater called before beeing initialized
2025-04-28 22:42:55,659 [FATAL] Updater:351 - Updater called before beeing initialized
2025-04-28 22:42:55,674 [INFO] DbMcusAds:53 - JSON generation date=Wed Dec 18 00:01:15 IRKT 2024 (1734451275196)
2025-04-28 22:42:55,674 [FATAL] Updater:351 - Updater called before beeing initialized
2025-04-28 22:42:55,780 [WARN] DetailPanel:346 - Failed to get advertising image, set to default
2025-04-28 22:42:56,112 [FATAL] Updater:351 - Updater called before beeing initialized
2025-04-28 22:42:56,114 [FATAL] Updater:351 - Updater called before beeing initialized
2025-04-28 22:42:56,114 [FATAL] Updater:351 - Updater called before beeing initialized
2025-04-28 22:42:56,114 [WARN] DetailPanel:346 - Failed to get advertising image, set to default
2025-04-28 22:42:56,115 [FATAL] Updater:351 - Updater called before beeing initialized
2025-04-28 22:42:56,190 [ERROR] Updater:1198 - MainUpdater not yet initialized. External WinMGr cannot be set.
2025-04-28 22:42:56,205 [INFO] Updater:1134 - Updater Version found : 6.13.0
2025-04-28 22:42:56,222 [INFO] ApplicationProperties:184 - Using Application install path: D:\STM32CubeIDE_1.17.0\STM32CubeIDE\plugins\com.st.stm32cube.common.mx_6.13.0.202411220809
2025-04-28 22:42:57,811 [ERROR] LogOutputStream:75 - [STDERR_REDIRECT] Apr 28, 2025 10:42:57 PM java.util.prefs.WindowsPreferences <init>
2025-04-28 22:42:57,813 [ERROR] LogOutputStream:75 - [STDERR_REDIRECT] WARNING: Could not open/create prefs root node Software\JavaSoft\Prefs at root 0xffffffff80000002. Windows RegCreateKeyEx(...) returned error code 5.
2025-04-28 22:42:57,813 [ERROR] LogOutputStream:75 - [STDERR_REDIRECT] 
2025-04-28 22:42:57,839 [INFO] ThirdPartyUpdaterWithRetryManager:70 - Updater plugin not ready yet. [3/15]
2025-04-28 22:42:58,563 [ERROR] CheckConnectionManager:249 - Problem, Http access forbiden
2025-04-28 22:42:58,568 [INFO] MainUpdater:2872 - connection check result : 22
2025-04-28 22:42:58,569 [INFO] MainUpdater:289 - Updater Check For Update Now.
2025-04-28 22:42:58,570 [INFO] MicroXplorer:498 - Change Database Version : DB.6.0.130
2025-04-28 22:42:58,595 [INFO] McuFinderGlobals:63 - Set McuFinder mode to 2 (CubeIDE integrated)
2025-04-28 22:42:58,610 [INFO] UserAuth:486 - Internet connection configuration mode: 2
2025-04-28 22:42:58,614 [INFO] UserAuth:486 - Internet connection configuration mode: 2
2025-04-28 22:42:58,877 [INFO] CheckServerUpdateThread:120 - End of CheckServer Thread
2025-04-28 22:43:01,172 [WARN] PackLoader:240 - Cannot read IP mode file for STMicroelectronics.FP-SNS-MOTENVWB1.1.4.0
2025-04-28 22:43:01,196 [WARN] PackLoader:240 - Cannot read IP mode file for STMicroelectronics.FP-ATR-ASTRA1.2.0.2
2025-04-28 22:43:01,210 [WARN] PackLoader:240 - Cannot read IP mode file for STMicroelectronics.FP-ATR-ASTRA1.2.0.1
2025-04-28 22:43:01,229 [WARN] PackLoader:240 - Cannot read IP mode file for STMicroelectronics.X-CUBE-SMBUS.2.1.0
2025-04-28 22:43:01,250 [WARN] PackLoader:240 - Cannot read IP mode file for STMicroelectronics.X-CUBE-WB05N.1.1.0
2025-04-28 22:43:01,313 [WARN] PackLoader:240 - Cannot read IP mode file for STMicroelectronics.X-CUBE-AZRTOS-F7.1.1.0
2025-04-28 22:43:01,428 [WARN] PackLoader:240 - Cannot read IP mode file for STMicroelectronics.X-CUBE-MEMS1.11.0.0
2025-04-28 22:43:01,669 [WARN] PackLoader:240 - Cannot read IP mode file for STMicroelectronics.FP-SNS-FLIGHT1.5.0.2
2025-04-28 22:43:01,716 [WARN] PackLoader:240 - Cannot read IP mode file for Infineon.AIROC-Wi-Fi-Bluetooth-STM32.1.7.0
2025-04-28 22:43:01,749 [WARN] PackLoader:240 - Cannot read IP mode file for STMicroelectronics.X-CUBE-DISPLAY.3.0.0
2025-04-28 22:43:01,775 [WARN] PackLoader:240 - Cannot read IP mode file for STMicroelectronics.X-CUBE-BLE1.7.0.0
2025-04-28 22:43:01,797 [WARN] PackLoader:240 - Cannot read IP mode file for STMicroelectronics.X-CUBE-NFC10.1.0.0
2025-04-28 22:43:01,826 [WARN] PackLoader:240 - Cannot read IP mode file for STMicroelectronics.X-CUBE-BLEMGR.4.0.0
2025-04-28 22:43:01,851 [WARN] PackLoader:240 - Cannot read IP mode file for emotas.I-CUBE-CANOPEN.1.3.0
2025-04-28 22:43:01,872 [WARN] PackLoader:240 - Cannot read IP mode file for STMicroelectronics.X-CUBE-AI.10.0.0
2025-04-28 22:43:01,890 [WARN] PackLoader:240 - Cannot read IP mode file for STMicroelectronics.FP-SNS-SMARTAG2.1.2.0
2025-04-28 22:43:01,908 [WARN] PackLoader:240 - Cannot read IP mode file for STMicroelectronics.FP-SNS-FLIGHT1.5.1.0
2025-04-28 22:43:02,006 [WARN] PackLoader:240 - Cannot read IP mode file for STMicroelectronics.X-CUBE-MEMS1.11.1.0
2025-04-28 22:43:02,176 [INFO] LogOutputStream:77 - [STDOUT_REDIRECT] 1 : Invalid condition id : UX_CORESTACK_Condition cause : null
2025-04-28 22:43:02,177 [INFO] LogOutputStream:77 - [STDOUT_REDIRECT] 1 : Invalid condition id : UX_CORESTACK_Condition cause : null
2025-04-28 22:43:02,179 [INFO] LogOutputStream:77 - [STDOUT_REDIRECT] 1 : Invalid condition id : UX_CORESTACK_Condition cause : null
2025-04-28 22:43:02,180 [INFO] LogOutputStream:77 - [STDOUT_REDIRECT] 1 : Invalid condition id : UX_CORESTACK_Condition cause : null
2025-04-28 22:43:02,182 [INFO] LogOutputStream:77 - [STDOUT_REDIRECT] 1 : Invalid condition id : UX_CORESTACK_Condition cause : null
2025-04-28 22:43:02,185 [WARN] PackLoader:240 - Cannot read IP mode file for STMicroelectronics.X-CUBE-AZRTOS-WL.2.0.0
2025-04-28 22:43:02,206 [WARN] PackLoader:240 - Cannot read IP mode file for STMicroelectronics.FP-SNS-MOTENV1.5.0.0
2025-04-28 22:43:02,225 [WARN] PackLoader:240 - Cannot read IP mode file for wolfSSL.I-CUBE-wolfMQTT.1.19.0
2025-04-28 22:43:02,250 [WARN] PackLoader:240 - Cannot read IP mode file for WES.I-CUBE-Cesium.1.3.0
2025-04-28 22:43:02,270 [WARN] PackLoader:240 - Cannot read IP mode file for STMicroelectronics.X-CUBE-BLE2.3.3.0
2025-04-28 22:43:02,294 [WARN] PackLoader:240 - Cannot read IP mode file for STMicroelectronics.X-CUBE-NFC9.1.0.0
2025-04-28 22:43:02,314 [WARN] PackLoader:240 - Cannot read IP mode file for STMicroelectronics.X-CUBE-BLE1.7.1.0
2025-04-28 22:43:02,331 [WARN] PackLoader:240 - Cannot read IP mode file for STMicroelectronics.X-CUBE-TCPP.4.1.0
2025-04-28 22:43:02,428 [WARN] PackLoader:240 - Cannot read IP mode file for STMicroelectronics.X-CUBE-MEMS1.11.2.0
2025-04-28 22:43:02,691 [WARN] PackLoader:240 - Cannot read IP mode file for STMicroelectronics.X-CUBE-AZRTOS-G0.1.1.0
2025-04-28 22:43:02,714 [WARN] PackLoader:240 - Cannot read IP mode file for STMicroelectronics.X-CUBE-SAFEA1.1.2.2
2025-04-28 22:43:02,735 [WARN] PackLoader:240 - Cannot read IP mode file for STMicroelectronics.X-CUBE-NFC4.3.0.0
2025-04-28 22:43:02,761 [WARN] PackLoader:240 - Cannot read IP mode file for EmbeddedOffice.I-CUBE-FS-RTOS.1.0.1
2025-04-28 22:43:02,928 [WARN] PackLoader:240 - Cannot read IP mode file for STMicroelectronics.X-CUBE-WB05N.2.0.0
2025-04-28 22:43:02,953 [WARN] PackLoader:240 - Cannot read IP mode file for STMicroelectronics.X-CUBE-TCPP.4.2.0
2025-04-28 22:43:02,990 [WARN] PackLoader:240 - Cannot read IP mode file for RealThread.X-CUBE-RT-Thread_Nano.4.1.1
2025-04-28 22:43:03,015 [WARN] PackLoader:240 - Cannot read IP mode file for STMicroelectronics.FP-ATR-SIGFOX1.3.2.0
2025-04-28 22:43:03,044 [WARN] PackLoader:240 - Cannot read IP mode file for wolfSSL.I-CUBE-wolfSSL.5.7.2
2025-04-28 22:43:03,150 [WARN] ConditionMgr:438 - getConditionDescription Invalid condition id : Cortex-A Device cause : null
2025-04-28 22:43:03,180 [WARN] ConditionMgr:1044 - genDependencies : Invalid condition id : Cortex-A Device cause : null
2025-04-28 22:43:03,180 [WARN] ConditionMgr:1044 - genDependencies : Invalid condition id : Cortex-A Device cause : null
2025-04-28 22:43:03,180 [WARN] ConditionMgr:1044 - genDependencies : Invalid condition id : Cortex-A Device cause : null
2025-04-28 22:43:03,203 [WARN] PackLoader:240 - Cannot read IP mode file for STMicroelectronics.X-CUBE-EEPRMA1.5.1.0
2025-04-28 22:43:03,224 [WARN] PackLoader:240 - Cannot read IP mode file for wolfSSL.I-CUBE-wolfSSL.5.7.4
2025-04-28 22:43:03,315 [WARN] PackLoader:240 - Cannot read IP mode file for ITTIA_DB.I-CUBE-ITTIADB.8.9.0
2025-04-28 22:43:03,365 [WARN] PackLoader:240 - Cannot read IP mode file for SEGGER.I-CUBE-embOS.1.3.1
2025-04-28 22:43:03,422 [WARN] PackLoader:240 - Cannot read IP mode file for STMicroelectronics.X-CUBE-ALGOBUILD.1.4.0
2025-04-28 22:43:03,441 [WARN] PackLoader:240 - Cannot read IP mode file for STMicroelectronics.X-CUBE-AI.9.1.0
2025-04-28 22:43:03,482 [WARN] PackLoader:240 - Cannot read IP mode file for STMicroelectronics.X-CUBE-AZRTOS-F4.1.1.0
2025-04-28 22:43:03,502 [WARN] PackLoader:240 - Cannot read IP mode file for Avnet-IotConnect.X-CUBE-IoTC-DA16k-PMOD.1.0.0
2025-04-28 22:43:03,521 [WARN] PackLoader:240 - Cannot read IP mode file for STMicroelectronics.X-CUBE-ISPU.2.1.0
2025-04-28 22:43:03,539 [WARN] PackLoader:240 - Cannot read IP mode file for STMicroelectronics.X-CUBE-FREERTOS.1.2.0
2025-04-28 22:43:03,577 [WARN] PackLoader:240 - Cannot read IP mode file for STMicroelectronics.X-CUBE-AZRTOS-L5.2.0.0
2025-04-28 22:43:03,600 [WARN] PackLoader:240 - Cannot read IP mode file for STMicroelectronics.X-CUBE-NFC6.3.1.0
2025-04-28 22:43:03,622 [WARN] PackLoader:240 - Cannot read IP mode file for STMicroelectronics.X-CUBE-DPower.1.2.0
2025-04-28 22:43:03,640 [WARN] PackLoader:240 - Cannot read IP mode file for STMicroelectronics.X-CUBE-FREERTOS.1.3.0
2025-04-28 22:43:03,662 [WARN] PackLoader:240 - Cannot read IP mode file for STMicroelectronics.X-CUBE-NFC7.1.0.1
2025-04-28 22:43:03,682 [WARN] PackLoader:240 - Cannot read IP mode file for STMicroelectronics.X-CUBE-DPower.1.3.0
2025-04-28 22:43:03,723 [WARN] ConditionMgr:438 - getConditionDescription Invalid condition id : LAN8742 Phy interface Condition cause : null
2025-04-28 22:43:03,724 [WARN] PackLoader:240 - Cannot read IP mode file for STMicroelectronics.X-CUBE-AZRTOS-L4.2.0.0
2025-04-28 22:43:03,724 [WARN] ConditionMgr:1044 - genDependencies : Invalid condition id : LAN8742 Phy interface Condition cause : null
2025-04-28 22:43:03,725 [WARN] ConditionMgr:1044 - genDependencies : Invalid condition id : LAN8742 Phy interface Condition cause : null
2025-04-28 22:43:03,725 [WARN] ConditionMgr:1044 - genDependencies : Invalid condition id : LAN8742 Phy interface Condition cause : null
2025-04-28 22:43:03,745 [WARN] PackLoader:240 - Cannot read IP mode file for STMicroelectronics.X-CUBE-SFXS2LP1.4.0.0
2025-04-28 22:43:03,791 [WARN] PackLoader:240 - Cannot read IP mode file for STMicroelectronics.X-CUBE-AZRTOS-H7.3.3.0
2025-04-28 22:43:03,818 [WARN] PackLoader:240 - Cannot read IP mode file for STMicroelectronics.X-CUBE-IPS.3.0.0
2025-04-28 22:43:03,854 [WARN] ConditionMgr:438 - getConditionDescription Invalid condition id : UX DEVICE CLASS RTOS Condition cause : null
2025-04-28 22:43:03,854 [WARN] ConditionMgr:438 - getConditionDescription Invalid condition id : UX DEVICE CLASS RTOS Condition cause : null
2025-04-28 22:43:03,856 [WARN] PackLoader:240 - Cannot read IP mode file for STMicroelectronics.X-CUBE-AZRTOS-WB.2.0.0
2025-04-28 22:43:03,858 [WARN] ConditionMgr:1044 - genDependencies : Invalid condition id : UX DEVICE CLASS RTOS Condition cause : null
2025-04-28 22:43:03,858 [WARN] ConditionMgr:1044 - genDependencies : Invalid condition id : UX DEVICE CLASS RTOS Condition cause : null
2025-04-28 22:43:03,858 [WARN] ConditionMgr:1044 - genDependencies : Invalid condition id : UX DEVICE CLASS RTOS Condition cause : null
2025-04-28 22:43:03,858 [WARN] ConditionMgr:1044 - genDependencies : Invalid condition id : UX DEVICE CLASS RTOS Condition cause : null
2025-04-28 22:43:03,858 [WARN] ConditionMgr:1044 - genDependencies : Invalid condition id : UX DEVICE CLASS RTOS Condition cause : null
2025-04-28 22:43:03,882 [WARN] PackLoader:240 - Cannot read IP mode file for STMicroelectronics.X-CUBE-GNSS1.7.0.0
2025-04-28 22:43:03,904 [WARN] PackLoader:240 - Cannot read IP mode file for STMicroelectronics.X-CUBE-GNSS1.7.0.1
2025-04-28 22:43:03,928 [WARN] PackLoader:240 - Cannot read IP mode file for STMicroelectronics.X-CUBE-TOUCHGFX.4.25.0
2025-04-28 22:43:03,950 [WARN] PackLoader:240 - Cannot read IP mode file for STMicroelectronics.FP-SNS-STBOX1.2.0.0
2025-04-28 22:43:03,980 [WARN] PackLoader:240 - Cannot read IP mode file for STMicroelectronics.X-CUBE-SUBG2.5.0.0
2025-04-28 22:43:04,037 [WARN] PackLoader:240 - Cannot read IP mode file for STMicroelectronics.X-CUBE-AZRTOS-H7RS.1.1.0
2025-04-28 22:43:04,057 [WARN] PackLoader:240 - Cannot read IP mode file for Cesanta.I-CUBE-Mongoose.7.13.0
2025-04-28 22:43:04,090 [WARN] PackLoader:240 - Cannot read IP mode file for STMicroelectronics.X-CUBE-AZRTOS-G4.2.0.0
2025-04-28 22:43:04,111 [WARN] PackLoader:240 - Cannot read IP mode file for wolfSSL.I-CUBE-wolfSSL.4.6.0
2025-04-28 22:43:04,205 [WARN] PackLoader:240 - Cannot read IP mode file for STMicroelectronics.X-CUBE-IPS.3.1.0
2025-04-28 22:43:04,231 [WARN] PackLoader:240 - Cannot read IP mode file for STMicroelectronics.X-CUBE-ALS.1.0.2
2025-04-28 22:43:04,250 [WARN] PackLoader:240 - Cannot read IP mode file for STMicroelectronics.X-CUBE-TOUCHGFX.4.24.2
2025-04-28 22:43:04,268 [WARN] PackLoader:240 - Cannot read IP mode file for STMicroelectronics.X-CUBE-TOUCHGFX.4.24.1
2025-04-28 22:43:04,288 [WARN] PackLoader:240 - Cannot read IP mode file for wolfSSL.I-CUBE-wolfTPM.3.4.0
2025-04-28 22:43:04,369 [WARN] PackLoader:240 - Cannot read IP mode file for portGmbH.I-Cube-SoM-uGOAL.1.1.0
2025-04-28 22:43:04,411 [WARN] PackLoader:240 - Cannot read IP mode file for STMicroelectronics.X-CUBE-AZRTOS-H7RS.1.0.0
2025-04-28 22:43:04,448 [WARN] PackLoader:240 - Cannot read IP mode file for STMicroelectronics.X-CUBE-TOF1.3.4.2
2025-04-28 22:43:04,487 [WARN] PackLoader:240 - Cannot read IP mode file for STMicroelectronics.X-CUBE-TOF1.3.4.3
2025-04-28 22:43:04,524 [WARN] PackLoader:240 - Cannot read IP mode file for wolfSSL.I-CUBE-wolfSSH.1.4.17
2025-04-28 22:43:04,586 [INFO] ThirdParty:978 - Integrity check success = true
2025-04-28 22:43:04,586 [INFO] IntegrityCheckThread:100 - exiting critical section [integrity check]
2025-04-28 22:43:04,586 [INFO] IntegrityCheckThread:103 - End integrity checks thread
