2025-05-11 16:59:35,086 [INFO] Activator:176 - 


2025-05-11 16:59:35,093 [INFO] Activator:177 - !SESSION log4j initialized
2025-05-11 16:59:55,329 [INFO] LogOutputStream:77 - [STDOUT_REDIRECT] 
2025-05-11 17:00:08,299 [INFO] ApplicationProperties:184 - Using Application install path: D:\STM32CubeIDE_1.17.0\STM32CubeIDE\plugins\com.st.stm32cube.common.mx_6.13.0.202411220809
2025-05-11 17:00:08,325 [INFO] DbMcusXml:78 - Set database path to: D:\STM32CubeIDE_1.17.0\STM32CubeIDE\plugins\com.st.stm32cube.common.mx_6.13.0.202411220809\\db\/mcu/
2025-05-11 17:00:08,326 [INFO] ApiDb:274 - Set plugin database path to: D:\STM32CubeIDE_1.17.0\STM32CubeIDE\plugins\com.st.stm32cube.common.mx_6.13.0.202411220809\\db\/plugins/boardmanager/
2025-05-11 17:00:08,327 [WARN] ApiDb:259 - Overriding images path with different value:  => D:\STM32CubeIDE_1.17.0\STM32CubeIDE\plugins\com.st.stm32cube.common.mx_6.13.0.202411220809\\db\/plugins/mcufinder/images/
2025-05-11 17:00:08,346 [INFO] ApiDb:250 - Set database path to: C:\Users\user\.stmcufinder\plugins\mcufinder//mcu/
2025-05-11 17:00:08,348 [INFO] DbMcusAds:125 - Set database path to: C:\Users\user\.stmcufinder\plugins\mcufinder//mcu/
2025-05-11 17:00:08,351 [INFO] CrossReferenceDbSqlite:203 - Set database path to: C:\Users\user\.stmcufinder\plugins\mcufinder//mcu/cs/
2025-05-11 17:00:08,529 [INFO] RulesReader:64 - Compatibility file has been processed (297 Rules)
2025-05-11 17:00:08,642 [INFO] DbMcusXml:78 - Set database path to: D:\STM32CubeIDE_1.17.0\STM32CubeIDE\plugins\com.st.stm32cube.common.mx_6.13.0.202411220809\\db\/mcu/
2025-05-11 17:00:08,642 [INFO] ApiDb:274 - Set plugin database path to: D:\STM32CubeIDE_1.17.0\STM32CubeIDE\plugins\com.st.stm32cube.common.mx_6.13.0.202411220809\\db\/plugins/boardmanager/
2025-05-11 17:00:08,643 [INFO] ApiDb:261 - Set plugin images path to: D:\STM32CubeIDE_1.17.0\STM32CubeIDE\plugins\com.st.stm32cube.common.mx_6.13.0.202411220809\\db\/plugins/mcufinder/images/
2025-05-11 17:00:08,643 [WARN] DbFile:41 - Overriding database path with different value: C:\Users\user\.stmcufinder\plugins\mcufinder/ => C:\Users\user\.stmcufinder\plugins\mcufinder
2025-05-11 17:00:08,643 [INFO] ApiDb:250 - Set database path to: C:\Users\user\.stmcufinder\plugins\mcufinder//mcu/
2025-05-11 17:00:08,643 [WARN] DbFile:41 - Overriding database path with different value: C:\Users\user\.stmcufinder\plugins\mcufinder/ => C:\Users\user\.stmcufinder\plugins\mcufinder
2025-05-11 17:00:08,644 [INFO] DbMcusAds:125 - Set database path to: C:\Users\user\.stmcufinder\plugins\mcufinder//mcu/
2025-05-11 17:00:08,644 [WARN] DbFile:41 - Overriding database path with different value: C:\Users\user\.stmcufinder\plugins\mcufinder/ => C:\Users\user\.stmcufinder\plugins\mcufinder
2025-05-11 17:00:08,644 [WARN] DbFile:41 - Overriding database path with different value: C:\Users\user\.stmcufinder\plugins\mcufinder/ => C:\Users\user\.stmcufinder\plugins\mcufinder
2025-05-11 17:00:08,644 [INFO] CrossReferenceDbSqlite:203 - Set database path to: C:\Users\user\.stmcufinder\plugins\mcufinder//mcu/cs/
2025-05-11 17:00:08,752 [INFO] MainPanel:272 - HeapMemory: 268435456
2025-05-11 17:00:08,905 [INFO] DbMcusXml:78 - Set database path to: D:\STM32CubeIDE_1.17.0\STM32CubeIDE\plugins\com.st.stm32cube.common.mx_6.13.0.202411220809\\db\/mcu/
2025-05-11 17:00:08,905 [INFO] ApiDb:274 - Set plugin database path to: D:\STM32CubeIDE_1.17.0\STM32CubeIDE\plugins\com.st.stm32cube.common.mx_6.13.0.202411220809\\db\/plugins/boardmanager/
2025-05-11 17:00:08,905 [INFO] ApiDb:261 - Set plugin images path to: D:\STM32CubeIDE_1.17.0\STM32CubeIDE\plugins\com.st.stm32cube.common.mx_6.13.0.202411220809\\db\/plugins/mcufinder/images/
2025-05-11 17:00:08,905 [WARN] DbFile:41 - Overriding database path with different value: C:\Users\user\.stmcufinder\plugins\mcufinder/ => C:\Users\user\.stmcufinder\plugins\mcufinder
2025-05-11 17:00:08,906 [INFO] ApiDb:250 - Set database path to: C:\Users\user\.stmcufinder\plugins\mcufinder//mcu/
2025-05-11 17:00:08,906 [WARN] DbFile:41 - Overriding database path with different value: C:\Users\user\.stmcufinder\plugins\mcufinder/ => C:\Users\user\.stmcufinder\plugins\mcufinder
2025-05-11 17:00:08,906 [INFO] DbMcusAds:125 - Set database path to: C:\Users\user\.stmcufinder\plugins\mcufinder//mcu/
2025-05-11 17:00:08,906 [WARN] DbFile:41 - Overriding database path with different value: C:\Users\user\.stmcufinder\plugins\mcufinder/ => C:\Users\user\.stmcufinder\plugins\mcufinder
2025-05-11 17:00:08,906 [WARN] DbFile:41 - Overriding database path with different value: C:\Users\user\.stmcufinder\plugins\mcufinder/ => C:\Users\user\.stmcufinder\plugins\mcufinder
2025-05-11 17:00:08,906 [INFO] CrossReferenceDbSqlite:203 - Set database path to: C:\Users\user\.stmcufinder\plugins\mcufinder//mcu/cs/
2025-05-11 17:00:08,932 [INFO] ApplicationProperties:184 - Using Application install path: D:\STM32CubeIDE_1.17.0\STM32CubeIDE\plugins\com.st.stm32cube.common.mx_6.13.0.202411220809
2025-05-11 17:00:08,934 [INFO] PluginManage:196 - Search for loadable plugins [exclusion list=, ]
2025-05-11 17:00:08,936 [INFO] PluginManage:310 - Check plugin analytics
2025-05-11 17:00:09,217 [INFO] AnalyticsPlugin:253 - Accepted Software Licenses: STM32CubeMX.6.13.0
2025-05-11 17:00:09,217 [INFO] AnalyticsPlugin:255 - Accepted CMSIS Pack Licenses: wolfSSL.I-CUBE-wolfSSH.1.4.17,wolfSSL.I-CUBE-wolfSSL.5.7.4,EmbeddedOffice.I-CUBE-FS-RTOS.1.0.1,wolfSSL.I-CUBE-wolfSSL.5.7.2,wolfSSL.I-CUBE-wolfSSL.4.6.0,wolfSSL.I-CUBE-wolfTPM.3.4.0
2025-05-11 17:00:09,218 [INFO] AnalyticsPlugin:257 - Accepted Firmware Licenses: FW.F4.1.28.0
2025-05-11 17:00:09,223 [INFO] PluginManage:359 - Loaded plugin analytics (category:tool,tabindex:-1)
2025-05-11 17:00:09,224 [INFO] PluginManage:310 - Check plugin cadmodel
2025-05-11 17:00:09,276 [INFO] CADModel:105 - Init CAD model plugin
2025-05-11 17:00:09,277 [INFO] PluginManage:359 - Loaded plugin cadmodel (category:power,tabindex:5)
2025-05-11 17:00:09,277 [INFO] PluginManage:310 - Check plugin clock
2025-05-11 17:00:09,328 [INFO] PluginManage:359 - Loaded plugin clock (category:base,tabindex:2)
2025-05-11 17:00:09,328 [INFO] PluginManage:310 - Check plugin ddr
2025-05-11 17:00:09,332 [INFO] PluginManage:359 - Loaded plugin ddr (category:tool,tabindex:6)
2025-05-11 17:00:09,334 [INFO] PluginManage:310 - Check plugin filemanager
2025-05-11 17:00:09,565 [INFO] PluginManage:359 - Loaded plugin filemanager (category:base,tabindex:10)
2025-05-11 17:00:09,565 [INFO] PluginManage:310 - Check plugin ipmanager
2025-05-11 17:00:09,577 [INFO] PluginManage:359 - Loaded plugin ipmanager (category:base,tabindex:5)
2025-05-11 17:00:09,577 [INFO] PluginManage:310 - Check plugin lpbam
2025-05-11 17:00:09,619 [INFO] PluginManage:359 - Loaded plugin lpbam (category:base,tabindex:0)
2025-05-11 17:00:09,619 [INFO] PluginManage:310 - Check plugin memorymap
2025-05-11 17:00:09,663 [INFO] PluginManage:359 - Loaded plugin memorymap (category:base,tabindex:4)
2025-05-11 17:00:09,663 [INFO] PluginManage:310 - Check plugin pinoutandconfiguration
2025-05-11 17:00:09,696 [INFO] PluginManage:359 - Loaded plugin pinoutandconfiguration (category:base,tabindex:1)
2025-05-11 17:00:09,696 [INFO] PluginManage:310 - Check plugin pinoutconfig
2025-05-11 17:00:09,826 [WARN] SupportedApi:132 - Cannot load RTOS API schema: s4s-elt-must-match.1: The content of 'definitions' must match (annotation?, (simpleType | complexType)?, (unique | key | keyref)*)). A problem was found starting at: attribute.
2025-05-11 17:00:10,027 [INFO] PluginManage:359 - Loaded plugin pinoutconfig (category:base,tabindex:0)
2025-05-11 17:00:10,028 [INFO] PluginManage:310 - Check plugin power
2025-05-11 17:00:10,071 [INFO] PluginManage:359 - Loaded plugin power (category:power,tabindex:4)
2025-05-11 17:00:10,071 [INFO] PluginManage:310 - Check plugin projectmanager
2025-05-11 17:00:10,092 [INFO] PluginManage:359 - Loaded plugin projectmanager (category:projectmanager,tabindex:4)
2025-05-11 17:00:10,092 [INFO] PluginManage:310 - Check plugin rif
2025-05-11 17:00:10,122 [INFO] PluginManage:359 - Loaded plugin rif (category:base,tabindex:3)
2025-05-11 17:00:10,122 [INFO] PluginManage:310 - Check plugin thirdparty
2025-05-11 17:00:10,618 [INFO] PluginManage:359 - Loaded plugin thirdparty (category:base,tabindex:-1)
2025-05-11 17:00:10,618 [WARN] IntegrityCheckThread:84 - waiting for thirdparty lock release [integrity check]
2025-05-11 17:00:10,618 [INFO] PluginManage:310 - Check plugin tools
2025-05-11 17:00:10,618 [INFO] IntegrityCheckThread:86 - entering critical section [integrity check]
2025-05-11 17:00:10,619 [INFO] ThirdPartyUpdaterWithRetryManager:70 - Updater plugin not ready yet. [1/15]
2025-05-11 17:00:10,720 [INFO] PluginManage:359 - Loaded plugin tools (category:base,tabindex:7)
2025-05-11 17:00:10,720 [INFO] PluginManage:310 - Check plugin tutovideos
2025-05-11 17:00:11,018 [INFO] PluginManage:359 - Loaded plugin tutovideos (category:base,tabindex:-1)
2025-05-11 17:00:11,018 [INFO] PluginManage:310 - Check plugin updater
2025-05-11 17:00:11,048 [INFO] PluginManage:359 - Loaded plugin updater (category:base,tabindex:12)
2025-05-11 17:00:11,048 [INFO] PluginManage:310 - Check plugin userauth
2025-05-11 17:00:11,052 [INFO] UserAuth:118 - Init User Auth plugin
2025-05-11 17:00:11,053 [INFO] PluginManage:359 - Loaded plugin userauth (category:base,tabindex:14)
2025-05-11 17:00:11,053 [INFO] PluginManage:283 - PluginManage : Loaded plugins [18]
2025-05-11 17:00:11,420 [INFO] PinOutPanel:1589 - setPackage(No Configuration,No Configuration)
2025-05-11 17:00:11,562 [INFO] CADModel:165 - CPN selected for project level
2025-05-11 17:00:11,562 [INFO] CADModel:114 - Register for checkConnection events
2025-05-11 17:00:11,604 [INFO] IPUIPlugin:80 - create IPUIPlugin
2025-05-11 17:00:11,605 [INFO] PluginManager:220 - loadIPPluginJar : add adc
2025-05-11 17:00:11,677 [INFO] IPUIPlugin:80 - create IPUIPlugin
2025-05-11 17:00:11,677 [INFO] PluginManager:220 - loadIPPluginJar : add aes
2025-05-11 17:00:11,757 [INFO] IPUIPlugin:80 - create IPUIPlugin
2025-05-11 17:00:11,757 [INFO] PluginManager:220 - loadIPPluginJar : add can
2025-05-11 17:00:11,814 [INFO] IPUIPlugin:80 - create IPUIPlugin
2025-05-11 17:00:11,814 [INFO] PluginManager:220 - loadIPPluginJar : add comp
2025-05-11 17:00:11,890 [INFO] IPUIPlugin:80 - create IPUIPlugin
2025-05-11 17:00:11,891 [INFO] PluginManager:220 - loadIPPluginJar : add cryp
2025-05-11 17:00:11,911 [INFO] IPUIPlugin:80 - create IPUIPlugin
2025-05-11 17:00:11,911 [INFO] PluginManager:220 - loadIPPluginJar : add ddr_ctrl_phy
2025-05-11 17:00:11,963 [INFO] IPUIPlugin:80 - create IPUIPlugin
2025-05-11 17:00:11,963 [INFO] PluginManager:220 - loadIPPluginJar : add dfsdm
2025-05-11 17:00:11,987 [INFO] IPUIPlugin:80 - create IPUIPlugin
2025-05-11 17:00:11,988 [INFO] PluginManager:220 - loadIPPluginJar : add dma
2025-05-11 17:00:12,055 [INFO] IPUIPlugin:80 - create IPUIPlugin
2025-05-11 17:00:12,055 [INFO] PluginManager:220 - loadIPPluginJar : add dma3
2025-05-11 17:00:12,151 [INFO] IPUIPlugin:80 - create IPUIPlugin
2025-05-11 17:00:12,151 [INFO] PluginManager:220 - loadIPPluginJar : add extmemmanager
2025-05-11 17:00:12,202 [INFO] IPUIPlugin:80 - create IPUIPlugin
2025-05-11 17:00:12,203 [INFO] PluginManager:220 - loadIPPluginJar : add fatfs
2025-05-11 17:00:12,290 [INFO] IPUIPlugin:80 - create IPUIPlugin
2025-05-11 17:00:12,290 [INFO] PluginManager:220 - loadIPPluginJar : add fmc
2025-05-11 17:00:12,314 [INFO] IPUIPlugin:80 - create IPUIPlugin
2025-05-11 17:00:12,315 [INFO] PluginManager:220 - loadIPPluginJar : add freertos
2025-05-11 17:00:12,351 [INFO] IPUIPlugin:80 - create IPUIPlugin
2025-05-11 17:00:12,351 [INFO] PluginManager:220 - loadIPPluginJar : add genericplugin
2025-05-11 17:00:12,546 [INFO] IPUIPlugin:80 - create IPUIPlugin
2025-05-11 17:00:12,547 [INFO] PluginManager:220 - loadIPPluginJar : add gfxmmu
2025-05-11 17:00:12,764 [INFO] IPUIPlugin:80 - create IPUIPlugin
2025-05-11 17:00:12,764 [INFO] PluginManager:220 - loadIPPluginJar : add gic
2025-05-11 17:00:12,784 [INFO] IPUIPlugin:80 - create IPUIPlugin
2025-05-11 17:00:12,784 [INFO] PluginManager:220 - loadIPPluginJar : add gpio
2025-05-11 17:00:12,998 [INFO] IPUIPlugin:80 - create IPUIPlugin
2025-05-11 17:00:12,999 [INFO] PluginManager:220 - loadIPPluginJar : add gtzc
2025-05-11 17:00:13,098 [INFO] IPUIPlugin:80 - create IPUIPlugin
2025-05-11 17:00:13,098 [INFO] PluginManager:220 - loadIPPluginJar : add hash
2025-05-11 17:00:13,267 [INFO] IPUIPlugin:80 - create IPUIPlugin
2025-05-11 17:00:13,267 [INFO] PluginManager:220 - loadIPPluginJar : add i2c
2025-05-11 17:00:13,347 [INFO] IPUIPlugin:80 - create IPUIPlugin
2025-05-11 17:00:13,347 [INFO] PluginManager:220 - loadIPPluginJar : add i2s
2025-05-11 17:00:13,423 [INFO] IPUIPlugin:80 - create IPUIPlugin
2025-05-11 17:00:13,423 [INFO] PluginManager:220 - loadIPPluginJar : add i3c
2025-05-11 17:00:13,620 [INFO] ThirdPartyUpdaterWithRetryManager:70 - Updater plugin not ready yet. [2/15]
2025-05-11 17:00:13,782 [INFO] IPUIPlugin:80 - create IPUIPlugin
2025-05-11 17:00:13,782 [INFO] PluginManager:220 - loadIPPluginJar : add ipddr
2025-05-11 17:00:14,009 [INFO] IPUIPlugin:80 - create IPUIPlugin
2025-05-11 17:00:14,009 [INFO] PluginManager:220 - loadIPPluginJar : add linkedlist
2025-05-11 17:00:14,069 [INFO] IPUIPlugin:80 - create IPUIPlugin
2025-05-11 17:00:14,069 [INFO] PluginManager:220 - loadIPPluginJar : add lorawan
2025-05-11 17:00:14,136 [INFO] IPUIPlugin:80 - create IPUIPlugin
2025-05-11 17:00:14,136 [INFO] PluginManager:220 - loadIPPluginJar : add ltdc
2025-05-11 17:00:14,160 [INFO] IPUIPlugin:80 - create IPUIPlugin
2025-05-11 17:00:14,160 [INFO] PluginManager:220 - loadIPPluginJar : add mdma
2025-05-11 17:00:14,181 [INFO] IPUIPlugin:80 - create IPUIPlugin
2025-05-11 17:00:14,182 [INFO] PluginManager:220 - loadIPPluginJar : add nvic
2025-05-11 17:00:14,247 [INFO] IPUIPlugin:80 - create IPUIPlugin
2025-05-11 17:00:14,247 [INFO] PluginManager:220 - loadIPPluginJar : add opamp
2025-05-11 17:00:14,359 [INFO] IPUIPlugin:80 - create IPUIPlugin
2025-05-11 17:00:14,360 [INFO] PluginManager:220 - loadIPPluginJar : add openamp
2025-05-11 17:00:14,443 [INFO] IPUIPlugin:80 - create IPUIPlugin
2025-05-11 17:00:14,443 [INFO] PluginManager:220 - loadIPPluginJar : add pdm2pcm
2025-05-11 17:00:14,466 [INFO] IPUIPlugin:80 - create IPUIPlugin
2025-05-11 17:00:14,468 [INFO] PluginManager:220 - loadIPPluginJar : add plateformsettings
2025-05-11 17:00:14,505 [INFO] IPUIPlugin:80 - create IPUIPlugin
2025-05-11 17:00:14,505 [INFO] PluginManager:220 - loadIPPluginJar : add quadspi
2025-05-11 17:00:14,553 [INFO] IPUIPlugin:80 - create IPUIPlugin
2025-05-11 17:00:14,553 [INFO] PluginManager:220 - loadIPPluginJar : add radio
2025-05-11 17:00:14,580 [INFO] IPUIPlugin:80 - create IPUIPlugin
2025-05-11 17:00:14,580 [INFO] PluginManager:220 - loadIPPluginJar : add resmgrutility
2025-05-11 17:00:14,682 [INFO] IPUIPlugin:80 - create IPUIPlugin
2025-05-11 17:00:14,682 [INFO] PluginManager:220 - loadIPPluginJar : add sai
2025-05-11 17:00:14,740 [INFO] IPUIPlugin:80 - create IPUIPlugin
2025-05-11 17:00:14,740 [INFO] PluginManager:220 - loadIPPluginJar : add spi
2025-05-11 17:00:14,857 [INFO] IPUIPlugin:80 - create IPUIPlugin
2025-05-11 17:00:14,858 [INFO] PluginManager:220 - loadIPPluginJar : add stm32_wpan
2025-05-11 17:00:14,904 [INFO] IPUIPlugin:80 - create IPUIPlugin
2025-05-11 17:00:14,904 [INFO] PluginManager:220 - loadIPPluginJar : add tim
2025-05-11 17:00:15,005 [INFO] IPUIPlugin:80 - create IPUIPlugin
2025-05-11 17:00:15,005 [INFO] PluginManager:220 - loadIPPluginJar : add touchsensing
2025-05-11 17:00:15,045 [INFO] IPUIPlugin:80 - create IPUIPlugin
2025-05-11 17:00:15,045 [INFO] PluginManager:220 - loadIPPluginJar : add tracer_emb
2025-05-11 17:00:15,084 [INFO] IPUIPlugin:80 - create IPUIPlugin
2025-05-11 17:00:15,084 [INFO] PluginManager:220 - loadIPPluginJar : add ts
2025-05-11 17:00:15,119 [INFO] IPUIPlugin:80 - create IPUIPlugin
2025-05-11 17:00:15,119 [INFO] PluginManager:220 - loadIPPluginJar : add tsc
2025-05-11 17:00:15,154 [INFO] IPUIPlugin:80 - create IPUIPlugin
2025-05-11 17:00:15,154 [INFO] PluginManager:220 - loadIPPluginJar : add ucpd
2025-05-11 17:00:15,236 [INFO] IPUIPlugin:80 - create IPUIPlugin
2025-05-11 17:00:15,236 [INFO] PluginManager:220 - loadIPPluginJar : add usart
2025-05-11 17:00:15,312 [INFO] IPUIPlugin:80 - create IPUIPlugin
2025-05-11 17:00:15,312 [INFO] PluginManager:220 - loadIPPluginJar : add usbx
2025-05-11 17:00:15,466 [FATAL] Updater:351 - Updater called before beeing initialized
2025-05-11 17:00:15,495 [INFO] RulesReader:64 - Compatibility file has been processed (297 Rules)
2025-05-11 17:00:15,511 [INFO] RulesReader:64 - Compatibility file has been processed (297 Rules)
2025-05-11 17:00:15,523 [INFO] CADModel:165 - CPN selected for project level
2025-05-11 17:00:15,523 [INFO] CADModel:114 - Register for checkConnection events
2025-05-11 17:00:15,523 [FATAL] Updater:351 - Updater called before beeing initialized
2025-05-11 17:00:15,523 [ERROR] CADModel:125 - Updater not yet initialized, retry later 
2025-05-11 17:00:15,735 [FATAL] Updater:351 - Updater called before beeing initialized
2025-05-11 17:00:15,737 [INFO] CADModel:165 - CPN selected for project level
2025-05-11 17:00:15,737 [INFO] CADModel:114 - Register for checkConnection events
2025-05-11 17:00:15,738 [FATAL] Updater:351 - Updater called before beeing initialized
2025-05-11 17:00:15,738 [ERROR] CADModel:125 - Updater not yet initialized, retry later 
2025-05-11 17:00:15,741 [FATAL] Updater:351 - Updater called before beeing initialized
2025-05-11 17:00:15,881 [FATAL] Updater:351 - Updater called before beeing initialized
2025-05-11 17:00:15,896 [INFO] DbMcusAds:53 - JSON generation date=Wed Dec 18 00:01:15 IRKT 2024 (1734451275196)
2025-05-11 17:00:15,896 [FATAL] Updater:351 - Updater called before beeing initialized
2025-05-11 17:00:16,038 [WARN] DetailPanel:346 - Failed to get advertising image, set to default
2025-05-11 17:00:16,374 [FATAL] Updater:351 - Updater called before beeing initialized
2025-05-11 17:00:16,377 [FATAL] Updater:351 - Updater called before beeing initialized
2025-05-11 17:00:16,378 [FATAL] Updater:351 - Updater called before beeing initialized
2025-05-11 17:00:16,379 [WARN] DetailPanel:346 - Failed to get advertising image, set to default
2025-05-11 17:00:16,380 [FATAL] Updater:351 - Updater called before beeing initialized
2025-05-11 17:00:16,455 [ERROR] Updater:1198 - MainUpdater not yet initialized. External WinMGr cannot be set.
2025-05-11 17:00:16,469 [INFO] Updater:1134 - Updater Version found : 6.13.0
2025-05-11 17:00:16,490 [INFO] ApplicationProperties:184 - Using Application install path: D:\STM32CubeIDE_1.17.0\STM32CubeIDE\plugins\com.st.stm32cube.common.mx_6.13.0.202411220809
2025-05-11 17:00:16,623 [INFO] ThirdPartyUpdaterWithRetryManager:70 - Updater plugin not ready yet. [3/15]
2025-05-11 17:00:18,076 [ERROR] ConfigurationRetriever:142 - IOException on connection: sw-center.st.com
2025-05-11 17:00:18,076 [ERROR] ConfigurationRetriever:142 - IOException on connection: sw-center.st.com
2025-05-11 17:00:18,077 [ERROR] ConfigurationRetriever:142 - IOException on connection: sw-center.st.com
2025-05-11 17:00:18,077 [ERROR] ConfigurationRetriever:142 - IOException on connection: sw-center.st.com
2025-05-11 17:00:18,078 [ERROR] ConfigurationRetriever:142 - IOException on connection: sw-center.st.com
2025-05-11 17:00:18,078 [ERROR] ConfigurationRetriever:142 - IOException on connection: sw-center.st.com
2025-05-11 17:00:18,082 [ERROR] LogOutputStream:75 - [STDERR_REDIRECT] May 11, 2025 5:00:18 PM java.util.prefs.WindowsPreferences <init>
2025-05-11 17:00:18,084 [ERROR] LogOutputStream:75 - [STDERR_REDIRECT] WARNING: Could not open/create prefs root node Software\JavaSoft\Prefs at root 0xffffffff80000002. Windows RegCreateKeyEx(...) returned error code 5.
2025-05-11 17:00:18,084 [ERROR] LogOutputStream:75 - [STDERR_REDIRECT] 
2025-05-11 17:00:18,483 [INFO] MainUpdater:2872 - connection check result : 22
2025-05-11 17:00:18,484 [INFO] MainUpdater:289 - Updater Check For Update Now.
2025-05-11 17:00:18,484 [INFO] MicroXplorer:498 - Change Database Version : DB.6.0.130
2025-05-11 17:00:18,509 [INFO] McuFinderGlobals:63 - Set McuFinder mode to 2 (CubeIDE integrated)
2025-05-11 17:00:18,525 [INFO] UserAuth:486 - Internet connection configuration mode: 2
2025-05-11 17:00:18,535 [INFO] UserAuth:486 - Internet connection configuration mode: 2
2025-05-11 17:00:18,820 [INFO] CheckServerUpdateThread:120 - End of CheckServer Thread
2025-05-11 17:00:19,896 [WARN] PackLoader:240 - Cannot read IP mode file for STMicroelectronics.FP-SNS-MOTENVWB1.1.4.0
2025-05-11 17:00:19,920 [WARN] PackLoader:240 - Cannot read IP mode file for STMicroelectronics.FP-ATR-ASTRA1.2.0.2
2025-05-11 17:00:19,939 [WARN] PackLoader:240 - Cannot read IP mode file for STMicroelectronics.FP-ATR-ASTRA1.2.0.1
2025-05-11 17:00:19,965 [WARN] PackLoader:240 - Cannot read IP mode file for STMicroelectronics.X-CUBE-SMBUS.2.1.0
2025-05-11 17:00:19,988 [WARN] PackLoader:240 - Cannot read IP mode file for STMicroelectronics.X-CUBE-WB05N.1.1.0
2025-05-11 17:00:20,049 [WARN] PackLoader:240 - Cannot read IP mode file for STMicroelectronics.X-CUBE-AZRTOS-F7.1.1.0
2025-05-11 17:00:20,160 [WARN] PackLoader:240 - Cannot read IP mode file for STMicroelectronics.X-CUBE-MEMS1.11.0.0
2025-05-11 17:00:20,418 [WARN] PackLoader:240 - Cannot read IP mode file for STMicroelectronics.FP-SNS-FLIGHT1.5.0.2
2025-05-11 17:00:20,494 [WARN] PackLoader:240 - Cannot read IP mode file for Infineon.AIROC-Wi-Fi-Bluetooth-STM32.1.7.0
2025-05-11 17:00:20,539 [WARN] PackLoader:240 - Cannot read IP mode file for STMicroelectronics.X-CUBE-DISPLAY.3.0.0
2025-05-11 17:00:20,585 [WARN] PackLoader:240 - Cannot read IP mode file for STMicroelectronics.X-CUBE-BLE1.7.0.0
2025-05-11 17:00:20,609 [WARN] PackLoader:240 - Cannot read IP mode file for STMicroelectronics.X-CUBE-NFC10.1.0.0
2025-05-11 17:00:20,635 [WARN] PackLoader:240 - Cannot read IP mode file for STMicroelectronics.X-CUBE-BLEMGR.4.0.0
2025-05-11 17:00:20,663 [WARN] PackLoader:240 - Cannot read IP mode file for emotas.I-CUBE-CANOPEN.1.3.0
2025-05-11 17:00:20,681 [WARN] PackLoader:240 - Cannot read IP mode file for STMicroelectronics.X-CUBE-AI.10.0.0
2025-05-11 17:00:20,700 [WARN] PackLoader:240 - Cannot read IP mode file for STMicroelectronics.FP-SNS-SMARTAG2.1.2.0
2025-05-11 17:00:20,717 [WARN] PackLoader:240 - Cannot read IP mode file for STMicroelectronics.FP-SNS-FLIGHT1.5.1.0
2025-05-11 17:00:20,815 [WARN] PackLoader:240 - Cannot read IP mode file for STMicroelectronics.X-CUBE-MEMS1.11.1.0
2025-05-11 17:00:20,992 [INFO] LogOutputStream:77 - [STDOUT_REDIRECT] 1 : Invalid condition id : UX_CORESTACK_Condition cause : null
2025-05-11 17:00:20,992 [INFO] LogOutputStream:77 - [STDOUT_REDIRECT] 1 : Invalid condition id : UX_CORESTACK_Condition cause : null
2025-05-11 17:00:20,994 [INFO] LogOutputStream:77 - [STDOUT_REDIRECT] 1 : Invalid condition id : UX_CORESTACK_Condition cause : null
2025-05-11 17:00:20,996 [INFO] LogOutputStream:77 - [STDOUT_REDIRECT] 1 : Invalid condition id : UX_CORESTACK_Condition cause : null
2025-05-11 17:00:20,997 [INFO] LogOutputStream:77 - [STDOUT_REDIRECT] 1 : Invalid condition id : UX_CORESTACK_Condition cause : null
2025-05-11 17:00:21,000 [WARN] PackLoader:240 - Cannot read IP mode file for STMicroelectronics.X-CUBE-AZRTOS-WL.2.0.0
2025-05-11 17:00:21,026 [WARN] PackLoader:240 - Cannot read IP mode file for STMicroelectronics.FP-SNS-MOTENV1.5.0.0
2025-05-11 17:00:21,046 [WARN] PackLoader:240 - Cannot read IP mode file for wolfSSL.I-CUBE-wolfMQTT.1.19.0
2025-05-11 17:00:21,069 [WARN] PackLoader:240 - Cannot read IP mode file for WES.I-CUBE-Cesium.1.3.0
2025-05-11 17:00:21,087 [WARN] PackLoader:240 - Cannot read IP mode file for STMicroelectronics.X-CUBE-BLE2.3.3.0
2025-05-11 17:00:21,110 [WARN] PackLoader:240 - Cannot read IP mode file for STMicroelectronics.X-CUBE-NFC9.1.0.0
2025-05-11 17:00:21,130 [WARN] PackLoader:240 - Cannot read IP mode file for STMicroelectronics.X-CUBE-BLE1.7.1.0
2025-05-11 17:00:21,152 [WARN] PackLoader:240 - Cannot read IP mode file for STMicroelectronics.X-CUBE-TCPP.4.1.0
2025-05-11 17:00:21,232 [WARN] PackLoader:240 - Cannot read IP mode file for STMicroelectronics.X-CUBE-MEMS1.11.2.0
2025-05-11 17:00:21,366 [WARN] PackLoader:240 - Cannot read IP mode file for STMicroelectronics.X-CUBE-AZRTOS-G0.1.1.0
2025-05-11 17:00:21,391 [WARN] PackLoader:240 - Cannot read IP mode file for STMicroelectronics.X-CUBE-SAFEA1.1.2.2
2025-05-11 17:00:21,412 [WARN] PackLoader:240 - Cannot read IP mode file for STMicroelectronics.X-CUBE-NFC4.3.0.0
2025-05-11 17:00:21,439 [WARN] PackLoader:240 - Cannot read IP mode file for EmbeddedOffice.I-CUBE-FS-RTOS.1.0.1
2025-05-11 17:00:21,598 [WARN] PackLoader:240 - Cannot read IP mode file for STMicroelectronics.X-CUBE-WB05N.2.0.0
2025-05-11 17:00:21,622 [WARN] PackLoader:240 - Cannot read IP mode file for STMicroelectronics.X-CUBE-TCPP.4.2.0
2025-05-11 17:00:21,643 [WARN] PackLoader:240 - Cannot read IP mode file for RealThread.X-CUBE-RT-Thread_Nano.4.1.1
2025-05-11 17:00:21,662 [WARN] PackLoader:240 - Cannot read IP mode file for STMicroelectronics.FP-ATR-SIGFOX1.3.2.0
2025-05-11 17:00:21,684 [WARN] PackLoader:240 - Cannot read IP mode file for wolfSSL.I-CUBE-wolfSSL.5.7.2
2025-05-11 17:00:21,787 [WARN] ConditionMgr:438 - getConditionDescription Invalid condition id : Cortex-A Device cause : null
2025-05-11 17:00:21,818 [WARN] ConditionMgr:1044 - genDependencies : Invalid condition id : Cortex-A Device cause : null
2025-05-11 17:00:21,818 [WARN] ConditionMgr:1044 - genDependencies : Invalid condition id : Cortex-A Device cause : null
2025-05-11 17:00:21,818 [WARN] ConditionMgr:1044 - genDependencies : Invalid condition id : Cortex-A Device cause : null
2025-05-11 17:00:21,844 [WARN] PackLoader:240 - Cannot read IP mode file for STMicroelectronics.X-CUBE-EEPRMA1.5.1.0
2025-05-11 17:00:21,864 [WARN] PackLoader:240 - Cannot read IP mode file for wolfSSL.I-CUBE-wolfSSL.5.7.4
2025-05-11 17:00:21,958 [WARN] PackLoader:240 - Cannot read IP mode file for ITTIA_DB.I-CUBE-ITTIADB.8.9.0
2025-05-11 17:00:22,003 [WARN] PackLoader:240 - Cannot read IP mode file for SEGGER.I-CUBE-embOS.1.3.1
2025-05-11 17:00:22,054 [WARN] PackLoader:240 - Cannot read IP mode file for STMicroelectronics.X-CUBE-ALGOBUILD.1.4.0
2025-05-11 17:00:22,073 [WARN] PackLoader:240 - Cannot read IP mode file for STMicroelectronics.X-CUBE-AI.9.1.0
2025-05-11 17:00:22,125 [WARN] PackLoader:240 - Cannot read IP mode file for STMicroelectronics.X-CUBE-AZRTOS-F4.1.1.0
2025-05-11 17:00:22,143 [WARN] PackLoader:240 - Cannot read IP mode file for Avnet-IotConnect.X-CUBE-IoTC-DA16k-PMOD.1.0.0
2025-05-11 17:00:22,159 [WARN] PackLoader:240 - Cannot read IP mode file for STMicroelectronics.X-CUBE-ISPU.2.1.0
2025-05-11 17:00:22,176 [WARN] PackLoader:240 - Cannot read IP mode file for STMicroelectronics.X-CUBE-FREERTOS.1.2.0
2025-05-11 17:00:22,213 [WARN] PackLoader:240 - Cannot read IP mode file for STMicroelectronics.X-CUBE-AZRTOS-L5.2.0.0
2025-05-11 17:00:22,236 [WARN] PackLoader:240 - Cannot read IP mode file for STMicroelectronics.X-CUBE-NFC6.3.1.0
2025-05-11 17:00:22,257 [WARN] PackLoader:240 - Cannot read IP mode file for STMicroelectronics.X-CUBE-DPower.1.2.0
2025-05-11 17:00:22,275 [WARN] PackLoader:240 - Cannot read IP mode file for STMicroelectronics.X-CUBE-FREERTOS.1.3.1
2025-05-11 17:00:22,295 [WARN] PackLoader:240 - Cannot read IP mode file for STMicroelectronics.X-CUBE-FREERTOS.1.3.0
2025-05-11 17:00:22,315 [WARN] PackLoader:240 - Cannot read IP mode file for STMicroelectronics.X-CUBE-NFC7.1.0.1
2025-05-11 17:00:22,335 [WARN] PackLoader:240 - Cannot read IP mode file for STMicroelectronics.X-CUBE-DPower.1.3.0
2025-05-11 17:00:22,384 [WARN] ConditionMgr:438 - getConditionDescription Invalid condition id : LAN8742 Phy interface Condition cause : null
2025-05-11 17:00:22,385 [WARN] PackLoader:240 - Cannot read IP mode file for STMicroelectronics.X-CUBE-AZRTOS-L4.2.0.0
2025-05-11 17:00:22,386 [WARN] ConditionMgr:1044 - genDependencies : Invalid condition id : LAN8742 Phy interface Condition cause : null
2025-05-11 17:00:22,387 [WARN] ConditionMgr:1044 - genDependencies : Invalid condition id : LAN8742 Phy interface Condition cause : null
2025-05-11 17:00:22,388 [WARN] ConditionMgr:1044 - genDependencies : Invalid condition id : LAN8742 Phy interface Condition cause : null
2025-05-11 17:00:22,413 [WARN] PackLoader:240 - Cannot read IP mode file for STMicroelectronics.X-CUBE-SFXS2LP1.4.0.0
2025-05-11 17:00:22,455 [WARN] PackLoader:240 - Cannot read IP mode file for STMicroelectronics.X-CUBE-AZRTOS-H7.3.3.0
2025-05-11 17:00:22,485 [WARN] PackLoader:240 - Cannot read IP mode file for STMicroelectronics.X-CUBE-IPS.3.0.0
2025-05-11 17:00:22,521 [WARN] ConditionMgr:438 - getConditionDescription Invalid condition id : UX DEVICE CLASS RTOS Condition cause : null
2025-05-11 17:00:22,521 [WARN] ConditionMgr:438 - getConditionDescription Invalid condition id : UX DEVICE CLASS RTOS Condition cause : null
2025-05-11 17:00:22,523 [WARN] PackLoader:240 - Cannot read IP mode file for STMicroelectronics.X-CUBE-AZRTOS-WB.2.0.0
2025-05-11 17:00:22,524 [WARN] ConditionMgr:1044 - genDependencies : Invalid condition id : UX DEVICE CLASS RTOS Condition cause : null
2025-05-11 17:00:22,524 [WARN] ConditionMgr:1044 - genDependencies : Invalid condition id : UX DEVICE CLASS RTOS Condition cause : null
2025-05-11 17:00:22,524 [WARN] ConditionMgr:1044 - genDependencies : Invalid condition id : UX DEVICE CLASS RTOS Condition cause : null
2025-05-11 17:00:22,525 [WARN] ConditionMgr:1044 - genDependencies : Invalid condition id : UX DEVICE CLASS RTOS Condition cause : null
2025-05-11 17:00:22,525 [WARN] ConditionMgr:1044 - genDependencies : Invalid condition id : UX DEVICE CLASS RTOS Condition cause : null
2025-05-11 17:00:22,548 [WARN] PackLoader:240 - Cannot read IP mode file for STMicroelectronics.X-CUBE-GNSS1.7.0.0
2025-05-11 17:00:22,568 [WARN] PackLoader:240 - Cannot read IP mode file for STMicroelectronics.X-CUBE-GNSS1.7.0.1
2025-05-11 17:00:22,594 [WARN] PackLoader:240 - Cannot read IP mode file for STMicroelectronics.X-CUBE-TOUCHGFX.4.25.0
2025-05-11 17:00:22,615 [WARN] PackLoader:240 - Cannot read IP mode file for STMicroelectronics.FP-SNS-STBOX1.2.0.0
2025-05-11 17:00:22,648 [WARN] PackLoader:240 - Cannot read IP mode file for STMicroelectronics.X-CUBE-SUBG2.5.0.0
2025-05-11 17:00:22,696 [WARN] PackLoader:240 - Cannot read IP mode file for STMicroelectronics.X-CUBE-AZRTOS-H7RS.1.1.0
2025-05-11 17:00:22,722 [WARN] PackLoader:240 - Cannot read IP mode file for Cesanta.I-CUBE-Mongoose.7.13.0
2025-05-11 17:00:22,756 [WARN] PackLoader:240 - Cannot read IP mode file for STMicroelectronics.X-CUBE-AZRTOS-G4.2.0.0
2025-05-11 17:00:22,776 [WARN] PackLoader:240 - Cannot read IP mode file for wolfSSL.I-CUBE-wolfSSL.4.6.0
2025-05-11 17:00:22,858 [WARN] PackLoader:240 - Cannot read IP mode file for STMicroelectronics.X-CUBE-NFC7.2.0.0
2025-05-11 17:00:22,885 [WARN] PackLoader:240 - Cannot read IP mode file for STMicroelectronics.X-CUBE-IPS.3.1.0
2025-05-11 17:00:22,913 [WARN] PackLoader:240 - Cannot read IP mode file for STMicroelectronics.X-CUBE-ALS.1.0.2
2025-05-11 17:00:22,932 [WARN] PackLoader:240 - Cannot read IP mode file for STMicroelectronics.X-CUBE-TOUCHGFX.4.24.2
2025-05-11 17:00:22,953 [WARN] PackLoader:240 - Cannot read IP mode file for STMicroelectronics.X-CUBE-TOUCHGFX.4.24.1
2025-05-11 17:00:22,978 [WARN] PackLoader:240 - Cannot read IP mode file for wolfSSL.I-CUBE-wolfTPM.3.4.0
2025-05-11 17:00:23,072 [WARN] PackLoader:240 - Cannot read IP mode file for portGmbH.I-Cube-SoM-uGOAL.1.1.0
2025-05-11 17:00:23,186 [WARN] PackLoader:240 - Cannot read IP mode file for STMicroelectronics.X-CUBE-AZRTOS-H7RS.1.0.0
2025-05-11 17:00:23,283 [WARN] PackLoader:240 - Cannot read IP mode file for STMicroelectronics.X-CUBE-TOF1.3.4.2
2025-05-11 17:00:23,347 [WARN] PackLoader:240 - Cannot read IP mode file for STMicroelectronics.X-CUBE-TOF1.3.4.3
2025-05-11 17:00:23,448 [WARN] PackLoader:240 - Cannot read IP mode file for wolfSSL.I-CUBE-wolfSSH.1.4.17
2025-05-11 17:00:23,599 [INFO] ThirdParty:978 - Integrity check success = true
2025-05-11 17:00:23,601 [INFO] IntegrityCheckThread:100 - exiting critical section [integrity check]
2025-05-11 17:00:23,601 [INFO] IntegrityCheckThread:103 - End integrity checks thread
2025-05-11 17:02:44,527 [ERROR] ConfigurationRetriever:142 - IOException on connection: sw-center.st.com
2025-05-11 17:02:44,528 [ERROR] ConfigurationRetriever:142 - IOException on connection: sw-center.st.com
2025-05-11 17:02:44,529 [ERROR] ConfigurationRetriever:142 - IOException on connection: sw-center.st.com
2025-05-11 17:02:44,589 [ERROR] ConfigurationRetriever:142 - IOException on connection: sw-center.st.com
2025-05-11 17:02:44,590 [ERROR] ConfigurationRetriever:142 - IOException on connection: sw-center.st.com
2025-05-11 17:02:44,590 [ERROR] ConfigurationRetriever:142 - IOException on connection: sw-center.st.com
2025-05-11 17:13:00,437 [ERROR] ConfigurationRetriever:142 - IOException on connection: sw-center.st.com
2025-05-11 17:13:00,441 [ERROR] ConfigurationRetriever:142 - IOException on connection: sw-center.st.com
2025-05-11 17:13:00,443 [ERROR] ConfigurationRetriever:142 - IOException on connection: sw-center.st.com
2025-05-11 17:14:28,201 [ERROR] ConfigurationRetriever:142 - IOException on connection: sw-center.st.com
2025-05-11 17:14:28,203 [ERROR] ConfigurationRetriever:142 - IOException on connection: sw-center.st.com
2025-05-11 17:14:28,204 [ERROR] ConfigurationRetriever:142 - IOException on connection: sw-center.st.com
2025-05-11 17:27:59,444 [ERROR] ConfigurationRetriever:142 - IOException on connection: sw-center.st.com
2025-05-11 17:27:59,445 [ERROR] ConfigurationRetriever:142 - IOException on connection: sw-center.st.com
2025-05-11 17:27:59,445 [ERROR] ConfigurationRetriever:142 - IOException on connection: sw-center.st.com
2025-05-11 17:27:59,509 [ERROR] ConfigurationRetriever:142 - IOException on connection: sw-center.st.com
2025-05-11 17:27:59,510 [ERROR] ConfigurationRetriever:142 - IOException on connection: sw-center.st.com
2025-05-11 17:27:59,510 [ERROR] ConfigurationRetriever:142 - IOException on connection: sw-center.st.com
2025-05-11 21:47:45,095 [ERROR] ConfigurationRetriever:142 - IOException on connection: sw-center.st.com
2025-05-11 21:47:45,096 [ERROR] ConfigurationRetriever:142 - IOException on connection: sw-center.st.com
2025-05-11 21:47:45,096 [ERROR] ConfigurationRetriever:142 - IOException on connection: sw-center.st.com
2025-05-11 21:47:45,159 [ERROR] ConfigurationRetriever:142 - IOException on connection: sw-center.st.com
2025-05-11 21:47:45,160 [ERROR] ConfigurationRetriever:142 - IOException on connection: sw-center.st.com
2025-05-11 21:47:45,161 [ERROR] ConfigurationRetriever:142 - IOException on connection: sw-center.st.com
