2025-04-04 17:31:21,063 [INFO] Activator:176 - 


2025-04-04 17:31:21,072 [INFO] Activator:177 - !SESSION log4j initialized
2025-04-04 17:31:32,408 [INFO] LogOutputStream:77 - [STDOUT_REDIRECT] 
2025-04-04 17:31:41,341 [INFO] ApplicationProperties:184 - Using Application install path: D:\STM32CubeIDE_1.17.0\STM32CubeIDE\plugins\com.st.stm32cube.common.mx_6.13.0.202411220809
2025-04-04 17:31:41,361 [INFO] DbMcusXml:78 - Set database path to: D:\STM32CubeIDE_1.17.0\STM32CubeIDE\plugins\com.st.stm32cube.common.mx_6.13.0.202411220809\\db\/mcu/
2025-04-04 17:31:41,362 [INFO] ApiDb:274 - Set plugin database path to: D:\STM32CubeIDE_1.17.0\STM32CubeIDE\plugins\com.st.stm32cube.common.mx_6.13.0.202411220809\\db\/plugins/boardmanager/
2025-04-04 17:31:41,363 [WARN] ApiDb:259 - Overriding images path with different value:  => D:\STM32CubeIDE_1.17.0\STM32CubeIDE\plugins\com.st.stm32cube.common.mx_6.13.0.202411220809\\db\/plugins/mcufinder/images/
2025-04-04 17:31:41,383 [INFO] ApiDb:250 - Set database path to: C:\Users\user\.stmcufinder\plugins\mcufinder//mcu/
2025-04-04 17:31:41,385 [INFO] DbMcusAds:125 - Set database path to: C:\Users\user\.stmcufinder\plugins\mcufinder//mcu/
2025-04-04 17:31:41,388 [INFO] CrossReferenceDbSqlite:203 - Set database path to: C:\Users\user\.stmcufinder\plugins\mcufinder//mcu/cs/
2025-04-04 17:31:41,553 [INFO] RulesReader:64 - Compatibility file has been processed (297 Rules)
2025-04-04 17:31:41,657 [INFO] DbMcusXml:78 - Set database path to: D:\STM32CubeIDE_1.17.0\STM32CubeIDE\plugins\com.st.stm32cube.common.mx_6.13.0.202411220809\\db\/mcu/
2025-04-04 17:31:41,657 [INFO] ApiDb:274 - Set plugin database path to: D:\STM32CubeIDE_1.17.0\STM32CubeIDE\plugins\com.st.stm32cube.common.mx_6.13.0.202411220809\\db\/plugins/boardmanager/
2025-04-04 17:31:41,657 [INFO] ApiDb:261 - Set plugin images path to: D:\STM32CubeIDE_1.17.0\STM32CubeIDE\plugins\com.st.stm32cube.common.mx_6.13.0.202411220809\\db\/plugins/mcufinder/images/
2025-04-04 17:31:41,657 [WARN] DbFile:41 - Overriding database path with different value: C:\Users\user\.stmcufinder\plugins\mcufinder/ => C:\Users\user\.stmcufinder\plugins\mcufinder
2025-04-04 17:31:41,658 [INFO] ApiDb:250 - Set database path to: C:\Users\user\.stmcufinder\plugins\mcufinder//mcu/
2025-04-04 17:31:41,658 [WARN] DbFile:41 - Overriding database path with different value: C:\Users\user\.stmcufinder\plugins\mcufinder/ => C:\Users\user\.stmcufinder\plugins\mcufinder
2025-04-04 17:31:41,658 [INFO] DbMcusAds:125 - Set database path to: C:\Users\user\.stmcufinder\plugins\mcufinder//mcu/
2025-04-04 17:31:41,658 [WARN] DbFile:41 - Overriding database path with different value: C:\Users\user\.stmcufinder\plugins\mcufinder/ => C:\Users\user\.stmcufinder\plugins\mcufinder
2025-04-04 17:31:41,658 [WARN] DbFile:41 - Overriding database path with different value: C:\Users\user\.stmcufinder\plugins\mcufinder/ => C:\Users\user\.stmcufinder\plugins\mcufinder
2025-04-04 17:31:41,659 [INFO] CrossReferenceDbSqlite:203 - Set database path to: C:\Users\user\.stmcufinder\plugins\mcufinder//mcu/cs/
2025-04-04 17:31:41,752 [INFO] MainPanel:272 - HeapMemory: 268435456
2025-04-04 17:31:41,898 [INFO] DbMcusXml:78 - Set database path to: D:\STM32CubeIDE_1.17.0\STM32CubeIDE\plugins\com.st.stm32cube.common.mx_6.13.0.202411220809\\db\/mcu/
2025-04-04 17:31:41,898 [INFO] ApiDb:274 - Set plugin database path to: D:\STM32CubeIDE_1.17.0\STM32CubeIDE\plugins\com.st.stm32cube.common.mx_6.13.0.202411220809\\db\/plugins/boardmanager/
2025-04-04 17:31:41,898 [INFO] ApiDb:261 - Set plugin images path to: D:\STM32CubeIDE_1.17.0\STM32CubeIDE\plugins\com.st.stm32cube.common.mx_6.13.0.202411220809\\db\/plugins/mcufinder/images/
2025-04-04 17:31:41,898 [WARN] DbFile:41 - Overriding database path with different value: C:\Users\user\.stmcufinder\plugins\mcufinder/ => C:\Users\user\.stmcufinder\plugins\mcufinder
2025-04-04 17:31:41,899 [INFO] ApiDb:250 - Set database path to: C:\Users\user\.stmcufinder\plugins\mcufinder//mcu/
2025-04-04 17:31:41,899 [WARN] DbFile:41 - Overriding database path with different value: C:\Users\user\.stmcufinder\plugins\mcufinder/ => C:\Users\user\.stmcufinder\plugins\mcufinder
2025-04-04 17:31:41,899 [INFO] DbMcusAds:125 - Set database path to: C:\Users\user\.stmcufinder\plugins\mcufinder//mcu/
2025-04-04 17:31:41,899 [WARN] DbFile:41 - Overriding database path with different value: C:\Users\user\.stmcufinder\plugins\mcufinder/ => C:\Users\user\.stmcufinder\plugins\mcufinder
2025-04-04 17:31:41,899 [WARN] DbFile:41 - Overriding database path with different value: C:\Users\user\.stmcufinder\plugins\mcufinder/ => C:\Users\user\.stmcufinder\plugins\mcufinder
2025-04-04 17:31:41,899 [INFO] CrossReferenceDbSqlite:203 - Set database path to: C:\Users\user\.stmcufinder\plugins\mcufinder//mcu/cs/
2025-04-04 17:31:41,920 [INFO] ApplicationProperties:184 - Using Application install path: D:\STM32CubeIDE_1.17.0\STM32CubeIDE\plugins\com.st.stm32cube.common.mx_6.13.0.202411220809
2025-04-04 17:31:41,921 [INFO] PluginManage:196 - Search for loadable plugins [exclusion list=, ]
2025-04-04 17:31:41,923 [INFO] PluginManage:310 - Check plugin analytics
2025-04-04 17:31:42,171 [INFO] AnalyticsPlugin:253 - Accepted Software Licenses: STM32CubeMX.6.13.0
2025-04-04 17:31:42,171 [INFO] AnalyticsPlugin:255 - Accepted CMSIS Pack Licenses: wolfSSL.I-CUBE-wolfSSH.1.4.17,wolfSSL.I-CUBE-wolfSSL.5.7.4,EmbeddedOffice.I-CUBE-FS-RTOS.1.0.1
2025-04-04 17:31:42,172 [INFO] AnalyticsPlugin:257 - Accepted Firmware Licenses: FW.F4.1.28.0
2025-04-04 17:31:42,175 [INFO] PluginManage:359 - Loaded plugin analytics (category:tool,tabindex:-1)
2025-04-04 17:31:42,176 [INFO] PluginManage:310 - Check plugin cadmodel
2025-04-04 17:31:42,202 [INFO] CADModel:105 - Init CAD model plugin
2025-04-04 17:31:42,203 [INFO] PluginManage:359 - Loaded plugin cadmodel (category:power,tabindex:5)
2025-04-04 17:31:42,203 [INFO] PluginManage:310 - Check plugin clock
2025-04-04 17:31:42,252 [INFO] PluginManage:359 - Loaded plugin clock (category:base,tabindex:2)
2025-04-04 17:31:42,253 [INFO] PluginManage:310 - Check plugin ddr
2025-04-04 17:31:42,256 [INFO] PluginManage:359 - Loaded plugin ddr (category:tool,tabindex:6)
2025-04-04 17:31:42,256 [INFO] PluginManage:310 - Check plugin filemanager
2025-04-04 17:31:42,441 [INFO] PluginManage:359 - Loaded plugin filemanager (category:base,tabindex:10)
2025-04-04 17:31:42,441 [INFO] PluginManage:310 - Check plugin ipmanager
2025-04-04 17:31:42,450 [INFO] PluginManage:359 - Loaded plugin ipmanager (category:base,tabindex:5)
2025-04-04 17:31:42,450 [INFO] PluginManage:310 - Check plugin lpbam
2025-04-04 17:31:42,473 [INFO] PluginManage:359 - Loaded plugin lpbam (category:base,tabindex:0)
2025-04-04 17:31:42,474 [INFO] PluginManage:310 - Check plugin memorymap
2025-04-04 17:31:42,504 [INFO] PluginManage:359 - Loaded plugin memorymap (category:base,tabindex:4)
2025-04-04 17:31:42,504 [INFO] PluginManage:310 - Check plugin pinoutandconfiguration
2025-04-04 17:31:42,535 [INFO] PluginManage:359 - Loaded plugin pinoutandconfiguration (category:base,tabindex:1)
2025-04-04 17:31:42,535 [INFO] PluginManage:310 - Check plugin pinoutconfig
2025-04-04 17:31:42,665 [WARN] SupportedApi:132 - Cannot load RTOS API schema: s4s-elt-must-match.1: The content of 'definitions' must match (annotation?, (simpleType | complexType)?, (unique | key | keyref)*)). A problem was found starting at: attribute.
2025-04-04 17:31:42,849 [INFO] PluginManage:359 - Loaded plugin pinoutconfig (category:base,tabindex:0)
2025-04-04 17:31:42,850 [INFO] PluginManage:310 - Check plugin power
2025-04-04 17:31:42,888 [INFO] PluginManage:359 - Loaded plugin power (category:power,tabindex:4)
2025-04-04 17:31:42,888 [INFO] PluginManage:310 - Check plugin projectmanager
2025-04-04 17:31:42,911 [INFO] PluginManage:359 - Loaded plugin projectmanager (category:projectmanager,tabindex:4)
2025-04-04 17:31:42,912 [INFO] PluginManage:310 - Check plugin rif
2025-04-04 17:31:42,938 [INFO] PluginManage:359 - Loaded plugin rif (category:base,tabindex:3)
2025-04-04 17:31:42,938 [INFO] PluginManage:310 - Check plugin thirdparty
2025-04-04 17:31:43,419 [WARN] IntegrityCheckThread:84 - waiting for thirdparty lock release [integrity check]
2025-04-04 17:31:43,419 [INFO] PluginManage:359 - Loaded plugin thirdparty (category:base,tabindex:-1)
2025-04-04 17:31:43,419 [INFO] IntegrityCheckThread:86 - entering critical section [integrity check]
2025-04-04 17:31:43,419 [INFO] PluginManage:310 - Check plugin tools
2025-04-04 17:31:43,419 [INFO] ThirdPartyUpdaterWithRetryManager:70 - Updater plugin not ready yet. [1/15]
2025-04-04 17:31:43,488 [INFO] PluginManage:359 - Loaded plugin tools (category:base,tabindex:7)
2025-04-04 17:31:43,488 [INFO] PluginManage:310 - Check plugin tutovideos
2025-04-04 17:31:43,699 [INFO] PluginManage:359 - Loaded plugin tutovideos (category:base,tabindex:-1)
2025-04-04 17:31:43,699 [INFO] PluginManage:310 - Check plugin updater
2025-04-04 17:31:43,725 [INFO] PluginManage:359 - Loaded plugin updater (category:base,tabindex:12)
2025-04-04 17:31:43,726 [INFO] PluginManage:310 - Check plugin userauth
2025-04-04 17:31:43,731 [INFO] UserAuth:118 - Init User Auth plugin
2025-04-04 17:31:43,732 [INFO] PluginManage:359 - Loaded plugin userauth (category:base,tabindex:14)
2025-04-04 17:31:43,733 [INFO] PluginManage:283 - PluginManage : Loaded plugins [18]
2025-04-04 17:31:44,012 [INFO] PinOutPanel:1589 - setPackage(No Configuration,No Configuration)
2025-04-04 17:31:44,131 [INFO] CADModel:165 - CPN selected for project level
2025-04-04 17:31:44,131 [INFO] CADModel:114 - Register for checkConnection events
2025-04-04 17:31:44,170 [INFO] IPUIPlugin:80 - create IPUIPlugin
2025-04-04 17:31:44,171 [INFO] PluginManager:220 - loadIPPluginJar : add adc
2025-04-04 17:31:44,241 [INFO] IPUIPlugin:80 - create IPUIPlugin
2025-04-04 17:31:44,241 [INFO] PluginManager:220 - loadIPPluginJar : add aes
2025-04-04 17:31:44,312 [INFO] IPUIPlugin:80 - create IPUIPlugin
2025-04-04 17:31:44,312 [INFO] PluginManager:220 - loadIPPluginJar : add can
2025-04-04 17:31:44,353 [INFO] IPUIPlugin:80 - create IPUIPlugin
2025-04-04 17:31:44,353 [INFO] PluginManager:220 - loadIPPluginJar : add comp
2025-04-04 17:31:44,409 [INFO] IPUIPlugin:80 - create IPUIPlugin
2025-04-04 17:31:44,409 [INFO] PluginManager:220 - loadIPPluginJar : add cryp
2025-04-04 17:31:44,426 [INFO] IPUIPlugin:80 - create IPUIPlugin
2025-04-04 17:31:44,426 [INFO] PluginManager:220 - loadIPPluginJar : add ddr_ctrl_phy
2025-04-04 17:31:44,486 [INFO] IPUIPlugin:80 - create IPUIPlugin
2025-04-04 17:31:44,487 [INFO] PluginManager:220 - loadIPPluginJar : add dfsdm
2025-04-04 17:31:44,505 [INFO] IPUIPlugin:80 - create IPUIPlugin
2025-04-04 17:31:44,506 [INFO] PluginManager:220 - loadIPPluginJar : add dma
2025-04-04 17:31:44,567 [INFO] IPUIPlugin:80 - create IPUIPlugin
2025-04-04 17:31:44,567 [INFO] PluginManager:220 - loadIPPluginJar : add dma3
2025-04-04 17:31:44,630 [INFO] IPUIPlugin:80 - create IPUIPlugin
2025-04-04 17:31:44,630 [INFO] PluginManager:220 - loadIPPluginJar : add extmemmanager
2025-04-04 17:31:44,661 [INFO] IPUIPlugin:80 - create IPUIPlugin
2025-04-04 17:31:44,661 [INFO] PluginManager:220 - loadIPPluginJar : add fatfs
2025-04-04 17:31:44,730 [INFO] IPUIPlugin:80 - create IPUIPlugin
2025-04-04 17:31:44,730 [INFO] PluginManager:220 - loadIPPluginJar : add fmc
2025-04-04 17:31:44,751 [INFO] IPUIPlugin:80 - create IPUIPlugin
2025-04-04 17:31:44,751 [INFO] PluginManager:220 - loadIPPluginJar : add freertos
2025-04-04 17:31:44,782 [INFO] IPUIPlugin:80 - create IPUIPlugin
2025-04-04 17:31:44,783 [INFO] PluginManager:220 - loadIPPluginJar : add genericplugin
2025-04-04 17:31:44,929 [INFO] IPUIPlugin:80 - create IPUIPlugin
2025-04-04 17:31:44,929 [INFO] PluginManager:220 - loadIPPluginJar : add gfxmmu
2025-04-04 17:31:45,127 [INFO] IPUIPlugin:80 - create IPUIPlugin
2025-04-04 17:31:45,127 [INFO] PluginManager:220 - loadIPPluginJar : add gic
2025-04-04 17:31:45,143 [INFO] IPUIPlugin:80 - create IPUIPlugin
2025-04-04 17:31:45,143 [INFO] PluginManager:220 - loadIPPluginJar : add gpio
2025-04-04 17:31:45,277 [INFO] IPUIPlugin:80 - create IPUIPlugin
2025-04-04 17:31:45,277 [INFO] PluginManager:220 - loadIPPluginJar : add gtzc
2025-04-04 17:31:45,324 [INFO] IPUIPlugin:80 - create IPUIPlugin
2025-04-04 17:31:45,324 [INFO] PluginManager:220 - loadIPPluginJar : add hash
2025-04-04 17:31:45,402 [INFO] IPUIPlugin:80 - create IPUIPlugin
2025-04-04 17:31:45,402 [INFO] PluginManager:220 - loadIPPluginJar : add i2c
2025-04-04 17:31:45,459 [INFO] IPUIPlugin:80 - create IPUIPlugin
2025-04-04 17:31:45,460 [INFO] PluginManager:220 - loadIPPluginJar : add i2s
2025-04-04 17:31:45,520 [INFO] IPUIPlugin:80 - create IPUIPlugin
2025-04-04 17:31:45,521 [INFO] PluginManager:220 - loadIPPluginJar : add i3c
2025-04-04 17:31:45,666 [INFO] IPUIPlugin:80 - create IPUIPlugin
2025-04-04 17:31:45,666 [INFO] PluginManager:220 - loadIPPluginJar : add ipddr
2025-04-04 17:31:45,802 [INFO] IPUIPlugin:80 - create IPUIPlugin
2025-04-04 17:31:45,802 [INFO] PluginManager:220 - loadIPPluginJar : add linkedlist
2025-04-04 17:31:45,857 [INFO] IPUIPlugin:80 - create IPUIPlugin
2025-04-04 17:31:45,857 [INFO] PluginManager:220 - loadIPPluginJar : add lorawan
2025-04-04 17:31:45,912 [INFO] IPUIPlugin:80 - create IPUIPlugin
2025-04-04 17:31:45,912 [INFO] PluginManager:220 - loadIPPluginJar : add ltdc
2025-04-04 17:31:45,931 [INFO] IPUIPlugin:80 - create IPUIPlugin
2025-04-04 17:31:45,931 [INFO] PluginManager:220 - loadIPPluginJar : add mdma
2025-04-04 17:31:45,949 [INFO] IPUIPlugin:80 - create IPUIPlugin
2025-04-04 17:31:45,949 [INFO] PluginManager:220 - loadIPPluginJar : add nvic
2025-04-04 17:31:46,010 [INFO] IPUIPlugin:80 - create IPUIPlugin
2025-04-04 17:31:46,010 [INFO] PluginManager:220 - loadIPPluginJar : add opamp
2025-04-04 17:31:46,103 [INFO] IPUIPlugin:80 - create IPUIPlugin
2025-04-04 17:31:46,103 [INFO] PluginManager:220 - loadIPPluginJar : add openamp
2025-04-04 17:31:46,166 [INFO] IPUIPlugin:80 - create IPUIPlugin
2025-04-04 17:31:46,166 [INFO] PluginManager:220 - loadIPPluginJar : add pdm2pcm
2025-04-04 17:31:46,184 [INFO] IPUIPlugin:80 - create IPUIPlugin
2025-04-04 17:31:46,187 [INFO] PluginManager:220 - loadIPPluginJar : add plateformsettings
2025-04-04 17:31:46,221 [INFO] IPUIPlugin:80 - create IPUIPlugin
2025-04-04 17:31:46,221 [INFO] PluginManager:220 - loadIPPluginJar : add quadspi
2025-04-04 17:31:46,260 [INFO] IPUIPlugin:80 - create IPUIPlugin
2025-04-04 17:31:46,261 [INFO] PluginManager:220 - loadIPPluginJar : add radio
2025-04-04 17:31:46,279 [INFO] IPUIPlugin:80 - create IPUIPlugin
2025-04-04 17:31:46,279 [INFO] PluginManager:220 - loadIPPluginJar : add resmgrutility
2025-04-04 17:31:46,344 [INFO] IPUIPlugin:80 - create IPUIPlugin
2025-04-04 17:31:46,344 [INFO] PluginManager:220 - loadIPPluginJar : add sai
2025-04-04 17:31:46,400 [INFO] IPUIPlugin:80 - create IPUIPlugin
2025-04-04 17:31:46,400 [INFO] PluginManager:220 - loadIPPluginJar : add spi
2025-04-04 17:31:46,421 [INFO] ThirdPartyUpdaterWithRetryManager:70 - Updater plugin not ready yet. [2/15]
2025-04-04 17:31:46,498 [INFO] IPUIPlugin:80 - create IPUIPlugin
2025-04-04 17:31:46,498 [INFO] PluginManager:220 - loadIPPluginJar : add stm32_wpan
2025-04-04 17:31:46,533 [INFO] IPUIPlugin:80 - create IPUIPlugin
2025-04-04 17:31:46,533 [INFO] PluginManager:220 - loadIPPluginJar : add tim
2025-04-04 17:31:46,624 [INFO] IPUIPlugin:80 - create IPUIPlugin
2025-04-04 17:31:46,624 [INFO] PluginManager:220 - loadIPPluginJar : add touchsensing
2025-04-04 17:31:46,658 [INFO] IPUIPlugin:80 - create IPUIPlugin
2025-04-04 17:31:46,658 [INFO] PluginManager:220 - loadIPPluginJar : add tracer_emb
2025-04-04 17:31:46,693 [INFO] IPUIPlugin:80 - create IPUIPlugin
2025-04-04 17:31:46,693 [INFO] PluginManager:220 - loadIPPluginJar : add ts
2025-04-04 17:31:46,728 [INFO] IPUIPlugin:80 - create IPUIPlugin
2025-04-04 17:31:46,729 [INFO] PluginManager:220 - loadIPPluginJar : add tsc
2025-04-04 17:31:46,761 [INFO] IPUIPlugin:80 - create IPUIPlugin
2025-04-04 17:31:46,761 [INFO] PluginManager:220 - loadIPPluginJar : add ucpd
2025-04-04 17:31:46,833 [INFO] IPUIPlugin:80 - create IPUIPlugin
2025-04-04 17:31:46,833 [INFO] PluginManager:220 - loadIPPluginJar : add usart
2025-04-04 17:31:46,896 [INFO] IPUIPlugin:80 - create IPUIPlugin
2025-04-04 17:31:46,896 [INFO] PluginManager:220 - loadIPPluginJar : add usbx
2025-04-04 17:31:47,038 [FATAL] Updater:351 - Updater called before beeing initialized
2025-04-04 17:31:47,073 [INFO] RulesReader:64 - Compatibility file has been processed (297 Rules)
2025-04-04 17:31:47,087 [INFO] RulesReader:64 - Compatibility file has been processed (297 Rules)
2025-04-04 17:31:47,097 [INFO] CADModel:165 - CPN selected for project level
2025-04-04 17:31:47,097 [INFO] CADModel:114 - Register for checkConnection events
2025-04-04 17:31:47,098 [FATAL] Updater:351 - Updater called before beeing initialized
2025-04-04 17:31:47,098 [ERROR] CADModel:125 - Updater not yet initialized, retry later 
2025-04-04 17:31:47,292 [FATAL] Updater:351 - Updater called before beeing initialized
2025-04-04 17:31:47,295 [INFO] CADModel:165 - CPN selected for project level
2025-04-04 17:31:47,296 [INFO] CADModel:114 - Register for checkConnection events
2025-04-04 17:31:47,296 [FATAL] Updater:351 - Updater called before beeing initialized
2025-04-04 17:31:47,296 [ERROR] CADModel:125 - Updater not yet initialized, retry later 
2025-04-04 17:31:47,300 [FATAL] Updater:351 - Updater called before beeing initialized
2025-04-04 17:31:47,438 [FATAL] Updater:351 - Updater called before beeing initialized
2025-04-04 17:31:47,454 [INFO] DbMcusAds:53 - JSON generation date=Wed Dec 18 00:01:15 IRKT 2024 (1734451275196)
2025-04-04 17:31:47,454 [FATAL] Updater:351 - Updater called before beeing initialized
2025-04-04 17:31:47,567 [WARN] DetailPanel:346 - Failed to get advertising image, set to default
2025-04-04 17:31:47,964 [FATAL] Updater:351 - Updater called before beeing initialized
2025-04-04 17:31:47,967 [FATAL] Updater:351 - Updater called before beeing initialized
2025-04-04 17:31:47,967 [FATAL] Updater:351 - Updater called before beeing initialized
2025-04-04 17:31:47,967 [WARN] DetailPanel:346 - Failed to get advertising image, set to default
2025-04-04 17:31:47,968 [FATAL] Updater:351 - Updater called before beeing initialized
2025-04-04 17:31:48,053 [ERROR] Updater:1198 - MainUpdater not yet initialized. External WinMGr cannot be set.
2025-04-04 17:31:48,067 [INFO] Updater:1134 - Updater Version found : 6.13.0
2025-04-04 17:31:48,086 [INFO] ApplicationProperties:184 - Using Application install path: D:\STM32CubeIDE_1.17.0\STM32CubeIDE\plugins\com.st.stm32cube.common.mx_6.13.0.202411220809
2025-04-04 17:31:49,423 [INFO] ThirdPartyUpdaterWithRetryManager:70 - Updater plugin not ready yet. [3/15]
2025-04-04 17:31:49,672 [ERROR] LogOutputStream:75 - [STDERR_REDIRECT] Apr 04, 2025 5:31:49 PM java.util.prefs.WindowsPreferences <init>
2025-04-04 17:31:49,674 [ERROR] LogOutputStream:75 - [STDERR_REDIRECT] WARNING: Could not open/create prefs root node Software\JavaSoft\Prefs at root 0xffffffff80000002. Windows RegCreateKeyEx(...) returned error code 5.
2025-04-04 17:31:49,674 [ERROR] LogOutputStream:75 - [STDERR_REDIRECT] 
2025-04-04 17:31:50,367 [ERROR] CheckConnectionManager:249 - Problem, Http access forbiden
2025-04-04 17:31:50,372 [INFO] MainUpdater:2872 - connection check result : 22
2025-04-04 17:31:50,373 [INFO] MainUpdater:289 - Updater Check For Update Now.
2025-04-04 17:31:50,373 [INFO] MicroXplorer:498 - Change Database Version : DB.6.0.130
2025-04-04 17:31:50,399 [INFO] McuFinderGlobals:63 - Set McuFinder mode to 2 (CubeIDE integrated)
2025-04-04 17:31:50,413 [INFO] UserAuth:486 - Internet connection configuration mode: 2
2025-04-04 17:31:50,418 [INFO] UserAuth:486 - Internet connection configuration mode: 2
2025-04-04 17:31:50,694 [INFO] CheckServerUpdateThread:120 - End of CheckServer Thread
2025-04-04 17:31:52,668 [WARN] PackLoader:240 - Cannot read IP mode file for STMicroelectronics.FP-SNS-MOTENVWB1.1.4.0
2025-04-04 17:31:52,693 [WARN] PackLoader:240 - Cannot read IP mode file for STMicroelectronics.FP-ATR-ASTRA1.2.0.1
2025-04-04 17:31:52,716 [WARN] PackLoader:240 - Cannot read IP mode file for STMicroelectronics.X-CUBE-SMBUS.2.1.0
2025-04-04 17:31:52,740 [WARN] PackLoader:240 - Cannot read IP mode file for STMicroelectronics.X-CUBE-WB05N.1.1.0
2025-04-04 17:31:52,803 [WARN] PackLoader:240 - Cannot read IP mode file for STMicroelectronics.X-CUBE-AZRTOS-F7.1.1.0
2025-04-04 17:31:52,907 [WARN] PackLoader:240 - Cannot read IP mode file for STMicroelectronics.X-CUBE-MEMS1.11.0.0
2025-04-04 17:31:53,194 [WARN] PackLoader:240 - Cannot read IP mode file for STMicroelectronics.FP-SNS-FLIGHT1.5.0.2
2025-04-04 17:31:53,240 [WARN] PackLoader:240 - Cannot read IP mode file for Infineon.AIROC-Wi-Fi-Bluetooth-STM32.1.7.0
2025-04-04 17:31:53,277 [WARN] PackLoader:240 - Cannot read IP mode file for STMicroelectronics.X-CUBE-DISPLAY.3.0.0
2025-04-04 17:31:53,308 [WARN] PackLoader:240 - Cannot read IP mode file for STMicroelectronics.X-CUBE-BLE1.7.0.0
2025-04-04 17:31:53,331 [WARN] PackLoader:240 - Cannot read IP mode file for STMicroelectronics.X-CUBE-NFC10.1.0.0
2025-04-04 17:31:53,371 [WARN] PackLoader:240 - Cannot read IP mode file for STMicroelectronics.X-CUBE-BLEMGR.4.0.0
2025-04-04 17:31:53,401 [WARN] PackLoader:240 - Cannot read IP mode file for emotas.I-CUBE-CANOPEN.1.3.0
2025-04-04 17:31:53,422 [WARN] PackLoader:240 - Cannot read IP mode file for STMicroelectronics.FP-SNS-SMARTAG2.1.2.0
2025-04-04 17:31:53,517 [WARN] PackLoader:240 - Cannot read IP mode file for STMicroelectronics.X-CUBE-MEMS1.11.1.0
2025-04-04 17:31:53,724 [INFO] LogOutputStream:77 - [STDOUT_REDIRECT] 1 : Invalid condition id : UX_CORESTACK_Condition cause : null
2025-04-04 17:31:53,725 [INFO] LogOutputStream:77 - [STDOUT_REDIRECT] 1 : Invalid condition id : UX_CORESTACK_Condition cause : null
2025-04-04 17:31:53,727 [INFO] LogOutputStream:77 - [STDOUT_REDIRECT] 1 : Invalid condition id : UX_CORESTACK_Condition cause : null
2025-04-04 17:31:53,729 [INFO] LogOutputStream:77 - [STDOUT_REDIRECT] 1 : Invalid condition id : UX_CORESTACK_Condition cause : null
2025-04-04 17:31:53,731 [INFO] LogOutputStream:77 - [STDOUT_REDIRECT] 1 : Invalid condition id : UX_CORESTACK_Condition cause : null
2025-04-04 17:31:53,736 [WARN] PackLoader:240 - Cannot read IP mode file for STMicroelectronics.X-CUBE-AZRTOS-WL.2.0.0
2025-04-04 17:31:53,772 [WARN] PackLoader:240 - Cannot read IP mode file for STMicroelectronics.FP-SNS-MOTENV1.5.0.0
2025-04-04 17:31:53,796 [WARN] PackLoader:240 - Cannot read IP mode file for wolfSSL.I-CUBE-wolfMQTT.1.19.0
2025-04-04 17:31:53,823 [WARN] PackLoader:240 - Cannot read IP mode file for WES.I-CUBE-Cesium.1.3.0
2025-04-04 17:31:53,850 [WARN] PackLoader:240 - Cannot read IP mode file for STMicroelectronics.X-CUBE-BLE2.3.3.0
2025-04-04 17:31:53,903 [WARN] PackLoader:240 - Cannot read IP mode file for STMicroelectronics.X-CUBE-NFC9.1.0.0
2025-04-04 17:31:53,930 [WARN] PackLoader:240 - Cannot read IP mode file for STMicroelectronics.X-CUBE-TCPP.4.1.0
2025-04-04 17:31:53,987 [WARN] PackLoader:240 - Cannot read IP mode file for STMicroelectronics.X-CUBE-AZRTOS-G0.1.1.0
2025-04-04 17:31:54,015 [WARN] PackLoader:240 - Cannot read IP mode file for STMicroelectronics.X-CUBE-SAFEA1.1.2.2
2025-04-04 17:31:54,040 [WARN] PackLoader:240 - Cannot read IP mode file for STMicroelectronics.X-CUBE-NFC4.3.0.0
2025-04-04 17:31:54,074 [WARN] PackLoader:240 - Cannot read IP mode file for EmbeddedOffice.I-CUBE-FS-RTOS.1.0.1
2025-04-04 17:31:54,264 [WARN] PackLoader:240 - Cannot read IP mode file for STMicroelectronics.X-CUBE-TCPP.4.2.0
2025-04-04 17:31:54,290 [WARN] PackLoader:240 - Cannot read IP mode file for RealThread.X-CUBE-RT-Thread_Nano.4.1.1
2025-04-04 17:31:54,314 [WARN] PackLoader:240 - Cannot read IP mode file for STMicroelectronics.FP-ATR-SIGFOX1.3.2.0
2025-04-04 17:31:54,335 [WARN] ConditionMgr:438 - getConditionDescription Invalid condition id : Cortex-A Device cause : null
2025-04-04 17:31:54,369 [WARN] ConditionMgr:1044 - genDependencies : Invalid condition id : Cortex-A Device cause : null
2025-04-04 17:31:54,369 [WARN] ConditionMgr:1044 - genDependencies : Invalid condition id : Cortex-A Device cause : null
2025-04-04 17:31:54,369 [WARN] ConditionMgr:1044 - genDependencies : Invalid condition id : Cortex-A Device cause : null
2025-04-04 17:31:54,392 [WARN] PackLoader:240 - Cannot read IP mode file for STMicroelectronics.X-CUBE-EEPRMA1.5.1.0
2025-04-04 17:31:54,413 [WARN] PackLoader:240 - Cannot read IP mode file for wolfSSL.I-CUBE-wolfSSL.5.7.4
2025-04-04 17:31:54,505 [WARN] PackLoader:240 - Cannot read IP mode file for ITTIA_DB.I-CUBE-ITTIADB.8.9.0
2025-04-04 17:31:54,549 [WARN] PackLoader:240 - Cannot read IP mode file for SEGGER.I-CUBE-embOS.1.3.1
2025-04-04 17:31:54,617 [WARN] PackLoader:240 - Cannot read IP mode file for STMicroelectronics.X-CUBE-ALGOBUILD.1.4.0
2025-04-04 17:31:54,634 [WARN] PackLoader:240 - Cannot read IP mode file for STMicroelectronics.X-CUBE-AI.9.1.0
2025-04-04 17:31:54,674 [WARN] PackLoader:240 - Cannot read IP mode file for STMicroelectronics.X-CUBE-AZRTOS-F4.1.1.0
2025-04-04 17:31:54,697 [WARN] PackLoader:240 - Cannot read IP mode file for STMicroelectronics.X-CUBE-ISPU.2.1.0
2025-04-04 17:31:54,720 [WARN] PackLoader:240 - Cannot read IP mode file for STMicroelectronics.X-CUBE-FREERTOS.1.2.0
2025-04-04 17:31:54,761 [WARN] PackLoader:240 - Cannot read IP mode file for STMicroelectronics.X-CUBE-AZRTOS-L5.2.0.0
2025-04-04 17:31:54,784 [WARN] PackLoader:240 - Cannot read IP mode file for STMicroelectronics.X-CUBE-NFC6.3.1.0
2025-04-04 17:31:54,806 [WARN] PackLoader:240 - Cannot read IP mode file for STMicroelectronics.X-CUBE-DPower.1.2.0
2025-04-04 17:31:54,824 [WARN] PackLoader:240 - Cannot read IP mode file for STMicroelectronics.X-CUBE-FREERTOS.1.3.0
2025-04-04 17:31:54,842 [WARN] PackLoader:240 - Cannot read IP mode file for STMicroelectronics.X-CUBE-NFC7.1.0.1
2025-04-04 17:31:54,888 [WARN] ConditionMgr:438 - getConditionDescription Invalid condition id : LAN8742 Phy interface Condition cause : null
2025-04-04 17:31:54,889 [WARN] PackLoader:240 - Cannot read IP mode file for STMicroelectronics.X-CUBE-AZRTOS-L4.2.0.0
2025-04-04 17:31:54,890 [WARN] ConditionMgr:1044 - genDependencies : Invalid condition id : LAN8742 Phy interface Condition cause : null
2025-04-04 17:31:54,890 [WARN] ConditionMgr:1044 - genDependencies : Invalid condition id : LAN8742 Phy interface Condition cause : null
2025-04-04 17:31:54,891 [WARN] ConditionMgr:1044 - genDependencies : Invalid condition id : LAN8742 Phy interface Condition cause : null
2025-04-04 17:31:54,913 [WARN] PackLoader:240 - Cannot read IP mode file for STMicroelectronics.X-CUBE-SFXS2LP1.4.0.0
2025-04-04 17:31:54,960 [WARN] PackLoader:240 - Cannot read IP mode file for STMicroelectronics.X-CUBE-AZRTOS-H7.3.3.0
2025-04-04 17:31:54,986 [WARN] PackLoader:240 - Cannot read IP mode file for STMicroelectronics.X-CUBE-IPS.3.0.0
2025-04-04 17:31:55,021 [WARN] ConditionMgr:438 - getConditionDescription Invalid condition id : UX DEVICE CLASS RTOS Condition cause : null
2025-04-04 17:31:55,021 [WARN] ConditionMgr:438 - getConditionDescription Invalid condition id : UX DEVICE CLASS RTOS Condition cause : null
2025-04-04 17:31:55,023 [WARN] PackLoader:240 - Cannot read IP mode file for STMicroelectronics.X-CUBE-AZRTOS-WB.2.0.0
2025-04-04 17:31:55,023 [WARN] ConditionMgr:1044 - genDependencies : Invalid condition id : UX DEVICE CLASS RTOS Condition cause : null
2025-04-04 17:31:55,024 [WARN] ConditionMgr:1044 - genDependencies : Invalid condition id : UX DEVICE CLASS RTOS Condition cause : null
2025-04-04 17:31:55,024 [WARN] ConditionMgr:1044 - genDependencies : Invalid condition id : UX DEVICE CLASS RTOS Condition cause : null
2025-04-04 17:31:55,024 [WARN] ConditionMgr:1044 - genDependencies : Invalid condition id : UX DEVICE CLASS RTOS Condition cause : null
2025-04-04 17:31:55,024 [WARN] ConditionMgr:1044 - genDependencies : Invalid condition id : UX DEVICE CLASS RTOS Condition cause : null
2025-04-04 17:31:55,044 [WARN] PackLoader:240 - Cannot read IP mode file for STMicroelectronics.X-CUBE-GNSS1.7.0.0
2025-04-04 17:31:55,066 [WARN] PackLoader:240 - Cannot read IP mode file for STMicroelectronics.X-CUBE-GNSS1.7.0.1
2025-04-04 17:31:55,088 [WARN] PackLoader:240 - Cannot read IP mode file for STMicroelectronics.FP-SNS-STBOX1.2.0.0
2025-04-04 17:31:55,118 [WARN] PackLoader:240 - Cannot read IP mode file for STMicroelectronics.X-CUBE-SUBG2.5.0.0
2025-04-04 17:31:55,139 [WARN] PackLoader:240 - Cannot read IP mode file for Cesanta.I-CUBE-Mongoose.7.13.0
2025-04-04 17:31:55,183 [WARN] PackLoader:240 - Cannot read IP mode file for STMicroelectronics.X-CUBE-AZRTOS-G4.2.0.0
2025-04-04 17:31:55,212 [WARN] PackLoader:240 - Cannot read IP mode file for STMicroelectronics.X-CUBE-IPS.3.1.0
2025-04-04 17:31:55,234 [WARN] PackLoader:240 - Cannot read IP mode file for STMicroelectronics.X-CUBE-ALS.1.0.2
2025-04-04 17:31:55,252 [WARN] PackLoader:240 - Cannot read IP mode file for STMicroelectronics.X-CUBE-TOUCHGFX.4.24.2
2025-04-04 17:31:55,270 [WARN] PackLoader:240 - Cannot read IP mode file for STMicroelectronics.X-CUBE-TOUCHGFX.4.24.1
2025-04-04 17:31:55,289 [WARN] PackLoader:240 - Cannot read IP mode file for wolfSSL.I-CUBE-wolfTPM.3.4.0
2025-04-04 17:31:55,307 [WARN] PackLoader:240 - Cannot read IP mode file for portGmbH.I-Cube-SoM-uGOAL.1.1.0
2025-04-04 17:31:55,348 [WARN] PackLoader:240 - Cannot read IP mode file for STMicroelectronics.X-CUBE-AZRTOS-H7RS.1.0.0
2025-04-04 17:31:55,376 [WARN] PackLoader:240 - Cannot read IP mode file for STMicroelectronics.X-CUBE-TOF1.3.4.2
2025-04-04 17:31:55,401 [WARN] PackLoader:240 - Cannot read IP mode file for wolfSSL.I-CUBE-wolfSSH.1.4.17
2025-04-04 17:31:55,458 [INFO] ThirdParty:978 - Integrity check success = true
2025-04-04 17:31:55,459 [INFO] IntegrityCheckThread:100 - exiting critical section [integrity check]
2025-04-04 17:31:55,459 [INFO] IntegrityCheckThread:103 - End integrity checks thread
2025-04-04 20:08:18,455 [ERROR] LogOutputStream:75 - [STDERR_REDIRECT] 
